[ 2019-08-11T23:23:53+08:00 ] 1.62.95.76 /Home/Login/logWechat.html
INFO: [ app_init ] --START--
INFO: Run Behavior\BuildLiteBehavior [ RunTime:0.000010s ]
INFO: [ app_init ] --END-- [ RunTime:0.000227s ]
INFO: [ app_begin ] --START--
INFO: Run Behavior\ReadHtmlCacheBehavior [ RunTime:0.000251s ]
INFO: [ app_begin ] --END-- [ RunTime:0.000282s ]
NOTIC: [8] Undefined index: lite /www/web/168/ThinkPHP/Library/Think/Db.class.php 第 37 行.
SQL: SHOW COLUMNS FROM `account` [ RunTime:0.0006s ]
SQL: SELECT * FROM `account` WHERE `id` = null LIMIT 1   [ RunTime:0.0002s ]
SQL: SELECT * FROM `account` WHERE `id` = null LIMIT 1   [ RunTime:0.0001s ]
SQL: SHOW COLUMNS FROM `login_information` [ RunTime:0.0005s ]
SQL: SELECT * FROM `account` WHERE `openid` = 'oJQO41eJmHbBU-DX1m3vd6V2yL5I' LIMIT 1   [ RunTime:0.0919s ]
SQL: INSERT INTO `login_information` (`sysid`,`live`,`ip`,`region`,`city`,`area`,`time`) VALUES ('15c76288adda5b','0',NULL,NULL,NULL,NULL,'1565537033') [ RunTime:0.0022s ]
SQL: SHOW COLUMNS FROM `acc_idauth` [ RunTime:0.0006s ]
SQL: SELECT * FROM `account` WHERE `id` = 97729 LIMIT 1   [ RunTime:0.0003s ]

[ 2019-08-11T23:23:54+08:00 ] 1.62.95.76 /Home/Index/index.html
INFO: [ app_init ] --START--
INFO: Run Behavior\BuildLiteBehavior [ RunTime:0.000010s ]
INFO: [ app_init ] --END-- [ RunTime:0.000202s ]
INFO: [ app_begin ] --START--
INFO: Run Behavior\ReadHtmlCacheBehavior [ RunTime:0.000258s ]
INFO: [ app_begin ] --END-- [ RunTime:0.000291s ]
NOTIC: [8] Undefined index: lite /www/web/168/ThinkPHP/Library/Think/Db.class.php 第 37 行.
SQL: SHOW COLUMNS FROM `account` [ RunTime:0.0006s ]
SQL: SELECT * FROM `account` WHERE `id` = 97729 LIMIT 1   [ RunTime:0.0002s ]
SQL: SELECT * FROM `account` WHERE `id` = 97729 LIMIT 1   [ RunTime:0.0001s ]
SQL: SHOW COLUMNS FROM `sysconfig` [ RunTime:0.0004s ]
SQL: SELECT * FROM `sysconfig` WHERE ( type in ('draw','base') )  [ RunTime:0.0001s ]
SQL: SHOW COLUMNS FROM `goods` [ RunTime:0.0005s ]
SQL: SHOW COLUMNS FROM `sysads` [ RunTime:0.0004s ]
SQL: SELECT * FROM `goods` WHERE `ind` = 1 AND `status` = 1  [ RunTime:0.0002s ]
SQL: SHOW COLUMNS FROM `goods_level` [ RunTime:0.0003s ]
SQL: SELECT * FROM `goods` WHERE `gsn` = '415244730815416283' LIMIT 1   [ RunTime:0.0001s ]
SQL: SELECT * FROM `goods` WHERE `gsn` = '815526127943355165' LIMIT 1   [ RunTime:0.0002s ]
SQL: SELECT * FROM `goods` WHERE `gsn` = '615583172840856677' LIMIT 1   [ RunTime:0.0001s ]
SQL: SELECT * FROM `goods` WHERE `gsn` = '415627493549017831' LIMIT 1   [ RunTime:0.0001s ]
SQL: SELECT * FROM `sysads` WHERE `models` = 'index_banner' AND `status` = 1 ORDER BY id desc  [ RunTime:0.0001s ]
SQL: SELECT * FROM `sysads` WHERE `models` = 'index_middle' AND `status` = 1 ORDER BY id desc  [ RunTime:0.0001s ]
SQL: SHOW COLUMNS FROM `order_sr` [ RunTime:0.0004s ]
SQL: SELECT * FROM `order_sr` WHERE `status` = 5 LIMIT 10   [ RunTime:0.0401s ]
SQL: SHOW COLUMNS FROM `school` [ RunTime:0.0004s ]
SQL: SELECT * FROM `school` WHERE `type` = 1  [ RunTime:0.0003s ]
SQL: SELECT * FROM `school` ORDER BY times desc LIMIT 6   [ RunTime:0.0003s ]
SQL: SELECT COUNT(*) AS tp_count FROM `account` WHERE `recid` = '15c76288adda5b' LIMIT 1   [ RunTime:0.0325s ]
SQL: SELECT SUM(teams) AS tp_sum FROM `account` WHERE `recid` = '15c76288adda5b' LIMIT 1   [ RunTime:0.0346s ]
SQL: UPDATE `account` SET `teams`='0' WHERE `sysid` = '15c76288adda5b' [ RunTime:0.1146s ]
INFO: [ view_parse ] --START--
INFO: [ template_filter ] --START--
INFO: Run Behavior\ContentReplaceBehavior [ RunTime:0.000108s ]
INFO: [ template_filter ] --END-- [ RunTime:0.000151s ]
NOTIC: [8] Undefined variable: ticket /www/web/168/Dexis/Runtime/Cache/Home/87136953e1dc4c41d89791c69ab63310.php 第 35 行.
NOTIC: [8] Undefined variable: ticket /www/web/168/Dexis/Runtime/Cache/Home/87136953e1dc4c41d89791c69ab63310.php 第 36 行.
NOTIC: [8] Undefined variable: ticket /www/web/168/Dexis/Runtime/Cache/Home/87136953e1dc4c41d89791c69ab63310.php 第 37 行.
NOTIC: [8] Undefined variable: ticket /www/web/168/Dexis/Runtime/Cache/Home/87136953e1dc4c41d89791c69ab63310.php 第 38 行.
NOTIC: [8] Undefined variable: img /www/web/168/Dexis/Runtime/Cache/Home/87136953e1dc4c41d89791c69ab63310.php 第 213 行.
SQL: SHOW COLUMNS FROM `goods_img` [ RunTime:0.0006s ]
SQL: SELECT * FROM `goods_img` WHERE `gsn` = '415244730815416283' ORDER BY id asc LIMIT 1   [ RunTime:0.0002s ]
NOTIC: [8] Undefined variable: img /www/web/168/Dexis/Runtime/Cache/Home/87136953e1dc4c41d89791c69ab63310.php 第 227 行.
SQL: SELECT * FROM `goods_img` WHERE `gsn` = '415244730815416283' ORDER BY id asc LIMIT 1   [ RunTime:0.0001s ]
NOTIC: [8] Undefined variable: img /www/web/168/Dexis/Runtime/Cache/Home/87136953e1dc4c41d89791c69ab63310.php 第 227 行.
SQL: SELECT * FROM `goods_img` WHERE `gsn` = '815526127943355165' ORDER BY id asc LIMIT 1   [ RunTime:0.0001s ]
NOTIC: [8] Undefined variable: img /www/web/168/Dexis/Runtime/Cache/Home/87136953e1dc4c41d89791c69ab63310.php 第 227 行.
SQL: SELECT * FROM `goods_img` WHERE `gsn` = '615583172840856677' ORDER BY id asc LIMIT 1   [ RunTime:0.0001s ]
NOTIC: [8] Undefined variable: img /www/web/168/Dexis/Runtime/Cache/Home/87136953e1dc4c41d89791c69ab63310.php 第 227 行.
SQL: SELECT * FROM `goods_img` WHERE `gsn` = '415627493549017831' ORDER BY id asc LIMIT 1   [ RunTime:0.0001s ]
NOTIC: [8] Undefined variable: img /www/web/168/Dexis/Runtime/Cache/Home/87136953e1dc4c41d89791c69ab63310.php 第 274 行.
SQL: SELECT * FROM `goods_img` WHERE `gsn` = '415244730815416283' ORDER BY id asc LIMIT 1   [ RunTime:0.0001s ]
NOTIC: [8] Undefined variable: img /www/web/168/Dexis/Runtime/Cache/Home/87136953e1dc4c41d89791c69ab63310.php 第 274 行.
SQL: SELECT * FROM `goods_img` WHERE `gsn` = '815526127943355165' ORDER BY id asc LIMIT 1   [ RunTime:0.0001s ]
NOTIC: [8] Undefined variable: img /www/web/168/Dexis/Runtime/Cache/Home/87136953e1dc4c41d89791c69ab63310.php 第 274 行.
SQL: SELECT * FROM `goods_img` WHERE `gsn` = '615583172840856677' ORDER BY id asc LIMIT 1   [ RunTime:0.0001s ]
NOTIC: [8] Undefined variable: img /www/web/168/Dexis/Runtime/Cache/Home/87136953e1dc4c41d89791c69ab63310.php 第 274 行.
SQL: SELECT * FROM `goods_img` WHERE `gsn` = '415627493549017831' ORDER BY id asc LIMIT 1   [ RunTime:0.0001s ]
NOTIC: [8] Undefined index: id /www/web/168/Dexis/Runtime/Cache/Home/87136953e1dc4c41d89791c69ab63310.php 第 313 行.
INFO: Run Behavior\ParseTemplateBehavior [ RunTime:0.015385s ]
INFO: [ view_parse ] --END-- [ RunTime:0.015417s ]
INFO: [ view_filter ] --START--
INFO: Run Behavior\WriteHtmlCacheBehavior [ RunTime:0.000102s ]
INFO: [ view_filter ] --END-- [ RunTime:0.000124s ]
INFO: [ app_end ] --START--
INFO: Run Behavior\ShowPageTraceBehavior [ RunTime:0.000336s ]
INFO: [ app_end ] --END-- [ RunTime:0.000380s ]

[ 2019-08-11T23:24:00+08:00 ] 1.62.95.76 /Home/Users/index.html
INFO: [ app_init ] --START--
INFO: Run Behavior\BuildLiteBehavior [ RunTime:0.000012s ]
INFO: [ app_init ] --END-- [ RunTime:0.000225s ]
INFO: [ app_begin ] --START--
INFO: Run Behavior\ReadHtmlCacheBehavior [ RunTime:0.000279s ]
INFO: [ app_begin ] --END-- [ RunTime:0.000311s ]
NOTIC: [8] Undefined index: lite /www/web/168/ThinkPHP/Library/Think/Db.class.php 第 37 行.
SQL: SHOW COLUMNS FROM `account` [ RunTime:0.0007s ]
SQL: SELECT * FROM `account` WHERE `id` = 97729 LIMIT 1   [ RunTime:0.0002s ]
SQL: SELECT * FROM `account` WHERE `id` = 97729 LIMIT 1   [ RunTime:0.0001s ]
SQL: SHOW COLUMNS FROM `acc_level` [ RunTime:0.0004s ]
SQL: SHOW COLUMNS FROM `orders` [ RunTime:0.0004s ]
SQL: SELECT SUM(gnums) AS tp_sum FROM `orders` WHERE `uid` = 97729 AND `status` = 1 LIMIT 1   [ RunTime:0.0056s ]
SQL: SELECT * FROM `account` WHERE `id` = 97729 LIMIT 1   [ RunTime:0.0001s ]
SQL: SELECT * FROM `account` WHERE `sysid` = '15c73d34367418' LIMIT 1   [ RunTime:0.0858s ]
SQL: SELECT * FROM `acc_level` WHERE `id` > '0' LIMIT 1   [ RunTime:0.0003s ]
SQL: SHOW COLUMNS FROM `acc_nums` [ RunTime:0.0006s ]
SQL: SELECT * FROM `account` WHERE `id` = 97729 LIMIT 1   [ RunTime:0.0002s ]
SQL: SHOW COLUMNS FROM `acc_money` [ RunTime:0.0004s ]
SQL: SELECT * FROM `acc_money` WHERE `uid` = '97729' AND `models` = 'REBACK'  [ RunTime:0.0168s ]
NOTIC: [8] Undefined variable: salemoney /www/web/168/Dexis/Common/Common/local.php 第 1638 行.
NOTIC: [2] array_sum() expects parameter 1 to be array, null given /www/web/168/Dexis/Common/Common/local.php 第 1638 行.
INFO: [ view_parse ] --START--
INFO: [ template_filter ] --START--
INFO: Run Behavior\ContentReplaceBehavior [ RunTime:0.000120s ]
INFO: [ template_filter ] --END-- [ RunTime:0.000155s ]
NOTIC: [8] Undefined variable: ticket /www/web/168/Dexis/Runtime/Cache/Home/7d19ed9694df53e8bfe2525d43aa4f65.php 第 35 行.
NOTIC: [8] Undefined variable: ticket /www/web/168/Dexis/Runtime/Cache/Home/7d19ed9694df53e8bfe2525d43aa4f65.php 第 36 行.
NOTIC: [8] Undefined variable: ticket /www/web/168/Dexis/Runtime/Cache/Home/7d19ed9694df53e8bfe2525d43aa4f65.php 第 37 行.
NOTIC: [8] Undefined variable: ticket /www/web/168/Dexis/Runtime/Cache/Home/7d19ed9694df53e8bfe2525d43aa4f65.php 第 38 行.
NOTIC: [8] Undefined variable: level /www/web/168/Dexis/Runtime/Cache/Home/7d19ed9694df53e8bfe2525d43aa4f65.php 第 80 行.
SQL: SELECT * FROM `acc_level` WHERE `id` = 0 LIMIT 1   [ RunTime:0.0001s ]
NOTIC: [8] Undefined variable: level /www/web/168/Dexis/Runtime/Cache/Home/7d19ed9694df53e8bfe2525d43aa4f65.php 第 87 行.
SQL: SELECT * FROM `acc_level` WHERE `id` = 0 LIMIT 1   [ RunTime:0.0001s ]
NOTIC: [8] Undefined index: team /www/web/168/Dexis/Runtime/Cache/Home/7d19ed9694df53e8bfe2525d43aa4f65.php 第 131 行.
NOTIC: [8] Undefined variable: tuser /www/web/168/Dexis/Runtime/Cache/Home/7d19ed9694df53e8bfe2525d43aa4f65.php 第 161 行.
NOTIC: [8] Undefined variable: tuser /www/web/168/Dexis/Runtime/Cache/Home/7d19ed9694df53e8bfe2525d43aa4f65.php 第 161 行.
INFO: Run Behavior\ParseTemplateBehavior [ RunTime:0.010195s ]
INFO: [ view_parse ] --END-- [ RunTime:0.010223s ]
INFO: [ view_filter ] --START--
INFO: Run Behavior\WriteHtmlCacheBehavior [ RunTime:0.000097s ]
INFO: [ view_filter ] --END-- [ RunTime:0.000119s ]
INFO: [ app_end ] --START--
INFO: Run Behavior\ShowPageTraceBehavior [ RunTime:0.000303s ]
INFO: [ app_end ] --END-- [ RunTime:0.000337s ]

[ 2019-08-11T23:24:01+08:00 ] 1.62.95.76 /Home/index/getTeamNums.html
INFO: [ app_init ] --START--
INFO: Run Behavior\BuildLiteBehavior [ RunTime:0.000009s ]
INFO: [ app_init ] --END-- [ RunTime:0.000206s ]
INFO: [ app_begin ] --START--
INFO: Run Behavior\ReadHtmlCacheBehavior [ RunTime:0.000266s ]
INFO: [ app_begin ] --END-- [ RunTime:0.000296s ]
NOTIC: [8] Undefined index: lite /www/web/168/ThinkPHP/Library/Think/Db.class.php 第 37 行.
SQL: SHOW COLUMNS FROM `account` [ RunTime:0.0006s ]
SQL: SELECT * FROM `account` WHERE `id` = 97729 LIMIT 1   [ RunTime:0.0002s ]
SQL: SELECT * FROM `account` WHERE `id` = 97729 LIMIT 1   [ RunTime:0.0001s ]
SQL: SHOW COLUMNS FROM `sysconfig` [ RunTime:0.0004s ]
SQL: SELECT * FROM `sysconfig` WHERE ( type in ('draw','base') )  [ RunTime:0.0001s ]
SQL: SHOW COLUMNS FROM `acc_contect` [ RunTime:0.0004s ]
SQL: SELECT COUNT(*) AS tp_count FROM `acc_contect` WHERE `ancestor_id` = 97729 LIMIT 1   [ RunTime:0.6250s ]
SQL: SELECT `teams` FROM `account` WHERE `id` = 97729 LIMIT 1   [ RunTime:0.0002s ]

[ 2019-08-11T23:24:22+08:00 ] 1.62.95.76 /Home/Index/index.html
INFO: [ app_init ] --START--
INFO: Run Behavior\BuildLiteBehavior [ RunTime:0.000010s ]
INFO: [ app_init ] --END-- [ RunTime:0.000218s ]
INFO: [ app_begin ] --START--
INFO: Run Behavior\ReadHtmlCacheBehavior [ RunTime:0.000272s ]
INFO: [ app_begin ] --END-- [ RunTime:0.000303s ]
NOTIC: [8] Undefined index: lite /www/web/168/ThinkPHP/Library/Think/Db.class.php 第 37 行.
SQL: SHOW COLUMNS FROM `account` [ RunTime:0.0007s ]
SQL: SELECT * FROM `account` WHERE `id` = 97729 LIMIT 1   [ RunTime:0.0002s ]
SQL: SELECT * FROM `account` WHERE `id` = 97729 LIMIT 1   [ RunTime:0.0001s ]
SQL: SHOW COLUMNS FROM `sysconfig` [ RunTime:0.0004s ]
SQL: SELECT * FROM `sysconfig` WHERE ( type in ('draw','base') )  [ RunTime:0.0001s ]
SQL: SHOW COLUMNS FROM `goods` [ RunTime:0.0005s ]
SQL: SHOW COLUMNS FROM `sysads` [ RunTime:0.0003s ]
SQL: SELECT * FROM `goods` WHERE `ind` = 1 AND `status` = 1  [ RunTime:0.0002s ]
SQL: SHOW COLUMNS FROM `goods_level` [ RunTime:0.0003s ]
SQL: SELECT * FROM `goods` WHERE `gsn` = '415244730815416283' LIMIT 1   [ RunTime:0.0002s ]
SQL: SELECT * FROM `goods` WHERE `gsn` = '815526127943355165' LIMIT 1   [ RunTime:0.0001s ]
SQL: SELECT * FROM `goods` WHERE `gsn` = '615583172840856677' LIMIT 1   [ RunTime:0.0001s ]
SQL: SELECT * FROM `goods` WHERE `gsn` = '415627493549017831' LIMIT 1   [ RunTime:0.0001s ]
SQL: SELECT * FROM `sysads` WHERE `models` = 'index_banner' AND `status` = 1 ORDER BY id desc  [ RunTime:0.0001s ]
SQL: SELECT * FROM `sysads` WHERE `models` = 'index_middle' AND `status` = 1 ORDER BY id desc  [ RunTime:0.0001s ]
SQL: SHOW COLUMNS FROM `order_sr` [ RunTime:0.0004s ]
SQL: SELECT * FROM `order_sr` WHERE `status` = 5 LIMIT 10   [ RunTime:0.0400s ]
SQL: SHOW COLUMNS FROM `school` [ RunTime:0.0005s ]
SQL: SELECT * FROM `school` WHERE `type` = 1  [ RunTime:0.0003s ]
SQL: SELECT * FROM `school` ORDER BY times desc LIMIT 6   [ RunTime:0.0002s ]
SQL: SELECT COUNT(*) AS tp_count FROM `account` WHERE `recid` = '15c76288adda5b' LIMIT 1   [ RunTime:0.0325s ]
SQL: SELECT SUM(teams) AS tp_sum FROM `account` WHERE `recid` = '15c76288adda5b' LIMIT 1   [ RunTime:0.0345s ]
SQL: UPDATE `account` SET `teams`='0' WHERE `sysid` = '15c76288adda5b' [ RunTime:0.1126s ]
INFO: [ view_parse ] --START--
INFO: [ template_filter ] --START--
INFO: Run Behavior\ContentReplaceBehavior [ RunTime:0.000100s ]
INFO: [ template_filter ] --END-- [ RunTime:0.000142s ]
NOTIC: [8] Undefined variable: ticket /www/web/168/Dexis/Runtime/Cache/Home/87136953e1dc4c41d89791c69ab63310.php 第 35 行.
NOTIC: [8] Undefined variable: ticket /www/web/168/Dexis/Runtime/Cache/Home/87136953e1dc4c41d89791c69ab63310.php 第 36 行.
NOTIC: [8] Undefined variable: ticket /www/web/168/Dexis/Runtime/Cache/Home/87136953e1dc4c41d89791c69ab63310.php 第 37 行.
NOTIC: [8] Undefined variable: ticket /www/web/168/Dexis/Runtime/Cache/Home/87136953e1dc4c41d89791c69ab63310.php 第 38 行.
NOTIC: [8] Undefined variable: img /www/web/168/Dexis/Runtime/Cache/Home/87136953e1dc4c41d89791c69ab63310.php 第 213 行.
SQL: SHOW COLUMNS FROM `goods_img` [ RunTime:0.0006s ]
SQL: SELECT * FROM `goods_img` WHERE `gsn` = '415244730815416283' ORDER BY id asc LIMIT 1   [ RunTime:0.0002s ]
NOTIC: [8] Undefined variable: img /www/web/168/Dexis/Runtime/Cache/Home/87136953e1dc4c41d89791c69ab63310.php 第 227 行.
SQL: SELECT * FROM `goods_img` WHERE `gsn` = '415244730815416283' ORDER BY id asc LIMIT 1   [ RunTime:0.0001s ]
NOTIC: [8] Undefined variable: img /www/web/168/Dexis/Runtime/Cache/Home/87136953e1dc4c41d89791c69ab63310.php 第 227 行.
SQL: SELECT * FROM `goods_img` WHERE `gsn` = '815526127943355165' ORDER BY id asc LIMIT 1   [ RunTime:0.0001s ]
NOTIC: [8] Undefined variable: img /www/web/168/Dexis/Runtime/Cache/Home/87136953e1dc4c41d89791c69ab63310.php 第 227 行.
SQL: SELECT * FROM `goods_img` WHERE `gsn` = '615583172840856677' ORDER BY id asc LIMIT 1   [ RunTime:0.0001s ]
NOTIC: [8] Undefined variable: img /www/web/168/Dexis/Runtime/Cache/Home/87136953e1dc4c41d89791c69ab63310.php 第 227 行.
SQL: SELECT * FROM `goods_img` WHERE `gsn` = '415627493549017831' ORDER BY id asc LIMIT 1   [ RunTime:0.0001s ]
NOTIC: [8] Undefined variable: img /www/web/168/Dexis/Runtime/Cache/Home/87136953e1dc4c41d89791c69ab63310.php 第 274 行.
SQL: SELECT * FROM `goods_img` WHERE `gsn` = '415244730815416283' ORDER BY id asc LIMIT 1   [ RunTime:0.0001s ]
NOTIC: [8] Undefined variable: img /www/web/168/Dexis/Runtime/Cache/Home/87136953e1dc4c41d89791c69ab63310.php 第 274 行.
SQL: SELECT * FROM `goods_img` WHERE `gsn` = '815526127943355165' ORDER BY id asc LIMIT 1   [ RunTime:0.0001s ]
NOTIC: [8] Undefined variable: img /www/web/168/Dexis/Runtime/Cache/Home/87136953e1dc4c41d89791c69ab63310.php 第 274 行.
SQL: SELECT * FROM `goods_img` WHERE `gsn` = '615583172840856677' ORDER BY id asc LIMIT 1   [ RunTime:0.0001s ]
NOTIC: [8] Undefined variable: img /www/web/168/Dexis/Runtime/Cache/Home/87136953e1dc4c41d89791c69ab63310.php 第 274 行.
SQL: SELECT * FROM `goods_img` WHERE `gsn` = '415627493549017831' ORDER BY id asc LIMIT 1   [ RunTime:0.0001s ]
NOTIC: [8] Undefined index: id /www/web/168/Dexis/Runtime/Cache/Home/87136953e1dc4c41d89791c69ab63310.php 第 313 行.
INFO: Run Behavior\ParseTemplateBehavior [ RunTime:0.015433s ]
INFO: [ view_parse ] --END-- [ RunTime:0.015465s ]
INFO: [ view_filter ] --START--
INFO: Run Behavior\WriteHtmlCacheBehavior [ RunTime:0.000099s ]
INFO: [ view_filter ] --END-- [ RunTime:0.000121s ]
INFO: [ app_end ] --START--
INFO: Run Behavior\ShowPageTraceBehavior [ RunTime:0.000344s ]
INFO: [ app_end ] --END-- [ RunTime:0.000387s ]

[ 2019-08-11T23:24:34+08:00 ] 61.129.8.179 /Home/Index/index.html.html
INFO: [ app_init ] --START--
INFO: Run Behavior\BuildLiteBehavior [ RunTime:0.000009s ]
INFO: [ app_init ] --END-- [ RunTime:0.000201s ]
INFO: [ app_begin ] --START--
INFO: Run Behavior\ReadHtmlCacheBehavior [ RunTime:0.000256s ]
INFO: [ app_begin ] --END-- [ RunTime:0.000287s ]
NOTIC: [8] Undefined index: lite /www/web/168/ThinkPHP/Library/Think/Db.class.php 第 37 行.

[ 2019-08-11T23:24:43+08:00 ] 1.62.95.76 /Home/Users/index.html
INFO: [ app_init ] --START--
INFO: Run Behavior\BuildLiteBehavior [ RunTime:0.000011s ]
INFO: [ app_init ] --END-- [ RunTime:0.000222s ]
INFO: [ app_begin ] --START--
INFO: Run Behavior\ReadHtmlCacheBehavior [ RunTime:0.000271s ]
INFO: [ app_begin ] --END-- [ RunTime:0.000302s ]
NOTIC: [8] Undefined index: lite /www/web/168/ThinkPHP/Library/Think/Db.class.php 第 37 行.
SQL: SHOW COLUMNS FROM `account` [ RunTime:0.0007s ]
SQL: SELECT * FROM `account` WHERE `id` = 97729 LIMIT 1   [ RunTime:0.0002s ]
SQL: SELECT * FROM `account` WHERE `id` = 97729 LIMIT 1   [ RunTime:0.0001s ]
SQL: SHOW COLUMNS FROM `acc_level` [ RunTime:0.0004s ]
SQL: SHOW COLUMNS FROM `orders` [ RunTime:0.0004s ]
SQL: SELECT SUM(gnums) AS tp_sum FROM `orders` WHERE `uid` = 97729 AND `status` = 1 LIMIT 1   [ RunTime:0.0056s ]
SQL: SELECT * FROM `account` WHERE `id` = 97729 LIMIT 1   [ RunTime:0.0001s ]
SQL: SELECT * FROM `account` WHERE `sysid` = '15c73d34367418' LIMIT 1   [ RunTime:0.0856s ]
SQL: SELECT * FROM `acc_level` WHERE `id` > '0' LIMIT 1   [ RunTime:0.0003s ]
SQL: SHOW COLUMNS FROM `acc_nums` [ RunTime:0.0006s ]
SQL: SELECT * FROM `account` WHERE `id` = 97729 LIMIT 1   [ RunTime:0.0002s ]
SQL: SHOW COLUMNS FROM `acc_money` [ RunTime:0.0004s ]
SQL: SELECT * FROM `acc_money` WHERE `uid` = '97729' AND `models` = 'REBACK'  [ RunTime:0.0160s ]
NOTIC: [8] Undefined variable: salemoney /www/web/168/Dexis/Common/Common/local.php 第 1638 行.
NOTIC: [2] array_sum() expects parameter 1 to be array, null given /www/web/168/Dexis/Common/Common/local.php 第 1638 行.
INFO: [ view_parse ] --START--
INFO: [ template_filter ] --START--
INFO: Run Behavior\ContentReplaceBehavior [ RunTime:0.000116s ]
INFO: [ template_filter ] --END-- [ RunTime:0.000152s ]
NOTIC: [8] Undefined variable: ticket /www/web/168/Dexis/Runtime/Cache/Home/7d19ed9694df53e8bfe2525d43aa4f65.php 第 35 行.
NOTIC: [8] Undefined variable: ticket /www/web/168/Dexis/Runtime/Cache/Home/7d19ed9694df53e8bfe2525d43aa4f65.php 第 36 行.
NOTIC: [8] Undefined variable: ticket /www/web/168/Dexis/Runtime/Cache/Home/7d19ed9694df53e8bfe2525d43aa4f65.php 第 37 行.
NOTIC: [8] Undefined variable: ticket /www/web/168/Dexis/Runtime/Cache/Home/7d19ed9694df53e8bfe2525d43aa4f65.php 第 38 行.
NOTIC: [8] Undefined variable: level /www/web/168/Dexis/Runtime/Cache/Home/7d19ed9694df53e8bfe2525d43aa4f65.php 第 80 行.
SQL: SELECT * FROM `acc_level` WHERE `id` = 0 LIMIT 1   [ RunTime:0.0002s ]
NOTIC: [8] Undefined variable: level /www/web/168/Dexis/Runtime/Cache/Home/7d19ed9694df53e8bfe2525d43aa4f65.php 第 87 行.
SQL: SELECT * FROM `acc_level` WHERE `id` = 0 LIMIT 1   [ RunTime:0.0001s ]
NOTIC: [8] Undefined index: team /www/web/168/Dexis/Runtime/Cache/Home/7d19ed9694df53e8bfe2525d43aa4f65.php 第 131 行.
NOTIC: [8] Undefined variable: tuser /www/web/168/Dexis/Runtime/Cache/Home/7d19ed9694df53e8bfe2525d43aa4f65.php 第 161 行.
NOTIC: [8] Undefined variable: tuser /www/web/168/Dexis/Runtime/Cache/Home/7d19ed9694df53e8bfe2525d43aa4f65.php 第 161 行.
INFO: Run Behavior\ParseTemplateBehavior [ RunTime:0.010470s ]
INFO: [ view_parse ] --END-- [ RunTime:0.010501s ]
INFO: [ view_filter ] --START--
INFO: Run Behavior\WriteHtmlCacheBehavior [ RunTime:0.000119s ]
INFO: [ view_filter ] --END-- [ RunTime:0.000141s ]
INFO: [ app_end ] --START--
INFO: Run Behavior\ShowPageTraceBehavior [ RunTime:0.000289s ]
INFO: [ app_end ] --END-- [ RunTime:0.000323s ]

[ 2019-08-11T23:24:44+08:00 ] 1.62.95.76 /Home/index/getTeamNums.html
INFO: [ app_init ] --START--
INFO: Run Behavior\BuildLiteBehavior [ RunTime:0.000010s ]
INFO: [ app_init ] --END-- [ RunTime:0.000207s ]
INFO: [ app_begin ] --START--
INFO: Run Behavior\ReadHtmlCacheBehavior [ RunTime:0.000286s ]
INFO: [ app_begin ] --END-- [ RunTime:0.000317s ]
NOTIC: [8] Undefined index: lite /www/web/168/ThinkPHP/Library/Think/Db.class.php 第 37 行.
SQL: SHOW COLUMNS FROM `account` [ RunTime:0.0007s ]
SQL: SELECT * FROM `account` WHERE `id` = 97729 LIMIT 1   [ RunTime:0.0002s ]
SQL: SELECT * FROM `account` WHERE `id` = 97729 LIMIT 1   [ RunTime:0.0001s ]
SQL: SHOW COLUMNS FROM `sysconfig` [ RunTime:0.0004s ]
SQL: SELECT * FROM `sysconfig` WHERE ( type in ('draw','base') )  [ RunTime:0.0001s ]
SQL: SHOW COLUMNS FROM `acc_contect` [ RunTime:0.0004s ]
SQL: SELECT COUNT(*) AS tp_count FROM `acc_contect` WHERE `ancestor_id` = 97729 LIMIT 1   [ RunTime:0.6265s ]
SQL: SELECT `teams` FROM `account` WHERE `id` = 97729 LIMIT 1   [ RunTime:0.0002s ]

[ 2019-08-11T23:25:36+08:00 ] 1.62.95.76 /Home/Users/index.html
INFO: [ app_init ] --START--
INFO: Run Behavior\BuildLiteBehavior [ RunTime:0.000010s ]
INFO: [ app_init ] --END-- [ RunTime:0.000220s ]
INFO: [ app_begin ] --START--
INFO: Run Behavior\ReadHtmlCacheBehavior [ RunTime:0.000254s ]
INFO: [ app_begin ] --END-- [ RunTime:0.000286s ]
NOTIC: [8] Undefined index: lite /www/web/168/ThinkPHP/Library/Think/Db.class.php 第 37 行.
SQL: SHOW COLUMNS FROM `account` [ RunTime:0.0006s ]
SQL: SELECT * FROM `account` WHERE `id` = 97729 LIMIT 1   [ RunTime:0.0002s ]
SQL: SELECT * FROM `account` WHERE `id` = 97729 LIMIT 1   [ RunTime:0.0001s ]
SQL: SHOW COLUMNS FROM `acc_level` [ RunTime:0.0004s ]
SQL: SHOW COLUMNS FROM `orders` [ RunTime:0.0004s ]
SQL: SELECT SUM(gnums) AS tp_sum FROM `orders` WHERE `uid` = 97729 AND `status` = 1 LIMIT 1   [ RunTime:0.0056s ]
SQL: SELECT * FROM `account` WHERE `id` = 97729 LIMIT 1   [ RunTime:0.0001s ]
SQL: SELECT * FROM `account` WHERE `sysid` = '15c73d34367418' LIMIT 1   [ RunTime:0.0860s ]
SQL: SELECT * FROM `acc_level` WHERE `id` > '0' LIMIT 1   [ RunTime:0.0002s ]
SQL: SHOW COLUMNS FROM `acc_nums` [ RunTime:0.0006s ]
SQL: SELECT * FROM `account` WHERE `id` = 97729 LIMIT 1   [ RunTime:0.0002s ]
SQL: SHOW COLUMNS FROM `acc_money` [ RunTime:0.0004s ]
SQL: SELECT * FROM `acc_money` WHERE `uid` = '97729' AND `models` = 'REBACK'  [ RunTime:0.0160s ]
NOTIC: [8] Undefined variable: salemoney /www/web/168/Dexis/Common/Common/local.php 第 1638 行.
NOTIC: [2] array_sum() expects parameter 1 to be array, null given /www/web/168/Dexis/Common/Common/local.php 第 1638 行.
INFO: [ view_parse ] --START--
INFO: [ template_filter ] --START--
INFO: Run Behavior\ContentReplaceBehavior [ RunTime:0.000099s ]
INFO: [ template_filter ] --END-- [ RunTime:0.000135s ]
NOTIC: [8] Undefined variable: ticket /www/web/168/Dexis/Runtime/Cache/Home/7d19ed9694df53e8bfe2525d43aa4f65.php 第 35 行.
NOTIC: [8] Undefined variable: ticket /www/web/168/Dexis/Runtime/Cache/Home/7d19ed9694df53e8bfe2525d43aa4f65.php 第 36 行.
NOTIC: [8] Undefined variable: ticket /www/web/168/Dexis/Runtime/Cache/Home/7d19ed9694df53e8bfe2525d43aa4f65.php 第 37 行.
NOTIC: [8] Undefined variable: ticket /www/web/168/Dexis/Runtime/Cache/Home/7d19ed9694df53e8bfe2525d43aa4f65.php 第 38 行.
NOTIC: [8] Undefined variable: level /www/web/168/Dexis/Runtime/Cache/Home/7d19ed9694df53e8bfe2525d43aa4f65.php 第 80 行.
SQL: SELECT * FROM `acc_level` WHERE `id` = 0 LIMIT 1   [ RunTime:0.0001s ]
NOTIC: [8] Undefined variable: level /www/web/168/Dexis/Runtime/Cache/Home/7d19ed9694df53e8bfe2525d43aa4f65.php 第 87 行.
SQL: SELECT * FROM `acc_level` WHERE `id` = 0 LIMIT 1   [ RunTime:0.0001s ]
NOTIC: [8] Undefined index: team /www/web/168/Dexis/Runtime/Cache/Home/7d19ed9694df53e8bfe2525d43aa4f65.php 第 131 行.
NOTIC: [8] Undefined variable: tuser /www/web/168/Dexis/Runtime/Cache/Home/7d19ed9694df53e8bfe2525d43aa4f65.php 第 161 行.
NOTIC: [8] Undefined variable: tuser /www/web/168/Dexis/Runtime/Cache/Home/7d19ed9694df53e8bfe2525d43aa4f65.php 第 161 行.
INFO: Run Behavior\ParseTemplateBehavior [ RunTime:0.009852s ]
INFO: [ view_parse ] --END-- [ RunTime:0.009879s ]
INFO: [ view_filter ] --START--
INFO: Run Behavior\WriteHtmlCacheBehavior [ RunTime:0.000103s ]
INFO: [ view_filter ] --END-- [ RunTime:0.000125s ]
INFO: [ app_end ] --START--
INFO: Run Behavior\ShowPageTraceBehavior [ RunTime:0.000296s ]
INFO: [ app_end ] --END-- [ RunTime:0.000328s ]

[ 2019-08-11T23:25:37+08:00 ] 1.62.95.76 /Home/index/getTeamNums.html
INFO: [ app_init ] --START--
INFO: Run Behavior\BuildLiteBehavior [ RunTime:0.000009s ]
INFO: [ app_init ] --END-- [ RunTime:0.000203s ]
INFO: [ app_begin ] --START--
INFO: Run Behavior\ReadHtmlCacheBehavior [ RunTime:0.000251s ]
INFO: [ app_begin ] --END-- [ RunTime:0.000281s ]
NOTIC: [8] Undefined index: lite /www/web/168/ThinkPHP/Library/Think/Db.class.php 第 37 行.
SQL: SHOW COLUMNS FROM `account` [ RunTime:0.0007s ]
SQL: SELECT * FROM `account` WHERE `id` = 97729 LIMIT 1   [ RunTime:0.0002s ]
SQL: SELECT * FROM `account` WHERE `id` = 97729 LIMIT 1   [ RunTime:0.0001s ]
SQL: SHOW COLUMNS FROM `sysconfig` [ RunTime:0.0004s ]
SQL: SELECT * FROM `sysconfig` WHERE ( type in ('draw','base') )  [ RunTime:0.0001s ]
SQL: SHOW COLUMNS FROM `acc_contect` [ RunTime:0.0004s ]
SQL: SELECT COUNT(*) AS tp_count FROM `acc_contect` WHERE `ancestor_id` = 97729 LIMIT 1   [ RunTime:0.6259s ]
SQL: SELECT `teams` FROM `account` WHERE `id` = 97729 LIMIT 1   [ RunTime:0.0002s ]

[ 2019-08-11T23:25:55+08:00 ] 59.37.97.53 /Home/Users/index.html
INFO: [ app_init ] --START--
INFO: Run Behavior\BuildLiteBehavior [ RunTime:0.000011s ]
INFO: [ app_init ] --END-- [ RunTime:0.000220s ]
INFO: [ app_begin ] --START--
INFO: Run Behavior\ReadHtmlCacheBehavior [ RunTime:0.000283s ]
INFO: [ app_begin ] --END-- [ RunTime:0.000316s ]
NOTIC: [8] Undefined index: lite /www/web/168/ThinkPHP/Library/Think/Db.class.php 第 37 行.

[ 2019-08-11T23:26:14+08:00 ] 1.62.95.76 /Home/Users/uppass.html
INFO: [ app_init ] --START--
INFO: Run Behavior\BuildLiteBehavior [ RunTime:0.000010s ]
INFO: [ app_init ] --END-- [ RunTime:0.000209s ]
INFO: [ app_begin ] --START--
INFO: Run Behavior\ReadHtmlCacheBehavior [ RunTime:0.000261s ]
INFO: [ app_begin ] --END-- [ RunTime:0.000293s ]
NOTIC: [8] Undefined index: lite /www/web/168/ThinkPHP/Library/Think/Db.class.php 第 37 行.
SQL: SHOW COLUMNS FROM `account` [ RunTime:0.0007s ]
SQL: SELECT * FROM `account` WHERE `id` = 97729 LIMIT 1   [ RunTime:0.0002s ]
SQL: SELECT * FROM `account` WHERE `id` = 97729 LIMIT 1   [ RunTime:0.0001s ]
INFO: [ view_parse ] --START--
INFO: [ template_filter ] --START--
INFO: Run Behavior\ContentReplaceBehavior [ RunTime:0.000045s ]
INFO: [ template_filter ] --END-- [ RunTime:0.000078s ]
NOTIC: [8] Undefined variable: ticket /www/web/168/Dexis/Runtime/Cache/Home/3f00e0001fa880cdfe8b39447f4138db.php 第 34 行.
NOTIC: [8] Undefined variable: ticket /www/web/168/Dexis/Runtime/Cache/Home/3f00e0001fa880cdfe8b39447f4138db.php 第 35 行.
NOTIC: [8] Undefined variable: ticket /www/web/168/Dexis/Runtime/Cache/Home/3f00e0001fa880cdfe8b39447f4138db.php 第 36 行.
NOTIC: [8] Undefined variable: ticket /www/web/168/Dexis/Runtime/Cache/Home/3f00e0001fa880cdfe8b39447f4138db.php 第 37 行.
INFO: Run Behavior\ParseTemplateBehavior [ RunTime:0.004361s ]
INFO: [ view_parse ] --END-- [ RunTime:0.004400s ]
INFO: [ view_filter ] --START--
INFO: Run Behavior\WriteHtmlCacheBehavior [ RunTime:0.000081s ]
INFO: [ view_filter ] --END-- [ RunTime:0.000102s ]
INFO: [ app_end ] --START--
INFO: Run Behavior\ShowPageTraceBehavior [ RunTime:0.000283s ]
INFO: [ app_end ] --END-- [ RunTime:0.000314s ]

[ 2019-08-11T23:26:38+08:00 ] 1.62.95.76 /Home/Login/regs_sms.html
INFO: [ app_init ] --START--
INFO: Run Behavior\BuildLiteBehavior [ RunTime:0.000011s ]
INFO: [ app_init ] --END-- [ RunTime:0.000236s ]
INFO: [ app_begin ] --START--
INFO: Run Behavior\ReadHtmlCacheBehavior [ RunTime:0.000250s ]
INFO: [ app_begin ] --END-- [ RunTime:0.000279s ]
NOTIC: [8] Undefined index: lite /www/web/168/ThinkPHP/Library/Think/Db.class.php 第 37 行.
SQL: SHOW COLUMNS FROM `account` [ RunTime:0.0007s ]
SQL: SELECT * FROM `account` WHERE `id` = 97729 LIMIT 1   [ RunTime:0.0002s ]
SQL: SELECT * FROM `account` WHERE `id` = 97729 LIMIT 1   [ RunTime:0.0001s ]
SQL: SHOW COLUMNS FROM `accode` [ RunTime:0.0004s ]
SQL: SELECT * FROM `accode` WHERE `phone` = '13274639516' AND `expired` > 1565537197 AND `status` = 0 ORDER BY id desc LIMIT 1   [ RunTime:0.0915s ]
SQL: INSERT INTO `accode` (`phone`,`code`,`seconds`,`times`,`expired`,`status`) VALUES ('13274639516','654201','120','1565537198','1565537318','0') [ RunTime:0.0031s ]

[ 2019-08-11T23:27:06+08:00 ] 1.62.95.76 /Home/Login/forget_op.html
INFO: [ app_init ] --START--
INFO: Run Behavior\BuildLiteBehavior [ RunTime:0.000009s ]
INFO: [ app_init ] --END-- [ RunTime:0.000222s ]
INFO: [ app_begin ] --START--
INFO: Run Behavior\ReadHtmlCacheBehavior [ RunTime:0.000252s ]
INFO: [ app_begin ] --END-- [ RunTime:0.000281s ]
NOTIC: [8] Undefined index: lite /www/web/168/ThinkPHP/Library/Think/Db.class.php 第 37 行.
SQL: SHOW COLUMNS FROM `account` [ RunTime:0.0007s ]
SQL: SELECT * FROM `account` WHERE `id` = 97729 LIMIT 1   [ RunTime:0.0002s ]
SQL: SELECT * FROM `account` WHERE `id` = 97729 LIMIT 1   [ RunTime:0.0001s ]
SQL: SHOW COLUMNS FROM `accode` [ RunTime:0.0004s ]
SQL: SELECT * FROM `accode` WHERE `phone` = '13274639516' AND `code` = '654201' AND `expired` > 1565537226 AND `status` = 0 ORDER BY id desc LIMIT 1   [ RunTime:0.0002s ]
SQL: UPDATE `accode` SET `status`='1' WHERE `phone` = '13274639516' AND `code` = '654201' AND `expired` > 1565537226 AND `status` = 0 [ RunTime:0.0761s ]
SQL: SELECT COUNT(*) AS tp_count FROM `account` WHERE `phone` = '13274639516' LIMIT 1   [ RunTime:0.0319s ]
SQL: UPDATE `account` SET `passwd`='7fe523b263820e2653ddb02b623bcd7d' WHERE `phone` = '13274639516' [ RunTime:0.1126s ]
NOTIC: [2] Missing argument 2 for get_op_put(), called in /www/web/168/Dexis/Home/Controller/LoginController.class.php on line 258 and defined /www/web/168/Dexis/Common/Common/function.php 第 9 行.
NOTIC: [8] Undefined variable: msg /www/web/168/Dexis/Common/Common/function.php 第 12 行.

[ 2019-08-11T23:27:06+08:00 ] 1.62.95.76 /Home/Login/index.html
INFO: [ app_init ] --START--
INFO: Run Behavior\BuildLiteBehavior [ RunTime:0.000009s ]
INFO: [ app_init ] --END-- [ RunTime:0.000233s ]
INFO: [ app_begin ] --START--
INFO: Run Behavior\ReadHtmlCacheBehavior [ RunTime:0.000254s ]
INFO: [ app_begin ] --END-- [ RunTime:0.000285s ]
NOTIC: [8] Undefined index: lite /www/web/168/ThinkPHP/Library/Think/Db.class.php 第 37 行.
SQL: SHOW COLUMNS FROM `account` [ RunTime:0.0006s ]
SQL: SELECT * FROM `account` WHERE `id` = 97729 LIMIT 1   [ RunTime:0.0002s ]
SQL: SELECT * FROM `account` WHERE `id` = 97729 LIMIT 1   [ RunTime:0.0001s ]
SQL: SELECT * FROM `account` WHERE `openid` = 'oJQO41eJmHbBU-DX1m3vd6V2yL5I' LIMIT 1   [ RunTime:0.0924s ]
INFO: [ view_parse ] --START--
INFO: [ template_filter ] --START--
INFO: Run Behavior\ContentReplaceBehavior [ RunTime:0.000043s ]
INFO: [ template_filter ] --END-- [ RunTime:0.000080s ]
NOTIC: [8] Undefined variable: ticket /www/web/168/Dexis/Runtime/Cache/Home/3d0b3f2fc67f9edb61b802a6f90e73d2.php 第 34 行.
NOTIC: [8] Undefined variable: ticket /www/web/168/Dexis/Runtime/Cache/Home/3d0b3f2fc67f9edb61b802a6f90e73d2.php 第 35 行.
NOTIC: [8] Undefined variable: ticket /www/web/168/Dexis/Runtime/Cache/Home/3d0b3f2fc67f9edb61b802a6f90e73d2.php 第 36 行.
NOTIC: [8] Undefined variable: ticket /www/web/168/Dexis/Runtime/Cache/Home/3d0b3f2fc67f9edb61b802a6f90e73d2.php 第 37 行.
INFO: Run Behavior\ParseTemplateBehavior [ RunTime:0.004077s ]
INFO: [ view_parse ] --END-- [ RunTime:0.004110s ]
INFO: [ view_filter ] --START--
INFO: Run Behavior\WriteHtmlCacheBehavior [ RunTime:0.000088s ]
INFO: [ view_filter ] --END-- [ RunTime:0.000109s ]
INFO: [ app_end ] --START--
INFO: Run Behavior\ShowPageTraceBehavior [ RunTime:0.000258s ]
INFO: [ app_end ] --END-- [ RunTime:0.000285s ]

[ 2019-08-11T23:27:14+08:00 ] 61.129.8.179 /Home/Users/uppass.html
INFO: [ app_init ] --START--
INFO: Run Behavior\BuildLiteBehavior [ RunTime:0.000010s ]
INFO: [ app_init ] --END-- [ RunTime:0.000206s ]
INFO: [ app_begin ] --START--
INFO: Run Behavior\ReadHtmlCacheBehavior [ RunTime:0.000279s ]
INFO: [ app_begin ] --END-- [ RunTime:0.000316s ]
NOTIC: [8] Undefined index: lite /www/web/168/ThinkPHP/Library/Think/Db.class.php 第 37 行.

[ 2019-08-11T23:27:41+08:00 ] 1.62.95.76 /Home/Login/forget_op.html
INFO: [ app_init ] --START--
INFO: Run Behavior\BuildLiteBehavior [ RunTime:0.000010s ]
INFO: [ app_init ] --END-- [ RunTime:0.000204s ]
INFO: [ app_begin ] --START--
INFO: Run Behavior\ReadHtmlCacheBehavior [ RunTime:0.000258s ]
INFO: [ app_begin ] --END-- [ RunTime:0.000290s ]
NOTIC: [8] Undefined index: lite /www/web/168/ThinkPHP/Library/Think/Db.class.php 第 37 行.
SQL: SHOW COLUMNS FROM `account` [ RunTime:0.0007s ]
SQL: SELECT * FROM `account` WHERE `id` = 97729 LIMIT 1   [ RunTime:0.0002s ]
SQL: SELECT * FROM `account` WHERE `id` = 97729 LIMIT 1   [ RunTime:0.0001s ]
SQL: SHOW COLUMNS FROM `accode` [ RunTime:0.0004s ]
SQL: SELECT * FROM `accode` WHERE `phone` = '13274639516' AND `code` = '654201' AND `expired` > 1565537260 AND `status` = 0 ORDER BY id desc LIMIT 1   [ RunTime:0.0708s ]

[ 2019-08-11T23:28:02+08:00 ] 59.37.97.46 /Home/Users/uppass.html
INFO: [ app_init ] --START--
INFO: Run Behavior\BuildLiteBehavior [ RunTime:0.000021s ]
INFO: [ app_init ] --END-- [ RunTime:0.000215s ]
INFO: [ app_begin ] --START--
INFO: Run Behavior\ReadHtmlCacheBehavior [ RunTime:0.000256s ]
INFO: [ app_begin ] --END-- [ RunTime:0.000287s ]
NOTIC: [8] Undefined index: lite /www/web/168/ThinkPHP/Library/Think/Db.class.php 第 37 行.

[ 2019-08-11T23:28:17+08:00 ] 1.62.95.76 /Home/Login/forget_op.html
INFO: [ app_init ] --START--
INFO: Run Behavior\BuildLiteBehavior [ RunTime:0.000010s ]
INFO: [ app_init ] --END-- [ RunTime:0.000204s ]
INFO: [ app_begin ] --START--
INFO: Run Behavior\ReadHtmlCacheBehavior [ RunTime:0.000252s ]
INFO: [ app_begin ] --END-- [ RunTime:0.000283s ]
NOTIC: [8] Undefined index: lite /www/web/168/ThinkPHP/Library/Think/Db.class.php 第 37 行.
SQL: SHOW COLUMNS FROM `account` [ RunTime:0.0007s ]
SQL: SELECT * FROM `account` WHERE `id` = 97729 LIMIT 1   [ RunTime:0.0002s ]
SQL: SELECT * FROM `account` WHERE `id` = 97729 LIMIT 1   [ RunTime:0.0001s ]
SQL: SHOW COLUMNS FROM `accode` [ RunTime:0.0004s ]
SQL: SELECT * FROM `accode` WHERE `phone` = '13274639516' AND `code` = '654201' AND `expired` > 1565537297 AND `status` = 0 ORDER BY id desc LIMIT 1   [ RunTime:0.0703s ]

[ 2019-08-11T23:28:23+08:00 ] 1.62.95.76 /Home/index/getTeamNums.html
INFO: [ app_init ] --START--
INFO: Run Behavior\BuildLiteBehavior [ RunTime:0.000010s ]
INFO: [ app_init ] --END-- [ RunTime:0.000209s ]
INFO: [ app_begin ] --START--
INFO: Run Behavior\ReadHtmlCacheBehavior [ RunTime:0.000281s ]
INFO: [ app_begin ] --END-- [ RunTime:0.000312s ]
NOTIC: [8] Undefined index: lite /www/web/168/ThinkPHP/Library/Think/Db.class.php 第 37 行.
SQL: SHOW COLUMNS FROM `account` [ RunTime:0.0007s ]
SQL: SELECT * FROM `account` WHERE `id` = 97729 LIMIT 1   [ RunTime:0.0002s ]
SQL: SELECT * FROM `account` WHERE `id` = 97729 LIMIT 1   [ RunTime:0.0002s ]
SQL: SHOW COLUMNS FROM `sysconfig` [ RunTime:0.0004s ]
SQL: SELECT * FROM `sysconfig` WHERE ( type in ('draw','base') )  [ RunTime:0.0001s ]
SQL: SHOW COLUMNS FROM `acc_contect` [ RunTime:0.0004s ]
SQL: SELECT COUNT(*) AS tp_count FROM `acc_contect` WHERE `ancestor_id` = 97729 LIMIT 1   [ RunTime:0.6257s ]
SQL: SELECT `teams` FROM `account` WHERE `id` = 97729 LIMIT 1   [ RunTime:0.0002s ]

[ 2019-08-11T23:28:31+08:00 ] 1.62.95.76 /Home/Users/addr.html
INFO: [ app_init ] --START--
INFO: Run Behavior\BuildLiteBehavior [ RunTime:0.000011s ]
INFO: [ app_init ] --END-- [ RunTime:0.000206s ]
INFO: [ app_begin ] --START--
INFO: Run Behavior\ReadHtmlCacheBehavior [ RunTime:0.000254s ]
INFO: [ app_begin ] --END-- [ RunTime:0.000286s ]
NOTIC: [8] Undefined index: lite /www/web/168/ThinkPHP/Library/Think/Db.class.php 第 37 行.
SQL: SHOW COLUMNS FROM `account` [ RunTime:0.0006s ]
SQL: SELECT * FROM `account` WHERE `id` = 97729 LIMIT 1   [ RunTime:0.0002s ]
SQL: SELECT * FROM `account` WHERE `id` = 97729 LIMIT 1   [ RunTime:0.0001s ]
SQL: SHOW COLUMNS FROM `acc_addr` [ RunTime:0.0004s ]
SQL: SELECT * FROM `acc_addr` WHERE `uid` = '97729' AND `status` = 1 ORDER BY id desc  [ RunTime:0.0320s ]
INFO: [ view_parse ] --START--
INFO: [ template_filter ] --START--
INFO: Run Behavior\ContentReplaceBehavior [ RunTime:0.000045s ]
INFO: [ template_filter ] --END-- [ RunTime:0.000082s ]
NOTIC: [8] Undefined variable: ticket /www/web/168/Dexis/Runtime/Cache/Home/4b1da0103fb94ea78b06e7d480c15e05.php 第 34 行.
NOTIC: [8] Undefined variable: ticket /www/web/168/Dexis/Runtime/Cache/Home/4b1da0103fb94ea78b06e7d480c15e05.php 第 35 行.
NOTIC: [8] Undefined variable: ticket /www/web/168/Dexis/Runtime/Cache/Home/4b1da0103fb94ea78b06e7d480c15e05.php 第 36 行.
NOTIC: [8] Undefined variable: ticket /www/web/168/Dexis/Runtime/Cache/Home/4b1da0103fb94ea78b06e7d480c15e05.php 第 37 行.
NOTIC: [8] Undefined variable: view /www/web/168/Dexis/Runtime/Cache/Home/4b1da0103fb94ea78b06e7d480c15e05.php 第 83 行.
INFO: Run Behavior\ParseTemplateBehavior [ RunTime:0.004910s ]
INFO: [ view_parse ] --END-- [ RunTime:0.004944s ]
INFO: [ view_filter ] --START--
INFO: Run Behavior\WriteHtmlCacheBehavior [ RunTime:0.000087s ]
INFO: [ view_filter ] --END-- [ RunTime:0.000108s ]
INFO: [ app_end ] --START--
INFO: Run Behavior\ShowPageTraceBehavior [ RunTime:0.000297s ]
INFO: [ app_end ] --END-- [ RunTime:0.000324s ]

[ 2019-08-11T23:28:36+08:00 ] 1.62.95.76 /Home/index/getTeamNums.html
INFO: [ app_init ] --START--
INFO: Run Behavior\BuildLiteBehavior [ RunTime:0.000010s ]
INFO: [ app_init ] --END-- [ RunTime:0.000204s ]
INFO: [ app_begin ] --START--
INFO: Run Behavior\ReadHtmlCacheBehavior [ RunTime:0.000277s ]
INFO: [ app_begin ] --END-- [ RunTime:0.000308s ]
NOTIC: [8] Undefined index: lite /www/web/168/ThinkPHP/Library/Think/Db.class.php 第 37 行.
SQL: SHOW COLUMNS FROM `account` [ RunTime:0.0006s ]
SQL: SELECT * FROM `account` WHERE `id` = 97729 LIMIT 1   [ RunTime:0.0002s ]
SQL: SELECT * FROM `account` WHERE `id` = 97729 LIMIT 1   [ RunTime:0.0001s ]
SQL: SHOW COLUMNS FROM `sysconfig` [ RunTime:0.0004s ]
SQL: SELECT * FROM `sysconfig` WHERE ( type in ('draw','base') )  [ RunTime:0.0001s ]
SQL: SHOW COLUMNS FROM `acc_contect` [ RunTime:0.0004s ]
SQL: SELECT COUNT(*) AS tp_count FROM `acc_contect` WHERE `ancestor_id` = 97729 LIMIT 1   [ RunTime:0.6239s ]
SQL: SELECT `teams` FROM `account` WHERE `id` = 97729 LIMIT 1   [ RunTime:0.0002s ]

[ 2019-08-11T23:28:40+08:00 ] 1.62.95.76 /Home/Users/uppass.html
INFO: [ app_init ] --START--
INFO: Run Behavior\BuildLiteBehavior [ RunTime:0.000010s ]
INFO: [ app_init ] --END-- [ RunTime:0.000202s ]
INFO: [ app_begin ] --START--
INFO: Run Behavior\ReadHtmlCacheBehavior [ RunTime:0.000256s ]
INFO: [ app_begin ] --END-- [ RunTime:0.000288s ]
NOTIC: [8] Undefined index: lite /www/web/168/ThinkPHP/Library/Think/Db.class.php 第 37 行.
SQL: SHOW COLUMNS FROM `account` [ RunTime:0.0006s ]
SQL: SELECT * FROM `account` WHERE `id` = 97729 LIMIT 1   [ RunTime:0.0002s ]
SQL: SELECT * FROM `account` WHERE `id` = 97729 LIMIT 1   [ RunTime:0.0001s ]
INFO: [ view_parse ] --START--
INFO: [ template_filter ] --START--
INFO: Run Behavior\ContentReplaceBehavior [ RunTime:0.000046s ]
INFO: [ template_filter ] --END-- [ RunTime:0.000078s ]
NOTIC: [8] Undefined variable: ticket /www/web/168/Dexis/Runtime/Cache/Home/3f00e0001fa880cdfe8b39447f4138db.php 第 34 行.
NOTIC: [8] Undefined variable: ticket /www/web/168/Dexis/Runtime/Cache/Home/3f00e0001fa880cdfe8b39447f4138db.php 第 35 行.
NOTIC: [8] Undefined variable: ticket /www/web/168/Dexis/Runtime/Cache/Home/3f00e0001fa880cdfe8b39447f4138db.php 第 36 行.
NOTIC: [8] Undefined variable: ticket /www/web/168/Dexis/Runtime/Cache/Home/3f00e0001fa880cdfe8b39447f4138db.php 第 37 行.
INFO: Run Behavior\ParseTemplateBehavior [ RunTime:0.004392s ]
INFO: [ view_parse ] --END-- [ RunTime:0.004422s ]
INFO: [ view_filter ] --START--
INFO: Run Behavior\WriteHtmlCacheBehavior [ RunTime:0.000085s ]
INFO: [ view_filter ] --END-- [ RunTime:0.000107s ]
INFO: [ app_end ] --START--
INFO: Run Behavior\ShowPageTraceBehavior [ RunTime:0.000295s ]
INFO: [ app_end ] --END-- [ RunTime:0.000326s ]

[ 2019-08-11T23:28:45+08:00 ] 1.62.95.76 /Home/index/getTeamNums.html
INFO: [ app_init ] --START--
INFO: Run Behavior\BuildLiteBehavior [ RunTime:0.000009s ]
INFO: [ app_init ] --END-- [ RunTime:0.000202s ]
INFO: [ app_begin ] --START--
INFO: Run Behavior\ReadHtmlCacheBehavior [ RunTime:0.000250s ]
INFO: [ app_begin ] --END-- [ RunTime:0.000281s ]
NOTIC: [8] Undefined index: lite /www/web/168/ThinkPHP/Library/Think/Db.class.php 第 37 行.
SQL: SHOW COLUMNS FROM `account` [ RunTime:0.0007s ]
SQL: SELECT * FROM `account` WHERE `id` = 97729 LIMIT 1   [ RunTime:0.0002s ]
SQL: SELECT * FROM `account` WHERE `id` = 97729 LIMIT 1   [ RunTime:0.0001s ]
SQL: SHOW COLUMNS FROM `sysconfig` [ RunTime:0.0004s ]
SQL: SELECT * FROM `sysconfig` WHERE ( type in ('draw','base') )  [ RunTime:0.0001s ]
SQL: SHOW COLUMNS FROM `acc_contect` [ RunTime:0.0004s ]
SQL: SELECT COUNT(*) AS tp_count FROM `acc_contect` WHERE `ancestor_id` = 97729 LIMIT 1   [ RunTime:0.6262s ]
SQL: SELECT `teams` FROM `account` WHERE `id` = 97729 LIMIT 1   [ RunTime:0.0002s ]

[ 2019-08-11T23:28:59+08:00 ] 1.62.95.76 /Home/index/getTeamNums.html
INFO: [ app_init ] --START--
INFO: Run Behavior\BuildLiteBehavior [ RunTime:0.000010s ]
INFO: [ app_init ] --END-- [ RunTime:0.000203s ]
INFO: [ app_begin ] --START--
INFO: Run Behavior\ReadHtmlCacheBehavior [ RunTime:0.000248s ]
INFO: [ app_begin ] --END-- [ RunTime:0.000279s ]
NOTIC: [8] Undefined index: lite /www/web/168/ThinkPHP/Library/Think/Db.class.php 第 37 行.
SQL: SHOW COLUMNS FROM `account` [ RunTime:0.0006s ]
SQL: SELECT * FROM `account` WHERE `id` = 97729 LIMIT 1   [ RunTime:0.0002s ]
SQL: SELECT * FROM `account` WHERE `id` = 97729 LIMIT 1   [ RunTime:0.0001s ]
SQL: SHOW COLUMNS FROM `sysconfig` [ RunTime:0.0004s ]
SQL: SELECT * FROM `sysconfig` WHERE ( type in ('draw','base') )  [ RunTime:0.0001s ]
SQL: SHOW COLUMNS FROM `acc_contect` [ RunTime:0.0003s ]
SQL: SELECT COUNT(*) AS tp_count FROM `acc_contect` WHERE `ancestor_id` = 97729 LIMIT 1   [ RunTime:0.6236s ]
SQL: SELECT `teams` FROM `account` WHERE `id` = 97729 LIMIT 1   [ RunTime:0.0002s ]

[ 2019-08-11T23:29:01+08:00 ] 1.62.95.76 /Home/Wcix/getInfos.html
INFO: [ app_init ] --START--
INFO: Run Behavior\BuildLiteBehavior [ RunTime:0.000012s ]
INFO: [ app_init ] --END-- [ RunTime:0.000239s ]
INFO: [ app_begin ] --START--
INFO: Run Behavior\ReadHtmlCacheBehavior [ RunTime:0.000258s ]
INFO: [ app_begin ] --END-- [ RunTime:0.000290s ]
NOTIC: [8] Undefined index: lite /www/web/168/ThinkPHP/Library/Think/Db.class.php 第 37 行.
SQL: SHOW COLUMNS FROM `wcticket` [ RunTime:0.0006s ]
SQL: SELECT * FROM `wcticket` WHERE `times` > 1565530941 ORDER BY id desc LIMIT 1   [ RunTime:0.0003s ]

[ 2019-08-11T23:29:02+08:00 ] 1.62.95.76 /Home/Wcix/getInfos.html?code=071oPyoO1x1Kia1wPwmO1h6doO1oPyoh&state=STATE
INFO: [ app_init ] --START--
INFO: Run Behavior\BuildLiteBehavior [ RunTime:0.000010s ]
INFO: [ app_init ] --END-- [ RunTime:0.000219s ]
INFO: [ app_begin ] --START--
INFO: Run Behavior\ReadHtmlCacheBehavior [ RunTime:0.000254s ]
INFO: [ app_begin ] --END-- [ RunTime:0.000286s ]
NOTIC: [8] Undefined index: lite /www/web/168/ThinkPHP/Library/Think/Db.class.php 第 37 行.
SQL: SHOW COLUMNS FROM `wcticket` [ RunTime:0.0006s ]
SQL: SELECT * FROM `wcticket` WHERE `times` > 1565530942 ORDER BY id desc LIMIT 1   [ RunTime:0.0002s ]

[ 2019-08-11T23:29:02+08:00 ] 1.62.95.76 /Home/index/getTeamNums.html.html
INFO: [ app_init ] --START--
INFO: Run Behavior\BuildLiteBehavior [ RunTime:0.000009s ]
INFO: [ app_init ] --END-- [ RunTime:0.000216s ]
INFO: [ app_begin ] --START--
INFO: Run Behavior\ReadHtmlCacheBehavior [ RunTime:0.000268s ]
INFO: [ app_begin ] --END-- [ RunTime:0.000300s ]
NOTIC: [8] Undefined index: lite /www/web/168/ThinkPHP/Library/Think/Db.class.php 第 37 行.
SQL: SHOW COLUMNS FROM `account` [ RunTime:0.0007s ]
SQL: SELECT * FROM `account` WHERE `id` = 97729 LIMIT 1   [ RunTime:0.0002s ]
SQL: SELECT * FROM `account` WHERE `id` = 97729 LIMIT 1   [ RunTime:0.0001s ]
SQL: SHOW COLUMNS FROM `sysconfig` [ RunTime:0.0004s ]
SQL: SELECT * FROM `sysconfig` WHERE ( type in ('draw','base') )  [ RunTime:0.0002s ]
ERR: 非法操作:getTeamNums.html

[ 2019-08-11T23:35:16+08:00 ] 106.11.156.35 /Home/Users/bingphone.html
INFO: [ app_init ] --START--
INFO: Run Behavior\BuildLiteBehavior [ RunTime:0.000010s ]
INFO: [ app_init ] --END-- [ RunTime:0.000226s ]
INFO: [ app_begin ] --START--
INFO: Run Behavior\ReadHtmlCacheBehavior [ RunTime:0.000259s ]
INFO: [ app_begin ] --END-- [ RunTime:0.000292s ]
NOTIC: [8] Undefined index: lite /www/web/168/ThinkPHP/Library/Think/Db.class.php 第 37 行.

[ 2019-08-11T23:35:17+08:00 ] 106.11.152.38 /Home/Wcix/getInfos.html
INFO: [ app_init ] --START--
INFO: Run Behavior\BuildLiteBehavior [ RunTime:0.000012s ]
INFO: [ app_init ] --END-- [ RunTime:0.000238s ]
INFO: [ app_begin ] --START--
INFO: Run Behavior\ReadHtmlCacheBehavior [ RunTime:0.000268s ]
INFO: [ app_begin ] --END-- [ RunTime:0.000319s ]
NOTIC: [8] Undefined index: lite /www/web/168/ThinkPHP/Library/Think/Db.class.php 第 37 行.
SQL: SHOW COLUMNS FROM `wcticket` [ RunTime:0.0006s ]
SQL: SELECT * FROM `wcticket` WHERE `times` > 1565531317 ORDER BY id desc LIMIT 1   [ RunTime:0.0002s ]

[ 2019-08-11T23:43:02+08:00 ] 42.156.139.119 /Home/Users/bingphone.html
INFO: [ app_init ] --START--
INFO: Run Behavior\BuildLiteBehavior [ RunTime:0.000011s ]
INFO: [ app_init ] --END-- [ RunTime:0.000214s ]
INFO: [ app_begin ] --START--
INFO: Run Behavior\ReadHtmlCacheBehavior [ RunTime:0.000286s ]
INFO: [ app_begin ] --END-- [ RunTime:0.000318s ]
NOTIC: [8] Undefined index: lite /www/web/168/ThinkPHP/Library/Think/Db.class.php 第 37 行.

[ 2019-08-11T23:43:02+08:00 ] 42.120.161.119 /Home/Wcix/getInfos.html
INFO: [ app_init ] --START--
INFO: Run Behavior\BuildLiteBehavior [ RunTime:0.000009s ]
INFO: [ app_init ] --END-- [ RunTime:0.000203s ]
INFO: [ app_begin ] --START--
INFO: Run Behavior\ReadHtmlCacheBehavior [ RunTime:0.000252s ]
INFO: [ app_begin ] --END-- [ RunTime:0.000286s ]
NOTIC: [8] Undefined index: lite /www/web/168/ThinkPHP/Library/Think/Db.class.php 第 37 行.
SQL: SHOW COLUMNS FROM `wcticket` [ RunTime:0.0005s ]
SQL: SELECT * FROM `wcticket` WHERE `times` > 1565531782 ORDER BY id desc LIMIT 1   [ RunTime:0.0002s ]

