[ 2019-08-30T21:56:15+08:00 ] 139.207.4.135 /Home/Index/index.html
INFO: [ app_init ] --START--
INFO: Run Behavior\BuildLiteBehavior [ RunTime:0.000008s ]
INFO: [ app_init ] --END-- [ RunTime:0.000190s ]
INFO: [ app_begin ] --START--
INFO: Run Behavior\ReadHtmlCacheBehavior [ RunTime:0.000260s ]
INFO: [ app_begin ] --END-- [ RunTime:0.000293s ]
NOTIC: [8] Undefined index: lite /www/web/168/ThinkPHP/Library/Think/Db.class.php 第 37 行.
SQL: SHOW COLUMNS FROM `account` [ RunTime:0.0006s ]
SQL: SELECT * FROM `account` WHERE `id` = 672 LIMIT 1   [ RunTime:0.0002s ]
SQL: SELECT * FROM `account` WHERE `id` = 672 LIMIT 1   [ RunTime:0.0001s ]
SQL: SHOW COLUMNS FROM `sysconfig` [ RunTime:0.0004s ]
SQL: SELECT * FROM `sysconfig` WHERE ( type in ('draw','base') )  [ RunTime:0.0002s ]
SQL: SHOW COLUMNS FROM `goods` [ RunTime:0.0005s ]
SQL: SHOW COLUMNS FROM `sysads` [ RunTime:0.0004s ]
SQL: SELECT * FROM `goods` WHERE `ind` = 1 AND `status` = 1  [ RunTime:0.0002s ]
SQL: SHOW COLUMNS FROM `goods_level` [ RunTime:0.0003s ]
SQL: SELECT * FROM `goods` WHERE `gsn` = '415244730815416283' LIMIT 1   [ RunTime:0.0002s ]
SQL: SELECT * FROM `goods_level` WHERE `gsn` = '415244730815416283' AND `lid` = 6 LIMIT 1   [ RunTime:0.0001s ]
SQL: SELECT * FROM `goods` WHERE `gsn` = '815526127943355165' LIMIT 1   [ RunTime:0.0001s ]
SQL: SELECT * FROM `goods_level` WHERE `gsn` = '815526127943355165' AND `lid` = 6 LIMIT 1   [ RunTime:0.0001s ]
SQL: SELECT * FROM `goods` WHERE `gsn` = '615583172840856677' LIMIT 1   [ RunTime:0.0001s ]
SQL: SELECT * FROM `goods_level` WHERE `gsn` = '615583172840856677' AND `lid` = 6 LIMIT 1   [ RunTime:0.0001s ]
SQL: SELECT * FROM `goods` WHERE `gsn` = '415627493549017831' LIMIT 1   [ RunTime:0.0001s ]
SQL: SELECT * FROM `goods_level` WHERE `gsn` = '415627493549017831' AND `lid` = 6 LIMIT 1   [ RunTime:0.0001s ]
SQL: SELECT * FROM `sysads` WHERE `models` = 'index_banner' AND `status` = 1 ORDER BY id desc  [ RunTime:0.0001s ]
SQL: SELECT * FROM `sysads` WHERE `models` = 'index_middle' AND `status` = 1 ORDER BY id desc  [ RunTime:0.0001s ]
SQL: SHOW COLUMNS FROM `order_sr` [ RunTime:0.0004s ]
SQL: SELECT * FROM `order_sr` WHERE `status` = 5 LIMIT 10   [ RunTime:0.0404s ]
SQL: SHOW COLUMNS FROM `school` [ RunTime:0.0005s ]
SQL: SELECT * FROM `school` WHERE `type` = 1  [ RunTime:0.0003s ]
SQL: SELECT * FROM `school` ORDER BY times desc LIMIT 6   [ RunTime:0.0003s ]
SQL: SELECT COUNT(*) AS tp_count FROM `account` WHERE `recid` = '15b7bd5601b760' LIMIT 1   [ RunTime:0.0323s ]
SQL: SELECT SUM(teams) AS tp_sum FROM `account` WHERE `recid` = '15b7bd5601b760' LIMIT 1   [ RunTime:0.0340s ]
SQL: UPDATE `account` SET `teams`='194' WHERE `sysid` = '15b7bd5601b760' [ RunTime:0.1146s ]
INFO: [ view_parse ] --START--
INFO: [ template_filter ] --START--
INFO: Run Behavior\ContentReplaceBehavior [ RunTime:0.000096s ]
INFO: [ template_filter ] --END-- [ RunTime:0.000140s ]
NOTIC: [8] Undefined variable: ticket /www/web/168/Dexis/Runtime/Cache/Home/87136953e1dc4c41d89791c69ab63310.php 第 35 行.
NOTIC: [8] Undefined variable: ticket /www/web/168/Dexis/Runtime/Cache/Home/87136953e1dc4c41d89791c69ab63310.php 第 36 行.
NOTIC: [8] Undefined variable: ticket /www/web/168/Dexis/Runtime/Cache/Home/87136953e1dc4c41d89791c69ab63310.php 第 37 行.
NOTIC: [8] Undefined variable: ticket /www/web/168/Dexis/Runtime/Cache/Home/87136953e1dc4c41d89791c69ab63310.php 第 38 行.
NOTIC: [8] Undefined variable: img /www/web/168/Dexis/Runtime/Cache/Home/87136953e1dc4c41d89791c69ab63310.php 第 213 行.
SQL: SHOW COLUMNS FROM `goods_img` [ RunTime:0.0006s ]
SQL: SELECT * FROM `goods_img` WHERE `gsn` = '415244730815416283' ORDER BY id asc LIMIT 1   [ RunTime:0.0002s ]
NOTIC: [8] Undefined variable: img /www/web/168/Dexis/Runtime/Cache/Home/87136953e1dc4c41d89791c69ab63310.php 第 227 行.
SQL: SELECT * FROM `goods_img` WHERE `gsn` = '415244730815416283' ORDER BY id asc LIMIT 1   [ RunTime:0.0001s ]
NOTIC: [8] Undefined variable: img /www/web/168/Dexis/Runtime/Cache/Home/87136953e1dc4c41d89791c69ab63310.php 第 227 行.
SQL: SELECT * FROM `goods_img` WHERE `gsn` = '815526127943355165' ORDER BY id asc LIMIT 1   [ RunTime:0.0001s ]
NOTIC: [8] Undefined variable: img /www/web/168/Dexis/Runtime/Cache/Home/87136953e1dc4c41d89791c69ab63310.php 第 227 行.
SQL: SELECT * FROM `goods_img` WHERE `gsn` = '615583172840856677' ORDER BY id asc LIMIT 1   [ RunTime:0.0001s ]
NOTIC: [8] Undefined variable: img /www/web/168/Dexis/Runtime/Cache/Home/87136953e1dc4c41d89791c69ab63310.php 第 227 行.
SQL: SELECT * FROM `goods_img` WHERE `gsn` = '415627493549017831' ORDER BY id asc LIMIT 1   [ RunTime:0.0001s ]
NOTIC: [8] Undefined variable: img /www/web/168/Dexis/Runtime/Cache/Home/87136953e1dc4c41d89791c69ab63310.php 第 274 行.
SQL: SELECT * FROM `goods_img` WHERE `gsn` = '415244730815416283' ORDER BY id asc LIMIT 1   [ RunTime:0.0001s ]
NOTIC: [8] Undefined variable: img /www/web/168/Dexis/Runtime/Cache/Home/87136953e1dc4c41d89791c69ab63310.php 第 274 行.
SQL: SELECT * FROM `goods_img` WHERE `gsn` = '815526127943355165' ORDER BY id asc LIMIT 1   [ RunTime:0.0001s ]
NOTIC: [8] Undefined variable: img /www/web/168/Dexis/Runtime/Cache/Home/87136953e1dc4c41d89791c69ab63310.php 第 274 行.
SQL: SELECT * FROM `goods_img` WHERE `gsn` = '615583172840856677' ORDER BY id asc LIMIT 1   [ RunTime:0.0001s ]
NOTIC: [8] Undefined variable: img /www/web/168/Dexis/Runtime/Cache/Home/87136953e1dc4c41d89791c69ab63310.php 第 274 行.
SQL: SELECT * FROM `goods_img` WHERE `gsn` = '415627493549017831' ORDER BY id asc LIMIT 1   [ RunTime:0.0001s ]
NOTIC: [8] Undefined index: id /www/web/168/Dexis/Runtime/Cache/Home/87136953e1dc4c41d89791c69ab63310.php 第 313 行.
INFO: Run Behavior\ParseTemplateBehavior [ RunTime:0.016413s ]
INFO: [ view_parse ] --END-- [ RunTime:0.016447s ]
INFO: [ view_filter ] --START--
INFO: Run Behavior\WriteHtmlCacheBehavior [ RunTime:0.000106s ]
INFO: [ view_filter ] --END-- [ RunTime:0.000133s ]

[ 2019-08-30T21:56:15+08:00 ] 183.3.255.32 /Home/Index/index.html
INFO: [ app_init ] --START--
INFO: Run Behavior\BuildLiteBehavior [ RunTime:0.000008s ]
INFO: [ app_init ] --END-- [ RunTime:0.000188s ]
INFO: [ app_begin ] --START--
INFO: Run Behavior\ReadHtmlCacheBehavior [ RunTime:0.000271s ]
INFO: [ app_begin ] --END-- [ RunTime:0.000304s ]
NOTIC: [8] Undefined index: lite /www/web/168/ThinkPHP/Library/Think/Db.class.php 第 37 行.
SQL: SHOW COLUMNS FROM `account` [ RunTime:0.0006s ]
SQL: SELECT * FROM `account` WHERE `id` = 672 LIMIT 1   [ RunTime:0.0002s ]
SQL: SELECT * FROM `account` WHERE `id` = 672 LIMIT 1   [ RunTime:0.0001s ]
SQL: SHOW COLUMNS FROM `sysconfig` [ RunTime:0.0004s ]
SQL: SELECT * FROM `sysconfig` WHERE ( type in ('draw','base') )  [ RunTime:0.0002s ]
SQL: SHOW COLUMNS FROM `goods` [ RunTime:0.0005s ]
SQL: SHOW COLUMNS FROM `sysads` [ RunTime:0.0004s ]
SQL: SELECT * FROM `goods` WHERE `ind` = 1 AND `status` = 1  [ RunTime:0.0002s ]
SQL: SHOW COLUMNS FROM `goods_level` [ RunTime:0.0003s ]
SQL: SELECT * FROM `goods` WHERE `gsn` = '415244730815416283' LIMIT 1   [ RunTime:0.0002s ]
SQL: SELECT * FROM `goods_level` WHERE `gsn` = '415244730815416283' AND `lid` = 6 LIMIT 1   [ RunTime:0.0001s ]
SQL: SELECT * FROM `goods` WHERE `gsn` = '815526127943355165' LIMIT 1   [ RunTime:0.0001s ]
SQL: SELECT * FROM `goods_level` WHERE `gsn` = '815526127943355165' AND `lid` = 6 LIMIT 1   [ RunTime:0.0001s ]
SQL: SELECT * FROM `goods` WHERE `gsn` = '615583172840856677' LIMIT 1   [ RunTime:0.0001s ]
SQL: SELECT * FROM `goods_level` WHERE `gsn` = '615583172840856677' AND `lid` = 6 LIMIT 1   [ RunTime:0.0001s ]
SQL: SELECT * FROM `goods` WHERE `gsn` = '415627493549017831' LIMIT 1   [ RunTime:0.0001s ]
SQL: SELECT * FROM `goods_level` WHERE `gsn` = '415627493549017831' AND `lid` = 6 LIMIT 1   [ RunTime:0.0001s ]
SQL: SELECT * FROM `sysads` WHERE `models` = 'index_banner' AND `status` = 1 ORDER BY id desc  [ RunTime:0.0001s ]
SQL: SELECT * FROM `sysads` WHERE `models` = 'index_middle' AND `status` = 1 ORDER BY id desc  [ RunTime:0.0001s ]
SQL: SHOW COLUMNS FROM `order_sr` [ RunTime:0.0004s ]
SQL: SELECT * FROM `order_sr` WHERE `status` = 5 LIMIT 10   [ RunTime:0.0405s ]
SQL: SHOW COLUMNS FROM `school` [ RunTime:0.0007s ]
SQL: SELECT * FROM `school` WHERE `type` = 1  [ RunTime:0.0005s ]
SQL: SELECT * FROM `school` ORDER BY times desc LIMIT 6   [ RunTime:0.0003s ]
SQL: SELECT COUNT(*) AS tp_count FROM `account` WHERE `recid` = '15b7bd5601b760' LIMIT 1   [ RunTime:0.0321s ]
SQL: SELECT SUM(teams) AS tp_sum FROM `account` WHERE `recid` = '15b7bd5601b760' LIMIT 1   [ RunTime:0.0341s ]
SQL: UPDATE `account` SET `teams`='194' WHERE `sysid` = '15b7bd5601b760' [ RunTime:0.1147s ]
INFO: [ view_parse ] --START--
INFO: [ template_filter ] --START--
INFO: Run Behavior\ContentReplaceBehavior [ RunTime:0.000097s ]
INFO: [ template_filter ] --END-- [ RunTime:0.000143s ]
NOTIC: [8] Undefined variable: ticket /www/web/168/Dexis/Runtime/Cache/Home/87136953e1dc4c41d89791c69ab63310.php 第 35 行.
NOTIC: [8] Undefined variable: ticket /www/web/168/Dexis/Runtime/Cache/Home/87136953e1dc4c41d89791c69ab63310.php 第 36 行.
NOTIC: [8] Undefined variable: ticket /www/web/168/Dexis/Runtime/Cache/Home/87136953e1dc4c41d89791c69ab63310.php 第 37 行.
NOTIC: [8] Undefined variable: ticket /www/web/168/Dexis/Runtime/Cache/Home/87136953e1dc4c41d89791c69ab63310.php 第 38 行.
NOTIC: [8] Undefined variable: img /www/web/168/Dexis/Runtime/Cache/Home/87136953e1dc4c41d89791c69ab63310.php 第 213 行.
SQL: SHOW COLUMNS FROM `goods_img` [ RunTime:0.0006s ]
SQL: SELECT * FROM `goods_img` WHERE `gsn` = '415244730815416283' ORDER BY id asc LIMIT 1   [ RunTime:0.0002s ]
NOTIC: [8] Undefined variable: img /www/web/168/Dexis/Runtime/Cache/Home/87136953e1dc4c41d89791c69ab63310.php 第 227 行.
SQL: SELECT * FROM `goods_img` WHERE `gsn` = '415244730815416283' ORDER BY id asc LIMIT 1   [ RunTime:0.0001s ]
NOTIC: [8] Undefined variable: img /www/web/168/Dexis/Runtime/Cache/Home/87136953e1dc4c41d89791c69ab63310.php 第 227 行.
SQL: SELECT * FROM `goods_img` WHERE `gsn` = '815526127943355165' ORDER BY id asc LIMIT 1   [ RunTime:0.0001s ]
NOTIC: [8] Undefined variable: img /www/web/168/Dexis/Runtime/Cache/Home/87136953e1dc4c41d89791c69ab63310.php 第 227 行.
SQL: SELECT * FROM `goods_img` WHERE `gsn` = '615583172840856677' ORDER BY id asc LIMIT 1   [ RunTime:0.0001s ]
NOTIC: [8] Undefined variable: img /www/web/168/Dexis/Runtime/Cache/Home/87136953e1dc4c41d89791c69ab63310.php 第 227 行.
SQL: SELECT * FROM `goods_img` WHERE `gsn` = '415627493549017831' ORDER BY id asc LIMIT 1   [ RunTime:0.0001s ]
NOTIC: [8] Undefined variable: img /www/web/168/Dexis/Runtime/Cache/Home/87136953e1dc4c41d89791c69ab63310.php 第 274 行.
SQL: SELECT * FROM `goods_img` WHERE `gsn` = '415244730815416283' ORDER BY id asc LIMIT 1   [ RunTime:0.0001s ]
NOTIC: [8] Undefined variable: img /www/web/168/Dexis/Runtime/Cache/Home/87136953e1dc4c41d89791c69ab63310.php 第 274 行.
SQL: SELECT * FROM `goods_img` WHERE `gsn` = '815526127943355165' ORDER BY id asc LIMIT 1   [ RunTime:0.0001s ]
NOTIC: [8] Undefined variable: img /www/web/168/Dexis/Runtime/Cache/Home/87136953e1dc4c41d89791c69ab63310.php 第 274 行.
SQL: SELECT * FROM `goods_img` WHERE `gsn` = '615583172840856677' ORDER BY id asc LIMIT 1   [ RunTime:0.0001s ]
NOTIC: [8] Undefined variable: img /www/web/168/Dexis/Runtime/Cache/Home/87136953e1dc4c41d89791c69ab63310.php 第 274 行.
SQL: SELECT * FROM `goods_img` WHERE `gsn` = '415627493549017831' ORDER BY id asc LIMIT 1   [ RunTime:0.0001s ]
NOTIC: [8] Undefined index: id /www/web/168/Dexis/Runtime/Cache/Home/87136953e1dc4c41d89791c69ab63310.php 第 313 行.
INFO: Run Behavior\ParseTemplateBehavior [ RunTime:0.016202s ]
INFO: [ view_parse ] --END-- [ RunTime:0.016235s ]
INFO: [ view_filter ] --START--
INFO: Run Behavior\WriteHtmlCacheBehavior [ RunTime:0.000098s ]
INFO: [ view_filter ] --END-- [ RunTime:0.000126s ]

[ 2019-08-30T21:56:16+08:00 ] 139.207.4.135 /Home/Index/index.html
INFO: [ app_init ] --START--
INFO: Run Behavior\BuildLiteBehavior [ RunTime:0.000008s ]
INFO: [ app_init ] --END-- [ RunTime:0.000190s ]
INFO: [ app_begin ] --START--
INFO: Run Behavior\ReadHtmlCacheBehavior [ RunTime:0.000368s ]
INFO: [ app_begin ] --END-- [ RunTime:0.000413s ]
NOTIC: [8] Undefined index: lite /www/web/168/ThinkPHP/Library/Think/Db.class.php 第 37 行.
SQL: SHOW COLUMNS FROM `account` [ RunTime:0.0006s ]
SQL: SELECT * FROM `account` WHERE `id` = 672 LIMIT 1   [ RunTime:0.0002s ]
SQL: SELECT * FROM `account` WHERE `id` = 672 LIMIT 1   [ RunTime:0.0001s ]
SQL: SHOW COLUMNS FROM `sysconfig` [ RunTime:0.0004s ]
SQL: SELECT * FROM `sysconfig` WHERE ( type in ('draw','base') )  [ RunTime:0.0002s ]
SQL: SHOW COLUMNS FROM `goods` [ RunTime:0.0005s ]
SQL: SHOW COLUMNS FROM `sysads` [ RunTime:0.0004s ]
SQL: SELECT * FROM `goods` WHERE `ind` = 1 AND `status` = 1  [ RunTime:0.0002s ]
SQL: SHOW COLUMNS FROM `goods_level` [ RunTime:0.0004s ]
SQL: SELECT * FROM `goods` WHERE `gsn` = '415244730815416283' LIMIT 1   [ RunTime:0.0002s ]
SQL: SELECT * FROM `goods_level` WHERE `gsn` = '415244730815416283' AND `lid` = 6 LIMIT 1   [ RunTime:0.0001s ]
SQL: SELECT * FROM `goods` WHERE `gsn` = '815526127943355165' LIMIT 1   [ RunTime:0.0001s ]
SQL: SELECT * FROM `goods_level` WHERE `gsn` = '815526127943355165' AND `lid` = 6 LIMIT 1   [ RunTime:0.0001s ]
SQL: SELECT * FROM `goods` WHERE `gsn` = '615583172840856677' LIMIT 1   [ RunTime:0.0001s ]
SQL: SELECT * FROM `goods_level` WHERE `gsn` = '615583172840856677' AND `lid` = 6 LIMIT 1   [ RunTime:0.0001s ]
SQL: SELECT * FROM `goods` WHERE `gsn` = '415627493549017831' LIMIT 1   [ RunTime:0.0001s ]
SQL: SELECT * FROM `goods_level` WHERE `gsn` = '415627493549017831' AND `lid` = 6 LIMIT 1   [ RunTime:0.0001s ]
SQL: SELECT * FROM `sysads` WHERE `models` = 'index_banner' AND `status` = 1 ORDER BY id desc  [ RunTime:0.0001s ]
SQL: SELECT * FROM `sysads` WHERE `models` = 'index_middle' AND `status` = 1 ORDER BY id desc  [ RunTime:0.0001s ]
SQL: SHOW COLUMNS FROM `order_sr` [ RunTime:0.0004s ]
SQL: SELECT * FROM `order_sr` WHERE `status` = 5 LIMIT 10   [ RunTime:0.0404s ]
SQL: SHOW COLUMNS FROM `school` [ RunTime:0.0005s ]
SQL: SELECT * FROM `school` WHERE `type` = 1  [ RunTime:0.0003s ]
SQL: SELECT * FROM `school` ORDER BY times desc LIMIT 6   [ RunTime:0.0003s ]
SQL: SELECT COUNT(*) AS tp_count FROM `account` WHERE `recid` = '15b7bd5601b760' LIMIT 1   [ RunTime:0.0320s ]
SQL: SELECT SUM(teams) AS tp_sum FROM `account` WHERE `recid` = '15b7bd5601b760' LIMIT 1   [ RunTime:0.0373s ]
SQL: UPDATE `account` SET `teams`='194' WHERE `sysid` = '15b7bd5601b760' [ RunTime:0.1136s ]
INFO: [ view_parse ] --START--
INFO: [ template_filter ] --START--
INFO: Run Behavior\ContentReplaceBehavior [ RunTime:0.000097s ]
INFO: [ template_filter ] --END-- [ RunTime:0.000138s ]
NOTIC: [8] Undefined variable: ticket /www/web/168/Dexis/Runtime/Cache/Home/87136953e1dc4c41d89791c69ab63310.php 第 35 行.
NOTIC: [8] Undefined variable: ticket /www/web/168/Dexis/Runtime/Cache/Home/87136953e1dc4c41d89791c69ab63310.php 第 36 行.
NOTIC: [8] Undefined variable: ticket /www/web/168/Dexis/Runtime/Cache/Home/87136953e1dc4c41d89791c69ab63310.php 第 37 行.
NOTIC: [8] Undefined variable: ticket /www/web/168/Dexis/Runtime/Cache/Home/87136953e1dc4c41d89791c69ab63310.php 第 38 行.
NOTIC: [8] Undefined variable: img /www/web/168/Dexis/Runtime/Cache/Home/87136953e1dc4c41d89791c69ab63310.php 第 213 行.
SQL: SHOW COLUMNS FROM `goods_img` [ RunTime:0.0006s ]
SQL: SELECT * FROM `goods_img` WHERE `gsn` = '415244730815416283' ORDER BY id asc LIMIT 1   [ RunTime:0.0002s ]
NOTIC: [8] Undefined variable: img /www/web/168/Dexis/Runtime/Cache/Home/87136953e1dc4c41d89791c69ab63310.php 第 227 行.
SQL: SELECT * FROM `goods_img` WHERE `gsn` = '415244730815416283' ORDER BY id asc LIMIT 1   [ RunTime:0.0001s ]
NOTIC: [8] Undefined variable: img /www/web/168/Dexis/Runtime/Cache/Home/87136953e1dc4c41d89791c69ab63310.php 第 227 行.
SQL: SELECT * FROM `goods_img` WHERE `gsn` = '815526127943355165' ORDER BY id asc LIMIT 1   [ RunTime:0.0001s ]
NOTIC: [8] Undefined variable: img /www/web/168/Dexis/Runtime/Cache/Home/87136953e1dc4c41d89791c69ab63310.php 第 227 行.
SQL: SELECT * FROM `goods_img` WHERE `gsn` = '615583172840856677' ORDER BY id asc LIMIT 1   [ RunTime:0.0001s ]
NOTIC: [8] Undefined variable: img /www/web/168/Dexis/Runtime/Cache/Home/87136953e1dc4c41d89791c69ab63310.php 第 227 行.
SQL: SELECT * FROM `goods_img` WHERE `gsn` = '415627493549017831' ORDER BY id asc LIMIT 1   [ RunTime:0.0001s ]
NOTIC: [8] Undefined variable: img /www/web/168/Dexis/Runtime/Cache/Home/87136953e1dc4c41d89791c69ab63310.php 第 274 行.
SQL: SELECT * FROM `goods_img` WHERE `gsn` = '415244730815416283' ORDER BY id asc LIMIT 1   [ RunTime:0.0001s ]
NOTIC: [8] Undefined variable: img /www/web/168/Dexis/Runtime/Cache/Home/87136953e1dc4c41d89791c69ab63310.php 第 274 行.
SQL: SELECT * FROM `goods_img` WHERE `gsn` = '815526127943355165' ORDER BY id asc LIMIT 1   [ RunTime:0.0001s ]
NOTIC: [8] Undefined variable: img /www/web/168/Dexis/Runtime/Cache/Home/87136953e1dc4c41d89791c69ab63310.php 第 274 行.
SQL: SELECT * FROM `goods_img` WHERE `gsn` = '615583172840856677' ORDER BY id asc LIMIT 1   [ RunTime:0.0001s ]
NOTIC: [8] Undefined variable: img /www/web/168/Dexis/Runtime/Cache/Home/87136953e1dc4c41d89791c69ab63310.php 第 274 行.
SQL: SELECT * FROM `goods_img` WHERE `gsn` = '415627493549017831' ORDER BY id asc LIMIT 1   [ RunTime:0.0001s ]
NOTIC: [8] Undefined index: id /www/web/168/Dexis/Runtime/Cache/Home/87136953e1dc4c41d89791c69ab63310.php 第 313 行.
INFO: Run Behavior\ParseTemplateBehavior [ RunTime:0.016367s ]
INFO: [ view_parse ] --END-- [ RunTime:0.016415s ]
INFO: [ view_filter ] --START--
INFO: Run Behavior\WriteHtmlCacheBehavior [ RunTime:0.000102s ]
INFO: [ view_filter ] --END-- [ RunTime:0.000129s ]

[ 2019-08-30T22:55:30+08:00 ] 101.226.103.62 /Home/Wcix/respay.html
INFO: [ app_init ] --START--
INFO: Run Behavior\BuildLiteBehavior [ RunTime:0.000009s ]
INFO: [ app_init ] --END-- [ RunTime:0.000224s ]
INFO: [ app_begin ] --START--
INFO: Run Behavior\ReadHtmlCacheBehavior [ RunTime:0.000281s ]
INFO: [ app_begin ] --END-- [ RunTime:0.000315s ]
NOTIC: [8] Undefined index: lite /www/web/168/ThinkPHP/Library/Think/Db.class.php 第 37 行.
SQL: SHOW COLUMNS FROM `wcticket` [ RunTime:0.0006s ]
SQL: SELECT * FROM `wcticket` WHERE `times` > 1567170530 ORDER BY id desc LIMIT 1   [ RunTime:0.0002s ]
SQL: SHOW COLUMNS FROM `sysconfig` [ RunTime:0.0005s ]
SQL: SELECT * FROM `sysconfig` WHERE `models` = 'CONF_VISITER' LIMIT 1   [ RunTime:0.0001s ]
SQL: SHOW COLUMNS FROM `wcpaylog` [ RunTime:0.0004s ]
SQL: INSERT INTO `wcpaylog` (`attach`,`openid`,`out_trade_no`,`result_code`,`return_code`,`total_fee`,`transaction_id`,`json_code`,`times`) VALUES ('余额支付','oJQO41YlUAHLCr9-GDU6XO3_ANB4','35d60823060521054','SUCCESS','SUCCESS','16800','4200000342201908305989552587','{\"appid\":\"wx35e214c1721ff689\",\"attach\":\"\\u4f59\\u989d\\u652f\\u4ed8\",\"bank_type\":\"ABC_DEBIT\",\"cash_fee\":\"16800\",\"device_info\":\"web\",\"fee_type\":\"CNY\",\"is_subscribe\":\"Y\",\"mch_id\":\"1505023651\",\"nonce_str\":\"e4e426d688f2c8e3f804ac787006d109\",\"openid\":\"oJQO41YlUAHLCr9-GDU6XO3_ANB4\",\"out_trade_no\":\"35d60823060521054\",\"result_code\":\"SUCCESS\",\"return_code\":\"SUCCESS\",\"sign\":\"F402D48B93CA3D818448D0F2167755ED\",\"time_end\":\"20190830052122\",\"total_fee\":\"16800\",\"trade_type\":\"JSAPI\",\"transaction_id\":\"4200000342201908305989552587\"}','1567176930') [ RunTime:0.0030s ]
NOTIC: [8] Undefined variable: tmp /www/web/168/Dexis/Home/Logic/WcResLogic.class.php 第 151 行.
SQL: SHOW COLUMNS FROM `syspaysn` [ RunTime:0.0004s ]
SQL: SELECT * FROM `syspaysn` WHERE `sn` = '35d60823060521054' AND `status` = 0 LIMIT 1   [ RunTime:0.0051s ]
INFO: [ app_end ] --START--
INFO: Run Behavior\ShowPageTraceBehavior [ RunTime:0.000308s ]
INFO: [ app_end ] --END-- [ RunTime:0.000338s ]

[ 2019-08-30T22:57:14+08:00 ] 123.151.77.91 /Home/Users/index.html
INFO: [ app_init ] --START--
INFO: Run Behavior\BuildLiteBehavior [ RunTime:0.000010s ]
INFO: [ app_init ] --END-- [ RunTime:0.000236s ]
INFO: [ app_begin ] --START--
INFO: Run Behavior\ReadHtmlCacheBehavior [ RunTime:0.000267s ]
INFO: [ app_begin ] --END-- [ RunTime:0.000300s ]
NOTIC: [8] Undefined index: lite /www/web/168/ThinkPHP/Library/Think/Db.class.php 第 37 行.

[ 2019-08-30T22:57:14+08:00 ] 125.39.46.25 /
INFO: [ app_init ] --START--
INFO: Run Behavior\BuildLiteBehavior [ RunTime:0.000013s ]
INFO: [ app_init ] --END-- [ RunTime:0.000276s ]
INFO: [ app_begin ] --START--
INFO: Run Behavior\ReadHtmlCacheBehavior [ RunTime:0.000365s ]
INFO: [ app_begin ] --END-- [ RunTime:0.000414s ]
NOTIC: [8] Undefined index: lite /www/web/168/ThinkPHP/Library/Think/Db.class.php 第 37 行.

[ 2019-08-30T22:57:14+08:00 ] 111.30.142.186 /
INFO: [ app_init ] --START--
INFO: Run Behavior\BuildLiteBehavior [ RunTime:0.000010s ]
INFO: [ app_init ] --END-- [ RunTime:0.000196s ]
INFO: [ app_begin ] --START--
INFO: Run Behavior\ReadHtmlCacheBehavior [ RunTime:0.000301s ]
INFO: [ app_begin ] --END-- [ RunTime:0.000334s ]
NOTIC: [8] Undefined index: lite /www/web/168/ThinkPHP/Library/Think/Db.class.php 第 37 行.

[ 2019-08-30T22:57:14+08:00 ] 123.151.77.91 /Home/Wcix/getInfos.html
INFO: [ app_init ] --START--
INFO: Run Behavior\BuildLiteBehavior [ RunTime:0.000010s ]
INFO: [ app_init ] --END-- [ RunTime:0.000226s ]
INFO: [ app_begin ] --START--
INFO: Run Behavior\ReadHtmlCacheBehavior [ RunTime:0.000250s ]
INFO: [ app_begin ] --END-- [ RunTime:0.000283s ]
NOTIC: [8] Undefined index: lite /www/web/168/ThinkPHP/Library/Think/Db.class.php 第 37 行.
SQL: SHOW COLUMNS FROM `wcticket` [ RunTime:0.0006s ]
SQL: SELECT * FROM `wcticket` WHERE `times` > 1567170634 ORDER BY id desc LIMIT 1   [ RunTime:0.0002s ]

[ 2019-08-30T22:57:16+08:00 ] 123.151.77.91 /Home/Wcix/getInfos.html?code=071EBUqX1Fkh811nHErX1LyTqX1EBUqc&state=STATE
INFO: [ app_init ] --START--
INFO: Run Behavior\BuildLiteBehavior [ RunTime:0.000010s ]
INFO: [ app_init ] --END-- [ RunTime:0.000203s ]
INFO: [ app_begin ] --START--
INFO: Run Behavior\ReadHtmlCacheBehavior [ RunTime:0.000266s ]
INFO: [ app_begin ] --END-- [ RunTime:0.000312s ]
NOTIC: [8] Undefined index: lite /www/web/168/ThinkPHP/Library/Think/Db.class.php 第 37 行.
SQL: SHOW COLUMNS FROM `wcticket` [ RunTime:0.0006s ]
SQL: SELECT * FROM `wcticket` WHERE `times` > 1567170635 ORDER BY id desc LIMIT 1   [ RunTime:0.0002s ]

[ 2019-08-30T22:57:16+08:00 ] 123.151.77.91 /Home/Users/index.html.html
INFO: [ app_init ] --START--
INFO: Run Behavior\BuildLiteBehavior [ RunTime:0.000010s ]
INFO: [ app_init ] --END-- [ RunTime:0.000215s ]
INFO: [ app_begin ] --START--
INFO: Run Behavior\ReadHtmlCacheBehavior [ RunTime:0.000279s ]
INFO: [ app_begin ] --END-- [ RunTime:0.000312s ]
NOTIC: [8] Undefined index: lite /www/web/168/ThinkPHP/Library/Think/Db.class.php 第 37 行.
SQL: SHOW COLUMNS FROM `account` [ RunTime:0.0007s ]
SQL: SELECT * FROM `account` WHERE `id` = null LIMIT 1   [ RunTime:0.0002s ]
SQL: SELECT * FROM `account` WHERE `id` = null LIMIT 1   [ RunTime:0.0001s ]

[ 2019-08-30T22:57:17+08:00 ] 123.151.77.91 /Home/Login/index.html
INFO: [ app_init ] --START--
INFO: Run Behavior\BuildLiteBehavior [ RunTime:0.000013s ]
INFO: [ app_init ] --END-- [ RunTime:0.000215s ]
INFO: [ app_begin ] --START--
INFO: Run Behavior\ReadHtmlCacheBehavior [ RunTime:0.000272s ]
INFO: [ app_begin ] --END-- [ RunTime:0.000305s ]
NOTIC: [8] Undefined index: lite /www/web/168/ThinkPHP/Library/Think/Db.class.php 第 37 行.
SQL: SHOW COLUMNS FROM `account` [ RunTime:0.0007s ]
SQL: SELECT * FROM `account` WHERE `id` = null LIMIT 1   [ RunTime:0.0002s ]
SQL: SELECT * FROM `account` WHERE `id` = null LIMIT 1   [ RunTime:0.0001s ]
SQL: SELECT * FROM `account` WHERE `openid` = 'oJQO41UpYUQIyWdRlj5H338_h9i8' LIMIT 1   [ RunTime:0.1050s ]
INFO: [ view_parse ] --START--
INFO: [ template_filter ] --START--
INFO: Run Behavior\ContentReplaceBehavior [ RunTime:0.000044s ]
INFO: [ template_filter ] --END-- [ RunTime:0.000078s ]
NOTIC: [8] Undefined variable: ticket /www/web/168/Dexis/Runtime/Cache/Home/3d0b3f2fc67f9edb61b802a6f90e73d2.php 第 34 行.
NOTIC: [8] Undefined variable: ticket /www/web/168/Dexis/Runtime/Cache/Home/3d0b3f2fc67f9edb61b802a6f90e73d2.php 第 35 行.
NOTIC: [8] Undefined variable: ticket /www/web/168/Dexis/Runtime/Cache/Home/3d0b3f2fc67f9edb61b802a6f90e73d2.php 第 36 行.
NOTIC: [8] Undefined variable: ticket /www/web/168/Dexis/Runtime/Cache/Home/3d0b3f2fc67f9edb61b802a6f90e73d2.php 第 37 行.
INFO: Run Behavior\ParseTemplateBehavior [ RunTime:0.004167s ]
INFO: [ view_parse ] --END-- [ RunTime:0.004199s ]
INFO: [ view_filter ] --START--
INFO: Run Behavior\WriteHtmlCacheBehavior [ RunTime:0.000089s ]
INFO: [ view_filter ] --END-- [ RunTime:0.000110s ]
INFO: [ app_end ] --START--
INFO: Run Behavior\ShowPageTraceBehavior [ RunTime:0.000265s ]
INFO: [ app_end ] --END-- [ RunTime:0.000291s ]

[ 2019-08-30T22:57:27+08:00 ] 123.151.77.91 /Home/Wcix/getInfos.html
INFO: [ app_init ] --START--
INFO: Run Behavior\BuildLiteBehavior [ RunTime:0.000010s ]
INFO: [ app_init ] --END-- [ RunTime:0.000204s ]
INFO: [ app_begin ] --START--
INFO: Run Behavior\ReadHtmlCacheBehavior [ RunTime:0.000286s ]
INFO: [ app_begin ] --END-- [ RunTime:0.000317s ]
NOTIC: [8] Undefined index: lite /www/web/168/ThinkPHP/Library/Think/Db.class.php 第 37 行.
SQL: SHOW COLUMNS FROM `wcticket` [ RunTime:0.0006s ]
SQL: SELECT * FROM `wcticket` WHERE `times` > 1567170647 ORDER BY id desc LIMIT 1   [ RunTime:0.0002s ]

[ 2019-08-30T22:57:28+08:00 ] 123.151.77.91 /Home/Wcix/getInfos.html?code=011CLUcM0FHPeb2ckgeM0nHxcM0CLUcG&state=STATE
INFO: [ app_init ] --START--
INFO: Run Behavior\BuildLiteBehavior [ RunTime:0.000028s ]
INFO: [ app_init ] --END-- [ RunTime:0.000221s ]
INFO: [ app_begin ] --START--
INFO: Run Behavior\ReadHtmlCacheBehavior [ RunTime:0.000261s ]
INFO: [ app_begin ] --END-- [ RunTime:0.000294s ]
NOTIC: [8] Undefined index: lite /www/web/168/ThinkPHP/Library/Think/Db.class.php 第 37 行.
SQL: SHOW COLUMNS FROM `wcticket` [ RunTime:0.0006s ]
SQL: SELECT * FROM `wcticket` WHERE `times` > 1567170648 ORDER BY id desc LIMIT 1   [ RunTime:0.0002s ]

[ 2019-08-30T22:57:29+08:00 ] 58.250.137.194 /Home/Login/index.html.html
INFO: [ app_init ] --START--
INFO: Run Behavior\BuildLiteBehavior [ RunTime:0.000011s ]
INFO: [ app_init ] --END-- [ RunTime:0.000203s ]
INFO: [ app_begin ] --START--
INFO: Run Behavior\ReadHtmlCacheBehavior [ RunTime:0.000266s ]
INFO: [ app_begin ] --END-- [ RunTime:0.000298s ]
NOTIC: [8] Undefined index: lite /www/web/168/ThinkPHP/Library/Think/Db.class.php 第 37 行.
SQL: SHOW COLUMNS FROM `account` [ RunTime:0.0008s ]
SQL: SELECT * FROM `account` WHERE `id` = null LIMIT 1   [ RunTime:0.0002s ]
SQL: SELECT * FROM `account` WHERE `id` = null LIMIT 1   [ RunTime:0.0001s ]
ERR: 非法操作:index.html

[ 2019-08-30T22:58:20+08:00 ] 101.91.62.99 /Home/Login/index.html
INFO: [ app_init ] --START--
INFO: Run Behavior\BuildLiteBehavior [ RunTime:0.000011s ]
INFO: [ app_init ] --END-- [ RunTime:0.000211s ]
INFO: [ app_begin ] --START--
INFO: Run Behavior\ReadHtmlCacheBehavior [ RunTime:0.000255s ]
INFO: [ app_begin ] --END-- [ RunTime:0.000288s ]
NOTIC: [8] Undefined index: lite /www/web/168/ThinkPHP/Library/Think/Db.class.php 第 37 行.

[ 2019-08-30T23:28:23+08:00 ] 14.116.133.171 /Home/Index/schol_infos.html?id=39&from=singlemessage
INFO: [ app_init ] --START--
INFO: Run Behavior\BuildLiteBehavior [ RunTime:0.000010s ]
INFO: [ app_init ] --END-- [ RunTime:0.000204s ]
INFO: [ app_begin ] --START--
INFO: Run Behavior\ReadHtmlCacheBehavior [ RunTime:0.000255s ]
INFO: [ app_begin ] --END-- [ RunTime:0.000288s ]
NOTIC: [8] Undefined index: lite /www/web/168/ThinkPHP/Library/Think/Db.class.php 第 37 行.
SQL: SHOW COLUMNS FROM `school` [ RunTime:0.0006s ]
SQL: SELECT * FROM `school` WHERE `id` = 39 LIMIT 1   [ RunTime:0.0003s ]
SQL: SHOW COLUMNS FROM `wcticket` [ RunTime:0.0004s ]
SQL: SELECT * FROM `wcticket` WHERE `times` > 1567172503 ORDER BY id desc LIMIT 1   [ RunTime:0.0037s ]
SQL: SHOW COLUMNS FROM `wctoken` [ RunTime:0.0004s ]
SQL: SELECT * FROM `wctoken` WHERE `times` > 1567172503 ORDER BY id desc LIMIT 1   [ RunTime:0.0039s ]
SQL: INSERT INTO `wctoken` (`access_token`,`expires_in`,`times`) VALUES ('25_fZCPGu9TsliP3K3Y9IOqtf7mBNvLko_hSv4mIHn5iKUylx-6eWj6MkLq9QjWxq_RZH1ArOcxdaSxwYR4b9MguGjmKjF_IikTO7A3yhOfwjEWtDEmD6BQ2ZN7jEIFbnjlkuo3lN1yLx2tthofTVBaAAAFHN','7200','1567178903') [ RunTime:0.0029s ]
SQL: INSERT INTO `wcticket` (`ticket`,`expires_in`,`times`) VALUES ('HoagFKDcsGMVCIY2vOjf9pqqiCttQrCOE1wAEF1wBiJGvQnCrZtP-Ue0nW_4_DYjM2p327Pmv5v-ApbxwdTDzQ','7200','1567178903') [ RunTime:0.0022s ]
INFO: [ view_parse ] --START--
INFO: [ template_filter ] --START--
INFO: Run Behavior\ContentReplaceBehavior [ RunTime:0.000066s ]
INFO: [ template_filter ] --END-- [ RunTime:0.000104s ]
NOTIC: [8] Undefined variable: conf_title /www/web/168/Dexis/Runtime/Cache/Home/b9e9b13b2621da3d5bd8c627452b3de3.php 第 4 行.
NOTIC: [8] Undefined variable: tabbar /www/web/168/Dexis/Runtime/Cache/Home/b9e9b13b2621da3d5bd8c627452b3de3.php 第 129 行.
NOTIC: [8] Undefined variable: tabbar /www/web/168/Dexis/Runtime/Cache/Home/b9e9b13b2621da3d5bd8c627452b3de3.php 第 134 行.
NOTIC: [8] Undefined variable: tabbar /www/web/168/Dexis/Runtime/Cache/Home/b9e9b13b2621da3d5bd8c627452b3de3.php 第 141 行.
NOTIC: [8] Undefined variable: tabbar /www/web/168/Dexis/Runtime/Cache/Home/b9e9b13b2621da3d5bd8c627452b3de3.php 第 145 行.
NOTIC: [8] Undefined variable: tabbar /www/web/168/Dexis/Runtime/Cache/Home/b9e9b13b2621da3d5bd8c627452b3de3.php 第 150 行.
NOTIC: [8] Undefined variable: tabbar /www/web/168/Dexis/Runtime/Cache/Home/b9e9b13b2621da3d5bd8c627452b3de3.php 第 154 行.
NOTIC: [8] Undefined variable: tabbar /www/web/168/Dexis/Runtime/Cache/Home/b9e9b13b2621da3d5bd8c627452b3de3.php 第 159 行.
NOTIC: [8] Undefined variable: tabbar /www/web/168/Dexis/Runtime/Cache/Home/b9e9b13b2621da3d5bd8c627452b3de3.php 第 164 行.
NOTIC: [8] Undefined variable: tabbar /www/web/168/Dexis/Runtime/Cache/Home/b9e9b13b2621da3d5bd8c627452b3de3.php 第 169 行.
NOTIC: [8] Undefined variable: tabbar /www/web/168/Dexis/Runtime/Cache/Home/b9e9b13b2621da3d5bd8c627452b3de3.php 第 173 行.
NOTIC: [8] Undefined variable: conf_user /www/web/168/Dexis/Runtime/Cache/Home/b9e9b13b2621da3d5bd8c627452b3de3.php 第 191 行.
INFO: Run Behavior\ParseTemplateBehavior [ RunTime:0.006594s ]
INFO: [ view_parse ] --END-- [ RunTime:0.006626s ]
INFO: [ view_filter ] --START--
INFO: Run Behavior\WriteHtmlCacheBehavior [ RunTime:0.000096s ]
INFO: [ view_filter ] --END-- [ RunTime:0.000118s ]
INFO: [ app_end ] --START--
INFO: Run Behavior\ShowPageTraceBehavior [ RunTime:0.000336s ]
INFO: [ app_end ] --END-- [ RunTime:0.000372s ]

[ 2019-08-30T23:29:25+08:00 ] 61.151.178.197 /Home/Index/schol_infos.html?id=39&from=singlemessage
INFO: [ app_init ] --START--
INFO: Run Behavior\BuildLiteBehavior [ RunTime:0.000010s ]
INFO: [ app_init ] --END-- [ RunTime:0.000226s ]
INFO: [ app_begin ] --START--
INFO: Run Behavior\ReadHtmlCacheBehavior [ RunTime:0.000260s ]
INFO: [ app_begin ] --END-- [ RunTime:0.000312s ]
NOTIC: [8] Undefined index: lite /www/web/168/ThinkPHP/Library/Think/Db.class.php 第 37 行.
SQL: SHOW COLUMNS FROM `school` [ RunTime:0.0006s ]
SQL: SELECT * FROM `school` WHERE `id` = 39 LIMIT 1   [ RunTime:0.0004s ]
SQL: SHOW COLUMNS FROM `wcticket` [ RunTime:0.0004s ]
SQL: SELECT * FROM `wcticket` WHERE `times` > 1567172565 ORDER BY id desc LIMIT 1   [ RunTime:0.0002s ]
INFO: [ view_parse ] --START--
INFO: [ template_filter ] --START--
INFO: Run Behavior\ContentReplaceBehavior [ RunTime:0.000057s ]
INFO: [ template_filter ] --END-- [ RunTime:0.000107s ]
NOTIC: [8] Undefined variable: conf_title /www/web/168/Dexis/Runtime/Cache/Home/b9e9b13b2621da3d5bd8c627452b3de3.php 第 4 行.
NOTIC: [8] Undefined variable: tabbar /www/web/168/Dexis/Runtime/Cache/Home/b9e9b13b2621da3d5bd8c627452b3de3.php 第 129 行.
NOTIC: [8] Undefined variable: tabbar /www/web/168/Dexis/Runtime/Cache/Home/b9e9b13b2621da3d5bd8c627452b3de3.php 第 134 行.
NOTIC: [8] Undefined variable: tabbar /www/web/168/Dexis/Runtime/Cache/Home/b9e9b13b2621da3d5bd8c627452b3de3.php 第 141 行.
NOTIC: [8] Undefined variable: tabbar /www/web/168/Dexis/Runtime/Cache/Home/b9e9b13b2621da3d5bd8c627452b3de3.php 第 145 行.
NOTIC: [8] Undefined variable: tabbar /www/web/168/Dexis/Runtime/Cache/Home/b9e9b13b2621da3d5bd8c627452b3de3.php 第 150 行.
NOTIC: [8] Undefined variable: tabbar /www/web/168/Dexis/Runtime/Cache/Home/b9e9b13b2621da3d5bd8c627452b3de3.php 第 154 行.
NOTIC: [8] Undefined variable: tabbar /www/web/168/Dexis/Runtime/Cache/Home/b9e9b13b2621da3d5bd8c627452b3de3.php 第 159 行.
NOTIC: [8] Undefined variable: tabbar /www/web/168/Dexis/Runtime/Cache/Home/b9e9b13b2621da3d5bd8c627452b3de3.php 第 164 行.
NOTIC: [8] Undefined variable: tabbar /www/web/168/Dexis/Runtime/Cache/Home/b9e9b13b2621da3d5bd8c627452b3de3.php 第 169 行.
NOTIC: [8] Undefined variable: tabbar /www/web/168/Dexis/Runtime/Cache/Home/b9e9b13b2621da3d5bd8c627452b3de3.php 第 173 行.
NOTIC: [8] Undefined variable: conf_user /www/web/168/Dexis/Runtime/Cache/Home/b9e9b13b2621da3d5bd8c627452b3de3.php 第 191 行.
INFO: Run Behavior\ParseTemplateBehavior [ RunTime:0.006352s ]
INFO: [ view_parse ] --END-- [ RunTime:0.006391s ]
INFO: [ view_filter ] --START--
INFO: Run Behavior\WriteHtmlCacheBehavior [ RunTime:0.000104s ]
INFO: [ view_filter ] --END-- [ RunTime:0.000124s ]
INFO: [ app_end ] --START--
INFO: Run Behavior\ShowPageTraceBehavior [ RunTime:0.000307s ]
INFO: [ app_end ] --END-- [ RunTime:0.000355s ]

[ 2019-08-30T23:53:17+08:00 ] 14.116.133.168 /Home/Index/index.html?from=timeline
INFO: [ app_init ] --START--
INFO: Run Behavior\BuildLiteBehavior [ RunTime:0.000014s ]
INFO: [ app_init ] --END-- [ RunTime:0.000297s ]
INFO: [ app_begin ] --START--
INFO: Run Behavior\ReadHtmlCacheBehavior [ RunTime:0.000362s ]
INFO: [ app_begin ] --END-- [ RunTime:0.000411s ]
NOTIC: [8] Undefined index: lite /www/web/168/ThinkPHP/Library/Think/Db.class.php 第 37 行.

[ 2019-08-30T23:53:17+08:00 ] 183.3.255.35 /
INFO: [ app_init ] --START--
INFO: Run Behavior\BuildLiteBehavior [ RunTime:0.000012s ]
INFO: [ app_init ] --END-- [ RunTime:0.000292s ]
INFO: [ app_begin ] --START--
INFO: Run Behavior\ReadHtmlCacheBehavior [ RunTime:0.000383s ]
INFO: [ app_begin ] --END-- [ RunTime:0.000429s ]
NOTIC: [8] Undefined index: lite /www/web/168/ThinkPHP/Library/Think/Db.class.php 第 37 行.

[ 2019-08-30T23:53:17+08:00 ] 112.60.1.124 /
INFO: [ app_init ] --START--
INFO: Run Behavior\BuildLiteBehavior [ RunTime:0.000009s ]
INFO: [ app_init ] --END-- [ RunTime:0.000215s ]
INFO: [ app_begin ] --START--
INFO: Run Behavior\ReadHtmlCacheBehavior [ RunTime:0.000264s ]
INFO: [ app_begin ] --END-- [ RunTime:0.000296s ]
NOTIC: [8] Undefined index: lite /www/web/168/ThinkPHP/Library/Think/Db.class.php 第 37 行.

[ 2019-08-30T23:53:17+08:00 ] 14.116.133.168 /Home/Wcix/getInfos.html
INFO: [ app_init ] --START--
INFO: Run Behavior\BuildLiteBehavior [ RunTime:0.000009s ]
INFO: [ app_init ] --END-- [ RunTime:0.000193s ]
INFO: [ app_begin ] --START--
INFO: Run Behavior\ReadHtmlCacheBehavior [ RunTime:0.000253s ]
INFO: [ app_begin ] --END-- [ RunTime:0.000285s ]
NOTIC: [8] Undefined index: lite /www/web/168/ThinkPHP/Library/Think/Db.class.php 第 37 行.
SQL: SHOW COLUMNS FROM `wcticket` [ RunTime:0.0005s ]
SQL: SELECT * FROM `wcticket` WHERE `times` > 1567173997 ORDER BY id desc LIMIT 1   [ RunTime:0.0002s ]

