[ 2019-06-25T19:27:50+08:00 ] 222.212.185.125 /Backet/Dash/index.html?from=message&isappinstalled=0
INFO: [ app_init ] --START--
INFO: Run Behavior\BuildLiteBehavior [ RunTime:0.000008s ]
INFO: [ app_init ] --END-- [ RunTime:0.000190s ]
INFO: [ app_begin ] --START--
INFO: Run Behavior\ReadHtmlCacheBehavior [ RunTime:0.000363s ]
INFO: [ app_begin ] --END-- [ RunTime:0.000407s ]
NOTIC: [8] Undefined index: lite /www/web/168/ThinkPHP/Library/Think/Db.class.php 第 37 行.
SQL: SHOW COLUMNS FROM `account` [ RunTime:0.0007s ]
SQL: SHOW COLUMNS FROM `orders` [ RunTime:0.0006s ]
SQL: SHOW COLUMNS FROM `acc_money` [ RunTime:0.0004s ]
SQL: SHOW COLUMNS FROM `acc_nums` [ RunTime:0.0005s ]
SQL: SHOW COLUMNS FROM `order_sr` [ RunTime:0.0005s ]
SQL: SELECT SUM(money) AS tp_sum FROM `orders` WHERE `paytime` BETWEEN 1561392000 AND 1561478399 LIMIT 1   [ RunTime:0.0025s ]
SQL: SELECT SUM(money) AS tp_sum FROM `acc_money` WHERE `models` = 'ORDER' AND `times` BETWEEN 1561392000 AND 1561478399 AND `sn` LIKE '%2018A%' LIMIT 1   [ RunTime:0.0087s ]
SQL: SELECT SUM(money) AS tp_sum FROM `order_sr` WHERE `status` IN ('5','4','7') AND `passtime` BETWEEN 1561392000 AND 1561478399 LIMIT 1   [ RunTime:0.0228s ]
SQL: SELECT * FROM `acc_money` WHERE `times` BETWEEN 1561392000 AND 1561478399 AND `models` = 'REBACK' GROUP BY sn  [ RunTime:0.0114s ]
SQL: SHOW COLUMNS FROM `acc_level` [ RunTime:0.0004s ]
SQL: SELECT `id`,`totalpoints`,`stock` FROM `account` WHERE `level` = 6 ORDER BY id desc  [ RunTime:0.0533s ]
SQL: SELECT SUM(stock) AS tp_sum FROM `account` LIMIT 1   [ RunTime:0.0325s ]
SQL: SELECT SUM(gnums) AS tp_sum FROM `orders` WHERE `buy_level` = 6 AND `gid` = 8 AND `status` = 1 LIMIT 1   [ RunTime:0.0032s ]
SQL: SELECT SUM(money) AS tp_sum FROM `orders` WHERE `buy_level` = 6 AND `gid` = 8 AND `status` = 1 LIMIT 1   [ RunTime:0.0033s ]
SQL: SELECT SUM(nums) AS tp_sum FROM `acc_nums` WHERE `type` = 13 AND `aboutid` = 0 LIMIT 1   [ RunTime:0.0046s ]
SQL: SELECT `sn` FROM `acc_nums` WHERE `type` = 13 AND `aboutid` = 0  [ RunTime:0.0046s ]
SQL: SELECT SUM(money) AS tp_sum FROM `acc_money` WHERE `sn` IN ('2018A1912918540','2018A1912918541','2018A5b80970461617222','2018A5b90980701728411','2018A5b90980711748050','2018A5b90991121239136','2018A5b90921111736580','2018A5b90921191749526','2018A5b90941321726472','2018A5b90921441410127','2018A5b90971441717500','2018A5b90941741052440','2018A5ba0912151716023','2018A5ba0962141755497','2018A5ba0992611303016','2018A5ba0912761738389','2018A5ba0932801356165','2018A5bb0913061721272','2018A5bb1020631750505','2018A5bb1090971740297','2018A5bb1040921804475','2018A5bb1040971806596','2018A5bb1060941807574','2018A5bb1021001607462','2018A5bc1051351612361','2018A5bc1071351803127','2018A5bc1091681428060','2018A5bc1081671604347','2018A5bc1071771642530','2018A5bc1091891338521','2018A5bc1002291539596','2018A5bc1022251541379','2018A5bc1092321053261','2018A5bc1032361609586','2018A5bc1022371610319','2018A5bc1062361611059','2018A5bd1092471506065','2018A5bd1092631522487','2018A5bd1092761400457','2018A5bd1052941125173','2018A5bd1062921747281','2018A5bd1082911750054','2018A5bd1022971754419','2018A5bd1042911914331','2018A5bd1072901952446','2018A5bd1042991954578','2018A5bd1072911956368','2018A5bd1072972011219','2018A5bd1083071456350','2018A5bd1023011540345','2018A5bd1073001716017','2018A5bd1053081716284','2018A5bd1160151515009','2018A5bd1140101547029','2018A5bd1170331435007','2018A5bd1180581232069','2018A5bd1140571248425','2018A5be1170571714455','2018A5be1160501826054','2018A5be1120691523239','2018A5be1160751428272','2018A5be1190841750303','2018A5be1140871838495','2018A5be1120971355319','2018A5be1171481305283','2018A5be1191451752271','2018A5bf1172271513302','2018A5bf1172201700161','2018A5bf1192581519268','2018A5bf1182561519387','2018A5bf1162501529444','2018A5bf1132561535265','2018A5bf1122671111109','2018A5bf1122721659273','2018A5c01183052136034','2018A5c01290451540097','2018A5c01200411607017','2018A5c01260461918545','2018A5c01290531819039','2018A5c01290881518528','2018A5c01231021739500','2018A5c11231561507540','2018A5c11211531527488','2018A5c11271541534502','2018A5c11261771439544','2018A5c11241891519022','2018A5c11291821525358','2018A5c11291921349070','2018A5c11292351620125','2018A5c21232461158401','2018A5c21292441337189','2018A5c21242571432070','2018A5c21262561814488','2018A5c21222551857565','2018A5c21252621057048','2018A5c21232661057531','2018A5c21252691629499','2018A5c21272601630158','2018A5c21272691828268','2018A5c21232681828425','2018A5c21282601924070','2018A5c21252601924286','2018A5c21252791813251','2018A5c21202761813475','2018A5c21242821137236','2018A5c21292811138036','2018A5c21232931157362','2018A5c21272951412009','2018A5c21212931412206','2018A5c21232971717226','2018A5c21282911826386','2018A5c21273161719022','2018A5c21243101719537','2018A5c21213101918125','2018A5c21203121918249','2018A5c20160341544491','2018A5c30150581452355','2018A5c30180571609295','2018A5c30110511610123','2018A5c30190561612164','2018A5c30180551612295','2018A5c30150781533348','2018A5c30120731542152','2018A5c30110741542413','2018A5c30110861444139','2018A5c30111001616438','2018A5c30191281533304','2018A5c30141471506480','2018A5c30131661846432','2018A5c40152181606445','2018A5c40132121627442','2018A5c40162461608427','2018A5c40132621457261','2018A5c40122631458200','2018A5c40102871840589','2018A5c40132851841191','2018A5c40142981050466','2018A5c40112981159006','2018A5c50152991617397','2018A5c50182911617520','2018A5c50112951902021','2018A5c50132991905229','2018A5c50173121445516','2018A5c60261591909423','2018A5c60291561915302','2018A5c60201511929463','2018A5c60251531930402','2018A5c60201691751235','2018A5c60291801840416','2018A5c60251841849375','2018A5c60221971621483','2018A5c60252171602238','2018A5c60232152109372','2018A5c60212102110268','2018A5c60232251144341','2018A5c70212321455146','2018A5c70282311455351','2018A5c70252551324424','2018A5c70292581325455','2018A5c70272521906427','2018A5c70252551906561','2018A5c70262851847026','2018A5c70390131725338','2018A5c70380141727292','2018A5c70340241358403','2018A5c70350211804474','2018A5c70360511124150','2018A5c70320531344582','2018A5c70300501345533','2018A5c70350552132199','2018A5c70350572132399','2018A5c70350611819133','2018A5c80330751744247','2018A5c80370731745350','2018A5c80340821816299','2018A5c80380881820561','2018A5c80371091640088','2018A5c80301191552501','2018A5c80361221551409','2018A5c80301381653066','2018A5c90382791117289','2018A5c90322701117457','2018A5ca0480881015577','2018A5cb0431501511153','2018A5cb0431631617186','2018A5cb0481952008069','2018A5cb0462212238078','2018A5cc0492421652074','2018A5cc0462461716297','2018A5cc0482491729476','2018A5cc0422441741297','2018A5cc0472432025289','2018A5cc0412422151421','2018A5cc0500221532384','2018A5cc0500521421476','2018A5cc0520601714427','2018A5cc0510601714541','2018A5cc0570621715177','2018A5cc0550661724369','2018A5cd0500672145398','2018A5cd0570821254492','2018A5cd0571071713184','2018A5cd0531181654209','2018A5cd0541471759419','2018A5cd0531511119542','2018A5cd0581511739153','2018A5cd0501701527240','2018A5ce0552921717210','2018A5cf0620171748240','2018A5cf0690601537394','2018A5d00632181519014') AND `models` = 'ORDER' LIMIT 1   [ RunTime:0.0131s ]
NOTIC: [8] Undefined variable: nums /www/web/168/Dexis/Backet/Controller/UsersController.class.php 第 737 行.
NOTIC: [8] Undefined variable: nums /www/web/168/Dexis/Backet/Controller/UsersController.class.php 第 738 行.
SQL: SELECT * FROM `acc_nums` WHERE `time` BETWEEN 1561392000 AND 1561478400 AND `uid` IN ('110877','110625','110600','110597','110539','110280','110279','110277','110275','110270','110265','109967','109946','102657','101720','78990','55153','54961','38416','23275','18522','18135','16382','11146','11118','10751','10055','9281','9219','9205','7824','6658','5412','5244','4716','4543','4524','4522','4090','4037','3926','3784','3711','3649','3597','3463','3456','3337','3208','3150','2816','2813','2729','2223','2149','2126','1851','1679','1596','1402','1259','1178','1176','1175','1174','1113','1053','1037','1028','1016','1009','795','726','718','673','672','606','572','515','467','450','444','442','441','412','410','341','340','334','272','232','130','119','117','116','108','37','27','26','25','24','23','22','20') AND `type` < 20 AND `aboutid` = 0 AND `status` = 1 ORDER BY id desc  [ RunTime:0.0096s ]
NOTIC: [8] Undefined variable: get_list2 /www/web/168/Dexis/Backet/Controller/UsersController.class.php 第 819 行.
NOTIC: [8] Undefined variable: allmun /www/web/168/Dexis/Backet/Controller/UsersController.class.php 第 833 行.
NOTIC: [2] array_sum() expects parameter 1 to be array, null given /www/web/168/Dexis/Backet/Controller/UsersController.class.php 第 833 行.
SQL: SHOW COLUMNS FROM `money_draw` [ RunTime:0.0005s ]
SQL: SELECT SUM(money) AS tp_sum FROM `money_draw` WHERE `status` = 1 LIMIT 1   [ RunTime:0.0014s ]
SQL: SHOW COLUMNS FROM `acc_record` [ RunTime:0.0004s ]
SQL: SELECT COUNT(*) AS tp_count FROM `acc_record` WHERE `dotype` = '用户升级黄金雨' LIMIT 1   [ RunTime:0.0018s ]
SQL: SELECT COUNT(*) AS tp_count FROM `acc_record` WHERE `dotype` = '用户升级黄金雨' AND `time` BETWEEN 1561392000 AND 1561478400 LIMIT 1   [ RunTime:0.0022s ]
SQL: SELECT COUNT(*) AS tp_count FROM `acc_record` WHERE `dotype` = '用户升级钻石雨' LIMIT 1   [ RunTime:0.0017s ]
SQL: SELECT COUNT(*) AS tp_count FROM `acc_record` WHERE `dotype` = '用户升级钻石雨' AND `time` BETWEEN 1561392000 AND 1561478400 LIMIT 1   [ RunTime:0.0021s ]
NOTIC: [8] Undefined variable: pay_wecate /www/web/168/Dexis/Backet/Controller/UsersController.class.php 第 839 行.
NOTIC: [8] Undefined variable: pay_rest /www/web/168/Dexis/Backet/Controller/UsersController.class.php 第 839 行.
NOTIC: [8] Undefined variable: pay_bac /www/web/168/Dexis/Backet/Controller/UsersController.class.php 第 839 行.
SQL: SELECT SUM(money) AS tp_sum FROM `account` WHERE `level` <> 6 LIMIT 1   [ RunTime:0.0403s ]
SQL: SELECT SUM(money) AS tp_sum FROM `account` WHERE `level` = 6 LIMIT 1   [ RunTime:0.0298s ]
SQL: SELECT COUNT(*) AS tp_count FROM `account` LIMIT 1   [ RunTime:0.0242s ]
SQL: SELECT COUNT(*) AS tp_count FROM `orders` LIMIT 1   [ RunTime:0.0019s ]
SQL: SHOW COLUMNS FROM `acc_stages` [ RunTime:0.0005s ]
SQL: SELECT `level`,count(id) as apply_num FROM `acc_stages` WHERE `status` <> 3 AND `type` = 2 GROUP BY level ORDER BY level asc  [ RunTime:0.0002s ]
SQL: SHOW COLUMNS FROM `order_drs` [ RunTime:0.0004s ]
SQL: SELECT SUM(nums) AS tp_sum FROM `order_drs` WHERE `status` = 1 AND `have_pay` = 1 LIMIT 1   [ RunTime:0.0022s ]
SQL: SELECT SUM(nums) AS tp_sum FROM `acc_nums` WHERE `type` = 23 AND `time` BETWEEN 1561392000 AND 1561478400 LIMIT 1   [ RunTime:0.0051s ]
SQL: SELECT SUM(money) AS tp_sum FROM `orders` WHERE ( status=3 ) LIMIT 1   [ RunTime:0.0023s ]
INFO: [ view_parse ] --START--
INFO: [ template_filter ] --START--
INFO: Run Behavior\ContentReplaceBehavior [ RunTime:0.000099s ]
INFO: [ template_filter ] --END-- [ RunTime:0.000132s ]
INFO: Run Behavior\ParseTemplateBehavior [ RunTime:0.013755s ]
INFO: [ view_parse ] --END-- [ RunTime:0.013788s ]
INFO: [ view_filter ] --START--
INFO: Run Behavior\WriteHtmlCacheBehavior [ RunTime:0.000096s ]
INFO: [ view_filter ] --END-- [ RunTime:0.000118s ]
INFO: [ app_end ] --START--
INFO: Run Behavior\ShowPageTraceBehavior [ RunTime:0.000292s ]
INFO: [ app_end ] --END-- [ RunTime:0.000328s ]

[ 2019-06-25T19:27:52+08:00 ] 222.212.185.125 /Backet/dash/getAboutMoney.html
INFO: [ app_init ] --START--
INFO: Run Behavior\BuildLiteBehavior [ RunTime:0.000010s ]
INFO: [ app_init ] --END-- [ RunTime:0.000198s ]
INFO: [ app_begin ] --START--
INFO: Run Behavior\ReadHtmlCacheBehavior [ RunTime:0.000249s ]
INFO: [ app_begin ] --END-- [ RunTime:0.000280s ]
NOTIC: [8] Undefined index: lite /www/web/168/ThinkPHP/Library/Think/Db.class.php 第 37 行.
SQL: SHOW COLUMNS FROM `orders` [ RunTime:0.0006s ]
SQL: SHOW COLUMNS FROM `acc_money` [ RunTime:0.0004s ]
SQL: SHOW COLUMNS FROM `acc_nums` [ RunTime:0.0004s ]
SQL: SHOW COLUMNS FROM `order_sr` [ RunTime:0.0004s ]
SQL: SELECT SUM(money) AS tp_sum FROM `orders` WHERE `paytime` BETWEEN 1561392000 AND 1561478399 LIMIT 1   [ RunTime:0.0024s ]
SQL: SELECT SUM(money) AS tp_sum FROM `acc_money` WHERE `models` = 'ORDER' AND `times` BETWEEN 1561392000 AND 1561478399 AND `sn` LIKE '%2018A%' LIMIT 1   [ RunTime:0.0086s ]
SQL: SELECT SUM(money) AS tp_sum FROM `order_sr` WHERE `status` IN ('5','4','7') AND `passtime` BETWEEN 1561392000 AND 1561478399 LIMIT 1   [ RunTime:0.0227s ]
SQL: SELECT * FROM `acc_money` WHERE `times` BETWEEN 1561392000 AND 1561478399 AND `models` = 'REBACK' GROUP BY sn  [ RunTime:0.0114s ]

[ 2019-06-25T19:27:54+08:00 ] 222.212.185.125 /Backet/dash/getAboutMoney.html
INFO: [ app_init ] --START--
INFO: Run Behavior\BuildLiteBehavior [ RunTime:0.000010s ]
INFO: [ app_init ] --END-- [ RunTime:0.000199s ]
INFO: [ app_begin ] --START--
INFO: Run Behavior\ReadHtmlCacheBehavior [ RunTime:0.000249s ]
INFO: [ app_begin ] --END-- [ RunTime:0.000291s ]
NOTIC: [8] Undefined index: lite /www/web/168/ThinkPHP/Library/Think/Db.class.php 第 37 行.
SQL: SHOW COLUMNS FROM `orders` [ RunTime:0.0006s ]
SQL: SHOW COLUMNS FROM `acc_money` [ RunTime:0.0004s ]
SQL: SHOW COLUMNS FROM `acc_nums` [ RunTime:0.0004s ]
SQL: SHOW COLUMNS FROM `order_sr` [ RunTime:0.0004s ]
SQL: SELECT SUM(money) AS tp_sum FROM `orders` WHERE `paytime` BETWEEN 1561305600 AND 1561910399 LIMIT 1   [ RunTime:0.0025s ]
SQL: SELECT SUM(money) AS tp_sum FROM `acc_money` WHERE `models` = 'ORDER' AND `times` BETWEEN 1561305600 AND 1561910399 AND `sn` LIKE '%2018A%' LIMIT 1   [ RunTime:0.0085s ]
SQL: SELECT SUM(money) AS tp_sum FROM `order_sr` WHERE `status` IN ('5','4','7') AND `passtime` BETWEEN 1561305600 AND 1561910399 LIMIT 1   [ RunTime:0.0228s ]
SQL: SELECT * FROM `acc_money` WHERE `times` BETWEEN 1561305600 AND 1561910399 AND `models` = 'REBACK' GROUP BY sn  [ RunTime:0.0115s ]
SQL: SELECT `aboutid` FROM `acc_nums` WHERE `sn` = '415507336876106546' LIMIT 1   [ RunTime:0.0042s ]
SQL: SELECT * FROM `acc_money` WHERE `sn` = '415507336876106546' AND `models` = 'REBACK' AND `times` BETWEEN 1561305600 AND 1561910399 ORDER BY money desc  [ RunTime:0.0092s ]
SQL: SELECT * FROM `acc_money` WHERE `sn` = '415507336876106546' AND `models` = 'ORDER' LIMIT 1   [ RunTime:0.0117s ]
SQL: SELECT `aboutid` FROM `acc_nums` WHERE `sn` = '715601437313722814' LIMIT 1   [ RunTime:0.0042s ]
SQL: SELECT * FROM `acc_money` WHERE `sn` = '715601437313722814' AND `models` = 'REBACK' AND `times` BETWEEN 1561305600 AND 1561910399 ORDER BY money desc  [ RunTime:0.0092s ]
SQL: SELECT `aboutid` FROM `acc_nums` WHERE `sn` = '815571219604038181' LIMIT 1   [ RunTime:0.0041s ]
SQL: SELECT * FROM `acc_money` WHERE `sn` = '815571219604038181' AND `models` = 'REBACK' AND `times` BETWEEN 1561305600 AND 1561910399 ORDER BY money desc  [ RunTime:0.0092s ]

[ 2019-06-25T19:27:56+08:00 ] 222.212.185.125 /Backet/dash/getAboutMoney.html
INFO: [ app_init ] --START--
INFO: Run Behavior\BuildLiteBehavior [ RunTime:0.000012s ]
INFO: [ app_init ] --END-- [ RunTime:0.000278s ]
INFO: [ app_begin ] --START--
INFO: Run Behavior\ReadHtmlCacheBehavior [ RunTime:0.000390s ]
INFO: [ app_begin ] --END-- [ RunTime:0.000436s ]
NOTIC: [8] Undefined index: lite /www/web/168/ThinkPHP/Library/Think/Db.class.php 第 37 行.
SQL: SHOW COLUMNS FROM `orders` [ RunTime:0.0006s ]
SQL: SHOW COLUMNS FROM `acc_money` [ RunTime:0.0005s ]
SQL: SHOW COLUMNS FROM `acc_nums` [ RunTime:0.0005s ]
SQL: SHOW COLUMNS FROM `order_sr` [ RunTime:0.0005s ]
SQL: SELECT SUM(money) AS tp_sum FROM `orders` WHERE `paytime` BETWEEN 1560700800 AND 1561305599 LIMIT 1   [ RunTime:0.0045s ]
SQL: SELECT SUM(money) AS tp_sum FROM `acc_money` WHERE `models` = 'ORDER' AND `times` BETWEEN 1560700800 AND 1561305599 AND `sn` LIKE '%2018A%' LIMIT 1   [ RunTime:0.0167s ]
SQL: SELECT SUM(money) AS tp_sum FROM `order_sr` WHERE `status` IN ('5','4','7') AND `passtime` BETWEEN 1560700800 AND 1561305599 LIMIT 1   [ RunTime:0.0321s ]
SQL: SELECT * FROM `acc_money` WHERE `times` BETWEEN 1560700800 AND 1561305599 AND `models` = 'REBACK' GROUP BY sn  [ RunTime:0.0114s ]
SQL: SELECT `aboutid` FROM `acc_nums` WHERE `sn` = '2018A5d00632181519014' LIMIT 1   [ RunTime:0.0042s ]
SQL: SELECT * FROM `acc_money` WHERE `sn` = '2018A5d00632181519014' AND `models` = 'REBACK' AND `times` BETWEEN 1560700800 AND 1561305599 ORDER BY money desc  [ RunTime:0.0095s ]
SQL: SELECT `aboutid` FROM `acc_nums` WHERE `sn` = '2018A5d00642101612467' LIMIT 1   [ RunTime:0.0042s ]
SQL: SELECT * FROM `acc_money` WHERE `sn` = '2018A5d00642101612467' AND `models` = 'REBACK' AND `times` BETWEEN 1560700800 AND 1561305599 ORDER BY money desc  [ RunTime:0.0093s ]
SQL: SELECT * FROM `acc_money` WHERE `sn` = '2018A5d00642101612467' AND `models` = 'ORDER' LIMIT 1   [ RunTime:0.0118s ]
SQL: SELECT `aboutid` FROM `acc_nums` WHERE `sn` = '2018A5d00692171659222' LIMIT 1   [ RunTime:0.0042s ]
SQL: SELECT * FROM `acc_money` WHERE `sn` = '2018A5d00692171659222' AND `models` = 'REBACK' AND `times` BETWEEN 1560700800 AND 1561305599 ORDER BY money desc  [ RunTime:0.0094s ]
SQL: SELECT * FROM `acc_money` WHERE `sn` = '2018A5d00692171659222' AND `models` = 'ORDER' LIMIT 1   [ RunTime:0.0117s ]
SQL: SELECT `aboutid` FROM `acc_nums` WHERE `sn` = '215604206032858452' LIMIT 1   [ RunTime:0.0041s ]
SQL: SELECT * FROM `acc_money` WHERE `sn` = '215604206032858452' AND `models` = 'REBACK' AND `times` BETWEEN 1560700800 AND 1561305599 ORDER BY money desc  [ RunTime:0.0094s ]
SQL: SELECT * FROM `acc_money` WHERE `sn` = '215604206032858452' AND `models` = 'ORDER' LIMIT 1   [ RunTime:0.0117s ]
SQL: SELECT `aboutid` FROM `acc_nums` WHERE `sn` = '415588322454939486' LIMIT 1   [ RunTime:0.0041s ]
SQL: SELECT * FROM `acc_money` WHERE `sn` = '415588322454939486' AND `models` = 'REBACK' AND `times` BETWEEN 1560700800 AND 1561305599 ORDER BY money desc  [ RunTime:0.0093s ]
SQL: SELECT * FROM `acc_money` WHERE `sn` = '415588322454939486' AND `models` = 'ORDER' LIMIT 1   [ RunTime:0.0117s ]
SQL: SELECT `aboutid` FROM `acc_nums` WHERE `sn` = '415610217658643255' LIMIT 1   [ RunTime:0.0041s ]
SQL: SELECT * FROM `acc_money` WHERE `sn` = '415610217658643255' AND `models` = 'REBACK' AND `times` BETWEEN 1560700800 AND 1561305599 ORDER BY money desc  [ RunTime:0.0092s ]
SQL: SELECT * FROM `acc_money` WHERE `sn` = '415610217658643255' AND `models` = 'ORDER' LIMIT 1   [ RunTime:0.0117s ]
SQL: SELECT `aboutid` FROM `acc_nums` WHERE `sn` = '515585161322331289' LIMIT 1   [ RunTime:0.0042s ]
SQL: SELECT * FROM `acc_money` WHERE `sn` = '515585161322331289' AND `models` = 'REBACK' AND `times` BETWEEN 1560700800 AND 1561305599 ORDER BY money desc  [ RunTime:0.0093s ]
SQL: SELECT * FROM `acc_money` WHERE `sn` = '515585161322331289' AND `models` = 'ORDER' LIMIT 1   [ RunTime:0.0117s ]
SQL: SELECT `aboutid` FROM `acc_nums` WHERE `sn` = '515612095079564994' LIMIT 1   [ RunTime:0.0042s ]
SQL: SELECT * FROM `acc_money` WHERE `sn` = '515612095079564994' AND `models` = 'REBACK' AND `times` BETWEEN 1560700800 AND 1561305599 ORDER BY money desc  [ RunTime:0.0093s ]
SQL: SELECT * FROM `acc_money` WHERE `sn` = '515612095079564994' AND `models` = 'ORDER' LIMIT 1   [ RunTime:0.0117s ]
SQL: SELECT `aboutid` FROM `acc_nums` WHERE `sn` = '615523675377221635' LIMIT 1   [ RunTime:0.0041s ]
SQL: SELECT * FROM `acc_money` WHERE `sn` = '615523675377221635' AND `models` = 'REBACK' AND `times` BETWEEN 1560700800 AND 1561305599 ORDER BY money desc  [ RunTime:0.0093s ]
SQL: SELECT * FROM `acc_money` WHERE `sn` = '615523675377221635' AND `models` = 'ORDER' LIMIT 1   [ RunTime:0.0118s ]
SQL: SELECT `aboutid` FROM `acc_nums` WHERE `sn` = '715571995955347325' LIMIT 1   [ RunTime:0.0041s ]
SQL: SELECT * FROM `acc_money` WHERE `sn` = '715571995955347325' AND `models` = 'REBACK' AND `times` BETWEEN 1560700800 AND 1561305599 ORDER BY money desc  [ RunTime:0.0093s ]
SQL: SELECT * FROM `acc_money` WHERE `sn` = '715571995955347325' AND `models` = 'ORDER' LIMIT 1   [ RunTime:0.0117s ]
SQL: SELECT `aboutid` FROM `acc_nums` WHERE `sn` = '815606493671847973' LIMIT 1   [ RunTime:0.0041s ]
SQL: SELECT * FROM `acc_money` WHERE `sn` = '815606493671847973' AND `models` = 'REBACK' AND `times` BETWEEN 1560700800 AND 1561305599 ORDER BY money desc  [ RunTime:0.0093s ]
SQL: SELECT * FROM `acc_money` WHERE `sn` = '815606493671847973' AND `models` = 'ORDER' LIMIT 1   [ RunTime:0.0117s ]

[ 2019-06-25T19:27:58+08:00 ] 222.212.185.125 /Backet/dash/getAboutMoney.html
INFO: [ app_init ] --START--
INFO: Run Behavior\BuildLiteBehavior [ RunTime:0.000011s ]
INFO: [ app_init ] --END-- [ RunTime:0.000207s ]
INFO: [ app_begin ] --START--
INFO: Run Behavior\ReadHtmlCacheBehavior [ RunTime:0.000378s ]
INFO: [ app_begin ] --END-- [ RunTime:0.000428s ]
NOTIC: [8] Undefined index: lite /www/web/168/ThinkPHP/Library/Think/Db.class.php 第 37 行.
SQL: SHOW COLUMNS FROM `orders` [ RunTime:0.0008s ]
SQL: SHOW COLUMNS FROM `acc_money` [ RunTime:0.0005s ]
SQL: SHOW COLUMNS FROM `acc_nums` [ RunTime:0.0006s ]
SQL: SHOW COLUMNS FROM `order_sr` [ RunTime:0.0005s ]
SQL: SELECT SUM(money) AS tp_sum FROM `orders` WHERE `paytime` BETWEEN 1559318400 AND 1561910399 LIMIT 1   [ RunTime:0.0044s ]
SQL: SELECT SUM(money) AS tp_sum FROM `acc_money` WHERE `models` = 'ORDER' AND `times` BETWEEN 1559318400 AND 1561910399 AND `sn` LIKE '%2018A%' LIMIT 1   [ RunTime:0.0161s ]
SQL: SELECT SUM(money) AS tp_sum FROM `order_sr` WHERE `status` IN ('5','4','7') AND `passtime` BETWEEN 1559318400 AND 1561910399 LIMIT 1   [ RunTime:0.0435s ]
SQL: SELECT * FROM `acc_money` WHERE `times` BETWEEN 1559318400 AND 1561910399 AND `models` = 'REBACK' GROUP BY sn  [ RunTime:0.0210s ]
SQL: SELECT `aboutid` FROM `acc_nums` WHERE `sn` = '115547812691232441' LIMIT 1   [ RunTime:0.0079s ]
SQL: SELECT * FROM `acc_money` WHERE `sn` = '115547812691232441' AND `models` = 'REBACK' AND `times` BETWEEN 1559318400 AND 1561910399 ORDER BY money desc  [ RunTime:0.0176s ]
SQL: SELECT * FROM `acc_money` WHERE `sn` = '115547812691232441' AND `models` = 'ORDER' LIMIT 1   [ RunTime:0.0210s ]
SQL: SELECT `aboutid` FROM `acc_nums` WHERE `sn` = '115566066460912939' LIMIT 1   [ RunTime:0.0078s ]
SQL: SELECT * FROM `acc_money` WHERE `sn` = '115566066460912939' AND `models` = 'REBACK' AND `times` BETWEEN 1559318400 AND 1561910399 ORDER BY money desc  [ RunTime:0.0175s ]
SQL: SELECT * FROM `acc_money` WHERE `sn` = '115566066460912939' AND `models` = 'ORDER' LIMIT 1   [ RunTime:0.0209s ]
SQL: SELECT `aboutid` FROM `acc_nums` WHERE `sn` = '115596426487587877' LIMIT 1   [ RunTime:0.0079s ]
SQL: SELECT * FROM `acc_money` WHERE `sn` = '115596426487587877' AND `models` = 'REBACK' AND `times` BETWEEN 1559318400 AND 1561910399 ORDER BY money desc  [ RunTime:0.0175s ]
SQL: SELECT * FROM `acc_money` WHERE `sn` = '115596426487587877' AND `models` = 'ORDER' LIMIT 1   [ RunTime:0.0208s ]
SQL: SELECT `aboutid` FROM `acc_nums` WHERE `sn` = '115599564107148516' LIMIT 1   [ RunTime:0.0079s ]
SQL: SELECT * FROM `acc_money` WHERE `sn` = '115599564107148516' AND `models` = 'REBACK' AND `times` BETWEEN 1559318400 AND 1561910399 ORDER BY money desc  [ RunTime:0.0175s ]
SQL: SELECT `aboutid` FROM `acc_nums` WHERE `sn` = '115599765669874474' LIMIT 1   [ RunTime:0.0079s ]
SQL: SELECT * FROM `acc_money` WHERE `sn` = '115599765669874474' AND `models` = 'REBACK' AND `times` BETWEEN 1559318400 AND 1561910399 ORDER BY money desc  [ RunTime:0.0123s ]
SQL: SELECT * FROM `acc_money` WHERE `sn` = '115599765669874474' AND `models` = 'ORDER' LIMIT 1   [ RunTime:0.0117s ]
SQL: SELECT `aboutid` FROM `acc_nums` WHERE `sn` = '115604763584195222' LIMIT 1   [ RunTime:0.0042s ]
SQL: SELECT * FROM `acc_money` WHERE `sn` = '115604763584195222' AND `models` = 'REBACK' AND `times` BETWEEN 1559318400 AND 1561910399 ORDER BY money desc  [ RunTime:0.0093s ]
SQL: SELECT `aboutid` FROM `acc_nums` WHERE `sn` = '2018A5cf0601151102037' LIMIT 1   [ RunTime:0.0041s ]
SQL: SELECT * FROM `acc_money` WHERE `sn` = '2018A5cf0601151102037' AND `models` = 'REBACK' AND `times` BETWEEN 1559318400 AND 1561910399 ORDER BY money desc  [ RunTime:0.0094s ]
SQL: SELECT * FROM `acc_money` WHERE `sn` = '2018A5cf0601151102037' AND `models` = 'ORDER' LIMIT 1   [ RunTime:0.0117s ]
SQL: SELECT `aboutid` FROM `acc_nums` WHERE `sn` = '2018A5cf0620171748240' LIMIT 1   [ RunTime:0.0046s ]
SQL: SELECT * FROM `acc_money` WHERE `sn` = '2018A5cf0620171748240' AND `models` = 'REBACK' AND `times` BETWEEN 1559318400 AND 1561910399 ORDER BY money desc  [ RunTime:0.0094s ]
SQL: SELECT `aboutid` FROM `acc_nums` WHERE `sn` = '2018A5cf0670401425333' LIMIT 1   [ RunTime:0.0041s ]
SQL: SELECT * FROM `acc_money` WHERE `sn` = '2018A5cf0670401425333' AND `models` = 'REBACK' AND `times` BETWEEN 1559318400 AND 1561910399 ORDER BY money desc  [ RunTime:0.0093s ]
SQL: SELECT * FROM `acc_money` WHERE `sn` = '2018A5cf0670401425333' AND `models` = 'ORDER' LIMIT 1   [ RunTime:0.0117s ]
SQL: SELECT `aboutid` FROM `acc_nums` WHERE `sn` = '2018A5cf0690351726160' LIMIT 1   [ RunTime:0.0041s ]
SQL: SELECT * FROM `acc_money` WHERE `sn` = '2018A5cf0690351726160' AND `models` = 'REBACK' AND `times` BETWEEN 1559318400 AND 1561910399 ORDER BY money desc  [ RunTime:0.0093s ]
SQL: SELECT * FROM `acc_money` WHERE `sn` = '2018A5cf0690351726160' AND `models` = 'ORDER' LIMIT 1   [ RunTime:0.0116s ]
SQL: SELECT `aboutid` FROM `acc_nums` WHERE `sn` = '2018A5cf0690601537394' LIMIT 1   [ RunTime:0.0041s ]
SQL: SELECT * FROM `acc_money` WHERE `sn` = '2018A5cf0690601537394' AND `models` = 'REBACK' AND `times` BETWEEN 1559318400 AND 1561910399 ORDER BY money desc  [ RunTime:0.0093s ]
SQL: SELECT `aboutid` FROM `acc_nums` WHERE `sn` = '2018A5d00632181519014' LIMIT 1   [ RunTime:0.0042s ]
SQL: SELECT * FROM `acc_money` WHERE `sn` = '2018A5d00632181519014' AND `models` = 'REBACK' AND `times` BETWEEN 1559318400 AND 1561910399 ORDER BY money desc  [ RunTime:0.0093s ]
SQL: SELECT `aboutid` FROM `acc_nums` WHERE `sn` = '2018A5d00642101612467' LIMIT 1   [ RunTime:0.0041s ]
SQL: SELECT * FROM `acc_money` WHERE `sn` = '2018A5d00642101612467' AND `models` = 'REBACK' AND `times` BETWEEN 1559318400 AND 1561910399 ORDER BY money desc  [ RunTime:0.0093s ]
SQL: SELECT * FROM `acc_money` WHERE `sn` = '2018A5d00642101612467' AND `models` = 'ORDER' LIMIT 1   [ RunTime:0.0117s ]
SQL: SELECT `aboutid` FROM `acc_nums` WHERE `sn` = '2018A5d00692171659222' LIMIT 1   [ RunTime:0.0041s ]
SQL: SELECT * FROM `acc_money` WHERE `sn` = '2018A5d00692171659222' AND `models` = 'REBACK' AND `times` BETWEEN 1559318400 AND 1561910399 ORDER BY money desc  [ RunTime:0.0093s ]
SQL: SELECT * FROM `acc_money` WHERE `sn` = '2018A5d00692171659222' AND `models` = 'ORDER' LIMIT 1   [ RunTime:0.0117s ]
SQL: SELECT `aboutid` FROM `acc_nums` WHERE `sn` = '215573752641407965' LIMIT 1   [ RunTime:0.0041s ]
SQL: SELECT * FROM `acc_money` WHERE `sn` = '215573752641407965' AND `models` = 'REBACK' AND `times` BETWEEN 1559318400 AND 1561910399 ORDER BY money desc  [ RunTime:0.0093s ]
SQL: SELECT * FROM `acc_money` WHERE `sn` = '215573752641407965' AND `models` = 'ORDER' LIMIT 1   [ RunTime:0.0116s ]
SQL: SELECT `aboutid` FROM `acc_nums` WHERE `sn` = '215591392696531693' LIMIT 1   [ RunTime:0.0041s ]
SQL: SELECT * FROM `acc_money` WHERE `sn` = '215591392696531693' AND `models` = 'REBACK' AND `times` BETWEEN 1559318400 AND 1561910399 ORDER BY money desc  [ RunTime:0.0093s ]
SQL: SELECT * FROM `acc_money` WHERE `sn` = '215591392696531693' AND `models` = 'ORDER' LIMIT 1   [ RunTime:0.0116s ]
SQL: SELECT `aboutid` FROM `acc_nums` WHERE `sn` = '215593952810099662' LIMIT 1   [ RunTime:0.0041s ]
SQL: SELECT * FROM `acc_money` WHERE `sn` = '215593952810099662' AND `models` = 'REBACK' AND `times` BETWEEN 1559318400 AND 1561910399 ORDER BY money desc  [ RunTime:0.0095s ]
SQL: SELECT * FROM `acc_money` WHERE `sn` = '215593952810099662' AND `models` = 'ORDER' LIMIT 1   [ RunTime:0.0117s ]
SQL: SELECT `aboutid` FROM `acc_nums` WHERE `sn` = '215598020583005782' LIMIT 1   [ RunTime:0.0041s ]
SQL: SELECT * FROM `acc_money` WHERE `sn` = '215598020583005782' AND `models` = 'REBACK' AND `times` BETWEEN 1559318400 AND 1561910399 ORDER BY money desc  [ RunTime:0.0093s ]
SQL: SELECT * FROM `acc_money` WHERE `sn` = '215598020583005782' AND `models` = 'ORDER' LIMIT 1   [ RunTime:0.0116s ]
SQL: SELECT `aboutid` FROM `acc_nums` WHERE `sn` = '215604206032858452' LIMIT 1   [ RunTime:0.0041s ]
SQL: SELECT * FROM `acc_money` WHERE `sn` = '215604206032858452' AND `models` = 'REBACK' AND `times` BETWEEN 1559318400 AND 1561910399 ORDER BY money desc  [ RunTime:0.0093s ]
SQL: SELECT * FROM `acc_money` WHERE `sn` = '215604206032858452' AND `models` = 'ORDER' LIMIT 1   [ RunTime:0.0117s ]
SQL: SELECT `aboutid` FROM `acc_nums` WHERE `sn` = '315571116074449175' LIMIT 1   [ RunTime:0.0041s ]
SQL: SELECT * FROM `acc_money` WHERE `sn` = '315571116074449175' AND `models` = 'REBACK' AND `times` BETWEEN 1559318400 AND 1561910399 ORDER BY money desc  [ RunTime:0.0094s ]
SQL: SELECT * FROM `acc_money` WHERE `sn` = '315571116074449175' AND `models` = 'ORDER' LIMIT 1   [ RunTime:0.0116s ]
SQL: SELECT `aboutid` FROM `acc_nums` WHERE `sn` = '315587513809816385' LIMIT 1   [ RunTime:0.0041s ]
SQL: SELECT * FROM `acc_money` WHERE `sn` = '315587513809816385' AND `models` = 'REBACK' AND `times` BETWEEN 1559318400 AND 1561910399 ORDER BY money desc  [ RunTime:0.0092s ]
SQL: SELECT * FROM `acc_money` WHERE `sn` = '315587513809816385' AND `models` = 'ORDER' LIMIT 1   [ RunTime:0.0116s ]
SQL: SELECT `aboutid` FROM `acc_nums` WHERE `sn` = '315590301362064297' LIMIT 1   [ RunTime:0.0041s ]
SQL: SELECT * FROM `acc_money` WHERE `sn` = '315590301362064297' AND `models` = 'REBACK' AND `times` BETWEEN 1559318400 AND 1561910399 ORDER BY money desc  [ RunTime:0.0092s ]
SQL: SELECT `aboutid` FROM `acc_nums` WHERE `sn` = '315592950792075847' LIMIT 1   [ RunTime:0.0040s ]
SQL: SELECT * FROM `acc_money` WHERE `sn` = '315592950792075847' AND `models` = 'REBACK' AND `times` BETWEEN 1559318400 AND 1561910399 ORDER BY money desc  [ RunTime:0.0092s ]
SQL: SELECT * FROM `acc_money` WHERE `sn` = '315592950792075847' AND `models` = 'ORDER' LIMIT 1   [ RunTime:0.0115s ]
SQL: SELECT `aboutid` FROM `acc_nums` WHERE `sn` = '315597308645083958' LIMIT 1   [ RunTime:0.0041s ]
SQL: SELECT * FROM `acc_money` WHERE `sn` = '315597308645083958' AND `models` = 'REBACK' AND `times` BETWEEN 1559318400 AND 1561910399 ORDER BY money desc  [ RunTime:0.0092s ]
SQL: SELECT `aboutid` FROM `acc_nums` WHERE `sn` = '315601616699286961' LIMIT 1   [ RunTime:0.0041s ]
SQL: SELECT * FROM `acc_money` WHERE `sn` = '315601616699286961' AND `models` = 'REBACK' AND `times` BETWEEN 1559318400 AND 1561910399 ORDER BY money desc  [ RunTime:0.0093s ]
SQL: SELECT `aboutid` FROM `acc_nums` WHERE `sn` = '415507336876106546' LIMIT 1   [ RunTime:0.0041s ]
SQL: SELECT * FROM `acc_money` WHERE `sn` = '415507336876106546' AND `models` = 'REBACK' AND `times` BETWEEN 1559318400 AND 1561910399 ORDER BY money desc  [ RunTime:0.0093s ]
SQL: SELECT * FROM `acc_money` WHERE `sn` = '415507336876106546' AND `models` = 'ORDER' LIMIT 1   [ RunTime:0.0119s ]
SQL: SELECT `aboutid` FROM `acc_nums` WHERE `sn` = '415588322454939486' LIMIT 1   [ RunTime:0.0041s ]
SQL: SELECT * FROM `acc_money` WHERE `sn` = '415588322454939486' AND `models` = 'REBACK' AND `times` BETWEEN 1559318400 AND 1561910399 ORDER BY money desc  [ RunTime:0.0092s ]
SQL: SELECT * FROM `acc_money` WHERE `sn` = '415588322454939486' AND `models` = 'ORDER' LIMIT 1   [ RunTime:0.0116s ]
SQL: SELECT `aboutid` FROM `acc_nums` WHERE `sn` = '415588565210121583' LIMIT 1   [ RunTime:0.0041s ]
SQL: SELECT * FROM `acc_money` WHERE `sn` = '415588565210121583' AND `models` = 'REBACK' AND `times` BETWEEN 1559318400 AND 1561910399 ORDER BY money desc  [ RunTime:0.0092s ]
SQL: SELECT * FROM `acc_money` WHERE `sn` = '415588565210121583' AND `models` = 'ORDER' LIMIT 1   [ RunTime:0.0116s ]
SQL: SELECT `aboutid` FROM `acc_nums` WHERE `sn` = '415592992971693182' LIMIT 1   [ RunTime:0.0041s ]
SQL: SELECT * FROM `acc_money` WHERE `sn` = '415592992971693182' AND `models` = 'REBACK' AND `times` BETWEEN 1559318400 AND 1561910399 ORDER BY money desc  [ RunTime:0.0092s ]
SQL: SELECT * FROM `acc_money` WHERE `sn` = '415592992971693182' AND `models` = 'ORDER' LIMIT 1   [ RunTime:0.0116s ]
SQL: SELECT `aboutid` FROM `acc_nums` WHERE `sn` = '415593951363194214' LIMIT 1   [ RunTime:0.0041s ]
SQL: SELECT * FROM `acc_money` WHERE `sn` = '415593951363194214' AND `models` = 'REBACK' AND `times` BETWEEN 1559318400 AND 1561910399 ORDER BY money desc  [ RunTime:0.0092s ]
SQL: SELECT * FROM `acc_money` WHERE `sn` = '415593951363194214' AND `models` = 'ORDER' LIMIT 1   [ RunTime:0.0116s ]
SQL: SELECT `aboutid` FROM `acc_nums` WHERE `sn` = '415598295411815357' LIMIT 1   [ RunTime:0.0041s ]
SQL: SELECT * FROM `acc_money` WHERE `sn` = '415598295411815357' AND `models` = 'REBACK' AND `times` BETWEEN 1559318400 AND 1561910399 ORDER BY money desc  [ RunTime:0.0092s ]
SQL: SELECT * FROM `acc_money` WHERE `sn` = '415598295411815357' AND `models` = 'ORDER' LIMIT 1   [ RunTime:0.0116s ]
SQL: SELECT `aboutid` FROM `acc_nums` WHERE `sn` = '415599042934038813' LIMIT 1   [ RunTime:0.0041s ]
SQL: SELECT * FROM `acc_money` WHERE `sn` = '415599042934038813' AND `models` = 'REBACK' AND `times` BETWEEN 1559318400 AND 1561910399 ORDER BY money desc  [ RunTime:0.0094s ]
SQL: SELECT `aboutid` FROM `acc_nums` WHERE `sn` = '415600030902511648' LIMIT 1   [ RunTime:0.0041s ]
SQL: SELECT * FROM `acc_money` WHERE `sn` = '415600030902511648' AND `models` = 'REBACK' AND `times` BETWEEN 1559318400 AND 1561910399 ORDER BY money desc  [ RunTime:0.0092s ]
SQL: SELECT `aboutid` FROM `acc_nums` WHERE `sn` = '415610217658643255' LIMIT 1   [ RunTime:0.0041s ]
SQL: SELECT * FROM `acc_money` WHERE `sn` = '415610217658643255' AND `models` = 'REBACK' AND `times` BETWEEN 1559318400 AND 1561910399 ORDER BY money desc  [ RunTime:0.0092s ]
SQL: SELECT * FROM `acc_money` WHERE `sn` = '415610217658643255' AND `models` = 'ORDER' LIMIT 1   [ RunTime:0.0116s ]
SQL: SELECT `aboutid` FROM `acc_nums` WHERE `sn` = '515527793697675368' LIMIT 1   [ RunTime:0.0041s ]
SQL: SELECT * FROM `acc_money` WHERE `sn` = '515527793697675368' AND `models` = 'REBACK' AND `times` BETWEEN 1559318400 AND 1561910399 ORDER BY money desc  [ RunTime:0.0095s ]
SQL: SELECT * FROM `acc_money` WHERE `sn` = '515527793697675368' AND `models` = 'ORDER' LIMIT 1   [ RunTime:0.0117s ]
SQL: SELECT `aboutid` FROM `acc_nums` WHERE `sn` = '515537310829645263' LIMIT 1   [ RunTime:0.0041s ]
SQL: SELECT * FROM `acc_money` WHERE `sn` = '515537310829645263' AND `models` = 'REBACK' AND `times` BETWEEN 1559318400 AND 1561910399 ORDER BY money desc  [ RunTime:0.0092s ]
SQL: SELECT * FROM `acc_money` WHERE `sn` = '515537310829645263' AND `models` = 'ORDER' LIMIT 1   [ RunTime:0.0116s ]
SQL: SELECT `aboutid` FROM `acc_nums` WHERE `sn` = '515585161322331289' LIMIT 1   [ RunTime:0.0042s ]
SQL: SELECT * FROM `acc_money` WHERE `sn` = '515585161322331289' AND `models` = 'REBACK' AND `times` BETWEEN 1559318400 AND 1561910399 ORDER BY money desc  [ RunTime:0.0092s ]
SQL: SELECT * FROM `acc_money` WHERE `sn` = '515585161322331289' AND `models` = 'ORDER' LIMIT 1   [ RunTime:0.0117s ]
SQL: SELECT `aboutid` FROM `acc_nums` WHERE `sn` = '515599771419262229' LIMIT 1   [ RunTime:0.0041s ]
SQL: SELECT * FROM `acc_money` WHERE `sn` = '515599771419262229' AND `models` = 'REBACK' AND `times` BETWEEN 1559318400 AND 1561910399 ORDER BY money desc  [ RunTime:0.0093s ]
SQL: SELECT * FROM `acc_money` WHERE `sn` = '515599771419262229' AND `models` = 'ORDER' LIMIT 1   [ RunTime:0.0116s ]
SQL: SELECT `aboutid` FROM `acc_nums` WHERE `sn` = '515604127849181319' LIMIT 1   [ RunTime:0.0041s ]
SQL: SELECT * FROM `acc_money` WHERE `sn` = '515604127849181319' AND `models` = 'REBACK' AND `times` BETWEEN 1559318400 AND 1561910399 ORDER BY money desc  [ RunTime:0.0092s ]
SQL: SELECT * FROM `acc_money` WHERE `sn` = '515604127849181319' AND `models` = 'ORDER' LIMIT 1   [ RunTime:0.0116s ]
SQL: SELECT `aboutid` FROM `acc_nums` WHERE `sn` = '515612095079564994' LIMIT 1   [ RunTime:0.0041s ]
SQL: SELECT * FROM `acc_money` WHERE `sn` = '515612095079564994' AND `models` = 'REBACK' AND `times` BETWEEN 1559318400 AND 1561910399 ORDER BY money desc  [ RunTime:0.0092s ]
SQL: SELECT * FROM `acc_money` WHERE `sn` = '515612095079564994' AND `models` = 'ORDER' LIMIT 1   [ RunTime:0.0117s ]
SQL: SELECT `aboutid` FROM `acc_nums` WHERE `sn` = '615523675377221635' LIMIT 1   [ RunTime:0.0041s ]
SQL: SELECT * FROM `acc_money` WHERE `sn` = '615523675377221635' AND `models` = 'REBACK' AND `times` BETWEEN 1559318400 AND 1561910399 ORDER BY money desc  [ RunTime:0.0092s ]
SQL: SELECT * FROM `acc_money` WHERE `sn` = '615523675377221635' AND `models` = 'ORDER' LIMIT 1   [ RunTime:0.0116s ]
SQL: SELECT `aboutid` FROM `acc_nums` WHERE `sn` = '615527128399292598' LIMIT 1   [ RunTime:0.0041s ]
SQL: SELECT * FROM `acc_money` WHERE `sn` = '615527128399292598' AND `models` = 'REBACK' AND `times` BETWEEN 1559318400 AND 1561910399 ORDER BY money desc  [ RunTime:0.0093s ]
SQL: SELECT * FROM `acc_money` WHERE `sn` = '615527128399292598' AND `models` = 'ORDER' LIMIT 1   [ RunTime:0.0116s ]
SQL: SELECT `aboutid` FROM `acc_nums` WHERE `sn` = '615594757294979466' LIMIT 1   [ RunTime:0.0041s ]
SQL: SELECT * FROM `acc_money` WHERE `sn` = '615594757294979466' AND `models` = 'REBACK' AND `times` BETWEEN 1559318400 AND 1561910399 ORDER BY money desc  [ RunTime:0.0094s ]
SQL: SELECT `aboutid` FROM `acc_nums` WHERE `sn` = '615599041249859133' LIMIT 1   [ RunTime:0.0041s ]
SQL: SELECT * FROM `acc_money` WHERE `sn` = '615599041249859133' AND `models` = 'REBACK' AND `times` BETWEEN 1559318400 AND 1561910399 ORDER BY money desc  [ RunTime:0.0092s ]
SQL: SELECT `aboutid` FROM `acc_nums` WHERE `sn` = '715554860090162876' LIMIT 1   [ RunTime:0.0041s ]
SQL: SELECT * FROM `acc_money` WHERE `sn` = '715554860090162876' AND `models` = 'REBACK' AND `times` BETWEEN 1559318400 AND 1561910399 ORDER BY money desc  [ RunTime:0.0093s ]
SQL: SELECT * FROM `acc_money` WHERE `sn` = '715554860090162876' AND `models` = 'ORDER' LIMIT 1   [ RunTime:0.0116s ]
SQL: SELECT `aboutid` FROM `acc_nums` WHERE `sn` = '715571995955347325' LIMIT 1   [ RunTime:0.0041s ]
SQL: SELECT * FROM `acc_money` WHERE `sn` = '715571995955347325' AND `models` = 'REBACK' AND `times` BETWEEN 1559318400 AND 1561910399 ORDER BY money desc  [ RunTime:0.0093s ]
SQL: SELECT * FROM `acc_money` WHERE `sn` = '715571995955347325' AND `models` = 'ORDER' LIMIT 1   [ RunTime:0.0117s ]
SQL: SELECT `aboutid` FROM `acc_nums` WHERE `sn` = '715575630120291551' LIMIT 1   [ RunTime:0.0041s ]
SQL: SELECT * FROM `acc_money` WHERE `sn` = '715575630120291551' AND `models` = 'REBACK' AND `times` BETWEEN 1559318400 AND 1561910399 ORDER BY money desc  [ RunTime:0.0093s ]
SQL: SELECT * FROM `acc_money` WHERE `sn` = '715575630120291551' AND `models` = 'ORDER' LIMIT 1   [ RunTime:0.0117s ]
SQL: SELECT `aboutid` FROM `acc_nums` WHERE `sn` = '715586214433867364' LIMIT 1   [ RunTime:0.0040s ]
SQL: SELECT * FROM `acc_money` WHERE `sn` = '715586214433867364' AND `models` = 'REBACK' AND `times` BETWEEN 1559318400 AND 1561910399 ORDER BY money desc  [ RunTime:0.0092s ]
SQL: SELECT * FROM `acc_money` WHERE `sn` = '715586214433867364' AND `models` = 'ORDER' LIMIT 1   [ RunTime:0.0116s ]
SQL: SELECT `aboutid` FROM `acc_nums` WHERE `sn` = '715592116390415861' LIMIT 1   [ RunTime:0.0041s ]
SQL: SELECT * FROM `acc_money` WHERE `sn` = '715592116390415861' AND `models` = 'REBACK' AND `times` BETWEEN 1559318400 AND 1561910399 ORDER BY money desc  [ RunTime:0.0092s ]
SQL: SELECT * FROM `acc_money` WHERE `sn` = '715592116390415861' AND `models` = 'ORDER' LIMIT 1   [ RunTime:0.0116s ]
SQL: SELECT `aboutid` FROM `acc_nums` WHERE `sn` = '715593894448818639' LIMIT 1   [ RunTime:0.0040s ]
SQL: SELECT * FROM `acc_money` WHERE `sn` = '715593894448818639' AND `models` = 'REBACK' AND `times` BETWEEN 1559318400 AND 1561910399 ORDER BY money desc  [ RunTime:0.0092s ]
SQL: SELECT * FROM `acc_money` WHERE `sn` = '715593894448818639' AND `models` = 'ORDER' LIMIT 1   [ RunTime:0.0116s ]
SQL: SELECT `aboutid` FROM `acc_nums` WHERE `sn` = '715593988642481587' LIMIT 1   [ RunTime:0.0041s ]
SQL: SELECT * FROM `acc_money` WHERE `sn` = '715593988642481587' AND `models` = 'REBACK' AND `times` BETWEEN 1559318400 AND 1561910399 ORDER BY money desc  [ RunTime:0.0093s ]
SQL: SELECT * FROM `acc_money` WHERE `sn` = '715593988642481587' AND `models` = 'ORDER' LIMIT 1   [ RunTime:0.0116s ]
SQL: SELECT `aboutid` FROM `acc_nums` WHERE `sn` = '715594042632714741' LIMIT 1   [ RunTime:0.0041s ]
SQL: SELECT * FROM `acc_money` WHERE `sn` = '715594042632714741' AND `models` = 'REBACK' AND `times` BETWEEN 1559318400 AND 1561910399 ORDER BY money desc  [ RunTime:0.0094s ]
SQL: SELECT `aboutid` FROM `acc_nums` WHERE `sn` = '715601437313722814' LIMIT 1   [ RunTime:0.0041s ]
SQL: SELECT * FROM `acc_money` WHERE `sn` = '715601437313722814' AND `models` = 'REBACK' AND `times` BETWEEN 1559318400 AND 1561910399 ORDER BY money desc  [ RunTime:0.0092s ]
SQL: SELECT `aboutid` FROM `acc_nums` WHERE `sn` = '815527437365595839' LIMIT 1   [ RunTime:0.0041s ]
SQL: SELECT * FROM `acc_money` WHERE `sn` = '815527437365595839' AND `models` = 'REBACK' AND `times` BETWEEN 1559318400 AND 1561910399 ORDER BY money desc  [ RunTime:0.0093s ]
SQL: SELECT * FROM `acc_money` WHERE `sn` = '815527437365595839' AND `models` = 'ORDER' LIMIT 1   [ RunTime:0.0116s ]
SQL: SELECT `aboutid` FROM `acc_nums` WHERE `sn` = '815557648298649264' LIMIT 1   [ RunTime:0.0040s ]
SQL: SELECT * FROM `acc_money` WHERE `sn` = '815557648298649264' AND `models` = 'REBACK' AND `times` BETWEEN 1559318400 AND 1561910399 ORDER BY money desc  [ RunTime:0.0093s ]
SQL: SELECT * FROM `acc_money` WHERE `sn` = '815557648298649264' AND `models` = 'ORDER' LIMIT 1   [ RunTime:0.0116s ]
SQL: SELECT `aboutid` FROM `acc_nums` WHERE `sn` = '815560852315201354' LIMIT 1   [ RunTime:0.0041s ]
SQL: SELECT * FROM `acc_money` WHERE `sn` = '815560852315201354' AND `models` = 'REBACK' AND `times` BETWEEN 1559318400 AND 1561910399 ORDER BY money desc  [ RunTime:0.0093s ]
SQL: SELECT * FROM `acc_money` WHERE `sn` = '815560852315201354' AND `models` = 'ORDER' LIMIT 1   [ RunTime:0.0116s ]
SQL: SELECT `aboutid` FROM `acc_nums` WHERE `sn` = '815571219604038181' LIMIT 1   [ RunTime:0.0041s ]
SQL: SELECT * FROM `acc_money` WHERE `sn` = '815571219604038181' AND `models` = 'REBACK' AND `times` BETWEEN 1559318400 AND 1561910399 ORDER BY money desc  [ RunTime:0.0093s ]
SQL: SELECT `aboutid` FROM `acc_nums` WHERE `sn` = '815592984798842258' LIMIT 1   [ RunTime:0.0041s ]
SQL: SELECT * FROM `acc_money` WHERE `sn` = '815592984798842258' AND `models` = 'REBACK' AND `times` BETWEEN 1559318400 AND 1561910399 ORDER BY money desc  [ RunTime:0.0092s ]
SQL: SELECT `aboutid` FROM `acc_nums` WHERE `sn` = '815593941280637633' LIMIT 1   [ RunTime:0.0040s ]
SQL: SELECT * FROM `acc_money` WHERE `sn` = '815593941280637633' AND `models` = 'REBACK' AND `times` BETWEEN 1559318400 AND 1561910399 ORDER BY money desc  [ RunTime:0.0093s ]
SQL: SELECT * FROM `acc_money` WHERE `sn` = '815593941280637633' AND `models` = 'ORDER' LIMIT 1   [ RunTime:0.0116s ]
SQL: SELECT `aboutid` FROM `acc_nums` WHERE `sn` = '815595591635214114' LIMIT 1   [ RunTime:0.0041s ]
SQL: SELECT * FROM `acc_money` WHERE `sn` = '815595591635214114' AND `models` = 'REBACK' AND `times` BETWEEN 1559318400 AND 1561910399 ORDER BY money desc  [ RunTime:0.0093s ]
SQL: SELECT * FROM `acc_money` WHERE `sn` = '815595591635214114' AND `models` = 'ORDER' LIMIT 1   [ RunTime:0.0116s ]
SQL: SELECT `aboutid` FROM `acc_nums` WHERE `sn` = '815600466770643384' LIMIT 1   [ RunTime:0.0041s ]
SQL: SELECT * FROM `acc_money` WHERE `sn` = '815600466770643384' AND `models` = 'REBACK' AND `times` BETWEEN 1559318400 AND 1561910399 ORDER BY money desc  [ RunTime:0.0092s ]
SQL: SELECT `aboutid` FROM `acc_nums` WHERE `sn` = '815606493671847973' LIMIT 1   [ RunTime:0.0041s ]
SQL: SELECT * FROM `acc_money` WHERE `sn` = '815606493671847973' AND `models` = 'REBACK' AND `times` BETWEEN 1559318400 AND 1561910399 ORDER BY money desc  [ RunTime:0.0094s ]
SQL: SELECT * FROM `acc_money` WHERE `sn` = '815606493671847973' AND `models` = 'ORDER' LIMIT 1   [ RunTime:0.0117s ]
SQL: SELECT `aboutid` FROM `acc_nums` WHERE `sn` = '915589250752524334' LIMIT 1   [ RunTime:0.0041s ]
SQL: SELECT * FROM `acc_money` WHERE `sn` = '915589250752524334' AND `models` = 'REBACK' AND `times` BETWEEN 1559318400 AND 1561910399 ORDER BY money desc  [ RunTime:0.0092s ]
SQL: SELECT * FROM `acc_money` WHERE `sn` = '915589250752524334' AND `models` = 'ORDER' LIMIT 1   [ RunTime:0.0116s ]
SQL: SELECT `aboutid` FROM `acc_nums` WHERE `sn` = '915592111680791223' LIMIT 1   [ RunTime:0.0041s ]
SQL: SELECT * FROM `acc_money` WHERE `sn` = '915592111680791223' AND `models` = 'REBACK' AND `times` BETWEEN 1559318400 AND 1561910399 ORDER BY money desc  [ RunTime:0.0092s ]
SQL: SELECT * FROM `acc_money` WHERE `sn` = '915592111680791223' AND `models` = 'ORDER' LIMIT 1   [ RunTime:0.0116s ]
SQL: SELECT `aboutid` FROM `acc_nums` WHERE `sn` = 'Back615503930317637532' LIMIT 1   [ RunTime:0.0041s ]
SQL: SELECT * FROM `acc_money` WHERE `sn` = 'Back615503930317637532' AND `models` = 'REBACK' AND `times` BETWEEN 1559318400 AND 1561910399 ORDER BY money desc  [ RunTime:0.0093s ]

[ 2019-06-25T19:28:01+08:00 ] 222.212.185.125 /Backet/dash/getOutGood.html
INFO: [ app_init ] --START--
INFO: Run Behavior\BuildLiteBehavior [ RunTime:0.000010s ]
INFO: [ app_init ] --END-- [ RunTime:0.000211s ]
INFO: [ app_begin ] --START--
INFO: Run Behavior\ReadHtmlCacheBehavior [ RunTime:0.000269s ]
INFO: [ app_begin ] --END-- [ RunTime:0.000301s ]
NOTIC: [8] Undefined index: lite /www/web/168/ThinkPHP/Library/Think/Db.class.php 第 37 行.
SQL: SHOW COLUMNS FROM `account` [ RunTime:0.0006s ]
SQL: SHOW COLUMNS FROM `orders` [ RunTime:0.0005s ]
SQL: SHOW COLUMNS FROM `acc_nums` [ RunTime:0.0004s ]
SQL: SHOW COLUMNS FROM `acc_level` [ RunTime:0.0003s ]
SQL: SHOW COLUMNS FROM `acc_money` [ RunTime:0.0004s ]
SQL: SELECT `id`,`totalpoints`,`stock` FROM `account` WHERE `level` = 6 ORDER BY id desc  [ RunTime:0.0536s ]
SQL: SELECT SUM(stock) AS tp_sum FROM `account` LIMIT 1   [ RunTime:0.0322s ]
SQL: SELECT SUM(gnums) AS tp_sum FROM `orders` WHERE `buy_level` = 6 AND `gid` = 8 AND `status` = 1 LIMIT 1   [ RunTime:0.0032s ]
SQL: SELECT SUM(money) AS tp_sum FROM `orders` WHERE `buy_level` = 6 AND `gid` = 8 AND `status` = 1 LIMIT 1   [ RunTime:0.0032s ]
SQL: SELECT SUM(nums) AS tp_sum FROM `acc_nums` WHERE `type` = 13 AND `aboutid` = 0 LIMIT 1   [ RunTime:0.0046s ]
SQL: SELECT `sn` FROM `acc_nums` WHERE `type` = 13 AND `aboutid` = 0  [ RunTime:0.0045s ]
SQL: SELECT SUM(money) AS tp_sum FROM `acc_money` WHERE `sn` IN ('2018A1912918540','2018A1912918541','2018A5b80970461617222','2018A5b90980701728411','2018A5b90980711748050','2018A5b90991121239136','2018A5b90921111736580','2018A5b90921191749526','2018A5b90941321726472','2018A5b90921441410127','2018A5b90971441717500','2018A5b90941741052440','2018A5ba0912151716023','2018A5ba0962141755497','2018A5ba0992611303016','2018A5ba0912761738389','2018A5ba0932801356165','2018A5bb0913061721272','2018A5bb1020631750505','2018A5bb1090971740297','2018A5bb1040921804475','2018A5bb1040971806596','2018A5bb1060941807574','2018A5bb1021001607462','2018A5bc1051351612361','2018A5bc1071351803127','2018A5bc1091681428060','2018A5bc1081671604347','2018A5bc1071771642530','2018A5bc1091891338521','2018A5bc1002291539596','2018A5bc1022251541379','2018A5bc1092321053261','2018A5bc1032361609586','2018A5bc1022371610319','2018A5bc1062361611059','2018A5bd1092471506065','2018A5bd1092631522487','2018A5bd1092761400457','2018A5bd1052941125173','2018A5bd1062921747281','2018A5bd1082911750054','2018A5bd1022971754419','2018A5bd1042911914331','2018A5bd1072901952446','2018A5bd1042991954578','2018A5bd1072911956368','2018A5bd1072972011219','2018A5bd1083071456350','2018A5bd1023011540345','2018A5bd1073001716017','2018A5bd1053081716284','2018A5bd1160151515009','2018A5bd1140101547029','2018A5bd1170331435007','2018A5bd1180581232069','2018A5bd1140571248425','2018A5be1170571714455','2018A5be1160501826054','2018A5be1120691523239','2018A5be1160751428272','2018A5be1190841750303','2018A5be1140871838495','2018A5be1120971355319','2018A5be1171481305283','2018A5be1191451752271','2018A5bf1172271513302','2018A5bf1172201700161','2018A5bf1192581519268','2018A5bf1182561519387','2018A5bf1162501529444','2018A5bf1132561535265','2018A5bf1122671111109','2018A5bf1122721659273','2018A5c01183052136034','2018A5c01290451540097','2018A5c01200411607017','2018A5c01260461918545','2018A5c01290531819039','2018A5c01290881518528','2018A5c01231021739500','2018A5c11231561507540','2018A5c11211531527488','2018A5c11271541534502','2018A5c11261771439544','2018A5c11241891519022','2018A5c11291821525358','2018A5c11291921349070','2018A5c11292351620125','2018A5c21232461158401','2018A5c21292441337189','2018A5c21242571432070','2018A5c21262561814488','2018A5c21222551857565','2018A5c21252621057048','2018A5c21232661057531','2018A5c21252691629499','2018A5c21272601630158','2018A5c21272691828268','2018A5c21232681828425','2018A5c21282601924070','2018A5c21252601924286','2018A5c21252791813251','2018A5c21202761813475','2018A5c21242821137236','2018A5c21292811138036','2018A5c21232931157362','2018A5c21272951412009','2018A5c21212931412206','2018A5c21232971717226','2018A5c21282911826386','2018A5c21273161719022','2018A5c21243101719537','2018A5c21213101918125','2018A5c21203121918249','2018A5c20160341544491','2018A5c30150581452355','2018A5c30180571609295','2018A5c30110511610123','2018A5c30190561612164','2018A5c30180551612295','2018A5c30150781533348','2018A5c30120731542152','2018A5c30110741542413','2018A5c30110861444139','2018A5c30111001616438','2018A5c30191281533304','2018A5c30141471506480','2018A5c30131661846432','2018A5c40152181606445','2018A5c40132121627442','2018A5c40162461608427','2018A5c40132621457261','2018A5c40122631458200','2018A5c40102871840589','2018A5c40132851841191','2018A5c40142981050466','2018A5c40112981159006','2018A5c50152991617397','2018A5c50182911617520','2018A5c50112951902021','2018A5c50132991905229','2018A5c50173121445516','2018A5c60261591909423','2018A5c60291561915302','2018A5c60201511929463','2018A5c60251531930402','2018A5c60201691751235','2018A5c60291801840416','2018A5c60251841849375','2018A5c60221971621483','2018A5c60252171602238','2018A5c60232152109372','2018A5c60212102110268','2018A5c60232251144341','2018A5c70212321455146','2018A5c70282311455351','2018A5c70252551324424','2018A5c70292581325455','2018A5c70272521906427','2018A5c70252551906561','2018A5c70262851847026','2018A5c70390131725338','2018A5c70380141727292','2018A5c70340241358403','2018A5c70350211804474','2018A5c70360511124150','2018A5c70320531344582','2018A5c70300501345533','2018A5c70350552132199','2018A5c70350572132399','2018A5c70350611819133','2018A5c80330751744247','2018A5c80370731745350','2018A5c80340821816299','2018A5c80380881820561','2018A5c80371091640088','2018A5c80301191552501','2018A5c80361221551409','2018A5c80301381653066','2018A5c90382791117289','2018A5c90322701117457','2018A5ca0480881015577','2018A5cb0431501511153','2018A5cb0431631617186','2018A5cb0481952008069','2018A5cb0462212238078','2018A5cc0492421652074','2018A5cc0462461716297','2018A5cc0482491729476','2018A5cc0422441741297','2018A5cc0472432025289','2018A5cc0412422151421','2018A5cc0500221532384','2018A5cc0500521421476','2018A5cc0520601714427','2018A5cc0510601714541','2018A5cc0570621715177','2018A5cc0550661724369','2018A5cd0500672145398','2018A5cd0570821254492','2018A5cd0571071713184','2018A5cd0531181654209','2018A5cd0541471759419','2018A5cd0531511119542','2018A5cd0581511739153','2018A5cd0501701527240','2018A5ce0552921717210','2018A5cf0620171748240','2018A5cf0690601537394','2018A5d00632181519014') AND `models` = 'ORDER' LIMIT 1   [ RunTime:0.0109s ]
NOTIC: [8] Undefined variable: nums /www/web/168/Dexis/Backet/Controller/UsersController.class.php 第 737 行.
NOTIC: [8] Undefined variable: nums /www/web/168/Dexis/Backet/Controller/UsersController.class.php 第 738 行.
SQL: SELECT * FROM `acc_nums` WHERE `time` BETWEEN 1559318400 AND 1561824000 AND `uid` IN ('110877','110625','110600','110597','110539','110280','110279','110277','110275','110270','110265','109967','109946','102657','101720','78990','55153','54961','38416','23275','18522','18135','16382','11146','11118','10751','10055','9281','9219','9205','7824','6658','5412','5244','4716','4543','4524','4522','4090','4037','3926','3784','3711','3649','3597','3463','3456','3337','3208','3150','2816','2813','2729','2223','2149','2126','1851','1679','1596','1402','1259','1178','1176','1175','1174','1113','1053','1037','1028','1016','1009','795','726','718','673','672','606','572','515','467','450','444','442','441','412','410','341','340','334','272','232','130','119','117','116','108','37','27','26','25','24','23','22','20') AND `type` < 20 AND `aboutid` = 0 AND `status` = 1 ORDER BY id desc  [ RunTime:0.0095s ]
SQL: SELECT * FROM `acc_money` WHERE `sn` = '815571219604038181' AND `models` = 'ORDER' LIMIT 1   [ RunTime:0.0117s ]
SQL: SELECT * FROM `acc_money` WHERE `sn` = '815571219604038181' AND `models` = 'ORDER' LIMIT 1   [ RunTime:0.0117s ]
SQL: SELECT * FROM `orders` WHERE `sn` = '815571219604038181' AND `status` = 1 LIMIT 1   [ RunTime:0.0072s ]
NOTIC: [8] Undefined variable: pay_rest /www/web/168/Dexis/Backet/Controller/UsersController.class.php 第 803 行.
SQL: SELECT * FROM `account` WHERE `id` = 117 LIMIT 1   [ RunTime:0.0001s ]
SQL: SELECT * FROM `account` WHERE `id` = 117 LIMIT 1   [ RunTime:0.0001s ]
SQL: SELECT * FROM `acc_money` WHERE `sn` = '715601437313722814' AND `models` = 'ORDER' LIMIT 1   [ RunTime:0.0117s ]
SQL: SELECT * FROM `acc_money` WHERE `sn` = '715601437313722814' AND `models` = 'ORDER' LIMIT 1   [ RunTime:0.0117s ]
SQL: SELECT * FROM `orders` WHERE `sn` = '715601437313722814' AND `status` = 1 LIMIT 1   [ RunTime:0.0072s ]
NOTIC: [8] Undefined variable: pay_wecate /www/web/168/Dexis/Backet/Controller/UsersController.class.php 第 801 行.
SQL: SELECT * FROM `account` WHERE `id` = 1028 LIMIT 1   [ RunTime:0.0001s ]
SQL: SELECT * FROM `account` WHERE `id` = 1028 LIMIT 1   [ RunTime:0.0001s ]
SQL: SELECT * FROM `acc_money` WHERE `sn` = '2018A5d00632181519014' AND `models` = 'ORDER' LIMIT 1   [ RunTime:0.0117s ]
SQL: SELECT * FROM `acc_money` WHERE `sn` = '2018A5d00632181519014' AND `models` = 'ORDER' LIMIT 1   [ RunTime:0.0117s ]
NOTIC: [8] Undefined variable: pay_bac /www/web/168/Dexis/Backet/Controller/UsersController.class.php 第 796 行.
SQL: SELECT * FROM `account` WHERE `id` = 718 LIMIT 1   [ RunTime:0.0001s ]
SQL: SELECT * FROM `account` WHERE `id` = 718 LIMIT 1   [ RunTime:0.0001s ]
SQL: SELECT * FROM `acc_money` WHERE `sn` = '115604763584195222' AND `models` = 'ORDER' LIMIT 1   [ RunTime:0.0117s ]
SQL: SELECT * FROM `acc_money` WHERE `sn` = '115604763584195222' AND `models` = 'ORDER' LIMIT 1   [ RunTime:0.0116s ]
SQL: SELECT * FROM `orders` WHERE `sn` = '115604763584195222' AND `status` = 1 LIMIT 1   [ RunTime:0.0071s ]
SQL: SELECT * FROM `account` WHERE `id` = 110277 LIMIT 1   [ RunTime:0.0001s ]
SQL: SELECT * FROM `account` WHERE `id` = 110277 LIMIT 1   [ RunTime:0.0001s ]
SQL: SELECT * FROM `acc_money` WHERE `sn` = '315601616699286961' AND `models` = 'ORDER' LIMIT 1   [ RunTime:0.0116s ]
SQL: SELECT * FROM `acc_money` WHERE `sn` = '315601616699286961' AND `models` = 'ORDER' LIMIT 1   [ RunTime:0.0116s ]
SQL: SELECT * FROM `orders` WHERE `sn` = '315601616699286961' AND `status` = 1 LIMIT 1   [ RunTime:0.0071s ]
SQL: SELECT * FROM `account` WHERE `id` = 2729 LIMIT 1   [ RunTime:0.0001s ]
SQL: SELECT * FROM `account` WHERE `id` = 2729 LIMIT 1   [ RunTime:0.0001s ]
SQL: SELECT * FROM `acc_money` WHERE `sn` = '715594042632714741' AND `models` = 'ORDER' LIMIT 1   [ RunTime:0.0117s ]
SQL: SELECT * FROM `acc_money` WHERE `sn` = '715594042632714741' AND `models` = 'ORDER' LIMIT 1   [ RunTime:0.0116s ]
SQL: SELECT * FROM `orders` WHERE `sn` = '715594042632714741' AND `status` = 1 LIMIT 1   [ RunTime:0.0071s ]
SQL: SELECT * FROM `account` WHERE `id` = 2729 LIMIT 1   [ RunTime:0.0001s ]
SQL: SELECT * FROM `account` WHERE `id` = 2729 LIMIT 1   [ RunTime:0.0001s ]
SQL: SELECT * FROM `acc_money` WHERE `sn` = '415599042934038813' AND `models` = 'ORDER' LIMIT 1   [ RunTime:0.0116s ]
SQL: SELECT * FROM `acc_money` WHERE `sn` = '415599042934038813' AND `models` = 'ORDER' LIMIT 1   [ RunTime:0.0117s ]
SQL: SELECT * FROM `orders` WHERE `sn` = '415599042934038813' AND `status` = 1 LIMIT 1   [ RunTime:0.0071s ]
SQL: SELECT * FROM `account` WHERE `id` = 1028 LIMIT 1   [ RunTime:0.0001s ]
SQL: SELECT * FROM `account` WHERE `id` = 1028 LIMIT 1   [ RunTime:0.0001s ]
SQL: SELECT * FROM `acc_money` WHERE `sn` = '815600466770643384' AND `models` = 'ORDER' LIMIT 1   [ RunTime:0.0116s ]
SQL: SELECT * FROM `acc_money` WHERE `sn` = '815600466770643384' AND `models` = 'ORDER' LIMIT 1   [ RunTime:0.0116s ]
SQL: SELECT * FROM `orders` WHERE `sn` = '815600466770643384' AND `status` = 1 LIMIT 1   [ RunTime:0.0071s ]
SQL: SELECT * FROM `account` WHERE `id` = 110539 LIMIT 1   [ RunTime:0.0001s ]
SQL: SELECT * FROM `account` WHERE `id` = 110539 LIMIT 1   [ RunTime:0.0001s ]
SQL: SELECT * FROM `acc_money` WHERE `sn` = '415600030902511648' AND `models` = 'ORDER' LIMIT 1   [ RunTime:0.0116s ]
SQL: SELECT * FROM `acc_money` WHERE `sn` = '415600030902511648' AND `models` = 'ORDER' LIMIT 1   [ RunTime:0.0116s ]
SQL: SELECT * FROM `orders` WHERE `sn` = '415600030902511648' AND `status` = 1 LIMIT 1   [ RunTime:0.0071s ]
SQL: SELECT * FROM `account` WHERE `id` = 110539 LIMIT 1   [ RunTime:0.0001s ]
SQL: SELECT * FROM `account` WHERE `id` = 110539 LIMIT 1   [ RunTime:0.0001s ]
SQL: SELECT * FROM `acc_money` WHERE `sn` = '115599564107148516' AND `models` = 'ORDER' LIMIT 1   [ RunTime:0.0117s ]
SQL: SELECT * FROM `acc_money` WHERE `sn` = '115599564107148516' AND `models` = 'ORDER' LIMIT 1   [ RunTime:0.0116s ]
SQL: SELECT * FROM `orders` WHERE `sn` = '115599564107148516' AND `status` = 1 LIMIT 1   [ RunTime:0.0072s ]
SQL: SELECT * FROM `account` WHERE `id` = 110539 LIMIT 1   [ RunTime:0.0001s ]
SQL: SELECT * FROM `account` WHERE `id` = 110539 LIMIT 1   [ RunTime:0.0001s ]
SQL: SELECT * FROM `acc_money` WHERE `sn` = '315597308645083958' AND `models` = 'ORDER' LIMIT 1   [ RunTime:0.0116s ]
SQL: SELECT * FROM `acc_money` WHERE `sn` = '315597308645083958' AND `models` = 'ORDER' LIMIT 1   [ RunTime:0.0116s ]
SQL: SELECT * FROM `orders` WHERE `sn` = '315597308645083958' AND `status` = 1 LIMIT 1   [ RunTime:0.0071s ]
SQL: SELECT * FROM `account` WHERE `id` = 110539 LIMIT 1   [ RunTime:0.0001s ]
SQL: SELECT * FROM `account` WHERE `id` = 110539 LIMIT 1   [ RunTime:0.0001s ]
SQL: SELECT * FROM `acc_money` WHERE `sn` = '615599041249859133' AND `models` = 'ORDER' LIMIT 1   [ RunTime:0.0116s ]
SQL: SELECT * FROM `acc_money` WHERE `sn` = '615599041249859133' AND `models` = 'ORDER' LIMIT 1   [ RunTime:0.0116s ]
SQL: SELECT * FROM `orders` WHERE `sn` = '615599041249859133' AND `status` = 1 LIMIT 1   [ RunTime:0.0071s ]
SQL: SELECT * FROM `account` WHERE `id` = 1028 LIMIT 1   [ RunTime:0.0001s ]
SQL: SELECT * FROM `account` WHERE `id` = 1028 LIMIT 1   [ RunTime:0.0001s ]
SQL: SELECT * FROM `acc_money` WHERE `sn` = '615594757294979466' AND `models` = 'ORDER' LIMIT 1   [ RunTime:0.0116s ]
SQL: SELECT * FROM `acc_money` WHERE `sn` = '615594757294979466' AND `models` = 'ORDER' LIMIT 1   [ RunTime:0.0116s ]
SQL: SELECT * FROM `orders` WHERE `sn` = '615594757294979466' AND `status` = 1 LIMIT 1   [ RunTime:0.0071s ]
SQL: SELECT * FROM `account` WHERE `id` = 1028 LIMIT 1   [ RunTime:0.0001s ]
SQL: SELECT * FROM `account` WHERE `id` = 1028 LIMIT 1   [ RunTime:0.0001s ]
SQL: SELECT * FROM `acc_money` WHERE `sn` = '2018A5cf0690601537394' AND `models` = 'ORDER' LIMIT 1   [ RunTime:0.0116s ]
SQL: SELECT * FROM `acc_money` WHERE `sn` = '2018A5cf0690601537394' AND `models` = 'ORDER' LIMIT 1   [ RunTime:0.0116s ]
SQL: SELECT * FROM `account` WHERE `id` = 2816 LIMIT 1   [ RunTime:0.0001s ]
SQL: SELECT * FROM `account` WHERE `id` = 2816 LIMIT 1   [ RunTime:0.0001s ]
SQL: SELECT * FROM `acc_money` WHERE `sn` = '315590301362064297' AND `models` = 'ORDER' LIMIT 1   [ RunTime:0.0117s ]
SQL: SELECT * FROM `acc_money` WHERE `sn` = '315590301362064297' AND `models` = 'ORDER' LIMIT 1   [ RunTime:0.0116s ]
SQL: SELECT * FROM `orders` WHERE `sn` = '315590301362064297' AND `status` = 1 LIMIT 1   [ RunTime:0.0071s ]
SQL: SELECT * FROM `account` WHERE `id` = 110539 LIMIT 1   [ RunTime:0.0001s ]
SQL: SELECT * FROM `account` WHERE `id` = 110539 LIMIT 1   [ RunTime:0.0001s ]
SQL: SELECT * FROM `acc_money` WHERE `sn` = '815592984798842258' AND `models` = 'ORDER' LIMIT 1   [ RunTime:0.0116s ]
SQL: SELECT * FROM `acc_money` WHERE `sn` = '815592984798842258' AND `models` = 'ORDER' LIMIT 1   [ RunTime:0.0116s ]
SQL: SELECT * FROM `orders` WHERE `sn` = '815592984798842258' AND `status` = 1 LIMIT 1   [ RunTime:0.0071s ]
SQL: SELECT * FROM `account` WHERE `id` = 2729 LIMIT 1   [ RunTime:0.0001s ]
SQL: SELECT * FROM `account` WHERE `id` = 2729 LIMIT 1   [ RunTime:0.0001s ]
SQL: SELECT * FROM `acc_money` WHERE `sn` = '2018A5cf0620171748240' AND `models` = 'ORDER' LIMIT 1   [ RunTime:0.0117s ]
SQL: SELECT * FROM `acc_money` WHERE `sn` = '2018A5cf0620171748240' AND `models` = 'ORDER' LIMIT 1   [ RunTime:0.0116s ]
SQL: SELECT * FROM `account` WHERE `id` = 22 LIMIT 1   [ RunTime:0.0001s ]
SQL: SELECT * FROM `account` WHERE `id` = 22 LIMIT 1   [ RunTime:0.0001s ]
NOTIC: [8] Undefined variable: get_list2 /www/web/168/Dexis/Backet/Controller/UsersController.class.php 第 819 行.
SQL: SHOW COLUMNS FROM `money_draw` [ RunTime:0.0006s ]
SQL: SELECT SUM(money) AS tp_sum FROM `money_draw` WHERE `status` = 1 LIMIT 1   [ RunTime:0.0013s ]
SQL: SHOW COLUMNS FROM `acc_record` [ RunTime:0.0004s ]
SQL: SELECT COUNT(*) AS tp_count FROM `acc_record` WHERE `dotype` = '用户升级黄金雨' LIMIT 1   [ RunTime:0.0018s ]
SQL: SELECT COUNT(*) AS tp_count FROM `acc_record` WHERE `dotype` = '用户升级黄金雨' AND `time` BETWEEN 1561392000 AND 1561478400 LIMIT 1   [ RunTime:0.0022s ]
SQL: SELECT COUNT(*) AS tp_count FROM `acc_record` WHERE `dotype` = '用户升级钻石雨' LIMIT 1   [ RunTime:0.0017s ]
SQL: SELECT COUNT(*) AS tp_count FROM `acc_record` WHERE `dotype` = '用户升级钻石雨' AND `time` BETWEEN 1561392000 AND 1561478400 LIMIT 1   [ RunTime:0.0020s ]

[ 2019-06-25T19:40:52+08:00 ] 219.133.46.184 /Backet/Dash/index.html
INFO: [ app_init ] --START--
INFO: Run Behavior\BuildLiteBehavior [ RunTime:0.000010s ]
INFO: [ app_init ] --END-- [ RunTime:0.000203s ]
INFO: [ app_begin ] --START--
INFO: Run Behavior\ReadHtmlCacheBehavior [ RunTime:0.000251s ]
INFO: [ app_begin ] --END-- [ RunTime:0.000285s ]
NOTIC: [8] Undefined index: lite /www/web/168/ThinkPHP/Library/Think/Db.class.php 第 37 行.

[ 2019-06-25T19:40:52+08:00 ] 219.133.46.184 /Backet/Index/index.html
INFO: [ app_init ] --START--
INFO: Run Behavior\BuildLiteBehavior [ RunTime:0.000009s ]
INFO: [ app_init ] --END-- [ RunTime:0.000192s ]
INFO: [ app_begin ] --START--
INFO: Run Behavior\ReadHtmlCacheBehavior [ RunTime:0.000271s ]
INFO: [ app_begin ] --END-- [ RunTime:0.000304s ]
NOTIC: [8] Undefined index: lite /www/web/168/ThinkPHP/Library/Think/Db.class.php 第 37 行.
INFO: [ view_parse ] --START--
INFO: [ template_filter ] --START--
INFO: Run Behavior\ContentReplaceBehavior [ RunTime:0.000028s ]
INFO: [ template_filter ] --END-- [ RunTime:0.000061s ]
INFO: Run Behavior\ParseTemplateBehavior [ RunTime:0.003459s ]
INFO: [ view_parse ] --END-- [ RunTime:0.003487s ]
INFO: [ view_filter ] --START--
INFO: Run Behavior\WriteHtmlCacheBehavior [ RunTime:0.000079s ]
INFO: [ view_filter ] --END-- [ RunTime:0.000101s ]
INFO: [ app_end ] --START--
INFO: Run Behavior\ShowPageTraceBehavior [ RunTime:0.000279s ]
INFO: [ app_end ] --END-- [ RunTime:0.000304s ]

[ 2019-06-25T19:41:04+08:00 ] 219.133.46.184 /Backet/Index/logon.html
INFO: [ app_init ] --START--
INFO: Run Behavior\BuildLiteBehavior [ RunTime:0.000022s ]
INFO: [ app_init ] --END-- [ RunTime:0.000215s ]
INFO: [ app_begin ] --START--
INFO: Run Behavior\ReadHtmlCacheBehavior [ RunTime:0.000264s ]
INFO: [ app_begin ] --END-- [ RunTime:0.000297s ]
NOTIC: [8] Undefined index: lite /www/web/168/ThinkPHP/Library/Think/Db.class.php 第 37 行.
SQL: SHOW COLUMNS FROM `sysmang` [ RunTime:0.0006s ]
SQL: SELECT * FROM `sysmang` WHERE `name` = 'admin' AND `passwd` = '9da94c00fffd56f3db24b5060aa63c93' LIMIT 1   [ RunTime:0.0005s ]

[ 2019-06-25T19:41:05+08:00 ] 117.136.63.43 /Backet/Dash/index.html
INFO: [ app_init ] --START--
INFO: Run Behavior\BuildLiteBehavior [ RunTime:0.000010s ]
INFO: [ app_init ] --END-- [ RunTime:0.000216s ]
INFO: [ app_begin ] --START--
INFO: Run Behavior\ReadHtmlCacheBehavior [ RunTime:0.000262s ]
INFO: [ app_begin ] --END-- [ RunTime:0.000294s ]
NOTIC: [8] Undefined index: lite /www/web/168/ThinkPHP/Library/Think/Db.class.php 第 37 行.
SQL: SHOW COLUMNS FROM `account` [ RunTime:0.0006s ]
SQL: SHOW COLUMNS FROM `orders` [ RunTime:0.0005s ]
SQL: SHOW COLUMNS FROM `acc_money` [ RunTime:0.0004s ]
SQL: SHOW COLUMNS FROM `acc_nums` [ RunTime:0.0004s ]
SQL: SHOW COLUMNS FROM `order_sr` [ RunTime:0.0004s ]
SQL: SELECT SUM(money) AS tp_sum FROM `orders` WHERE `paytime` BETWEEN 1561392000 AND 1561478399 LIMIT 1   [ RunTime:0.0024s ]
SQL: SELECT SUM(money) AS tp_sum FROM `acc_money` WHERE `models` = 'ORDER' AND `times` BETWEEN 1561392000 AND 1561478399 AND `sn` LIKE '%2018A%' LIMIT 1   [ RunTime:0.0086s ]
SQL: SELECT SUM(money) AS tp_sum FROM `order_sr` WHERE `status` IN ('5','4','7') AND `passtime` BETWEEN 1561392000 AND 1561478399 LIMIT 1   [ RunTime:0.0230s ]
SQL: SELECT * FROM `acc_money` WHERE `times` BETWEEN 1561392000 AND 1561478399 AND `models` = 'REBACK' GROUP BY sn  [ RunTime:0.0115s ]
SQL: SHOW COLUMNS FROM `acc_level` [ RunTime:0.0004s ]
SQL: SELECT `id`,`totalpoints`,`stock` FROM `account` WHERE `level` = 6 ORDER BY id desc  [ RunTime:0.0540s ]
SQL: SELECT SUM(stock) AS tp_sum FROM `account` LIMIT 1   [ RunTime:0.0325s ]
SQL: SELECT SUM(gnums) AS tp_sum FROM `orders` WHERE `buy_level` = 6 AND `gid` = 8 AND `status` = 1 LIMIT 1   [ RunTime:0.0032s ]
SQL: SELECT SUM(money) AS tp_sum FROM `orders` WHERE `buy_level` = 6 AND `gid` = 8 AND `status` = 1 LIMIT 1   [ RunTime:0.0032s ]
SQL: SELECT SUM(nums) AS tp_sum FROM `acc_nums` WHERE `type` = 13 AND `aboutid` = 0 LIMIT 1   [ RunTime:0.0050s ]
SQL: SELECT `sn` FROM `acc_nums` WHERE `type` = 13 AND `aboutid` = 0  [ RunTime:0.0045s ]
SQL: SELECT SUM(money) AS tp_sum FROM `acc_money` WHERE `sn` IN ('2018A1912918540','2018A1912918541','2018A5b80970461617222','2018A5b90980701728411','2018A5b90980711748050','2018A5b90991121239136','2018A5b90921111736580','2018A5b90921191749526','2018A5b90941321726472','2018A5b90921441410127','2018A5b90971441717500','2018A5b90941741052440','2018A5ba0912151716023','2018A5ba0962141755497','2018A5ba0992611303016','2018A5ba0912761738389','2018A5ba0932801356165','2018A5bb0913061721272','2018A5bb1020631750505','2018A5bb1090971740297','2018A5bb1040921804475','2018A5bb1040971806596','2018A5bb1060941807574','2018A5bb1021001607462','2018A5bc1051351612361','2018A5bc1071351803127','2018A5bc1091681428060','2018A5bc1081671604347','2018A5bc1071771642530','2018A5bc1091891338521','2018A5bc1002291539596','2018A5bc1022251541379','2018A5bc1092321053261','2018A5bc1032361609586','2018A5bc1022371610319','2018A5bc1062361611059','2018A5bd1092471506065','2018A5bd1092631522487','2018A5bd1092761400457','2018A5bd1052941125173','2018A5bd1062921747281','2018A5bd1082911750054','2018A5bd1022971754419','2018A5bd1042911914331','2018A5bd1072901952446','2018A5bd1042991954578','2018A5bd1072911956368','2018A5bd1072972011219','2018A5bd1083071456350','2018A5bd1023011540345','2018A5bd1073001716017','2018A5bd1053081716284','2018A5bd1160151515009','2018A5bd1140101547029','2018A5bd1170331435007','2018A5bd1180581232069','2018A5bd1140571248425','2018A5be1170571714455','2018A5be1160501826054','2018A5be1120691523239','2018A5be1160751428272','2018A5be1190841750303','2018A5be1140871838495','2018A5be1120971355319','2018A5be1171481305283','2018A5be1191451752271','2018A5bf1172271513302','2018A5bf1172201700161','2018A5bf1192581519268','2018A5bf1182561519387','2018A5bf1162501529444','2018A5bf1132561535265','2018A5bf1122671111109','2018A5bf1122721659273','2018A5c01183052136034','2018A5c01290451540097','2018A5c01200411607017','2018A5c01260461918545','2018A5c01290531819039','2018A5c01290881518528','2018A5c01231021739500','2018A5c11231561507540','2018A5c11211531527488','2018A5c11271541534502','2018A5c11261771439544','2018A5c11241891519022','2018A5c11291821525358','2018A5c11291921349070','2018A5c11292351620125','2018A5c21232461158401','2018A5c21292441337189','2018A5c21242571432070','2018A5c21262561814488','2018A5c21222551857565','2018A5c21252621057048','2018A5c21232661057531','2018A5c21252691629499','2018A5c21272601630158','2018A5c21272691828268','2018A5c21232681828425','2018A5c21282601924070','2018A5c21252601924286','2018A5c21252791813251','2018A5c21202761813475','2018A5c21242821137236','2018A5c21292811138036','2018A5c21232931157362','2018A5c21272951412009','2018A5c21212931412206','2018A5c21232971717226','2018A5c21282911826386','2018A5c21273161719022','2018A5c21243101719537','2018A5c21213101918125','2018A5c21203121918249','2018A5c20160341544491','2018A5c30150581452355','2018A5c30180571609295','2018A5c30110511610123','2018A5c30190561612164','2018A5c30180551612295','2018A5c30150781533348','2018A5c30120731542152','2018A5c30110741542413','2018A5c30110861444139','2018A5c30111001616438','2018A5c30191281533304','2018A5c30141471506480','2018A5c30131661846432','2018A5c40152181606445','2018A5c40132121627442','2018A5c40162461608427','2018A5c40132621457261','2018A5c40122631458200','2018A5c40102871840589','2018A5c40132851841191','2018A5c40142981050466','2018A5c40112981159006','2018A5c50152991617397','2018A5c50182911617520','2018A5c50112951902021','2018A5c50132991905229','2018A5c50173121445516','2018A5c60261591909423','2018A5c60291561915302','2018A5c60201511929463','2018A5c60251531930402','2018A5c60201691751235','2018A5c60291801840416','2018A5c60251841849375','2018A5c60221971621483','2018A5c60252171602238','2018A5c60232152109372','2018A5c60212102110268','2018A5c60232251144341','2018A5c70212321455146','2018A5c70282311455351','2018A5c70252551324424','2018A5c70292581325455','2018A5c70272521906427','2018A5c70252551906561','2018A5c70262851847026','2018A5c70390131725338','2018A5c70380141727292','2018A5c70340241358403','2018A5c70350211804474','2018A5c70360511124150','2018A5c70320531344582','2018A5c70300501345533','2018A5c70350552132199','2018A5c70350572132399','2018A5c70350611819133','2018A5c80330751744247','2018A5c80370731745350','2018A5c80340821816299','2018A5c80380881820561','2018A5c80371091640088','2018A5c80301191552501','2018A5c80361221551409','2018A5c80301381653066','2018A5c90382791117289','2018A5c90322701117457','2018A5ca0480881015577','2018A5cb0431501511153','2018A5cb0431631617186','2018A5cb0481952008069','2018A5cb0462212238078','2018A5cc0492421652074','2018A5cc0462461716297','2018A5cc0482491729476','2018A5cc0422441741297','2018A5cc0472432025289','2018A5cc0412422151421','2018A5cc0500221532384','2018A5cc0500521421476','2018A5cc0520601714427','2018A5cc0510601714541','2018A5cc0570621715177','2018A5cc0550661724369','2018A5cd0500672145398','2018A5cd0570821254492','2018A5cd0571071713184','2018A5cd0531181654209','2018A5cd0541471759419','2018A5cd0531511119542','2018A5cd0581511739153','2018A5cd0501701527240','2018A5ce0552921717210','2018A5cf0620171748240','2018A5cf0690601537394','2018A5d00632181519014') AND `models` = 'ORDER' LIMIT 1   [ RunTime:0.0109s ]
NOTIC: [8] Undefined variable: nums /www/web/168/Dexis/Backet/Controller/UsersController.class.php 第 737 行.
NOTIC: [8] Undefined variable: nums /www/web/168/Dexis/Backet/Controller/UsersController.class.php 第 738 行.
SQL: SELECT * FROM `acc_nums` WHERE `time` BETWEEN 1561392000 AND 1561478400 AND `uid` IN ('110877','110625','110600','110597','110539','110280','110279','110277','110275','110270','110265','109967','109946','102657','101720','78990','55153','54961','38416','23275','18522','18135','16382','11146','11118','10751','10055','9281','9219','9205','7824','6658','5412','5244','4716','4543','4524','4522','4090','4037','3926','3784','3711','3649','3597','3463','3456','3337','3208','3150','2816','2813','2729','2223','2149','2126','1851','1679','1596','1402','1259','1178','1176','1175','1174','1113','1053','1037','1028','1016','1009','795','726','718','673','672','606','572','515','467','450','444','442','441','412','410','341','340','334','272','232','130','119','117','116','108','37','27','26','25','24','23','22','20') AND `type` < 20 AND `aboutid` = 0 AND `status` = 1 ORDER BY id desc  [ RunTime:0.0095s ]
NOTIC: [8] Undefined variable: get_list2 /www/web/168/Dexis/Backet/Controller/UsersController.class.php 第 819 行.
NOTIC: [8] Undefined variable: allmun /www/web/168/Dexis/Backet/Controller/UsersController.class.php 第 833 行.
NOTIC: [2] array_sum() expects parameter 1 to be array, null given /www/web/168/Dexis/Backet/Controller/UsersController.class.php 第 833 行.
SQL: SHOW COLUMNS FROM `money_draw` [ RunTime:0.0005s ]
SQL: SELECT SUM(money) AS tp_sum FROM `money_draw` WHERE `status` = 1 LIMIT 1   [ RunTime:0.0026s ]
SQL: SHOW COLUMNS FROM `acc_record` [ RunTime:0.0004s ]
SQL: SELECT COUNT(*) AS tp_count FROM `acc_record` WHERE `dotype` = '用户升级黄金雨' LIMIT 1   [ RunTime:0.0029s ]
SQL: SELECT COUNT(*) AS tp_count FROM `acc_record` WHERE `dotype` = '用户升级黄金雨' AND `time` BETWEEN 1561392000 AND 1561478400 LIMIT 1   [ RunTime:0.0022s ]
SQL: SELECT COUNT(*) AS tp_count FROM `acc_record` WHERE `dotype` = '用户升级钻石雨' LIMIT 1   [ RunTime:0.0018s ]
SQL: SELECT COUNT(*) AS tp_count FROM `acc_record` WHERE `dotype` = '用户升级钻石雨' AND `time` BETWEEN 1561392000 AND 1561478400 LIMIT 1   [ RunTime:0.0021s ]
NOTIC: [8] Undefined variable: pay_wecate /www/web/168/Dexis/Backet/Controller/UsersController.class.php 第 839 行.
NOTIC: [8] Undefined variable: pay_rest /www/web/168/Dexis/Backet/Controller/UsersController.class.php 第 839 行.
NOTIC: [8] Undefined variable: pay_bac /www/web/168/Dexis/Backet/Controller/UsersController.class.php 第 839 行.
SQL: SELECT SUM(money) AS tp_sum FROM `account` WHERE `level` <> 6 LIMIT 1   [ RunTime:0.0403s ]
SQL: SELECT SUM(money) AS tp_sum FROM `account` WHERE `level` = 6 LIMIT 1   [ RunTime:0.0297s ]
SQL: SELECT COUNT(*) AS tp_count FROM `account` LIMIT 1   [ RunTime:0.0242s ]
SQL: SELECT COUNT(*) AS tp_count FROM `orders` LIMIT 1   [ RunTime:0.0019s ]
SQL: SHOW COLUMNS FROM `acc_stages` [ RunTime:0.0005s ]
SQL: SELECT `level`,count(id) as apply_num FROM `acc_stages` WHERE `status` <> 3 AND `type` = 2 GROUP BY level ORDER BY level asc  [ RunTime:0.0003s ]
SQL: SHOW COLUMNS FROM `order_drs` [ RunTime:0.0005s ]
SQL: SELECT SUM(nums) AS tp_sum FROM `order_drs` WHERE `status` = 1 AND `have_pay` = 1 LIMIT 1   [ RunTime:0.0054s ]
SQL: SELECT SUM(nums) AS tp_sum FROM `acc_nums` WHERE `type` = 23 AND `time` BETWEEN 1561392000 AND 1561478400 LIMIT 1   [ RunTime:0.0051s ]
SQL: SELECT SUM(money) AS tp_sum FROM `orders` WHERE ( status=3 ) LIMIT 1   [ RunTime:0.0023s ]
INFO: [ view_parse ] --START--
INFO: [ template_filter ] --START--
INFO: Run Behavior\ContentReplaceBehavior [ RunTime:0.000102s ]
INFO: [ template_filter ] --END-- [ RunTime:0.000136s ]
INFO: Run Behavior\ParseTemplateBehavior [ RunTime:0.013595s ]
INFO: [ view_parse ] --END-- [ RunTime:0.013629s ]
INFO: [ view_filter ] --START--
INFO: Run Behavior\WriteHtmlCacheBehavior [ RunTime:0.000100s ]
INFO: [ view_filter ] --END-- [ RunTime:0.000123s ]
INFO: [ app_end ] --START--
INFO: Run Behavior\ShowPageTraceBehavior [ RunTime:0.000289s ]
INFO: [ app_end ] --END-- [ RunTime:0.000343s ]

[ 2019-06-25T19:41:11+08:00 ] 117.136.63.43 /Backet/Users/index.html
INFO: [ app_init ] --START--
INFO: Run Behavior\BuildLiteBehavior [ RunTime:0.000010s ]
INFO: [ app_init ] --END-- [ RunTime:0.000212s ]
INFO: [ app_begin ] --START--
INFO: Run Behavior\ReadHtmlCacheBehavior [ RunTime:0.000269s ]
INFO: [ app_begin ] --END-- [ RunTime:0.000303s ]
NOTIC: [8] Undefined index: lite /www/web/168/ThinkPHP/Library/Think/Db.class.php 第 37 行.
SQL: SHOW COLUMNS FROM `account` [ RunTime:0.0006s ]
SQL: SHOW COLUMNS FROM `acc_level` [ RunTime:0.0004s ]
NOTIC: [8] Undefined index: start /www/web/168/Dexis/Backet/Controller/UsersController.class.php 第 17 行.
NOTIC: [8] Undefined index: ends /www/web/168/Dexis/Backet/Controller/UsersController.class.php 第 17 行.
NOTIC: [8] Undefined index: phone /www/web/168/Dexis/Backet/Controller/UsersController.class.php 第 32 行.
NOTIC: [8] Undefined index: nickname /www/web/168/Dexis/Backet/Controller/UsersController.class.php 第 33 行.
NOTIC: [8] Undefined index: name /www/web/168/Dexis/Backet/Controller/UsersController.class.php 第 34 行.
NOTIC: [8] Undefined index: level /www/web/168/Dexis/Backet/Controller/UsersController.class.php 第 35 行.
NOTIC: [8] Undefined index: up_nickname /www/web/168/Dexis/Backet/Controller/UsersController.class.php 第 37 行.
NOTIC: [8] Undefined variable: where /www/web/168/Dexis/Backet/Controller/UsersController.class.php 第 41 行.
SQL: SELECT COUNT(*) AS tp_count FROM `account` LIMIT 1   [ RunTime:0.0257s ]
SQL: SELECT * FROM `account` ORDER BY id desc LIMIT 0,10   [ RunTime:0.0002s ]
SQL: UPDATE `account` SET `recid`='15c693832583c8' WHERE `id` = 110898 [ RunTime:0.0027s ]
SQL: SELECT * FROM `account` WHERE `sysid` = '15c693832583c8' LIMIT 1   [ RunTime:0.0305s ]
SQL: SHOW COLUMNS FROM `frozen` [ RunTime:0.0004s ]
SQL: SELECT SUM(frozen_money) AS tp_sum FROM `frozen` WHERE `uid` = 110898 AND `type` = 2 LIMIT 1   [ RunTime:0.0003s ]
SQL: SELECT SUM(frozen_money) AS tp_sum FROM `frozen` WHERE `uid` = 110898 AND `type` = 1 LIMIT 1   [ RunTime:0.0001s ]
SQL: UPDATE `account` SET `recid`='0' WHERE `id` = 110897 [ RunTime:0.0024s ]
SQL: SELECT * FROM `account` WHERE `sysid` = '0' LIMIT 1   [ RunTime:0.1007s ]
SQL: SELECT SUM(frozen_money) AS tp_sum FROM `frozen` WHERE `uid` = 110897 AND `type` = 2 LIMIT 1   [ RunTime:0.0002s ]
SQL: SELECT SUM(frozen_money) AS tp_sum FROM `frozen` WHERE `uid` = 110897 AND `type` = 1 LIMIT 1   [ RunTime:0.0001s ]
SQL: UPDATE `account` SET `recid`='BOSS' WHERE `id` = 110896 [ RunTime:0.0038s ]
SQL: SELECT * FROM `account` WHERE `sysid` = 'BOSS' LIMIT 1   [ RunTime:0.0011s ]
SQL: SELECT SUM(frozen_money) AS tp_sum FROM `frozen` WHERE `uid` = 110896 AND `type` = 2 LIMIT 1   [ RunTime:0.0002s ]
SQL: SELECT SUM(frozen_money) AS tp_sum FROM `frozen` WHERE `uid` = 110896 AND `type` = 1 LIMIT 1   [ RunTime:0.0001s ]
SQL: UPDATE `account` SET `recid`='15d0d7f20f21ca' WHERE `id` = 110895 [ RunTime:0.0027s ]
SQL: SELECT * FROM `account` WHERE `sysid` = '15d0d7f20f21ca' LIMIT 1   [ RunTime:0.1020s ]
SQL: SELECT SUM(frozen_money) AS tp_sum FROM `frozen` WHERE `uid` = 110895 AND `type` = 2 LIMIT 1   [ RunTime:0.0002s ]
SQL: SELECT SUM(frozen_money) AS tp_sum FROM `frozen` WHERE `uid` = 110895 AND `type` = 1 LIMIT 1   [ RunTime:0.0001s ]
SQL: UPDATE `account` SET `recid`='0' WHERE `id` = 110894 [ RunTime:0.0022s ]
SQL: SELECT * FROM `account` WHERE `sysid` = '0' LIMIT 1   [ RunTime:0.1003s ]
SQL: SELECT SUM(frozen_money) AS tp_sum FROM `frozen` WHERE `uid` = 110894 AND `type` = 2 LIMIT 1   [ RunTime:0.0002s ]
SQL: SELECT SUM(frozen_money) AS tp_sum FROM `frozen` WHERE `uid` = 110894 AND `type` = 1 LIMIT 1   [ RunTime:0.0001s ]
SQL: UPDATE `account` SET `recid`='0' WHERE `id` = 110893 [ RunTime:0.0034s ]
SQL: SELECT * FROM `account` WHERE `sysid` = '0' LIMIT 1   [ RunTime:0.1006s ]
SQL: SELECT SUM(frozen_money) AS tp_sum FROM `frozen` WHERE `uid` = 110893 AND `type` = 2 LIMIT 1   [ RunTime:0.0002s ]
SQL: SELECT SUM(frozen_money) AS tp_sum FROM `frozen` WHERE `uid` = 110893 AND `type` = 1 LIMIT 1   [ RunTime:0.0002s ]
SQL: UPDATE `account` SET `recid`='0' WHERE `id` = 110892 [ RunTime:0.0030s ]
SQL: SELECT * FROM `account` WHERE `sysid` = '0' LIMIT 1   [ RunTime:0.1002s ]
SQL: SELECT SUM(frozen_money) AS tp_sum FROM `frozen` WHERE `uid` = 110892 AND `type` = 2 LIMIT 1   [ RunTime:0.0003s ]
SQL: SELECT SUM(frozen_money) AS tp_sum FROM `frozen` WHERE `uid` = 110892 AND `type` = 1 LIMIT 1   [ RunTime:0.0002s ]
SQL: UPDATE `account` SET `recid`='15d0ff5dcc97ad' WHERE `id` = 110891 [ RunTime:0.0020s ]
SQL: SELECT * FROM `account` WHERE `sysid` = '15d0ff5dcc97ad' LIMIT 1   [ RunTime:0.1022s ]
SQL: SELECT SUM(frozen_money) AS tp_sum FROM `frozen` WHERE `uid` = 110891 AND `type` = 2 LIMIT 1   [ RunTime:0.0002s ]
SQL: SELECT SUM(frozen_money) AS tp_sum FROM `frozen` WHERE `uid` = 110891 AND `type` = 1 LIMIT 1   [ RunTime:0.0002s ]
SQL: UPDATE `account` SET `recid`='15c75f174d1e7b' WHERE `id` = 110890 [ RunTime:0.0027s ]
SQL: SELECT * FROM `account` WHERE `sysid` = '15c75f174d1e7b' LIMIT 1   [ RunTime:0.0903s ]
SQL: SELECT SUM(frozen_money) AS tp_sum FROM `frozen` WHERE `uid` = 110890 AND `type` = 2 LIMIT 1   [ RunTime:0.0002s ]
SQL: SELECT SUM(frozen_money) AS tp_sum FROM `frozen` WHERE `uid` = 110890 AND `type` = 1 LIMIT 1   [ RunTime:0.0001s ]
SQL: UPDATE `account` SET `recid`='15c75f174d1e7b' WHERE `id` = 110889 [ RunTime:0.0027s ]
SQL: SELECT * FROM `account` WHERE `sysid` = '15c75f174d1e7b' LIMIT 1   [ RunTime:0.0904s ]
SQL: SELECT SUM(frozen_money) AS tp_sum FROM `frozen` WHERE `uid` = 110889 AND `type` = 2 LIMIT 1   [ RunTime:0.0002s ]
SQL: SELECT SUM(frozen_money) AS tp_sum FROM `frozen` WHERE `uid` = 110889 AND `type` = 1 LIMIT 1   [ RunTime:0.0002s ]
SQL: SELECT * FROM `acc_level`  [ RunTime:0.0001s ]
INFO: [ view_parse ] --START--
INFO: [ template_filter ] --START--
INFO: Run Behavior\ContentReplaceBehavior [ RunTime:0.000086s ]
INFO: [ template_filter ] --END-- [ RunTime:0.000127s ]
NOTIC: [8] Undefined variable: type /www/web/168/Dexis/Runtime/Cache/Backet/76b3d4337e15a8dd9d9b675d9a08fae8.php 第 309 行.
NOTIC: [8] Undefined variable: page /www/web/168/Dexis/Runtime/Cache/Backet/76b3d4337e15a8dd9d9b675d9a08fae8.php 第 314 行.
NOTIC: [8] Undefined index: phone /www/web/168/Dexis/Runtime/Cache/Backet/76b3d4337e15a8dd9d9b675d9a08fae8.php 第 316 行.
NOTIC: [8] Undefined index: up_nickname /www/web/168/Dexis/Runtime/Cache/Backet/76b3d4337e15a8dd9d9b675d9a08fae8.php 第 319 行.
NOTIC: [8] Undefined index: nickname /www/web/168/Dexis/Runtime/Cache/Backet/76b3d4337e15a8dd9d9b675d9a08fae8.php 第 322 行.
NOTIC: [8] Undefined index: name /www/web/168/Dexis/Runtime/Cache/Backet/76b3d4337e15a8dd9d9b675d9a08fae8.php 第 325 行.
NOTIC: [8] Undefined index: start /www/web/168/Dexis/Runtime/Cache/Backet/76b3d4337e15a8dd9d9b675d9a08fae8.php 第 334 行.
NOTIC: [8] Undefined index: ends /www/web/168/Dexis/Runtime/Cache/Backet/76b3d4337e15a8dd9d9b675d9a08fae8.php 第 337 行.
SQL: SELECT * FROM `acc_level` WHERE `id` = 5 LIMIT 1   [ RunTime:0.0001s ]
SQL: SELECT * FROM `acc_level` WHERE `id` = 0 LIMIT 1   [ RunTime:0.0001s ]
SQL: SELECT * FROM `acc_level` WHERE `id` = null LIMIT 1   [ RunTime:0.0001s ]
SQL: SELECT * FROM `acc_level` WHERE `id` = 0 LIMIT 1   [ RunTime:0.0001s ]
SQL: SELECT * FROM `acc_level` WHERE `id` = 6 LIMIT 1   [ RunTime:0.0001s ]
SQL: SELECT * FROM `acc_level` WHERE `id` = 0 LIMIT 1   [ RunTime:0.0001s ]
SQL: SELECT * FROM `acc_level` WHERE `id` = 0 LIMIT 1   [ RunTime:0.0001s ]
SQL: SELECT * FROM `acc_level` WHERE `id` = 0 LIMIT 1   [ RunTime:0.0001s ]
SQL: SELECT * FROM `acc_level` WHERE `id` = null LIMIT 1   [ RunTime:0.0001s ]
SQL: SELECT * FROM `acc_level` WHERE `id` = 0 LIMIT 1   [ RunTime:0.0001s ]
SQL: SELECT * FROM `acc_level` WHERE `id` = null LIMIT 1   [ RunTime:0.0001s ]
SQL: SELECT * FROM `acc_level` WHERE `id` = 0 LIMIT 1   [ RunTime:0.0001s ]
SQL: SELECT * FROM `acc_level` WHERE `id` = null LIMIT 1   [ RunTime:0.0001s ]
SQL: SELECT * FROM `acc_level` WHERE `id` = 0 LIMIT 1   [ RunTime:0.0001s ]
SQL: SELECT * FROM `acc_level` WHERE `id` = 0 LIMIT 1   [ RunTime:0.0001s ]
SQL: SELECT * FROM `acc_level` WHERE `id` = 0 LIMIT 1   [ RunTime:0.0001s ]
SQL: SELECT * FROM `acc_level` WHERE `id` = 3 LIMIT 1   [ RunTime:0.0001s ]
SQL: SELECT * FROM `acc_level` WHERE `id` = 0 LIMIT 1   [ RunTime:0.0001s ]
SQL: SELECT * FROM `acc_level` WHERE `id` = 3 LIMIT 1   [ RunTime:0.0001s ]
SQL: SELECT * FROM `acc_level` WHERE `id` = 0 LIMIT 1   [ RunTime:0.0001s ]
INFO: Run Behavior\ParseTemplateBehavior [ RunTime:0.020491s ]
INFO: [ view_parse ] --END-- [ RunTime:0.020522s ]
INFO: [ view_filter ] --START--
INFO: Run Behavior\WriteHtmlCacheBehavior [ RunTime:0.000099s ]
INFO: [ view_filter ] --END-- [ RunTime:0.000121s ]
INFO: [ app_end ] --START--
INFO: Run Behavior\ShowPageTraceBehavior [ RunTime:0.000310s ]
INFO: [ app_end ] --END-- [ RunTime:0.000347s ]

[ 2019-06-25T19:41:14+08:00 ] 117.136.63.43 /Backet/Users/index/p/2.html
INFO: [ app_init ] --START--
INFO: Run Behavior\BuildLiteBehavior [ RunTime:0.000009s ]
INFO: [ app_init ] --END-- [ RunTime:0.000200s ]
INFO: [ app_begin ] --START--
INFO: Run Behavior\ReadHtmlCacheBehavior [ RunTime:0.000256s ]
INFO: [ app_begin ] --END-- [ RunTime:0.000290s ]
NOTIC: [8] Undefined index: lite /www/web/168/ThinkPHP/Library/Think/Db.class.php 第 37 行.
SQL: SHOW COLUMNS FROM `account` [ RunTime:0.0006s ]
SQL: SHOW COLUMNS FROM `acc_level` [ RunTime:0.0004s ]
NOTIC: [8] Undefined index: start /www/web/168/Dexis/Backet/Controller/UsersController.class.php 第 17 行.
NOTIC: [8] Undefined index: ends /www/web/168/Dexis/Backet/Controller/UsersController.class.php 第 17 行.
NOTIC: [8] Undefined index: phone /www/web/168/Dexis/Backet/Controller/UsersController.class.php 第 32 行.
NOTIC: [8] Undefined index: nickname /www/web/168/Dexis/Backet/Controller/UsersController.class.php 第 33 行.
NOTIC: [8] Undefined index: name /www/web/168/Dexis/Backet/Controller/UsersController.class.php 第 34 行.
NOTIC: [8] Undefined index: level /www/web/168/Dexis/Backet/Controller/UsersController.class.php 第 35 行.
NOTIC: [8] Undefined index: up_nickname /www/web/168/Dexis/Backet/Controller/UsersController.class.php 第 37 行.
NOTIC: [8] Undefined variable: where /www/web/168/Dexis/Backet/Controller/UsersController.class.php 第 41 行.
SQL: SELECT COUNT(*) AS tp_count FROM `account` LIMIT 1   [ RunTime:0.0251s ]
SQL: SELECT * FROM `account` ORDER BY id desc LIMIT 10,10   [ RunTime:0.0002s ]
SQL: UPDATE `account` SET `recid`='0' WHERE `id` = 110888 [ RunTime:0.0031s ]
SQL: SELECT * FROM `account` WHERE `sysid` = '0' LIMIT 1   [ RunTime:0.1003s ]
SQL: SHOW COLUMNS FROM `frozen` [ RunTime:0.0005s ]
SQL: SELECT SUM(frozen_money) AS tp_sum FROM `frozen` WHERE `uid` = 110888 AND `type` = 2 LIMIT 1   [ RunTime:0.0002s ]
SQL: SELECT SUM(frozen_money) AS tp_sum FROM `frozen` WHERE `uid` = 110888 AND `type` = 1 LIMIT 1   [ RunTime:0.0001s ]
SQL: UPDATE `account` SET `recid`='0' WHERE `id` = 110887 [ RunTime:0.0025s ]
SQL: SELECT * FROM `account` WHERE `sysid` = '0' LIMIT 1   [ RunTime:0.1005s ]
SQL: SELECT SUM(frozen_money) AS tp_sum FROM `frozen` WHERE `uid` = 110887 AND `type` = 2 LIMIT 1   [ RunTime:0.0002s ]
SQL: SELECT SUM(frozen_money) AS tp_sum FROM `frozen` WHERE `uid` = 110887 AND `type` = 1 LIMIT 1   [ RunTime:0.0001s ]
SQL: UPDATE `account` SET `recid`='15be439d32aa7f' WHERE `id` = 110886 [ RunTime:0.0020s ]
SQL: SELECT * FROM `account` WHERE `sysid` = '15be439d32aa7f' LIMIT 1   [ RunTime:0.0043s ]
SQL: SELECT SUM(frozen_money) AS tp_sum FROM `frozen` WHERE `uid` = 110886 AND `type` = 2 LIMIT 1   [ RunTime:0.0002s ]
SQL: SELECT SUM(frozen_money) AS tp_sum FROM `frozen` WHERE `uid` = 110886 AND `type` = 1 LIMIT 1   [ RunTime:0.0001s ]
SQL: UPDATE `account` SET `recid`='0' WHERE `id` = 110885 [ RunTime:0.0017s ]
SQL: SELECT * FROM `account` WHERE `sysid` = '0' LIMIT 1   [ RunTime:0.1007s ]
SQL: SELECT SUM(frozen_money) AS tp_sum FROM `frozen` WHERE `uid` = 110885 AND `type` = 2 LIMIT 1   [ RunTime:0.0002s ]
SQL: SELECT SUM(frozen_money) AS tp_sum FROM `frozen` WHERE `uid` = 110885 AND `type` = 1 LIMIT 1   [ RunTime:0.0001s ]
SQL: UPDATE `account` SET `recid`='0' WHERE `id` = 110884 [ RunTime:0.0020s ]
SQL: SELECT * FROM `account` WHERE `sysid` = '0' LIMIT 1   [ RunTime:0.1004s ]
SQL: SELECT SUM(frozen_money) AS tp_sum FROM `frozen` WHERE `uid` = 110884 AND `type` = 2 LIMIT 1   [ RunTime:0.0002s ]
SQL: SELECT SUM(frozen_money) AS tp_sum FROM `frozen` WHERE `uid` = 110884 AND `type` = 1 LIMIT 1   [ RunTime:0.0002s ]
SQL: UPDATE `account` SET `recid`='0' WHERE `id` = 110883 [ RunTime:0.0021s ]
SQL: SELECT * FROM `account` WHERE `sysid` = '0' LIMIT 1   [ RunTime:0.0999s ]
SQL: SELECT SUM(frozen_money) AS tp_sum FROM `frozen` WHERE `uid` = 110883 AND `type` = 2 LIMIT 1   [ RunTime:0.0002s ]
SQL: SELECT SUM(frozen_money) AS tp_sum FROM `frozen` WHERE `uid` = 110883 AND `type` = 1 LIMIT 1   [ RunTime:0.0002s ]
SQL: UPDATE `account` SET `recid`='15c7f1f6b1e4e1' WHERE `id` = 110882 [ RunTime:0.0027s ]
SQL: SELECT * FROM `account` WHERE `sysid` = '15c7f1f6b1e4e1' LIMIT 1   [ RunTime:0.0969s ]
SQL: SELECT SUM(frozen_money) AS tp_sum FROM `frozen` WHERE `uid` = 110882 AND `type` = 2 LIMIT 1   [ RunTime:0.0002s ]
SQL: SELECT SUM(frozen_money) AS tp_sum FROM `frozen` WHERE `uid` = 110882 AND `type` = 1 LIMIT 1   [ RunTime:0.0001s ]
SQL: UPDATE `account` SET `recid`='15c7f1f6b1e4e1' WHERE `id` = 110881 [ RunTime:0.0028s ]
SQL: SELECT * FROM `account` WHERE `sysid` = '15c7f1f6b1e4e1' LIMIT 1   [ RunTime:0.0975s ]
SQL: SELECT SUM(frozen_money) AS tp_sum FROM `frozen` WHERE `uid` = 110881 AND `type` = 2 LIMIT 1   [ RunTime:0.0002s ]
SQL: SELECT SUM(frozen_money) AS tp_sum FROM `frozen` WHERE `uid` = 110881 AND `type` = 1 LIMIT 1   [ RunTime:0.0001s ]
SQL: UPDATE `account` SET `recid`='15c75f174d1e7b' WHERE `id` = 110880 [ RunTime:0.0059s ]
SQL: SELECT * FROM `account` WHERE `sysid` = '15c75f174d1e7b' LIMIT 1   [ RunTime:0.0901s ]
SQL: SELECT SUM(frozen_money) AS tp_sum FROM `frozen` WHERE `uid` = 110880 AND `type` = 2 LIMIT 1   [ RunTime:0.0002s ]
SQL: SELECT SUM(frozen_money) AS tp_sum FROM `frozen` WHERE `uid` = 110880 AND `type` = 1 LIMIT 1   [ RunTime:0.0002s ]
SQL: UPDATE `account` SET `recid`='15c45a366ac914' WHERE `id` = 110879 [ RunTime:0.0106s ]
SQL: SELECT * FROM `account` WHERE `sysid` = '15c45a366ac914' LIMIT 1   [ RunTime:0.0098s ]
SQL: SELECT SUM(frozen_money) AS tp_sum FROM `frozen` WHERE `uid` = 110879 AND `type` = 2 LIMIT 1   [ RunTime:0.0002s ]
SQL: SELECT SUM(frozen_money) AS tp_sum FROM `frozen` WHERE `uid` = 110879 AND `type` = 1 LIMIT 1   [ RunTime:0.0001s ]
SQL: SELECT * FROM `acc_level`  [ RunTime:0.0001s ]
INFO: [ view_parse ] --START--
INFO: [ template_filter ] --START--
INFO: Run Behavior\ContentReplaceBehavior [ RunTime:0.000086s ]
INFO: [ template_filter ] --END-- [ RunTime:0.000119s ]
NOTIC: [8] Undefined variable: type /www/web/168/Dexis/Runtime/Cache/Backet/76b3d4337e15a8dd9d9b675d9a08fae8.php 第 309 行.
NOTIC: [8] Undefined variable: page /www/web/168/Dexis/Runtime/Cache/Backet/76b3d4337e15a8dd9d9b675d9a08fae8.php 第 314 行.
NOTIC: [8] Undefined index: phone /www/web/168/Dexis/Runtime/Cache/Backet/76b3d4337e15a8dd9d9b675d9a08fae8.php 第 316 行.
NOTIC: [8] Undefined index: up_nickname /www/web/168/Dexis/Runtime/Cache/Backet/76b3d4337e15a8dd9d9b675d9a08fae8.php 第 319 行.
NOTIC: [8] Undefined index: nickname /www/web/168/Dexis/Runtime/Cache/Backet/76b3d4337e15a8dd9d9b675d9a08fae8.php 第 322 行.
NOTIC: [8] Undefined index: name /www/web/168/Dexis/Runtime/Cache/Backet/76b3d4337e15a8dd9d9b675d9a08fae8.php 第 325 行.
NOTIC: [8] Undefined index: start /www/web/168/Dexis/Runtime/Cache/Backet/76b3d4337e15a8dd9d9b675d9a08fae8.php 第 334 行.
NOTIC: [8] Undefined index: ends /www/web/168/Dexis/Runtime/Cache/Backet/76b3d4337e15a8dd9d9b675d9a08fae8.php 第 337 行.
SQL: SELECT * FROM `acc_level` WHERE `id` = null LIMIT 1   [ RunTime:0.0001s ]
SQL: SELECT * FROM `acc_level` WHERE `id` = 0 LIMIT 1   [ RunTime:0.0001s ]
SQL: SELECT * FROM `acc_level` WHERE `id` = null LIMIT 1   [ RunTime:0.0001s ]
SQL: SELECT * FROM `acc_level` WHERE `id` = 0 LIMIT 1   [ RunTime:0.0001s ]
SQL: SELECT * FROM `acc_level` WHERE `id` = 5 LIMIT 1   [ RunTime:0.0001s ]
SQL: SELECT * FROM `acc_level` WHERE `id` = 0 LIMIT 1   [ RunTime:0.0001s ]
SQL: SELECT * FROM `acc_level` WHERE `id` = null LIMIT 1   [ RunTime:0.0001s ]
SQL: SELECT * FROM `acc_level` WHERE `id` = 0 LIMIT 1   [ RunTime:0.0001s ]
SQL: SELECT * FROM `acc_level` WHERE `id` = null LIMIT 1   [ RunTime:0.0001s ]
SQL: SELECT * FROM `acc_level` WHERE `id` = 0 LIMIT 1   [ RunTime:0.0001s ]
SQL: SELECT * FROM `acc_level` WHERE `id` = null LIMIT 1   [ RunTime:0.0001s ]
SQL: SELECT * FROM `acc_level` WHERE `id` = 0 LIMIT 1   [ RunTime:0.0001s ]
SQL: SELECT * FROM `acc_level` WHERE `id` = 3 LIMIT 1   [ RunTime:0.0001s ]
SQL: SELECT * FROM `acc_level` WHERE `id` = 0 LIMIT 1   [ RunTime:0.0001s ]
SQL: SELECT * FROM `acc_level` WHERE `id` = 3 LIMIT 1   [ RunTime:0.0001s ]
SQL: SELECT * FROM `acc_level` WHERE `id` = 0 LIMIT 1   [ RunTime:0.0001s ]
SQL: SELECT * FROM `acc_level` WHERE `id` = 3 LIMIT 1   [ RunTime:0.0001s ]
SQL: SELECT * FROM `acc_level` WHERE `id` = 0 LIMIT 1   [ RunTime:0.0001s ]
SQL: SELECT * FROM `acc_level` WHERE `id` = 3 LIMIT 1   [ RunTime:0.0001s ]
SQL: SELECT * FROM `acc_level` WHERE `id` = 0 LIMIT 1   [ RunTime:0.0001s ]
INFO: Run Behavior\ParseTemplateBehavior [ RunTime:0.020389s ]
INFO: [ view_parse ] --END-- [ RunTime:0.020419s ]
INFO: [ view_filter ] --START--
INFO: Run Behavior\WriteHtmlCacheBehavior [ RunTime:0.000098s ]
INFO: [ view_filter ] --END-- [ RunTime:0.000118s ]
INFO: [ app_end ] --START--
INFO: Run Behavior\ShowPageTraceBehavior [ RunTime:0.000301s ]
INFO: [ app_end ] --END-- [ RunTime:0.000338s ]

[ 2019-06-25T19:41:19+08:00 ] 117.136.63.43 /Backet/Users/index.html?phone=&up_nickname=&nickname=&name=%E5%8D%A2%E5%98%89&level=&start=&ends=
INFO: [ app_init ] --START--
INFO: Run Behavior\BuildLiteBehavior [ RunTime:0.000010s ]
INFO: [ app_init ] --END-- [ RunTime:0.000214s ]
INFO: [ app_begin ] --START--
INFO: Run Behavior\ReadHtmlCacheBehavior [ RunTime:0.000299s ]
INFO: [ app_begin ] --END-- [ RunTime:0.000334s ]
NOTIC: [8] Undefined index: lite /www/web/168/ThinkPHP/Library/Think/Db.class.php 第 37 行.
SQL: SHOW COLUMNS FROM `account` [ RunTime:0.0006s ]
SQL: SHOW COLUMNS FROM `acc_level` [ RunTime:0.0004s ]
SQL: SELECT COUNT(*) AS tp_count FROM `account` WHERE `name` LIKE '%卢嘉%' LIMIT 1   [ RunTime:0.0355s ]
SQL: SELECT * FROM `account` WHERE `name` LIKE '%卢嘉%' ORDER BY id desc LIMIT 0,10   [ RunTime:0.1255s ]
SQL: UPDATE `account` SET `recid`='15be552f285782' WHERE `id` = 7092 [ RunTime:0.0030s ]
SQL: SELECT * FROM `account` WHERE `sysid` = '15be552f285782' LIMIT 1   [ RunTime:0.0043s ]
SQL: SHOW COLUMNS FROM `frozen` [ RunTime:0.0005s ]
SQL: SELECT SUM(frozen_money) AS tp_sum FROM `frozen` WHERE `uid` = 7092 AND `type` = 2 LIMIT 1   [ RunTime:0.0002s ]
SQL: SELECT SUM(frozen_money) AS tp_sum FROM `frozen` WHERE `uid` = 7092 AND `type` = 1 LIMIT 1   [ RunTime:0.0002s ]
SQL: SELECT * FROM `acc_level`  [ RunTime:0.0001s ]
INFO: [ view_parse ] --START--
INFO: [ template_filter ] --START--
INFO: Run Behavior\ContentReplaceBehavior [ RunTime:0.000095s ]
INFO: [ template_filter ] --END-- [ RunTime:0.000129s ]
NOTIC: [8] Undefined variable: type /www/web/168/Dexis/Runtime/Cache/Backet/76b3d4337e15a8dd9d9b675d9a08fae8.php 第 309 行.
NOTIC: [8] Undefined variable: page /www/web/168/Dexis/Runtime/Cache/Backet/76b3d4337e15a8dd9d9b675d9a08fae8.php 第 314 行.
SQL: SELECT * FROM `acc_level` WHERE `id` = 6 LIMIT 1   [ RunTime:0.0001s ]
SQL: SELECT * FROM `acc_level` WHERE `id` = 0 LIMIT 1   [ RunTime:0.0001s ]
INFO: Run Behavior\ParseTemplateBehavior [ RunTime:0.016010s ]
INFO: [ view_parse ] --END-- [ RunTime:0.016041s ]
INFO: [ view_filter ] --START--
INFO: Run Behavior\WriteHtmlCacheBehavior [ RunTime:0.000092s ]
INFO: [ view_filter ] --END-- [ RunTime:0.000114s ]
INFO: [ app_end ] --START--
INFO: Run Behavior\ShowPageTraceBehavior [ RunTime:0.000298s ]
INFO: [ app_end ] --END-- [ RunTime:0.000334s ]

[ 2019-06-25T19:41:54+08:00 ] 117.136.63.43 /Backet/Users/index.html?phone=&up_nickname=&nickname=%E5%8D%A2%E5%98%89&name=&level=&start=&ends=
INFO: [ app_init ] --START--
INFO: Run Behavior\BuildLiteBehavior [ RunTime:0.000010s ]
INFO: [ app_init ] --END-- [ RunTime:0.000218s ]
INFO: [ app_begin ] --START--
INFO: Run Behavior\ReadHtmlCacheBehavior [ RunTime:0.000270s ]
INFO: [ app_begin ] --END-- [ RunTime:0.000305s ]
NOTIC: [8] Undefined index: lite /www/web/168/ThinkPHP/Library/Think/Db.class.php 第 37 行.
SQL: SHOW COLUMNS FROM `account` [ RunTime:0.0006s ]
SQL: SHOW COLUMNS FROM `acc_level` [ RunTime:0.0004s ]
SQL: SELECT COUNT(*) AS tp_count FROM `account` WHERE `nickname` LIKE '%卢嘉%' LIMIT 1   [ RunTime:0.0391s ]
SQL: SELECT * FROM `account` WHERE `nickname` LIKE '%卢嘉%' ORDER BY id desc LIMIT 0,10   [ RunTime:0.1293s ]
SQL: UPDATE `account` SET `recid`='15be552f285782' WHERE `id` = 7092 [ RunTime:0.0095s ]
SQL: SELECT * FROM `account` WHERE `sysid` = '15be552f285782' LIMIT 1   [ RunTime:0.0044s ]
SQL: SHOW COLUMNS FROM `frozen` [ RunTime:0.0005s ]
SQL: SELECT SUM(frozen_money) AS tp_sum FROM `frozen` WHERE `uid` = 7092 AND `type` = 2 LIMIT 1   [ RunTime:0.0002s ]
SQL: SELECT SUM(frozen_money) AS tp_sum FROM `frozen` WHERE `uid` = 7092 AND `type` = 1 LIMIT 1   [ RunTime:0.0001s ]
SQL: UPDATE `account` SET `recid`='15bddb8b67fc77' WHERE `id` = 4543 [ RunTime:0.0039s ]
SQL: SELECT * FROM `account` WHERE `sysid` = '15bddb8b67fc77' LIMIT 1   [ RunTime:0.0038s ]
SQL: SELECT SUM(frozen_money) AS tp_sum FROM `frozen` WHERE `uid` = 4543 AND `type` = 2 LIMIT 1   [ RunTime:0.0002s ]
SQL: SELECT SUM(frozen_money) AS tp_sum FROM `frozen` WHERE `uid` = 4543 AND `type` = 1 LIMIT 1   [ RunTime:0.0001s ]
SQL: SELECT * FROM `acc_level`  [ RunTime:0.0001s ]
INFO: [ view_parse ] --START--
INFO: [ template_filter ] --START--
INFO: Run Behavior\ContentReplaceBehavior [ RunTime:0.000114s ]
INFO: [ template_filter ] --END-- [ RunTime:0.000149s ]
NOTIC: [8] Undefined variable: type /www/web/168/Dexis/Runtime/Cache/Backet/76b3d4337e15a8dd9d9b675d9a08fae8.php 第 309 行.
NOTIC: [8] Undefined variable: page /www/web/168/Dexis/Runtime/Cache/Backet/76b3d4337e15a8dd9d9b675d9a08fae8.php 第 314 行.
SQL: SELECT * FROM `acc_level` WHERE `id` = 6 LIMIT 1   [ RunTime:0.0001s ]
SQL: SELECT * FROM `acc_level` WHERE `id` = 0 LIMIT 1   [ RunTime:0.0001s ]
SQL: SELECT * FROM `acc_level` WHERE `id` = 6 LIMIT 1   [ RunTime:0.0001s ]
SQL: SELECT * FROM `acc_level` WHERE `id` = 6 LIMIT 1   [ RunTime:0.0001s ]
INFO: Run Behavior\ParseTemplateBehavior [ RunTime:0.016522s ]
INFO: [ view_parse ] --END-- [ RunTime:0.016562s ]
INFO: [ view_filter ] --START--
INFO: Run Behavior\WriteHtmlCacheBehavior [ RunTime:0.000093s ]
INFO: [ view_filter ] --END-- [ RunTime:0.000114s ]
INFO: [ app_end ] --START--
INFO: Run Behavior\ShowPageTraceBehavior [ RunTime:0.000302s ]
INFO: [ app_end ] --END-- [ RunTime:0.000339s ]

