[ 2019-06-14T09:55:48+08:00 ] 222.209.33.5 /backet
INFO: [ app_init ] --START--
INFO: Run Behavior\BuildLiteBehavior [ RunTime:0.000011s ]
INFO: [ app_init ] --END-- [ RunTime:0.000216s ]
INFO: [ app_begin ] --START--
INFO: Run Behavior\ReadHtmlCacheBehavior [ RunTime:0.000268s ]
INFO: [ app_begin ] --END-- [ RunTime:0.000302s ]
NOTIC: [8] Undefined index: lite /www/web/168/ThinkPHP/Library/Think/Db.class.php 第 37 行.
INFO: [ view_parse ] --START--
INFO: [ template_filter ] --START--
INFO: Run Behavior\ContentReplaceBehavior [ RunTime:0.000029s ]
INFO: [ template_filter ] --END-- [ RunTime:0.000062s ]
INFO: Run Behavior\ParseTemplateBehavior [ RunTime:0.003480s ]
INFO: [ view_parse ] --END-- [ RunTime:0.003509s ]
INFO: [ view_filter ] --START--
INFO: Run Behavior\WriteHtmlCacheBehavior [ RunTime:0.000081s ]
INFO: [ view_filter ] --END-- [ RunTime:0.000102s ]
INFO: [ app_end ] --START--
INFO: Run Behavior\ShowPageTraceBehavior [ RunTime:0.000274s ]
INFO: [ app_end ] --END-- [ RunTime:0.000300s ]

[ 2019-06-14T09:55:54+08:00 ] 222.209.33.5 /Backet/Index/logon.html
INFO: [ app_init ] --START--
INFO: Run Behavior\BuildLiteBehavior [ RunTime:0.000010s ]
INFO: [ app_init ] --END-- [ RunTime:0.000199s ]
INFO: [ app_begin ] --START--
INFO: Run Behavior\ReadHtmlCacheBehavior [ RunTime:0.000248s ]
INFO: [ app_begin ] --END-- [ RunTime:0.000292s ]
NOTIC: [8] Undefined index: lite /www/web/168/ThinkPHP/Library/Think/Db.class.php 第 37 行.
SQL: SHOW COLUMNS FROM `sysmang` [ RunTime:0.0005s ]
SQL: SELECT * FROM `sysmang` WHERE `name` = 'sai' AND `passwd` = 'e10adc3949ba59abbe56e057f20f883e' LIMIT 1   [ RunTime:0.0002s ]

[ 2019-06-14T09:55:54+08:00 ] 222.209.33.5 /Backet/Dash/index.html
INFO: [ app_init ] --START--
INFO: Run Behavior\BuildLiteBehavior [ RunTime:0.000010s ]
INFO: [ app_init ] --END-- [ RunTime:0.000193s ]
INFO: [ app_begin ] --START--
INFO: Run Behavior\ReadHtmlCacheBehavior [ RunTime:0.000257s ]
INFO: [ app_begin ] --END-- [ RunTime:0.000292s ]
NOTIC: [8] Undefined index: lite /www/web/168/ThinkPHP/Library/Think/Db.class.php 第 37 行.
SQL: SHOW COLUMNS FROM `account` [ RunTime:0.0005s ]
SQL: SHOW COLUMNS FROM `orders` [ RunTime:0.0004s ]
SQL: SHOW COLUMNS FROM `acc_money` [ RunTime:0.0004s ]
SQL: SHOW COLUMNS FROM `acc_nums` [ RunTime:0.0004s ]
SQL: SHOW COLUMNS FROM `order_sr` [ RunTime:0.0004s ]
SQL: SELECT SUM(money) AS tp_sum FROM `orders` WHERE `paytime` BETWEEN 1560441600 AND 1560527999 LIMIT 1   [ RunTime:0.0002s ]
SQL: SELECT SUM(money) AS tp_sum FROM `acc_money` WHERE `models` = 'ORDER' AND `times` BETWEEN 1560441600 AND 1560527999 AND `sn` LIKE '%2018A%' LIMIT 1   [ RunTime:0.0002s ]
SQL: SELECT SUM(money) AS tp_sum FROM `order_sr` WHERE `status` IN ('5','4','7') AND `passtime` BETWEEN 1560441600 AND 1560527999 LIMIT 1   [ RunTime:0.0012s ]
SQL: SELECT * FROM `acc_money` WHERE `times` BETWEEN 1560441600 AND 1560527999 AND `models` = 'REBACK' GROUP BY sn  [ RunTime:0.0002s ]
SQL: SHOW COLUMNS FROM `acc_level` [ RunTime:0.0004s ]
SQL: SELECT `id`,`totalpoints`,`stock` FROM `account` WHERE `level` = 6 ORDER BY id desc  [ RunTime:0.0025s ]
SQL: SELECT SUM(stock) AS tp_sum FROM `account` LIMIT 1   [ RunTime:0.0015s ]
SQL: SELECT SUM(gnums) AS tp_sum FROM `orders` WHERE `buy_level` = 6 AND `gid` = 8 AND `status` = 1 LIMIT 1   [ RunTime:0.0001s ]
SQL: SELECT SUM(money) AS tp_sum FROM `orders` WHERE `buy_level` = 6 AND `gid` = 8 AND `status` = 1 LIMIT 1   [ RunTime:0.0001s ]
SQL: SELECT SUM(nums) AS tp_sum FROM `acc_nums` WHERE `type` = 13 AND `aboutid` = 0 LIMIT 1   [ RunTime:0.0001s ]
SQL: SELECT `sn` FROM `acc_nums` WHERE `type` = 13 AND `aboutid` = 0  [ RunTime:0.0001s ]
SQL: SELECT SUM(money) AS tp_sum FROM `acc_money` WHERE `sn` IN ('2018A5c21292982054296','2018A5c21202942055052') AND `models` = 'ORDER' LIMIT 1   [ RunTime:0.0001s ]
NOTIC: [8] Undefined variable: nums /www/web/168/Dexis/Backet/Controller/UsersController.class.php 第 737 行.
NOTIC: [8] Undefined variable: nums /www/web/168/Dexis/Backet/Controller/UsersController.class.php 第 738 行.
SQL: SELECT * FROM `acc_nums` WHERE `time` BETWEEN 1560441600 AND 1560528000 AND `uid` IN ('4770','4768','4763','4762','4761','4760','4090','4037','3711','3649','3597','3463','3208','3207','3205','3157','3150','2813','2729','2530','2223','2149','2126','1851','1831','1680','1679','1660','1596','1402','1178','1176','1175','1174','1053','1037','1028','1016','1009','795','673','672','606','572','515','467','450','444','442','441','412','410','341','340','334','272','232','213','130','117','116','108','102','37') AND `type` < 20 AND `aboutid` = 0 AND `status` = 1 ORDER BY id desc  [ RunTime:0.0002s ]
NOTIC: [8] Undefined variable: get_list2 /www/web/168/Dexis/Backet/Controller/UsersController.class.php 第 819 行.
NOTIC: [8] Undefined variable: allmun /www/web/168/Dexis/Backet/Controller/UsersController.class.php 第 833 行.
NOTIC: [2] array_sum() expects parameter 1 to be array, null given /www/web/168/Dexis/Backet/Controller/UsersController.class.php 第 833 行.
SQL: SHOW COLUMNS FROM `money_draw` [ RunTime:0.0004s ]
SQL: SELECT SUM(money) AS tp_sum FROM `money_draw` WHERE `status` = 1 LIMIT 1   [ RunTime:0.0003s ]
SQL: SHOW COLUMNS FROM `acc_record` [ RunTime:0.0004s ]
SQL: SELECT COUNT(*) AS tp_count FROM `acc_record` WHERE `dotype` = '用户升级黄金雨' LIMIT 1   [ RunTime:0.0001s ]
SQL: SELECT COUNT(*) AS tp_count FROM `acc_record` WHERE `dotype` = '用户升级黄金雨' AND `time` BETWEEN 1560441600 AND 1560528000 LIMIT 1   [ RunTime:0.0001s ]
SQL: SELECT COUNT(*) AS tp_count FROM `acc_record` WHERE `dotype` = '用户升级钻石雨' LIMIT 1   [ RunTime:0.0001s ]
SQL: SELECT COUNT(*) AS tp_count FROM `acc_record` WHERE `dotype` = '用户升级钻石雨' AND `time` BETWEEN 1560441600 AND 1560528000 LIMIT 1   [ RunTime:0.0001s ]
NOTIC: [8] Undefined variable: pay_wecate /www/web/168/Dexis/Backet/Controller/UsersController.class.php 第 839 行.
NOTIC: [8] Undefined variable: pay_rest /www/web/168/Dexis/Backet/Controller/UsersController.class.php 第 839 行.
NOTIC: [8] Undefined variable: pay_bac /www/web/168/Dexis/Backet/Controller/UsersController.class.php 第 839 行.
SQL: SELECT SUM(money) AS tp_sum FROM `account` WHERE `level` <> 6 LIMIT 1   [ RunTime:0.0017s ]
SQL: SELECT SUM(money) AS tp_sum FROM `account` WHERE `level` = 6 LIMIT 1   [ RunTime:0.0013s ]
SQL: SELECT COUNT(*) AS tp_count FROM `account` LIMIT 1   [ RunTime:0.0011s ]
SQL: SELECT COUNT(*) AS tp_count FROM `orders` LIMIT 1   [ RunTime:0.0001s ]
SQL: SHOW COLUMNS FROM `acc_stages` [ RunTime:0.0004s ]
SQL: SELECT `level`,count(id) as apply_num FROM `acc_stages` GROUP BY level ORDER BY level asc  [ RunTime:0.0001s ]
SQL: SHOW COLUMNS FROM `order_drs` [ RunTime:0.0004s ]
SQL: SELECT SUM(nums) AS tp_sum FROM `order_drs` WHERE `status` = 1 AND `have_pay` = 1 LIMIT 1   [ RunTime:0.0010s ]
SQL: SELECT SUM(nums) AS tp_sum FROM `acc_nums` WHERE `type` = 23 AND `time` BETWEEN 1560441600 AND 1560528000 LIMIT 1   [ RunTime:0.0001s ]
SQL: SELECT SUM(money) AS tp_sum FROM `orders` WHERE ( status=3 ) LIMIT 1   [ RunTime:0.0001s ]
INFO: [ view_parse ] --START--
INFO: [ template_filter ] --START--
INFO: Run Behavior\ContentReplaceBehavior [ RunTime:0.000105s ]
INFO: [ template_filter ] --END-- [ RunTime:0.000138s ]
INFO: Run Behavior\ParseTemplateBehavior [ RunTime:0.013944s ]
INFO: [ view_parse ] --END-- [ RunTime:0.013979s ]
INFO: [ view_filter ] --START--
INFO: Run Behavior\WriteHtmlCacheBehavior [ RunTime:0.000087s ]
INFO: [ view_filter ] --END-- [ RunTime:0.000107s ]
INFO: [ app_end ] --START--
INFO: Run Behavior\ShowPageTraceBehavior [ RunTime:0.000298s ]
INFO: [ app_end ] --END-- [ RunTime:0.000334s ]

[ 2019-06-14T09:56:06+08:00 ] 222.209.33.5 /Backet/Goods/index.html
INFO: [ app_init ] --START--
INFO: Run Behavior\BuildLiteBehavior [ RunTime:0.000010s ]
INFO: [ app_init ] --END-- [ RunTime:0.000202s ]
INFO: [ app_begin ] --START--
INFO: Run Behavior\ReadHtmlCacheBehavior [ RunTime:0.000256s ]
INFO: [ app_begin ] --END-- [ RunTime:0.000290s ]
NOTIC: [8] Undefined index: lite /www/web/168/ThinkPHP/Library/Think/Db.class.php 第 37 行.
SQL: SHOW COLUMNS FROM `goods` [ RunTime:0.0006s ]
NOTIC: [8] Undefined index: start /www/web/168/Dexis/Backet/Controller/GoodsController.class.php 第 18 行.
NOTIC: [8] Undefined index: ends /www/web/168/Dexis/Backet/Controller/GoodsController.class.php 第 19 行.
NOTIC: [8] Undefined index: name /www/web/168/Dexis/Backet/Controller/GoodsController.class.php 第 23 行.
NOTIC: [8] Undefined index: shop /www/web/168/Dexis/Backet/Controller/GoodsController.class.php 第 24 行.
NOTIC: [8] Undefined index: catid /www/web/168/Dexis/Backet/Controller/GoodsController.class.php 第 25 行.
NOTIC: [8] Undefined index: rec /www/web/168/Dexis/Backet/Controller/GoodsController.class.php 第 26 行.
NOTIC: [8] Undefined index: status /www/web/168/Dexis/Backet/Controller/GoodsController.class.php 第 27 行.
NOTIC: [8] Undefined variable: where /www/web/168/Dexis/Backet/Controller/GoodsController.class.php 第 28 行.
SQL: SELECT COUNT(*) AS tp_count FROM `goods` LIMIT 1   [ RunTime:0.0002s ]
SQL: SELECT * FROM `goods` ORDER BY id desc LIMIT 0,10   [ RunTime:0.0002s ]
NOTIC: [8] Undefined index: p /www/web/168/Dexis/Backet/Controller/GoodsController.class.php 第 32 行.
INFO: [ view_parse ] --START--
INFO: [ template_filter ] --START--
INFO: Run Behavior\ContentReplaceBehavior [ RunTime:0.000082s ]
INFO: [ template_filter ] --END-- [ RunTime:0.000116s ]
NOTIC: [8] Undefined variable: type /www/web/168/Dexis/Runtime/Cache/Backet/87cc66dcb4af001b07591db8c3b58320.php 第 306 行.
NOTIC: [8] Undefined index: name /www/web/168/Dexis/Runtime/Cache/Backet/87cc66dcb4af001b07591db8c3b58320.php 第 316 行.
NOTIC: [8] Undefined index: start /www/web/168/Dexis/Runtime/Cache/Backet/87cc66dcb4af001b07591db8c3b58320.php 第 326 行.
NOTIC: [8] Undefined index: ends /www/web/168/Dexis/Runtime/Cache/Backet/87cc66dcb4af001b07591db8c3b58320.php 第 329 行.
SQL: SHOW COLUMNS FROM `syscat` [ RunTime:0.0004s ]
SQL: SELECT * FROM `syscat` WHERE `id` = 2 LIMIT 1   [ RunTime:0.0001s ]
NOTIC: [8] Undefined index: type /www/web/168/Dexis/Runtime/Cache/Backet/87cc66dcb4af001b07591db8c3b58320.php 第 358 行.
NOTIC: [8] Undefined variable: name /www/web/168/Dexis/Runtime/Cache/Backet/87cc66dcb4af001b07591db8c3b58320.php 第 358 行.
SQL: SHOW COLUMNS FROM `ques_cat` [ RunTime:0.0003s ]
SQL: SELECT * FROM `ques_cat` WHERE `id` = null LIMIT 1   [ RunTime:0.0001s ]
SQL: SELECT * FROM `syscat` WHERE `id` = 4 LIMIT 1   [ RunTime:0.0001s ]
NOTIC: [8] Undefined index: type /www/web/168/Dexis/Runtime/Cache/Backet/87cc66dcb4af001b07591db8c3b58320.php 第 358 行.
NOTIC: [8] Undefined variable: name /www/web/168/Dexis/Runtime/Cache/Backet/87cc66dcb4af001b07591db8c3b58320.php 第 358 行.
SQL: SELECT * FROM `ques_cat` WHERE `id` = null LIMIT 1   [ RunTime:0.0001s ]
SQL: SELECT * FROM `syscat` WHERE `id` = 4 LIMIT 1   [ RunTime:0.0001s ]
NOTIC: [8] Undefined index: type /www/web/168/Dexis/Runtime/Cache/Backet/87cc66dcb4af001b07591db8c3b58320.php 第 358 行.
NOTIC: [8] Undefined variable: name /www/web/168/Dexis/Runtime/Cache/Backet/87cc66dcb4af001b07591db8c3b58320.php 第 358 行.
SQL: SELECT * FROM `ques_cat` WHERE `id` = null LIMIT 1   [ RunTime:0.0001s ]
SQL: SELECT * FROM `syscat` WHERE `id` = 1 LIMIT 1   [ RunTime:0.0001s ]
NOTIC: [8] Undefined index: type /www/web/168/Dexis/Runtime/Cache/Backet/87cc66dcb4af001b07591db8c3b58320.php 第 358 行.
NOTIC: [8] Undefined variable: name /www/web/168/Dexis/Runtime/Cache/Backet/87cc66dcb4af001b07591db8c3b58320.php 第 358 行.
SQL: SELECT * FROM `ques_cat` WHERE `id` = null LIMIT 1   [ RunTime:0.0001s ]
SQL: SELECT * FROM `syscat` WHERE `id` = 2 LIMIT 1   [ RunTime:0.0001s ]
NOTIC: [8] Undefined index: type /www/web/168/Dexis/Runtime/Cache/Backet/87cc66dcb4af001b07591db8c3b58320.php 第 358 行.
NOTIC: [8] Undefined variable: name /www/web/168/Dexis/Runtime/Cache/Backet/87cc66dcb4af001b07591db8c3b58320.php 第 358 行.
SQL: SELECT * FROM `ques_cat` WHERE `id` = null LIMIT 1   [ RunTime:0.0001s ]
SQL: SELECT * FROM `syscat` WHERE `id` = 2 LIMIT 1   [ RunTime:0.0001s ]
NOTIC: [8] Undefined index: type /www/web/168/Dexis/Runtime/Cache/Backet/87cc66dcb4af001b07591db8c3b58320.php 第 358 行.
NOTIC: [8] Undefined variable: name /www/web/168/Dexis/Runtime/Cache/Backet/87cc66dcb4af001b07591db8c3b58320.php 第 358 行.
SQL: SELECT * FROM `ques_cat` WHERE `id` = null LIMIT 1   [ RunTime:0.0001s ]
SQL: SELECT * FROM `syscat` WHERE `id` = 1 LIMIT 1   [ RunTime:0.0001s ]
NOTIC: [8] Undefined index: type /www/web/168/Dexis/Runtime/Cache/Backet/87cc66dcb4af001b07591db8c3b58320.php 第 358 行.
NOTIC: [8] Undefined variable: name /www/web/168/Dexis/Runtime/Cache/Backet/87cc66dcb4af001b07591db8c3b58320.php 第 358 行.
SQL: SELECT * FROM `ques_cat` WHERE `id` = null LIMIT 1   [ RunTime:0.0001s ]
SQL: SELECT * FROM `syscat` WHERE `id` = 2 LIMIT 1   [ RunTime:0.0001s ]
NOTIC: [8] Undefined index: type /www/web/168/Dexis/Runtime/Cache/Backet/87cc66dcb4af001b07591db8c3b58320.php 第 358 行.
NOTIC: [8] Undefined variable: name /www/web/168/Dexis/Runtime/Cache/Backet/87cc66dcb4af001b07591db8c3b58320.php 第 358 行.
SQL: SELECT * FROM `ques_cat` WHERE `id` = null LIMIT 1   [ RunTime:0.0001s ]
SQL: SELECT * FROM `syscat` WHERE `id` = 2 LIMIT 1   [ RunTime:0.0001s ]
NOTIC: [8] Undefined index: type /www/web/168/Dexis/Runtime/Cache/Backet/87cc66dcb4af001b07591db8c3b58320.php 第 358 行.
NOTIC: [8] Undefined variable: name /www/web/168/Dexis/Runtime/Cache/Backet/87cc66dcb4af001b07591db8c3b58320.php 第 358 行.
SQL: SELECT * FROM `ques_cat` WHERE `id` = null LIMIT 1   [ RunTime:0.0001s ]
SQL: SELECT * FROM `syscat` WHERE `id` = 2 LIMIT 1   [ RunTime:0.0001s ]
NOTIC: [8] Undefined index: type /www/web/168/Dexis/Runtime/Cache/Backet/87cc66dcb4af001b07591db8c3b58320.php 第 358 行.
NOTIC: [8] Undefined variable: name /www/web/168/Dexis/Runtime/Cache/Backet/87cc66dcb4af001b07591db8c3b58320.php 第 358 行.
SQL: SELECT * FROM `ques_cat` WHERE `id` = null LIMIT 1   [ RunTime:0.0001s ]
INFO: Run Behavior\ParseTemplateBehavior [ RunTime:0.018233s ]
INFO: [ view_parse ] --END-- [ RunTime:0.018259s ]
INFO: [ view_filter ] --START--
INFO: Run Behavior\WriteHtmlCacheBehavior [ RunTime:0.000107s ]
INFO: [ view_filter ] --END-- [ RunTime:0.000128s ]
INFO: [ app_end ] --START--
INFO: Run Behavior\ShowPageTraceBehavior [ RunTime:0.000299s ]
INFO: [ app_end ] --END-- [ RunTime:0.000330s ]

[ 2019-06-14T09:56:09+08:00 ] 222.209.33.5 /Backet/Plans/index.html
INFO: [ app_init ] --START--
INFO: Run Behavior\BuildLiteBehavior [ RunTime:0.000011s ]
INFO: [ app_init ] --END-- [ RunTime:0.000203s ]
INFO: [ app_begin ] --START--
INFO: Run Behavior\ReadHtmlCacheBehavior [ RunTime:0.000248s ]
INFO: [ app_begin ] --END-- [ RunTime:0.000281s ]
NOTIC: [8] Undefined index: lite /www/web/168/ThinkPHP/Library/Think/Db.class.php 第 37 行.
SQL: SHOW COLUMNS FROM `order_sr` [ RunTime:0.0006s ]
NOTIC: [8] Undefined index: start /www/web/168/Dexis/Backet/Controller/PlansController.class.php 第 20 行.
NOTIC: [8] Undefined index: ends /www/web/168/Dexis/Backet/Controller/PlansController.class.php 第 20 行.
NOTIC: [8] Undefined index: sn /www/web/168/Dexis/Backet/Controller/PlansController.class.php 第 36 行.
NOTIC: [8] Undefined index: phone /www/web/168/Dexis/Backet/Controller/PlansController.class.php 第 38 行.
NOTIC: [8] Undefined index: status /www/web/168/Dexis/Backet/Controller/PlansController.class.php 第 39 行.
NOTIC: [8] Undefined index: aboutid /www/web/168/Dexis/Backet/Controller/PlansController.class.php 第 53 行.
NOTIC: [8] Undefined index: name /www/web/168/Dexis/Backet/Controller/PlansController.class.php 第 56 行.
NOTIC: [8] Undefined variable: where /www/web/168/Dexis/Backet/Controller/PlansController.class.php 第 57 行.
SQL: SELECT COUNT(*) AS tp_count FROM `order_sr` LIMIT 1   [ RunTime:0.0009s ]
SQL: SELECT * FROM `order_sr` ORDER BY id desc LIMIT 0,10   [ RunTime:0.0002s ]
INFO: [ view_parse ] --START--
INFO: [ template_filter ] --START--
INFO: Run Behavior\ContentReplaceBehavior [ RunTime:0.000099s ]
INFO: [ template_filter ] --END-- [ RunTime:0.000146s ]
NOTIC: [8] Undefined variable: rec /www/web/168/Dexis/Runtime/Cache/Backet/1afe02511ce28c3575ca6aafc6625e9b.php 第 372 行.
SQL: SHOW COLUMNS FROM `account` [ RunTime:0.0005s ]
SQL: SELECT * FROM `account` WHERE `id` = 4780 LIMIT 1   [ RunTime:0.0001s ]
SQL: SELECT * FROM `account` WHERE `sysid` = '15c73aa7ac469c' LIMIT 1   [ RunTime:0.0044s ]
NOTIC: [8] Undefined variable: p /www/web/168/Dexis/Runtime/Cache/Backet/1afe02511ce28c3575ca6aafc6625e9b.php 第 373 行.
SQL: SELECT * FROM `account` WHERE `id` = 4780 LIMIT 1   [ RunTime:0.0001s ]
NOTIC: [8] Undefined variable: rec /www/web/168/Dexis/Runtime/Cache/Backet/1afe02511ce28c3575ca6aafc6625e9b.php 第 372 行.
SQL: SELECT * FROM `account` WHERE `id` = 4780 LIMIT 1   [ RunTime:0.0001s ]
SQL: SELECT * FROM `account` WHERE `sysid` = '15c73aa7ac469c' LIMIT 1   [ RunTime:0.0044s ]
NOTIC: [8] Undefined variable: p /www/web/168/Dexis/Runtime/Cache/Backet/1afe02511ce28c3575ca6aafc6625e9b.php 第 373 行.
SQL: SELECT * FROM `account` WHERE `id` = 4780 LIMIT 1   [ RunTime:0.0001s ]
NOTIC: [8] Undefined variable: rec /www/web/168/Dexis/Runtime/Cache/Backet/1afe02511ce28c3575ca6aafc6625e9b.php 第 372 行.
SQL: SELECT * FROM `account` WHERE `id` = 4780 LIMIT 1   [ RunTime:0.0001s ]
SQL: SELECT * FROM `account` WHERE `sysid` = '15c73aa7ac469c' LIMIT 1   [ RunTime:0.0043s ]
NOTIC: [8] Undefined variable: p /www/web/168/Dexis/Runtime/Cache/Backet/1afe02511ce28c3575ca6aafc6625e9b.php 第 373 行.
SQL: SELECT * FROM `account` WHERE `id` = 4780 LIMIT 1   [ RunTime:0.0001s ]
NOTIC: [8] Undefined variable: rec /www/web/168/Dexis/Runtime/Cache/Backet/1afe02511ce28c3575ca6aafc6625e9b.php 第 372 行.
SQL: SELECT * FROM `account` WHERE `id` = 4780 LIMIT 1   [ RunTime:0.0001s ]
SQL: SELECT * FROM `account` WHERE `sysid` = '15c73aa7ac469c' LIMIT 1   [ RunTime:0.0043s ]
NOTIC: [8] Undefined variable: p /www/web/168/Dexis/Runtime/Cache/Backet/1afe02511ce28c3575ca6aafc6625e9b.php 第 373 行.
SQL: SELECT * FROM `account` WHERE `id` = 4780 LIMIT 1   [ RunTime:0.0001s ]
NOTIC: [8] Undefined variable: rec /www/web/168/Dexis/Runtime/Cache/Backet/1afe02511ce28c3575ca6aafc6625e9b.php 第 372 行.
SQL: SELECT * FROM `account` WHERE `id` = 4780 LIMIT 1   [ RunTime:0.0001s ]
SQL: SELECT * FROM `account` WHERE `sysid` = '15c73aa7ac469c' LIMIT 1   [ RunTime:0.0043s ]
NOTIC: [8] Undefined variable: p /www/web/168/Dexis/Runtime/Cache/Backet/1afe02511ce28c3575ca6aafc6625e9b.php 第 373 行.
SQL: SELECT * FROM `account` WHERE `id` = 4780 LIMIT 1   [ RunTime:0.0001s ]
NOTIC: [8] Undefined variable: rec /www/web/168/Dexis/Runtime/Cache/Backet/1afe02511ce28c3575ca6aafc6625e9b.php 第 372 行.
SQL: SELECT * FROM `account` WHERE `id` = 4612 LIMIT 1   [ RunTime:0.0001s ]
SQL: SELECT * FROM `account` WHERE `sysid` = '15b6d601f86afa' LIMIT 1   [ RunTime:0.0004s ]
SQL: SHOW COLUMNS FROM `acc_level` [ RunTime:0.0004s ]
SQL: SELECT * FROM `acc_level` WHERE `id` = 6 LIMIT 1   [ RunTime:0.0001s ]
NOTIC: [8] Undefined variable: p /www/web/168/Dexis/Runtime/Cache/Backet/1afe02511ce28c3575ca6aafc6625e9b.php 第 373 行.
SQL: SELECT * FROM `account` WHERE `id` = 4612 LIMIT 1   [ RunTime:0.0001s ]
NOTIC: [8] Undefined variable: rec /www/web/168/Dexis/Runtime/Cache/Backet/1afe02511ce28c3575ca6aafc6625e9b.php 第 372 行.
SQL: SELECT * FROM `account` WHERE `id` = 3847 LIMIT 1   [ RunTime:0.0001s ]
SQL: SELECT * FROM `account` WHERE `sysid` = '15bda9d4787150' LIMIT 1   [ RunTime:0.0035s ]
SQL: SELECT * FROM `acc_level` WHERE `id` = 3 LIMIT 1   [ RunTime:0.0001s ]
NOTIC: [8] Undefined variable: p /www/web/168/Dexis/Runtime/Cache/Backet/1afe02511ce28c3575ca6aafc6625e9b.php 第 373 行.
SQL: SELECT * FROM `account` WHERE `id` = 3847 LIMIT 1   [ RunTime:0.0001s ]
NOTIC: [8] Undefined variable: rec /www/web/168/Dexis/Runtime/Cache/Backet/1afe02511ce28c3575ca6aafc6625e9b.php 第 372 行.
SQL: SELECT * FROM `account` WHERE `id` = 3847 LIMIT 1   [ RunTime:0.0001s ]
SQL: SELECT * FROM `account` WHERE `sysid` = '15bda9d4787150' LIMIT 1   [ RunTime:0.0035s ]
SQL: SELECT * FROM `acc_level` WHERE `id` = 3 LIMIT 1   [ RunTime:0.0001s ]
NOTIC: [8] Undefined variable: p /www/web/168/Dexis/Runtime/Cache/Backet/1afe02511ce28c3575ca6aafc6625e9b.php 第 373 行.
SQL: SELECT * FROM `account` WHERE `id` = 3847 LIMIT 1   [ RunTime:0.0001s ]
NOTIC: [8] Undefined variable: rec /www/web/168/Dexis/Runtime/Cache/Backet/1afe02511ce28c3575ca6aafc6625e9b.php 第 372 行.
SQL: SELECT * FROM `account` WHERE `id` = 4047 LIMIT 1   [ RunTime:0.0001s ]
SQL: SELECT * FROM `account` WHERE `sysid` = '15b7807c46aed3' LIMIT 1   [ RunTime:0.0006s ]
SQL: SELECT * FROM `acc_level` WHERE `id` = 6 LIMIT 1   [ RunTime:0.0001s ]
NOTIC: [8] Undefined variable: p /www/web/168/Dexis/Runtime/Cache/Backet/1afe02511ce28c3575ca6aafc6625e9b.php 第 373 行.
SQL: SELECT * FROM `account` WHERE `id` = 4047 LIMIT 1   [ RunTime:0.0001s ]
NOTIC: [8] Undefined variable: rec /www/web/168/Dexis/Runtime/Cache/Backet/1afe02511ce28c3575ca6aafc6625e9b.php 第 372 行.
SQL: SELECT * FROM `account` WHERE `id` = 4201 LIMIT 1   [ RunTime:0.0001s ]
SQL: SELECT * FROM `account` WHERE `sysid` = '15bdbbda6210e2' LIMIT 1   [ RunTime:0.0036s ]
SQL: SELECT * FROM `acc_level` WHERE `id` = 3 LIMIT 1   [ RunTime:0.0001s ]
NOTIC: [8] Undefined variable: p /www/web/168/Dexis/Runtime/Cache/Backet/1afe02511ce28c3575ca6aafc6625e9b.php 第 373 行.
SQL: SELECT * FROM `account` WHERE `id` = 4201 LIMIT 1   [ RunTime:0.0001s ]
INFO: Run Behavior\ParseTemplateBehavior [ RunTime:0.056225s ]
INFO: [ view_parse ] --END-- [ RunTime:0.056252s ]
INFO: [ view_filter ] --START--
INFO: Run Behavior\WriteHtmlCacheBehavior [ RunTime:0.000107s ]
INFO: [ view_filter ] --END-- [ RunTime:0.000129s ]
INFO: [ app_end ] --START--
INFO: Run Behavior\ShowPageTraceBehavior [ RunTime:0.000291s ]
INFO: [ app_end ] --END-- [ RunTime:0.000327s ]

[ 2019-06-14T09:56:13+08:00 ] 222.209.33.5 /Backet/Conte/question.html
INFO: [ app_init ] --START--
INFO: Run Behavior\BuildLiteBehavior [ RunTime:0.000010s ]
INFO: [ app_init ] --END-- [ RunTime:0.000204s ]
INFO: [ app_begin ] --START--
INFO: Run Behavior\ReadHtmlCacheBehavior [ RunTime:0.000258s ]
INFO: [ app_begin ] --END-- [ RunTime:0.000293s ]
NOTIC: [8] Undefined index: lite /www/web/168/ThinkPHP/Library/Think/Db.class.php 第 37 行.
SQL: SHOW COLUMNS FROM `question` [ RunTime:0.0005s ]
NOTIC: [8] Undefined variable: where /www/web/168/Dexis/Backet/Controller/ConteController.class.php 第 59 行.
SQL: SELECT COUNT(*) AS tp_count FROM `question` LIMIT 1   [ RunTime:0.0001s ]
SQL: SELECT * FROM `question` ORDER BY id desc LIMIT 0,10   [ RunTime:0.0001s ]
INFO: [ view_parse ] --START--
INFO: [ template_filter ] --START--
INFO: Run Behavior\ContentReplaceBehavior [ RunTime:0.000085s ]
INFO: [ template_filter ] --END-- [ RunTime:0.000116s ]
NOTIC: [8] Undefined variable: name /www/web/168/Dexis/Runtime/Cache/Backet/1bc044a9dbef019563358cdffd0eed0d.php 第 327 行.
SQL: SHOW COLUMNS FROM `ques_cat` [ RunTime:0.0004s ]
SQL: SELECT * FROM `ques_cat` WHERE `id` = 2 LIMIT 1   [ RunTime:0.0001s ]
NOTIC: [8] Undefined variable: name /www/web/168/Dexis/Runtime/Cache/Backet/1bc044a9dbef019563358cdffd0eed0d.php 第 327 行.
SQL: SELECT * FROM `ques_cat` WHERE `id` = 4 LIMIT 1   [ RunTime:0.0001s ]
NOTIC: [8] Undefined variable: name /www/web/168/Dexis/Runtime/Cache/Backet/1bc044a9dbef019563358cdffd0eed0d.php 第 327 行.
SQL: SELECT * FROM `ques_cat` WHERE `id` = 3 LIMIT 1   [ RunTime:0.0001s ]
NOTIC: [8] Undefined variable: name /www/web/168/Dexis/Runtime/Cache/Backet/1bc044a9dbef019563358cdffd0eed0d.php 第 327 行.
SQL: SELECT * FROM `ques_cat` WHERE `id` = 3 LIMIT 1   [ RunTime:0.0001s ]
NOTIC: [8] Undefined variable: name /www/web/168/Dexis/Runtime/Cache/Backet/1bc044a9dbef019563358cdffd0eed0d.php 第 327 行.
SQL: SELECT * FROM `ques_cat` WHERE `id` = 1 LIMIT 1   [ RunTime:0.0001s ]
NOTIC: [8] Undefined variable: name /www/web/168/Dexis/Runtime/Cache/Backet/1bc044a9dbef019563358cdffd0eed0d.php 第 327 行.
SQL: SELECT * FROM `ques_cat` WHERE `id` = 1 LIMIT 1   [ RunTime:0.0001s ]
NOTIC: [8] Undefined variable: name /www/web/168/Dexis/Runtime/Cache/Backet/1bc044a9dbef019563358cdffd0eed0d.php 第 327 行.
SQL: SELECT * FROM `ques_cat` WHERE `id` = 1 LIMIT 1   [ RunTime:0.0001s ]
INFO: Run Behavior\ParseTemplateBehavior [ RunTime:0.014009s ]
INFO: [ view_parse ] --END-- [ RunTime:0.014035s ]
INFO: [ view_filter ] --START--
INFO: Run Behavior\WriteHtmlCacheBehavior [ RunTime:0.000095s ]
INFO: [ view_filter ] --END-- [ RunTime:0.000117s ]
INFO: [ app_end ] --START--
INFO: Run Behavior\ShowPageTraceBehavior [ RunTime:0.000291s ]
INFO: [ app_end ] --END-- [ RunTime:0.000325s ]

[ 2019-06-14T11:48:39+08:00 ] 222.209.33.5 /backet
INFO: [ app_init ] --START--
INFO: Run Behavior\BuildLiteBehavior [ RunTime:0.000010s ]
INFO: [ app_init ] --END-- [ RunTime:0.000206s ]
INFO: [ app_begin ] --START--
INFO: Run Behavior\ReadHtmlCacheBehavior [ RunTime:0.000255s ]
INFO: [ app_begin ] --END-- [ RunTime:0.000291s ]
NOTIC: [8] Undefined index: lite /www/web/168/ThinkPHP/Library/Think/Db.class.php 第 37 行.
INFO: [ view_parse ] --START--
INFO: [ template_filter ] --START--
INFO: Run Behavior\ContentReplaceBehavior [ RunTime:0.000028s ]
INFO: [ template_filter ] --END-- [ RunTime:0.000063s ]
INFO: Run Behavior\ParseTemplateBehavior [ RunTime:0.003488s ]
INFO: [ view_parse ] --END-- [ RunTime:0.003519s ]
INFO: [ view_filter ] --START--
INFO: Run Behavior\WriteHtmlCacheBehavior [ RunTime:0.000080s ]
INFO: [ view_filter ] --END-- [ RunTime:0.000102s ]
INFO: [ app_end ] --START--
INFO: Run Behavior\ShowPageTraceBehavior [ RunTime:0.000307s ]
INFO: [ app_end ] --END-- [ RunTime:0.000334s ]

[ 2019-06-14T11:48:44+08:00 ] 222.209.33.5 /Backet/Index/logon.html
INFO: [ app_init ] --START--
INFO: Run Behavior\BuildLiteBehavior [ RunTime:0.000011s ]
INFO: [ app_init ] --END-- [ RunTime:0.000200s ]
INFO: [ app_begin ] --START--
INFO: Run Behavior\ReadHtmlCacheBehavior [ RunTime:0.000262s ]
INFO: [ app_begin ] --END-- [ RunTime:0.000294s ]
NOTIC: [8] Undefined index: lite /www/web/168/ThinkPHP/Library/Think/Db.class.php 第 37 行.
SQL: SHOW COLUMNS FROM `sysmang` [ RunTime:0.0005s ]
SQL: SELECT * FROM `sysmang` WHERE `name` = 'sai' AND `passwd` = 'e10adc3949ba59abbe56e057f20f883e' LIMIT 1   [ RunTime:0.0002s ]

[ 2019-06-14T11:48:44+08:00 ] 222.209.33.5 /Backet/Dash/index.html
INFO: [ app_init ] --START--
INFO: Run Behavior\BuildLiteBehavior [ RunTime:0.000009s ]
INFO: [ app_init ] --END-- [ RunTime:0.000189s ]
INFO: [ app_begin ] --START--
INFO: Run Behavior\ReadHtmlCacheBehavior [ RunTime:0.000250s ]
INFO: [ app_begin ] --END-- [ RunTime:0.000282s ]
NOTIC: [8] Undefined index: lite /www/web/168/ThinkPHP/Library/Think/Db.class.php 第 37 行.
SQL: SHOW COLUMNS FROM `account` [ RunTime:0.0005s ]
SQL: SHOW COLUMNS FROM `orders` [ RunTime:0.0004s ]
SQL: SHOW COLUMNS FROM `acc_money` [ RunTime:0.0003s ]
SQL: SHOW COLUMNS FROM `acc_nums` [ RunTime:0.0003s ]
SQL: SHOW COLUMNS FROM `order_sr` [ RunTime:0.0003s ]
SQL: SELECT SUM(money) AS tp_sum FROM `orders` WHERE `paytime` BETWEEN 1560441600 AND 1560527999 LIMIT 1   [ RunTime:0.0002s ]
SQL: SELECT SUM(money) AS tp_sum FROM `acc_money` WHERE `models` = 'ORDER' AND `times` BETWEEN 1560441600 AND 1560527999 AND `sn` LIKE '%2018A%' LIMIT 1   [ RunTime:0.0002s ]
SQL: SELECT SUM(money) AS tp_sum FROM `order_sr` WHERE `status` IN ('5','4','7') AND `passtime` BETWEEN 1560441600 AND 1560527999 LIMIT 1   [ RunTime:0.0012s ]
SQL: SELECT * FROM `acc_money` WHERE `times` BETWEEN 1560441600 AND 1560527999 AND `models` = 'REBACK' GROUP BY sn  [ RunTime:0.0002s ]
SQL: SHOW COLUMNS FROM `acc_level` [ RunTime:0.0004s ]
SQL: SELECT `id`,`totalpoints`,`stock` FROM `account` WHERE `level` = 6 ORDER BY id desc  [ RunTime:0.0028s ]
SQL: SELECT SUM(stock) AS tp_sum FROM `account` LIMIT 1   [ RunTime:0.0015s ]
SQL: SELECT SUM(gnums) AS tp_sum FROM `orders` WHERE `buy_level` = 6 AND `gid` = 8 AND `status` = 1 LIMIT 1   [ RunTime:0.0001s ]
SQL: SELECT SUM(money) AS tp_sum FROM `orders` WHERE `buy_level` = 6 AND `gid` = 8 AND `status` = 1 LIMIT 1   [ RunTime:0.0001s ]
SQL: SELECT SUM(nums) AS tp_sum FROM `acc_nums` WHERE `type` = 13 AND `aboutid` = 0 LIMIT 1   [ RunTime:0.0001s ]
SQL: SELECT `sn` FROM `acc_nums` WHERE `type` = 13 AND `aboutid` = 0  [ RunTime:0.0001s ]
SQL: SELECT SUM(money) AS tp_sum FROM `acc_money` WHERE `sn` IN ('2018A5c21292982054296','2018A5c21202942055052') AND `models` = 'ORDER' LIMIT 1   [ RunTime:0.0001s ]
NOTIC: [8] Undefined variable: nums /www/web/168/Dexis/Backet/Controller/UsersController.class.php 第 737 行.
NOTIC: [8] Undefined variable: nums /www/web/168/Dexis/Backet/Controller/UsersController.class.php 第 738 行.
SQL: SELECT * FROM `acc_nums` WHERE `time` BETWEEN 1560441600 AND 1560528000 AND `uid` IN ('4770','4768','4763','4762','4761','4760','4090','4037','3711','3649','3597','3463','3208','3207','3205','3157','3150','2813','2729','2530','2223','2149','2126','1851','1831','1680','1679','1660','1596','1402','1178','1176','1175','1174','1053','1037','1028','1016','1009','795','673','672','606','572','515','467','450','444','442','441','412','410','341','340','334','272','232','213','130','117','116','108','102','37') AND `type` < 20 AND `aboutid` = 0 AND `status` = 1 ORDER BY id desc  [ RunTime:0.0002s ]
NOTIC: [8] Undefined variable: get_list2 /www/web/168/Dexis/Backet/Controller/UsersController.class.php 第 819 行.
NOTIC: [8] Undefined variable: allmun /www/web/168/Dexis/Backet/Controller/UsersController.class.php 第 833 行.
NOTIC: [2] array_sum() expects parameter 1 to be array, null given /www/web/168/Dexis/Backet/Controller/UsersController.class.php 第 833 行.
SQL: SHOW COLUMNS FROM `money_draw` [ RunTime:0.0004s ]
SQL: SELECT SUM(money) AS tp_sum FROM `money_draw` WHERE `status` = 1 LIMIT 1   [ RunTime:0.0002s ]
SQL: SHOW COLUMNS FROM `acc_record` [ RunTime:0.0003s ]
SQL: SELECT COUNT(*) AS tp_count FROM `acc_record` WHERE `dotype` = '用户升级黄金雨' LIMIT 1   [ RunTime:0.0001s ]
SQL: SELECT COUNT(*) AS tp_count FROM `acc_record` WHERE `dotype` = '用户升级黄金雨' AND `time` BETWEEN 1560441600 AND 1560528000 LIMIT 1   [ RunTime:0.0001s ]
SQL: SELECT COUNT(*) AS tp_count FROM `acc_record` WHERE `dotype` = '用户升级钻石雨' LIMIT 1   [ RunTime:0.0001s ]
SQL: SELECT COUNT(*) AS tp_count FROM `acc_record` WHERE `dotype` = '用户升级钻石雨' AND `time` BETWEEN 1560441600 AND 1560528000 LIMIT 1   [ RunTime:0.0001s ]
NOTIC: [8] Undefined variable: pay_wecate /www/web/168/Dexis/Backet/Controller/UsersController.class.php 第 839 行.
NOTIC: [8] Undefined variable: pay_rest /www/web/168/Dexis/Backet/Controller/UsersController.class.php 第 839 行.
NOTIC: [8] Undefined variable: pay_bac /www/web/168/Dexis/Backet/Controller/UsersController.class.php 第 839 行.
SQL: SELECT SUM(money) AS tp_sum FROM `account` WHERE `level` <> 6 LIMIT 1   [ RunTime:0.0017s ]
SQL: SELECT SUM(money) AS tp_sum FROM `account` WHERE `level` = 6 LIMIT 1   [ RunTime:0.0013s ]
SQL: SELECT COUNT(*) AS tp_count FROM `account` LIMIT 1   [ RunTime:0.0011s ]
SQL: SELECT COUNT(*) AS tp_count FROM `orders` LIMIT 1   [ RunTime:0.0001s ]
SQL: SHOW COLUMNS FROM `acc_stages` [ RunTime:0.0003s ]
SQL: SELECT `level`,count(id) as apply_num FROM `acc_stages` GROUP BY level ORDER BY level asc  [ RunTime:0.0001s ]
SQL: SHOW COLUMNS FROM `order_drs` [ RunTime:0.0004s ]
SQL: SELECT SUM(nums) AS tp_sum FROM `order_drs` WHERE `status` = 1 AND `have_pay` = 1 LIMIT 1   [ RunTime:0.0005s ]
SQL: SELECT SUM(nums) AS tp_sum FROM `acc_nums` WHERE `type` = 23 AND `time` BETWEEN 1560441600 AND 1560528000 LIMIT 1   [ RunTime:0.0001s ]
SQL: SELECT SUM(money) AS tp_sum FROM `orders` WHERE ( status=3 ) LIMIT 1   [ RunTime:0.0001s ]
INFO: [ view_parse ] --START--
INFO: [ template_filter ] --START--
INFO: Run Behavior\ContentReplaceBehavior [ RunTime:0.000099s ]
INFO: [ template_filter ] --END-- [ RunTime:0.000131s ]
INFO: Run Behavior\ParseTemplateBehavior [ RunTime:0.013973s ]
INFO: [ view_parse ] --END-- [ RunTime:0.014005s ]
INFO: [ view_filter ] --START--
INFO: Run Behavior\WriteHtmlCacheBehavior [ RunTime:0.000089s ]
INFO: [ view_filter ] --END-- [ RunTime:0.000110s ]
INFO: [ app_end ] --START--
INFO: Run Behavior\ShowPageTraceBehavior [ RunTime:0.000320s ]
INFO: [ app_end ] --END-- [ RunTime:0.000352s ]

[ 2019-06-14T11:49:28+08:00 ] 222.209.33.5 /Backet/Goods/order/type/10.html
INFO: [ app_init ] --START--
INFO: Run Behavior\BuildLiteBehavior [ RunTime:0.000010s ]
INFO: [ app_init ] --END-- [ RunTime:0.000204s ]
INFO: [ app_begin ] --START--
INFO: Run Behavior\ReadHtmlCacheBehavior [ RunTime:0.000256s ]
INFO: [ app_begin ] --END-- [ RunTime:0.000289s ]
NOTIC: [8] Undefined index: lite /www/web/168/ThinkPHP/Library/Think/Db.class.php 第 37 行.
SQL: SHOW COLUMNS FROM `orders` [ RunTime:0.0006s ]
NOTIC: [8] Undefined index: tjid /www/web/168/Dexis/Backet/Controller/GoodsController.class.php 第 176 行.
NOTIC: [8] Undefined index: username /www/web/168/Dexis/Backet/Controller/GoodsController.class.php 第 191 行.
NOTIC: [8] Undefined index: start /www/web/168/Dexis/Backet/Controller/GoodsController.class.php 第 201 行.
NOTIC: [8] Undefined index: ends /www/web/168/Dexis/Backet/Controller/GoodsController.class.php 第 201 行.
NOTIC: [8] Undefined index: sn /www/web/168/Dexis/Backet/Controller/GoodsController.class.php 第 217 行.
NOTIC: [8] Undefined index: phone /www/web/168/Dexis/Backet/Controller/GoodsController.class.php 第 220 行.
NOTIC: [8] Undefined index: status /www/web/168/Dexis/Backet/Controller/GoodsController.class.php 第 221 行.
NOTIC: [8] Undefined index: paytype /www/web/168/Dexis/Backet/Controller/GoodsController.class.php 第 222 行.
NOTIC: [8] Undefined index: buy_level /www/web/168/Dexis/Backet/Controller/GoodsController.class.php 第 223 行.
NOTIC: [8] Undefined index: gid /www/web/168/Dexis/Backet/Controller/GoodsController.class.php 第 225 行.
SQL: SHOW COLUMNS FROM `goods` [ RunTime:0.0005s ]
SQL: SELECT * FROM `goods` WHERE `ind` = 1 AND `status` = 1  [ RunTime:0.0002s ]
SQL: SHOW COLUMNS FROM `acc_level` [ RunTime:0.0004s ]
SQL: SELECT `id`,`name` FROM `acc_level`  [ RunTime:0.0001s ]
NOTIC: [8] Undefined variable: where /www/web/168/Dexis/Backet/Controller/GoodsController.class.php 第 236 行.
SQL: SELECT COUNT(*) AS tp_count FROM `orders` LIMIT 1   [ RunTime:0.0001s ]
SQL: SELECT * FROM `orders` ORDER BY id desc LIMIT 0,10   [ RunTime:0.0002s ]
INFO: [ view_parse ] --START--
INFO: [ template_filter ] --START--
INFO: Run Behavior\ContentReplaceBehavior [ RunTime:0.000092s ]
INFO: [ template_filter ] --END-- [ RunTime:0.000124s ]
NOTIC: [8] Undefined variable: sn /www/web/168/Dexis/Runtime/Cache/Backet/fffa944d89c25a6af6cd92328c7b0173.php 第 313 行.
NOTIC: [8] Undefined index: gid /www/web/168/Dexis/Runtime/Cache/Backet/fffa944d89c25a6af6cd92328c7b0173.php 第 338 行.
NOTIC: [8] Undefined index: gid /www/web/168/Dexis/Runtime/Cache/Backet/fffa944d89c25a6af6cd92328c7b0173.php 第 338 行.
NOTIC: [8] Undefined index: paytype /www/web/168/Dexis/Runtime/Cache/Backet/fffa944d89c25a6af6cd92328c7b0173.php 第 344 行.
NOTIC: [8] Undefined index: paytype /www/web/168/Dexis/Runtime/Cache/Backet/fffa944d89c25a6af6cd92328c7b0173.php 第 345 行.
NOTIC: [8] Undefined index: buy_level /www/web/168/Dexis/Runtime/Cache/Backet/fffa944d89c25a6af6cd92328c7b0173.php 第 351 行.
NOTIC: [8] Undefined index: buy_level /www/web/168/Dexis/Runtime/Cache/Backet/fffa944d89c25a6af6cd92328c7b0173.php 第 351 行.
NOTIC: [8] Undefined index: buy_level /www/web/168/Dexis/Runtime/Cache/Backet/fffa944d89c25a6af6cd92328c7b0173.php 第 351 行.
NOTIC: [8] Undefined index: buy_level /www/web/168/Dexis/Runtime/Cache/Backet/fffa944d89c25a6af6cd92328c7b0173.php 第 351 行.
NOTIC: [8] Undefined index: buy_level /www/web/168/Dexis/Runtime/Cache/Backet/fffa944d89c25a6af6cd92328c7b0173.php 第 351 行.
NOTIC: [8] Undefined index: buy_level /www/web/168/Dexis/Runtime/Cache/Backet/fffa944d89c25a6af6cd92328c7b0173.php 第 351 行.
NOTIC: [8] Undefined variable: rec /www/web/168/Dexis/Runtime/Cache/Backet/fffa944d89c25a6af6cd92328c7b0173.php 第 389 行.
SQL: SHOW COLUMNS FROM `account` [ RunTime:0.0005s ]
SQL: SELECT * FROM `account` WHERE `id` = 4780 LIMIT 1   [ RunTime:0.0001s ]
SQL: SELECT * FROM `account` WHERE `sysid` = '15c73aa7ac469c' LIMIT 1   [ RunTime:0.0044s ]
SQL: SELECT * FROM `account` WHERE `id` = 4780 LIMIT 1   [ RunTime:0.0001s ]
NOTIC: [8] Undefined variable: p /www/web/168/Dexis/Runtime/Cache/Backet/fffa944d89c25a6af6cd92328c7b0173.php 第 392 行.
SQL: SELECT * FROM `account` WHERE `id` = 4780 LIMIT 1   [ RunTime:0.0001s ]
SQL: SELECT * FROM `acc_level` WHERE `id` = 7 LIMIT 1   [ RunTime:0.0001s ]
NOTIC: [8] Undefined variable: rec /www/web/168/Dexis/Runtime/Cache/Backet/fffa944d89c25a6af6cd92328c7b0173.php 第 389 行.
SQL: SELECT * FROM `account` WHERE `id` = 4780 LIMIT 1   [ RunTime:0.0001s ]
SQL: SELECT * FROM `account` WHERE `sysid` = '15c73aa7ac469c' LIMIT 1   [ RunTime:0.0044s ]
SQL: SELECT * FROM `account` WHERE `id` = 4780 LIMIT 1   [ RunTime:0.0001s ]
NOTIC: [8] Undefined variable: p /www/web/168/Dexis/Runtime/Cache/Backet/fffa944d89c25a6af6cd92328c7b0173.php 第 392 行.
SQL: SELECT * FROM `account` WHERE `id` = 4780 LIMIT 1   [ RunTime:0.0001s ]
SQL: SELECT * FROM `acc_level` WHERE `id` = 7 LIMIT 1   [ RunTime:0.0001s ]
NOTIC: [8] Undefined variable: rec /www/web/168/Dexis/Runtime/Cache/Backet/fffa944d89c25a6af6cd92328c7b0173.php 第 389 行.
SQL: SELECT * FROM `account` WHERE `id` = 442 LIMIT 1   [ RunTime:0.0001s ]
SQL: SELECT * FROM `account` WHERE `sysid` = '15b69971d26f5e' LIMIT 1   [ RunTime:0.0004s ]
SQL: SELECT * FROM `acc_level` WHERE `id` = 6 LIMIT 1   [ RunTime:0.0001s ]
SQL: SELECT * FROM `account` WHERE `id` = 442 LIMIT 1   [ RunTime:0.0001s ]
NOTIC: [8] Undefined variable: p /www/web/168/Dexis/Runtime/Cache/Backet/fffa944d89c25a6af6cd92328c7b0173.php 第 392 行.
SQL: SELECT * FROM `account` WHERE `id` = 442 LIMIT 1   [ RunTime:0.0001s ]
NOTIC: [2] date() expects parameter 2 to be long, string given /www/web/168/Dexis/Runtime/Cache/Backet/fffa944d89c25a6af6cd92328c7b0173.php 第 398 行.
SQL: SELECT * FROM `acc_level` WHERE `id` = 6 LIMIT 1   [ RunTime:0.0001s ]
NOTIC: [8] Undefined variable: rec /www/web/168/Dexis/Runtime/Cache/Backet/fffa944d89c25a6af6cd92328c7b0173.php 第 389 行.
SQL: SELECT * FROM `account` WHERE `id` = 4780 LIMIT 1   [ RunTime:0.0001s ]
SQL: SELECT * FROM `account` WHERE `sysid` = '15c73aa7ac469c' LIMIT 1   [ RunTime:0.0043s ]
SQL: SELECT * FROM `account` WHERE `id` = 4780 LIMIT 1   [ RunTime:0.0001s ]
NOTIC: [8] Undefined variable: p /www/web/168/Dexis/Runtime/Cache/Backet/fffa944d89c25a6af6cd92328c7b0173.php 第 392 行.
SQL: SELECT * FROM `account` WHERE `id` = 4780 LIMIT 1   [ RunTime:0.0001s ]
SQL: SELECT * FROM `acc_level` WHERE `id` = 2 LIMIT 1   [ RunTime:0.0001s ]
NOTIC: [8] Undefined variable: rec /www/web/168/Dexis/Runtime/Cache/Backet/fffa944d89c25a6af6cd92328c7b0173.php 第 389 行.
SQL: SELECT * FROM `account` WHERE `id` = 4780 LIMIT 1   [ RunTime:0.0001s ]
SQL: SELECT * FROM `account` WHERE `sysid` = '15c73aa7ac469c' LIMIT 1   [ RunTime:0.0043s ]
SQL: SELECT * FROM `account` WHERE `id` = 4780 LIMIT 1   [ RunTime:0.0001s ]
NOTIC: [8] Undefined variable: p /www/web/168/Dexis/Runtime/Cache/Backet/fffa944d89c25a6af6cd92328c7b0173.php 第 392 行.
SQL: SELECT * FROM `account` WHERE `id` = 4780 LIMIT 1   [ RunTime:0.0001s ]
SQL: SELECT * FROM `acc_level` WHERE `id` = 2 LIMIT 1   [ RunTime:0.0001s ]
NOTIC: [8] Undefined variable: rec /www/web/168/Dexis/Runtime/Cache/Backet/fffa944d89c25a6af6cd92328c7b0173.php 第 389 行.
SQL: SELECT * FROM `account` WHERE `id` = 4780 LIMIT 1   [ RunTime:0.0001s ]
SQL: SELECT * FROM `account` WHERE `sysid` = '15c73aa7ac469c' LIMIT 1   [ RunTime:0.0043s ]
SQL: SELECT * FROM `account` WHERE `id` = 4780 LIMIT 1   [ RunTime:0.0001s ]
NOTIC: [8] Undefined variable: p /www/web/168/Dexis/Runtime/Cache/Backet/fffa944d89c25a6af6cd92328c7b0173.php 第 392 行.
SQL: SELECT * FROM `account` WHERE `id` = 4780 LIMIT 1   [ RunTime:0.0001s ]
SQL: SELECT * FROM `acc_level` WHERE `id` = 2 LIMIT 1   [ RunTime:0.0001s ]
NOTIC: [8] Undefined variable: rec /www/web/168/Dexis/Runtime/Cache/Backet/fffa944d89c25a6af6cd92328c7b0173.php 第 389 行.
SQL: SELECT * FROM `account` WHERE `id` = 4781 LIMIT 1   [ RunTime:0.0001s ]
SQL: SELECT * FROM `account` WHERE `sysid` = '15c73aa7ac469d' LIMIT 1   [ RunTime:0.0044s ]
SQL: SELECT * FROM `acc_level` WHERE `id` = 7 LIMIT 1   [ RunTime:0.0001s ]
SQL: SELECT * FROM `account` WHERE `id` = 4781 LIMIT 1   [ RunTime:0.0001s ]
NOTIC: [8] Undefined variable: p /www/web/168/Dexis/Runtime/Cache/Backet/fffa944d89c25a6af6cd92328c7b0173.php 第 392 行.
SQL: SELECT * FROM `account` WHERE `id` = 4781 LIMIT 1   [ RunTime:0.0001s ]
NOTIC: [2] date() expects parameter 2 to be long, string given /www/web/168/Dexis/Runtime/Cache/Backet/fffa944d89c25a6af6cd92328c7b0173.php 第 398 行.
SQL: SELECT * FROM `acc_level` WHERE `id` = 1 LIMIT 1   [ RunTime:0.0001s ]
NOTIC: [8] Undefined variable: rec /www/web/168/Dexis/Runtime/Cache/Backet/fffa944d89c25a6af6cd92328c7b0173.php 第 389 行.
SQL: SELECT * FROM `account` WHERE `id` = 4780 LIMIT 1   [ RunTime:0.0001s ]
SQL: SELECT * FROM `account` WHERE `sysid` = '15c73aa7ac469c' LIMIT 1   [ RunTime:0.0043s ]
SQL: SELECT * FROM `account` WHERE `id` = 4780 LIMIT 1   [ RunTime:0.0001s ]
NOTIC: [8] Undefined variable: p /www/web/168/Dexis/Runtime/Cache/Backet/fffa944d89c25a6af6cd92328c7b0173.php 第 392 行.
SQL: SELECT * FROM `account` WHERE `id` = 4780 LIMIT 1   [ RunTime:0.0001s ]
NOTIC: [2] date() expects parameter 2 to be long, string given /www/web/168/Dexis/Runtime/Cache/Backet/fffa944d89c25a6af6cd92328c7b0173.php 第 398 行.
SQL: SELECT * FROM `acc_level` WHERE `id` = 1 LIMIT 1   [ RunTime:0.0001s ]
NOTIC: [8] Undefined variable: rec /www/web/168/Dexis/Runtime/Cache/Backet/fffa944d89c25a6af6cd92328c7b0173.php 第 389 行.
SQL: SELECT * FROM `account` WHERE `id` = 4780 LIMIT 1   [ RunTime:0.0001s ]
SQL: SELECT * FROM `account` WHERE `sysid` = '15c73aa7ac469c' LIMIT 1   [ RunTime:0.0044s ]
SQL: SELECT * FROM `account` WHERE `id` = 4780 LIMIT 1   [ RunTime:0.0001s ]
NOTIC: [8] Undefined variable: p /www/web/168/Dexis/Runtime/Cache/Backet/fffa944d89c25a6af6cd92328c7b0173.php 第 392 行.
SQL: SELECT * FROM `account` WHERE `id` = 4780 LIMIT 1   [ RunTime:0.0001s ]
NOTIC: [2] date() expects parameter 2 to be long, string given /www/web/168/Dexis/Runtime/Cache/Backet/fffa944d89c25a6af6cd92328c7b0173.php 第 398 行.
SQL: SELECT * FROM `acc_level` WHERE `id` = 2 LIMIT 1   [ RunTime:0.0001s ]
NOTIC: [8] Undefined variable: rec /www/web/168/Dexis/Runtime/Cache/Backet/fffa944d89c25a6af6cd92328c7b0173.php 第 389 行.
SQL: SELECT * FROM `account` WHERE `id` = 4780 LIMIT 1   [ RunTime:0.0001s ]
SQL: SELECT * FROM `account` WHERE `sysid` = '15c73aa7ac469c' LIMIT 1   [ RunTime:0.0043s ]
SQL: SELECT * FROM `account` WHERE `id` = 4780 LIMIT 1   [ RunTime:0.0001s ]
NOTIC: [8] Undefined variable: p /www/web/168/Dexis/Runtime/Cache/Backet/fffa944d89c25a6af6cd92328c7b0173.php 第 392 行.
SQL: SELECT * FROM `account` WHERE `id` = 4780 LIMIT 1   [ RunTime:0.0001s ]
NOTIC: [2] date() expects parameter 2 to be long, string given /www/web/168/Dexis/Runtime/Cache/Backet/fffa944d89c25a6af6cd92328c7b0173.php 第 398 行.
SQL: SELECT * FROM `acc_level` WHERE `id` = 2 LIMIT 1   [ RunTime:0.0001s ]
INFO: Run Behavior\ParseTemplateBehavior [ RunTime:0.066511s ]
INFO: [ view_parse ] --END-- [ RunTime:0.066550s ]
INFO: [ view_filter ] --START--
INFO: Run Behavior\WriteHtmlCacheBehavior [ RunTime:0.000093s ]
INFO: [ view_filter ] --END-- [ RunTime:0.000114s ]
INFO: [ app_end ] --START--
INFO: Run Behavior\ShowPageTraceBehavior [ RunTime:0.000330s ]
INFO: [ app_end ] --END-- [ RunTime:0.000365s ]

[ 2019-06-14T12:07:01+08:00 ] 222.209.33.5 /Backet/sale/salelist.html
INFO: [ app_init ] --START--
INFO: Run Behavior\BuildLiteBehavior [ RunTime:0.000009s ]
INFO: [ app_init ] --END-- [ RunTime:0.000199s ]
INFO: [ app_begin ] --START--
INFO: Run Behavior\ReadHtmlCacheBehavior [ RunTime:0.000266s ]
INFO: [ app_begin ] --END-- [ RunTime:0.000301s ]
NOTIC: [8] Undefined index: lite /www/web/168/ThinkPHP/Library/Think/Db.class.php 第 37 行.
SQL: SHOW COLUMNS FROM `goods_ware` [ RunTime:0.0005s ]
SQL: SHOW COLUMNS FROM `goods_outlist` [ RunTime:0.0004s ]
NOTIC: [8] Undefined index: where /www/web/168/Dexis/Backet/Controller/SaleController.class.php 第 45 行.
SQL: SHOW COLUMNS FROM `goods` [ RunTime:0.0004s ]
SQL: SELECT `id`,`name`,`gsn` FROM `goods` WHERE `ind` = 1 AND `status` = 1  [ RunTime:0.0002s ]
NOTIC: [8] Undefined index: gid /www/web/168/Dexis/Backet/Controller/SaleController.class.php 第 54 行.
SQL: SELECT * FROM `goods_ware` WHERE `goods_id` IN ('8','15') LIMIT 1   [ RunTime:0.0001s ]
NOTIC: [8] Undefined index: way /www/web/168/Dexis/Backet/Controller/SaleController.class.php 第 67 行.
NOTIC: [8] Undefined index: where /www/web/168/Dexis/Backet/Controller/SaleController.class.php 第 71 行.
NOTIC: [8] Undefined index: start /www/web/168/Dexis/Backet/Controller/SaleController.class.php 第 76 行.
NOTIC: [8] Undefined index: ends /www/web/168/Dexis/Backet/Controller/SaleController.class.php 第 76 行.
SQL: SELECT COUNT(*) AS tp_count FROM `goods_outlist` WHERE `g_id` IN ('8','15') LIMIT 1   [ RunTime:0.0001s ]
SQL: SELECT * FROM `goods_outlist` WHERE `g_id` IN ('8','15') ORDER BY id asc LIMIT 0,10   [ RunTime:0.0001s ]
SQL: SELECT * FROM `goods` WHERE `id` = 8 LIMIT 1   [ RunTime:0.0001s ]
SQL: SHOW COLUMNS FROM `goods_img` [ RunTime:0.0004s ]
SQL: SELECT * FROM `goods_img` WHERE `gsn` = '415244730815416283' ORDER BY id asc LIMIT 1   [ RunTime:0.0001s ]
SQL: SHOW COLUMNS FROM `account` [ RunTime:0.0004s ]
SQL: SELECT * FROM `account` WHERE `id` = 1 LIMIT 1   [ RunTime:0.0001s ]
NOTIC: [8] Undefined index: name /www/web/168/Dexis/Common/Common/local.php 第 175 行.
SQL: SELECT * FROM `goods` WHERE `id` = 8 LIMIT 1   [ RunTime:0.0001s ]
SQL: SELECT * FROM `goods_img` WHERE `gsn` = '415244730815416283' ORDER BY id asc LIMIT 1   [ RunTime:0.0001s ]
SQL: SELECT * FROM `account` WHERE `id` = 27 LIMIT 1   [ RunTime:0.0001s ]
SQL: SELECT * FROM `goods` WHERE `id` = 8 LIMIT 1   [ RunTime:0.0001s ]
SQL: SELECT * FROM `goods_img` WHERE `gsn` = '415244730815416283' ORDER BY id asc LIMIT 1   [ RunTime:0.0001s ]
SQL: SELECT * FROM `account` WHERE `id` = 1 LIMIT 1   [ RunTime:0.0001s ]
NOTIC: [8] Undefined index: name /www/web/168/Dexis/Common/Common/local.php 第 175 行.
SQL: SELECT * FROM `goods` WHERE `id` = 8 LIMIT 1   [ RunTime:0.0001s ]
SQL: SELECT * FROM `goods_img` WHERE `gsn` = '415244730815416283' ORDER BY id asc LIMIT 1   [ RunTime:0.0001s ]
SQL: SELECT * FROM `account` WHERE `id` = 1 LIMIT 1   [ RunTime:0.0001s ]
NOTIC: [8] Undefined index: name /www/web/168/Dexis/Common/Common/local.php 第 175 行.
SQL: SELECT * FROM `goods` WHERE `id` = 8 LIMIT 1   [ RunTime:0.0001s ]
SQL: SELECT * FROM `goods_img` WHERE `gsn` = '415244730815416283' ORDER BY id asc LIMIT 1   [ RunTime:0.0001s ]
SQL: SELECT * FROM `account` WHERE `id` = 1548 LIMIT 1   [ RunTime:0.0001s ]
SQL: SELECT * FROM `goods` WHERE `id` = 15 LIMIT 1   [ RunTime:0.0001s ]
SQL: SELECT * FROM `goods_img` WHERE `gsn` = '515382251920431381' ORDER BY id asc LIMIT 1   [ RunTime:0.0001s ]
SQL: SELECT * FROM `account` WHERE `id` = 1 LIMIT 1   [ RunTime:0.0001s ]
NOTIC: [8] Undefined index: name /www/web/168/Dexis/Common/Common/local.php 第 175 行.
SQL: SELECT * FROM `goods` WHERE `id` = 8 LIMIT 1   [ RunTime:0.0001s ]
SQL: SELECT * FROM `goods_img` WHERE `gsn` = '415244730815416283' ORDER BY id asc LIMIT 1   [ RunTime:0.0001s ]
SQL: SELECT * FROM `account` WHERE `id` = 4770 LIMIT 1   [ RunTime:0.0001s ]
SQL: SELECT SUM(nums) AS tp_sum FROM `goods_outlist` WHERE `g_id` IN ('8','15') AND `type` = 1 LIMIT 1   [ RunTime:0.0001s ]
NOTIC: [8] Undefined index: type /www/web/168/Dexis/Backet/Controller/SaleController.class.php 第 118 行.
NOTIC: [8] Undefined index: type /www/web/168/Dexis/Backet/Controller/SaleController.class.php 第 120 行.
NOTIC: [8] Undefined index: type /www/web/168/Dexis/Backet/Controller/SaleController.class.php 第 122 行.
NOTIC: [8] Undefined index: type /www/web/168/Dexis/Backet/Controller/SaleController.class.php 第 129 行.
NOTIC: [8] Undefined index: where /www/web/168/Dexis/Backet/Controller/SaleController.class.php 第 132 行.
NOTIC: [8] Undefined variable: temple /www/web/168/Dexis/Backet/Controller/SaleController.class.php 第 136 行.
INFO: [ view_parse ] --START--
INFO: [ template_filter ] --START--
INFO: Run Behavior\ContentReplaceBehavior [ RunTime:0.000090s ]
INFO: [ template_filter ] --END-- [ RunTime:0.000121s ]
INFO: Run Behavior\ParseTemplateBehavior [ RunTime:0.011614s ]
INFO: [ view_parse ] --END-- [ RunTime:0.011643s ]
INFO: [ view_filter ] --START--
INFO: Run Behavior\WriteHtmlCacheBehavior [ RunTime:0.000084s ]
INFO: [ view_filter ] --END-- [ RunTime:0.000106s ]
INFO: [ app_end ] --START--
INFO: Run Behavior\ShowPageTraceBehavior [ RunTime:0.000298s ]
INFO: [ app_end ] --END-- [ RunTime:0.000334s ]

[ 2019-06-14T12:07:04+08:00 ] 222.209.33.5 /Backet/Goods/transinfo/type/0.html
INFO: [ app_init ] --START--
INFO: Run Behavior\BuildLiteBehavior [ RunTime:0.000010s ]
INFO: [ app_init ] --END-- [ RunTime:0.000201s ]
INFO: [ app_begin ] --START--
INFO: Run Behavior\ReadHtmlCacheBehavior [ RunTime:0.000259s ]
INFO: [ app_begin ] --END-- [ RunTime:0.000305s ]
NOTIC: [8] Undefined index: lite /www/web/168/ThinkPHP/Library/Think/Db.class.php 第 37 行.
SQL: SHOW COLUMNS FROM `order_drs` [ RunTime:0.0006s ]
SQL: SELECT COUNT(*) AS tp_count FROM `order_drs` WHERE `nums` > 19 AND `have_pay` = 1 LIMIT 1   [ RunTime:0.0005s ]
SQL: SELECT * FROM `order_drs` WHERE `nums` > 19 AND `have_pay` = 1 ORDER BY id desc LIMIT 0,10   [ RunTime:0.0002s ]
INFO: [ view_parse ] --START--
INFO: [ template_filter ] --START--
INFO: Run Behavior\ContentReplaceBehavior [ RunTime:0.000106s ]
INFO: [ template_filter ] --END-- [ RunTime:0.000140s ]
NOTIC: [8] Undefined variable: type /www/web/168/Dexis/Runtime/Cache/Backet/a7a644fa9b3784b400552d9348c2e616.php 第 311 行.
NOTIC: [8] Undefined variable: page /www/web/168/Dexis/Runtime/Cache/Backet/a7a644fa9b3784b400552d9348c2e616.php 第 311 行.
NOTIC: [8] Undefined variable: phone /www/web/168/Dexis/Runtime/Cache/Backet/a7a644fa9b3784b400552d9348c2e616.php 第 313 行.
NOTIC: [8] Undefined variable: username /www/web/168/Dexis/Runtime/Cache/Backet/a7a644fa9b3784b400552d9348c2e616.php 第 316 行.
NOTIC: [8] Undefined variable: start /www/web/168/Dexis/Runtime/Cache/Backet/a7a644fa9b3784b400552d9348c2e616.php 第 327 行.
NOTIC: [8] Undefined variable: ends /www/web/168/Dexis/Runtime/Cache/Backet/a7a644fa9b3784b400552d9348c2e616.php 第 330 行.
NOTIC: [8] Undefined variable: rec /www/web/168/Dexis/Runtime/Cache/Backet/a7a644fa9b3784b400552d9348c2e616.php 第 362 行.
SQL: SHOW COLUMNS FROM `account` [ RunTime:0.0005s ]
SQL: SELECT * FROM `account` WHERE `id` = 4780 LIMIT 1   [ RunTime:0.0001s ]
SQL: SELECT * FROM `account` WHERE `sysid` = '15c73aa7ac469c' LIMIT 1   [ RunTime:0.0044s ]
NOTIC: [8] Undefined variable: p /www/web/168/Dexis/Runtime/Cache/Backet/a7a644fa9b3784b400552d9348c2e616.php 第 363 行.
SQL: SELECT * FROM `account` WHERE `id` = 4780 LIMIT 1   [ RunTime:0.0001s ]
NOTIC: [8] Undefined variable: p /www/web/168/Dexis/Runtime/Cache/Backet/a7a644fa9b3784b400552d9348c2e616.php 第 367 行.
SQL: SELECT * FROM `account` WHERE `id` = 4780 LIMIT 1   [ RunTime:0.0001s ]
NOTIC: [8] Use of undefined constant name - assumed 'name' /www/web/168/Dexis/Runtime/Cache/Backet/a7a644fa9b3784b400552d9348c2e616.php 第 369 行.
NOTIC: [8] Undefined index: transid /www/web/168/Dexis/Runtime/Cache/Backet/a7a644fa9b3784b400552d9348c2e616.php 第 369 行.
SQL: SHOW COLUMNS FROM `systrans` [ RunTime:0.0004s ]
SQL: SELECT * FROM `systrans` WHERE `id` = 0 LIMIT 1   [ RunTime:0.0001s ]
NOTIC: [8] Use of undefined constant idcard - assumed 'idcard' /www/web/168/Dexis/Runtime/Cache/Backet/a7a644fa9b3784b400552d9348c2e616.php 第 381 行.
SQL: SHOW COLUMNS FROM `acc_addr` [ RunTime:0.0003s ]
SQL: SELECT * FROM `acc_addr` WHERE `id` = 1240 LIMIT 1   [ RunTime:0.0001s ]
NOTIC: [8] Undefined variable: rec /www/web/168/Dexis/Runtime/Cache/Backet/a7a644fa9b3784b400552d9348c2e616.php 第 362 行.
SQL: SELECT * FROM `account` WHERE `id` = 4766 LIMIT 1   [ RunTime:0.0001s ]
SQL: SELECT * FROM `account` WHERE `sysid` = '1211' LIMIT 1   [ RunTime:0.0043s ]
SQL: SHOW COLUMNS FROM `acc_level` [ RunTime:0.0004s ]
SQL: SELECT * FROM `acc_level` WHERE `id` = 3 LIMIT 1   [ RunTime:0.0001s ]
NOTIC: [8] Undefined variable: p /www/web/168/Dexis/Runtime/Cache/Backet/a7a644fa9b3784b400552d9348c2e616.php 第 363 行.
SQL: SELECT * FROM `account` WHERE `id` = 4766 LIMIT 1   [ RunTime:0.0001s ]
NOTIC: [8] Undefined variable: p /www/web/168/Dexis/Runtime/Cache/Backet/a7a644fa9b3784b400552d9348c2e616.php 第 367 行.
SQL: SELECT * FROM `account` WHERE `id` = 4766 LIMIT 1   [ RunTime:0.0001s ]
NOTIC: [8] Use of undefined constant name - assumed 'name' /www/web/168/Dexis/Runtime/Cache/Backet/a7a644fa9b3784b400552d9348c2e616.php 第 369 行.
NOTIC: [8] Undefined index: transid /www/web/168/Dexis/Runtime/Cache/Backet/a7a644fa9b3784b400552d9348c2e616.php 第 369 行.
SQL: SELECT * FROM `systrans` WHERE `id` = 0 LIMIT 1   [ RunTime:0.0001s ]
NOTIC: [8] Use of undefined constant idcard - assumed 'idcard' /www/web/168/Dexis/Runtime/Cache/Backet/a7a644fa9b3784b400552d9348c2e616.php 第 381 行.
SQL: SELECT * FROM `acc_addr` WHERE `id` = 1239 LIMIT 1   [ RunTime:0.0001s ]
NOTIC: [8] Undefined variable: rec /www/web/168/Dexis/Runtime/Cache/Backet/a7a644fa9b3784b400552d9348c2e616.php 第 362 行.
SQL: SELECT * FROM `account` WHERE `id` = 4766 LIMIT 1   [ RunTime:0.0001s ]
SQL: SELECT * FROM `account` WHERE `sysid` = '1211' LIMIT 1   [ RunTime:0.0043s ]
SQL: SELECT * FROM `acc_level` WHERE `id` = 3 LIMIT 1   [ RunTime:0.0001s ]
NOTIC: [8] Undefined variable: p /www/web/168/Dexis/Runtime/Cache/Backet/a7a644fa9b3784b400552d9348c2e616.php 第 363 行.
SQL: SELECT * FROM `account` WHERE `id` = 4766 LIMIT 1   [ RunTime:0.0001s ]
NOTIC: [8] Undefined variable: p /www/web/168/Dexis/Runtime/Cache/Backet/a7a644fa9b3784b400552d9348c2e616.php 第 367 行.
SQL: SELECT * FROM `account` WHERE `id` = 4766 LIMIT 1   [ RunTime:0.0001s ]
NOTIC: [8] Use of undefined constant name - assumed 'name' /www/web/168/Dexis/Runtime/Cache/Backet/a7a644fa9b3784b400552d9348c2e616.php 第 369 行.
NOTIC: [8] Undefined index: transid /www/web/168/Dexis/Runtime/Cache/Backet/a7a644fa9b3784b400552d9348c2e616.php 第 369 行.
SQL: SELECT * FROM `systrans` WHERE `id` = 0 LIMIT 1   [ RunTime:0.0001s ]
NOTIC: [8] Use of undefined constant idcard - assumed 'idcard' /www/web/168/Dexis/Runtime/Cache/Backet/a7a644fa9b3784b400552d9348c2e616.php 第 381 行.
SQL: SELECT * FROM `acc_addr` WHERE `id` = 1239 LIMIT 1   [ RunTime:0.0001s ]
NOTIC: [8] Undefined variable: rec /www/web/168/Dexis/Runtime/Cache/Backet/a7a644fa9b3784b400552d9348c2e616.php 第 362 行.
SQL: SELECT * FROM `account` WHERE `id` = 4766 LIMIT 1   [ RunTime:0.0001s ]
SQL: SELECT * FROM `account` WHERE `sysid` = '1211' LIMIT 1   [ RunTime:0.0043s ]
SQL: SELECT * FROM `acc_level` WHERE `id` = 3 LIMIT 1   [ RunTime:0.0001s ]
NOTIC: [8] Undefined variable: p /www/web/168/Dexis/Runtime/Cache/Backet/a7a644fa9b3784b400552d9348c2e616.php 第 363 行.
SQL: SELECT * FROM `account` WHERE `id` = 4766 LIMIT 1   [ RunTime:0.0001s ]
NOTIC: [8] Undefined variable: p /www/web/168/Dexis/Runtime/Cache/Backet/a7a644fa9b3784b400552d9348c2e616.php 第 367 行.
SQL: SELECT * FROM `account` WHERE `id` = 4766 LIMIT 1   [ RunTime:0.0001s ]
NOTIC: [8] Use of undefined constant name - assumed 'name' /www/web/168/Dexis/Runtime/Cache/Backet/a7a644fa9b3784b400552d9348c2e616.php 第 369 行.
NOTIC: [8] Undefined index: transid /www/web/168/Dexis/Runtime/Cache/Backet/a7a644fa9b3784b400552d9348c2e616.php 第 369 行.
SQL: SELECT * FROM `systrans` WHERE `id` = 0 LIMIT 1   [ RunTime:0.0001s ]
NOTIC: [8] Use of undefined constant idcard - assumed 'idcard' /www/web/168/Dexis/Runtime/Cache/Backet/a7a644fa9b3784b400552d9348c2e616.php 第 381 行.
SQL: SELECT * FROM `acc_addr` WHERE `id` = 1239 LIMIT 1   [ RunTime:0.0001s ]
NOTIC: [8] Undefined variable: rec /www/web/168/Dexis/Runtime/Cache/Backet/a7a644fa9b3784b400552d9348c2e616.php 第 362 行.
SQL: SELECT * FROM `account` WHERE `id` = 4780 LIMIT 1   [ RunTime:0.0001s ]
SQL: SELECT * FROM `account` WHERE `sysid` = '15c73aa7ac469c' LIMIT 1   [ RunTime:0.0043s ]
NOTIC: [8] Undefined variable: p /www/web/168/Dexis/Runtime/Cache/Backet/a7a644fa9b3784b400552d9348c2e616.php 第 363 行.
SQL: SELECT * FROM `account` WHERE `id` = 4780 LIMIT 1   [ RunTime:0.0001s ]
NOTIC: [8] Undefined variable: p /www/web/168/Dexis/Runtime/Cache/Backet/a7a644fa9b3784b400552d9348c2e616.php 第 367 行.
SQL: SELECT * FROM `account` WHERE `id` = 4780 LIMIT 1   [ RunTime:0.0001s ]
NOTIC: [8] Use of undefined constant name - assumed 'name' /www/web/168/Dexis/Runtime/Cache/Backet/a7a644fa9b3784b400552d9348c2e616.php 第 369 行.
NOTIC: [8] Undefined index: transid /www/web/168/Dexis/Runtime/Cache/Backet/a7a644fa9b3784b400552d9348c2e616.php 第 369 行.
SQL: SELECT * FROM `systrans` WHERE `id` = 0 LIMIT 1   [ RunTime:0.0001s ]
NOTIC: [8] Use of undefined constant idcard - assumed 'idcard' /www/web/168/Dexis/Runtime/Cache/Backet/a7a644fa9b3784b400552d9348c2e616.php 第 381 行.
SQL: SELECT * FROM `acc_addr` WHERE `id` = 1240 LIMIT 1   [ RunTime:0.0001s ]
NOTIC: [8] Undefined variable: rec /www/web/168/Dexis/Runtime/Cache/Backet/a7a644fa9b3784b400552d9348c2e616.php 第 362 行.
SQL: SELECT * FROM `account` WHERE `id` = 4766 LIMIT 1   [ RunTime:0.0001s ]
SQL: SELECT * FROM `account` WHERE `sysid` = '1211' LIMIT 1   [ RunTime:0.0043s ]
SQL: SELECT * FROM `acc_level` WHERE `id` = 3 LIMIT 1   [ RunTime:0.0001s ]
NOTIC: [8] Undefined variable: p /www/web/168/Dexis/Runtime/Cache/Backet/a7a644fa9b3784b400552d9348c2e616.php 第 363 行.
SQL: SELECT * FROM `account` WHERE `id` = 4766 LIMIT 1   [ RunTime:0.0001s ]
NOTIC: [8] Undefined variable: p /www/web/168/Dexis/Runtime/Cache/Backet/a7a644fa9b3784b400552d9348c2e616.php 第 367 行.
SQL: SELECT * FROM `account` WHERE `id` = 4766 LIMIT 1   [ RunTime:0.0001s ]
NOTIC: [8] Use of undefined constant name - assumed 'name' /www/web/168/Dexis/Runtime/Cache/Backet/a7a644fa9b3784b400552d9348c2e616.php 第 369 行.
NOTIC: [8] Undefined index: transid /www/web/168/Dexis/Runtime/Cache/Backet/a7a644fa9b3784b400552d9348c2e616.php 第 369 行.
SQL: SELECT * FROM `systrans` WHERE `id` = 0 LIMIT 1   [ RunTime:0.0001s ]
NOTIC: [8] Use of undefined constant idcard - assumed 'idcard' /www/web/168/Dexis/Runtime/Cache/Backet/a7a644fa9b3784b400552d9348c2e616.php 第 381 行.
SQL: SELECT * FROM `acc_addr` WHERE `id` = 1239 LIMIT 1   [ RunTime:0.0001s ]
NOTIC: [8] Undefined variable: rec /www/web/168/Dexis/Runtime/Cache/Backet/a7a644fa9b3784b400552d9348c2e616.php 第 362 行.
SQL: SELECT * FROM `account` WHERE `id` = 4770 LIMIT 1   [ RunTime:0.0001s ]
SQL: SELECT * FROM `account` WHERE `sysid` = '15c73aa7ac469d' LIMIT 1   [ RunTime:0.0043s ]
SQL: SELECT * FROM `acc_level` WHERE `id` = 7 LIMIT 1   [ RunTime:0.0001s ]
NOTIC: [8] Undefined variable: p /www/web/168/Dexis/Runtime/Cache/Backet/a7a644fa9b3784b400552d9348c2e616.php 第 363 行.
SQL: SELECT * FROM `account` WHERE `id` = 4770 LIMIT 1   [ RunTime:0.0001s ]
NOTIC: [8] Undefined variable: p /www/web/168/Dexis/Runtime/Cache/Backet/a7a644fa9b3784b400552d9348c2e616.php 第 367 行.
SQL: SELECT * FROM `account` WHERE `id` = 4770 LIMIT 1   [ RunTime:0.0001s ]
NOTIC: [8] Use of undefined constant name - assumed 'name' /www/web/168/Dexis/Runtime/Cache/Backet/a7a644fa9b3784b400552d9348c2e616.php 第 369 行.
NOTIC: [8] Undefined index: transid /www/web/168/Dexis/Runtime/Cache/Backet/a7a644fa9b3784b400552d9348c2e616.php 第 369 行.
SQL: SELECT * FROM `systrans` WHERE `id` = 4 LIMIT 1   [ RunTime:0.0001s ]
NOTIC: [8] Use of undefined constant idcard - assumed 'idcard' /www/web/168/Dexis/Runtime/Cache/Backet/a7a644fa9b3784b400552d9348c2e616.php 第 381 行.
SQL: SELECT * FROM `acc_addr` WHERE `id` = 1235 LIMIT 1   [ RunTime:0.0001s ]
NOTIC: [8] Undefined variable: rec /www/web/168/Dexis/Runtime/Cache/Backet/a7a644fa9b3784b400552d9348c2e616.php 第 362 行.
SQL: SELECT * FROM `account` WHERE `id` = 4770 LIMIT 1   [ RunTime:0.0001s ]
SQL: SELECT * FROM `account` WHERE `sysid` = '15c73aa7ac469d' LIMIT 1   [ RunTime:0.0043s ]
SQL: SELECT * FROM `acc_level` WHERE `id` = 7 LIMIT 1   [ RunTime:0.0001s ]
NOTIC: [8] Undefined variable: p /www/web/168/Dexis/Runtime/Cache/Backet/a7a644fa9b3784b400552d9348c2e616.php 第 363 行.
SQL: SELECT * FROM `account` WHERE `id` = 4770 LIMIT 1   [ RunTime:0.0001s ]
NOTIC: [8] Undefined variable: p /www/web/168/Dexis/Runtime/Cache/Backet/a7a644fa9b3784b400552d9348c2e616.php 第 367 行.
SQL: SELECT * FROM `account` WHERE `id` = 4770 LIMIT 1   [ RunTime:0.0001s ]
NOTIC: [8] Use of undefined constant name - assumed 'name' /www/web/168/Dexis/Runtime/Cache/Backet/a7a644fa9b3784b400552d9348c2e616.php 第 369 行.
NOTIC: [8] Undefined index: transid /www/web/168/Dexis/Runtime/Cache/Backet/a7a644fa9b3784b400552d9348c2e616.php 第 369 行.
SQL: SELECT * FROM `systrans` WHERE `id` = 20 LIMIT 1   [ RunTime:0.0001s ]
NOTIC: [8] Use of undefined constant idcard - assumed 'idcard' /www/web/168/Dexis/Runtime/Cache/Backet/a7a644fa9b3784b400552d9348c2e616.php 第 381 行.
SQL: SELECT * FROM `acc_addr` WHERE `id` = 1235 LIMIT 1   [ RunTime:0.0001s ]
NOTIC: [8] Undefined variable: rec /www/web/168/Dexis/Runtime/Cache/Backet/a7a644fa9b3784b400552d9348c2e616.php 第 362 行.
SQL: SELECT * FROM `account` WHERE `id` = 4770 LIMIT 1   [ RunTime:0.0001s ]
SQL: SELECT * FROM `account` WHERE `sysid` = '15c73aa7ac469d' LIMIT 1   [ RunTime:0.0043s ]
SQL: SELECT * FROM `acc_level` WHERE `id` = 7 LIMIT 1   [ RunTime:0.0001s ]
NOTIC: [8] Undefined variable: p /www/web/168/Dexis/Runtime/Cache/Backet/a7a644fa9b3784b400552d9348c2e616.php 第 363 行.
SQL: SELECT * FROM `account` WHERE `id` = 4770 LIMIT 1   [ RunTime:0.0001s ]
NOTIC: [8] Undefined variable: p /www/web/168/Dexis/Runtime/Cache/Backet/a7a644fa9b3784b400552d9348c2e616.php 第 367 行.
SQL: SELECT * FROM `account` WHERE `id` = 4770 LIMIT 1   [ RunTime:0.0001s ]
NOTIC: [8] Use of undefined constant name - assumed 'name' /www/web/168/Dexis/Runtime/Cache/Backet/a7a644fa9b3784b400552d9348c2e616.php 第 369 行.
NOTIC: [8] Undefined index: transid /www/web/168/Dexis/Runtime/Cache/Backet/a7a644fa9b3784b400552d9348c2e616.php 第 369 行.
SQL: SELECT * FROM `systrans` WHERE `id` = 0 LIMIT 1   [ RunTime:0.0001s ]
NOTIC: [8] Use of undefined constant idcard - assumed 'idcard' /www/web/168/Dexis/Runtime/Cache/Backet/a7a644fa9b3784b400552d9348c2e616.php 第 381 行.
SQL: SELECT * FROM `acc_addr` WHERE `id` = 1235 LIMIT 1   [ RunTime:0.0001s ]
NOTIC: [8] Undefined variable: rec /www/web/168/Dexis/Runtime/Cache/Backet/a7a644fa9b3784b400552d9348c2e616.php 第 362 行.
SQL: SELECT * FROM `account` WHERE `id` = 4770 LIMIT 1   [ RunTime:0.0001s ]
SQL: SELECT * FROM `account` WHERE `sysid` = '15c73aa7ac469d' LIMIT 1   [ RunTime:0.0043s ]
SQL: SELECT * FROM `acc_level` WHERE `id` = 7 LIMIT 1   [ RunTime:0.0001s ]
NOTIC: [8] Undefined variable: p /www/web/168/Dexis/Runtime/Cache/Backet/a7a644fa9b3784b400552d9348c2e616.php 第 363 行.
SQL: SELECT * FROM `account` WHERE `id` = 4770 LIMIT 1   [ RunTime:0.0001s ]
NOTIC: [8] Undefined variable: p /www/web/168/Dexis/Runtime/Cache/Backet/a7a644fa9b3784b400552d9348c2e616.php 第 367 行.
SQL: SELECT * FROM `account` WHERE `id` = 4770 LIMIT 1   [ RunTime:0.0001s ]
NOTIC: [8] Use of undefined constant name - assumed 'name' /www/web/168/Dexis/Runtime/Cache/Backet/a7a644fa9b3784b400552d9348c2e616.php 第 369 行.
NOTIC: [8] Undefined index: transid /www/web/168/Dexis/Runtime/Cache/Backet/a7a644fa9b3784b400552d9348c2e616.php 第 369 行.
SQL: SELECT * FROM `systrans` WHERE `id` = 0 LIMIT 1   [ RunTime:0.0001s ]
NOTIC: [8] Use of undefined constant idcard - assumed 'idcard' /www/web/168/Dexis/Runtime/Cache/Backet/a7a644fa9b3784b400552d9348c2e616.php 第 381 行.
SQL: SELECT * FROM `acc_addr` WHERE `id` = 1235 LIMIT 1   [ RunTime:0.0001s ]
NOTIC: [8] Undefined variable: trans /www/web/168/Dexis/Runtime/Cache/Backet/a7a644fa9b3784b400552d9348c2e616.php 第 421 行.
NOTIC: [8] Undefined variable: type /www/web/168/Dexis/Runtime/Cache/Backet/a7a644fa9b3784b400552d9348c2e616.php 第 452 行.
NOTIC: [8] Undefined variable: name /www/web/168/Dexis/Runtime/Cache/Backet/a7a644fa9b3784b400552d9348c2e616.php 第 452 行.
NOTIC: [8] Undefined variable: phone /www/web/168/Dexis/Runtime/Cache/Backet/a7a644fa9b3784b400552d9348c2e616.php 第 452 行.
INFO: Run Behavior\ParseTemplateBehavior [ RunTime:0.073639s ]
INFO: [ view_parse ] --END-- [ RunTime:0.073665s ]
INFO: [ view_filter ] --START--
INFO: Run Behavior\WriteHtmlCacheBehavior [ RunTime:0.000098s ]
INFO: [ view_filter ] --END-- [ RunTime:0.000119s ]
INFO: [ app_end ] --START--
INFO: Run Behavior\ShowPageTraceBehavior [ RunTime:0.000312s ]
INFO: [ app_end ] --END-- [ RunTime:0.000344s ]

[ 2019-06-14T12:07:06+08:00 ] 222.209.33.5 /Backet/Users/outGoods.html
INFO: [ app_init ] --START--
INFO: Run Behavior\BuildLiteBehavior [ RunTime:0.000009s ]
INFO: [ app_init ] --END-- [ RunTime:0.000201s ]
INFO: [ app_begin ] --START--
INFO: Run Behavior\ReadHtmlCacheBehavior [ RunTime:0.000251s ]
INFO: [ app_begin ] --END-- [ RunTime:0.000285s ]
NOTIC: [8] Undefined index: lite /www/web/168/ThinkPHP/Library/Think/Db.class.php 第 37 行.
SQL: SHOW COLUMNS FROM `account` [ RunTime:0.0006s ]
SQL: SHOW COLUMNS FROM `orders` [ RunTime:0.0004s ]
SQL: SHOW COLUMNS FROM `acc_nums` [ RunTime:0.0004s ]
SQL: SHOW COLUMNS FROM `acc_level` [ RunTime:0.0003s ]
SQL: SHOW COLUMNS FROM `acc_money` [ RunTime:0.0003s ]
SQL: SELECT `id`,`totalpoints`,`stock` FROM `account` WHERE `level` = 6 ORDER BY id desc  [ RunTime:0.0025s ]
SQL: SELECT SUM(stock) AS tp_sum FROM `account` LIMIT 1   [ RunTime:0.0015s ]
SQL: SELECT SUM(nums) AS tp_sum FROM `acc_nums` WHERE `type` = 23 LIMIT 1   [ RunTime:0.0001s ]
SQL: SELECT `id`,`totalpoints`,`stock` FROM `account` WHERE `level` = 6 ORDER BY id desc  [ RunTime:0.0019s ]
SQL: SELECT `sn`,`nums` FROM `acc_nums` WHERE `type` < 20 AND `uid` IN ('4770','4768','4763','4762','4761','4760','4090','4037','3711','3649','3597','3463','3208','3207','3205','3157','3150','2813','2729','2530','2223','2149','2126','1851','1831','1680','1679','1660','1596','1402','1178','1176','1175','1174','1053','1037','1028','1016','1009','795','673','672','606','572','515','467','450','444','442','441','412','410','341','340','334','272','232','213','130','117','116','108','102','37','4770','4768','4763','4762','4761','4760','4090','4037','3711','3649','3597','3463','3208','3207','3205','3157','3150','2813','2729','2530','2223','2149','2126','1851','1831','1680','1679','1660','1596','1402','1178','1176','1175','1174','1053','1037','1028','1016','1009','795','673','672','606','572','515','467','450','444','442','441','412','410','341','340','334','272','232','213','130','117','116','108','102','37') AND `time` > 1546272000 AND `aboutid` = 0 AND `status` = 1  [ RunTime:0.0003s ]
NOTIC: [8] Undefined variable: nums /www/web/168/Dexis/Backet/Controller/UsersController.class.php 第 710 行.
NOTIC: [8] Undefined variable: nums /www/web/168/Dexis/Backet/Controller/UsersController.class.php 第 712 行.
NOTIC: [8] Undefined variable: nums /www/web/168/Dexis/Backet/Controller/UsersController.class.php 第 713 行.
SQL: SELECT SUM(gnums) AS tp_sum FROM `orders` WHERE `buy_level` = 6 AND `gid` = 8 AND `status` = 1 LIMIT 1   [ RunTime:0.0001s ]
SQL: SELECT SUM(money) AS tp_sum FROM `orders` WHERE `buy_level` = 6 AND `gid` = 8 AND `status` = 1 LIMIT 1   [ RunTime:0.0001s ]
SQL: SELECT SUM(nums) AS tp_sum FROM `acc_nums` WHERE `type` = 13 AND `aboutid` = 0 LIMIT 1   [ RunTime:0.0001s ]
SQL: SELECT `sn` FROM `acc_nums` WHERE `type` = 13 AND `aboutid` = 0  [ RunTime:0.0001s ]
SQL: SELECT SUM(money) AS tp_sum FROM `acc_money` WHERE `sn` IN ('2018A5c21292982054296','2018A5c21202942055052') AND `models` = 'ORDER' LIMIT 1   [ RunTime:0.0001s ]
NOTIC: [8] Undefined variable: nums /www/web/168/Dexis/Backet/Controller/UsersController.class.php 第 737 行.
NOTIC: [8] Undefined variable: nums /www/web/168/Dexis/Backet/Controller/UsersController.class.php 第 738 行.
NOTIC: [8] Undefined variable: nums /www/web/168/Dexis/Backet/Controller/UsersController.class.php 第 741 行.
SQL: SELECT * FROM `acc_nums` WHERE `time` BETWEEN 0 AND 0 AND `uid` IN ('4770','4768','4763','4762','4761','4760','4090','4037','3711','3649','3597','3463','3208','3207','3205','3157','3150','2813','2729','2530','2223','2149','2126','1851','1831','1680','1679','1660','1596','1402','1178','1176','1175','1174','1053','1037','1028','1016','1009','795','673','672','606','572','515','467','450','444','442','441','412','410','341','340','334','272','232','213','130','117','116','108','102','37','4770','4768','4763','4762','4761','4760','4090','4037','3711','3649','3597','3463','3208','3207','3205','3157','3150','2813','2729','2530','2223','2149','2126','1851','1831','1680','1679','1660','1596','1402','1178','1176','1175','1174','1053','1037','1028','1016','1009','795','673','672','606','572','515','467','450','444','442','441','412','410','341','340','334','272','232','213','130','117','116','108','102','37') AND `type` < 20 AND `aboutid` = 0 AND `status` = 1 ORDER BY id desc  [ RunTime:0.0002s ]
NOTIC: [8] Undefined variable: get_list2 /www/web/168/Dexis/Backet/Controller/UsersController.class.php 第 819 行.
SQL: SHOW COLUMNS FROM `money_draw` [ RunTime:0.0004s ]
SQL: SELECT SUM(money) AS tp_sum FROM `money_draw` WHERE `status` = 1 LIMIT 1   [ RunTime:0.0003s ]
SQL: SHOW COLUMNS FROM `acc_record` [ RunTime:0.0003s ]
SQL: SELECT COUNT(*) AS tp_count FROM `acc_record` WHERE `dotype` = '用户升级黄金雨' LIMIT 1   [ RunTime:0.0001s ]
SQL: SELECT COUNT(*) AS tp_count FROM `acc_record` WHERE `dotype` = '用户升级黄金雨' AND `time` BETWEEN 1560441600 AND 1560528000 LIMIT 1   [ RunTime:0.0001s ]
SQL: SELECT COUNT(*) AS tp_count FROM `acc_record` WHERE `dotype` = '用户升级钻石雨' LIMIT 1   [ RunTime:0.0001s ]
SQL: SELECT COUNT(*) AS tp_count FROM `acc_record` WHERE `dotype` = '用户升级钻石雨' AND `time` BETWEEN 1560441600 AND 1560528000 LIMIT 1   [ RunTime:0.0001s ]
NOTIC: [8] Undefined variable: list /www/web/168/Dexis/Backet/Controller/UsersController.class.php 第 849 行.
SQL: SELECT * FROM `acc_level`  [ RunTime:0.0001s ]
ERR: 模板不存在:./Dexis/Backet/View/Users/outGoods.html

[ 2019-06-14T12:07:11+08:00 ] 222.209.33.5 /Backet/Users/index.html
INFO: [ app_init ] --START--
INFO: Run Behavior\BuildLiteBehavior [ RunTime:0.000009s ]
INFO: [ app_init ] --END-- [ RunTime:0.000200s ]
INFO: [ app_begin ] --START--
INFO: Run Behavior\ReadHtmlCacheBehavior [ RunTime:0.000267s ]
INFO: [ app_begin ] --END-- [ RunTime:0.000300s ]
NOTIC: [8] Undefined index: lite /www/web/168/ThinkPHP/Library/Think/Db.class.php 第 37 行.
SQL: SHOW COLUMNS FROM `account` [ RunTime:0.0007s ]
SQL: SHOW COLUMNS FROM `acc_level` [ RunTime:0.0004s ]
NOTIC: [8] Undefined index: start /www/web/168/Dexis/Backet/Controller/UsersController.class.php 第 17 行.
NOTIC: [8] Undefined index: ends /www/web/168/Dexis/Backet/Controller/UsersController.class.php 第 17 行.
NOTIC: [8] Undefined index: phone /www/web/168/Dexis/Backet/Controller/UsersController.class.php 第 32 行.
NOTIC: [8] Undefined index: nickname /www/web/168/Dexis/Backet/Controller/UsersController.class.php 第 33 行.
NOTIC: [8] Undefined index: name /www/web/168/Dexis/Backet/Controller/UsersController.class.php 第 34 行.
NOTIC: [8] Undefined index: level /www/web/168/Dexis/Backet/Controller/UsersController.class.php 第 35 行.
NOTIC: [8] Undefined index: up_nickname /www/web/168/Dexis/Backet/Controller/UsersController.class.php 第 37 行.
NOTIC: [8] Undefined variable: where /www/web/168/Dexis/Backet/Controller/UsersController.class.php 第 41 行.
SQL: SELECT COUNT(*) AS tp_count FROM `account` LIMIT 1   [ RunTime:0.0012s ]
SQL: SELECT * FROM `account` ORDER BY id desc LIMIT 0,10   [ RunTime:0.0002s ]
SQL: UPDATE `account` SET `recid`='15c73aa7ac469f' WHERE `id` = 4783 [ RunTime:0.0034s ]
SQL: SELECT * FROM `account` WHERE `sysid` = '15c73aa7ac469f' LIMIT 1   [ RunTime:0.0045s ]
SQL: SHOW COLUMNS FROM `frozen` [ RunTime:0.0004s ]
SQL: SELECT SUM(frozen_money) AS tp_sum FROM `frozen` WHERE `uid` = 4783 AND `type` = 2 LIMIT 1   [ RunTime:0.0001s ]
SQL: SELECT SUM(frozen_money) AS tp_sum FROM `frozen` WHERE `uid` = 4783 AND `type` = 1 LIMIT 1   [ RunTime:0.0001s ]
SQL: UPDATE `account` SET `recid`='15c73aa7ac469d' WHERE `id` = 4782 [ RunTime:0.0022s ]
SQL: SELECT * FROM `account` WHERE `sysid` = '15c73aa7ac469d' LIMIT 1   [ RunTime:0.0044s ]
SQL: SELECT SUM(frozen_money) AS tp_sum FROM `frozen` WHERE `uid` = 4782 AND `type` = 2 LIMIT 1   [ RunTime:0.0001s ]
SQL: SELECT SUM(frozen_money) AS tp_sum FROM `frozen` WHERE `uid` = 4782 AND `type` = 1 LIMIT 1   [ RunTime:0.0001s ]
SQL: UPDATE `account` SET `recid`='15c73aa7ac469d' WHERE `id` = 4781 [ RunTime:0.0019s ]
SQL: SELECT * FROM `account` WHERE `sysid` = '15c73aa7ac469d' LIMIT 1   [ RunTime:0.0044s ]
SQL: SELECT SUM(frozen_money) AS tp_sum FROM `frozen` WHERE `uid` = 4781 AND `type` = 2 LIMIT 1   [ RunTime:0.0001s ]
SQL: SELECT SUM(frozen_money) AS tp_sum FROM `frozen` WHERE `uid` = 4781 AND `type` = 1 LIMIT 1   [ RunTime:0.0001s ]
SQL: UPDATE `account` SET `recid`='15c73aa7ac469c' WHERE `id` = 4780 [ RunTime:0.0031s ]
SQL: SELECT * FROM `account` WHERE `sysid` = '15c73aa7ac469c' LIMIT 1   [ RunTime:0.0044s ]
SQL: SELECT SUM(frozen_money) AS tp_sum FROM `frozen` WHERE `uid` = 4780 AND `type` = 2 LIMIT 1   [ RunTime:0.0001s ]
SQL: SELECT SUM(frozen_money) AS tp_sum FROM `frozen` WHERE `uid` = 4780 AND `type` = 1 LIMIT 1   [ RunTime:0.0001s ]
SQL: UPDATE `account` SET `recid`='1' WHERE `id` = 4773 [ RunTime:0.0022s ]
SQL: SELECT * FROM `account` WHERE `sysid` = '1' LIMIT 1   [ RunTime:0.0043s ]
SQL: SELECT SUM(frozen_money) AS tp_sum FROM `frozen` WHERE `uid` = 4773 AND `type` = 2 LIMIT 1   [ RunTime:0.0001s ]
SQL: SELECT SUM(frozen_money) AS tp_sum FROM `frozen` WHERE `uid` = 4773 AND `type` = 1 LIMIT 1   [ RunTime:0.0001s ]
SQL: UPDATE `account` SET `recid`='3' WHERE `id` = 4772 [ RunTime:0.0025s ]
SQL: SELECT * FROM `account` WHERE `sysid` = '3' LIMIT 1   [ RunTime:0.0043s ]
SQL: SELECT SUM(frozen_money) AS tp_sum FROM `frozen` WHERE `uid` = 4772 AND `type` = 2 LIMIT 1   [ RunTime:0.0001s ]
SQL: SELECT SUM(frozen_money) AS tp_sum FROM `frozen` WHERE `uid` = 4772 AND `type` = 1 LIMIT 1   [ RunTime:0.0001s ]
SQL: UPDATE `account` SET `recid`='2' WHERE `id` = 4771 [ RunTime:0.0029s ]
SQL: SELECT * FROM `account` WHERE `sysid` = '2' LIMIT 1   [ RunTime:0.0043s ]
SQL: SELECT SUM(frozen_money) AS tp_sum FROM `frozen` WHERE `uid` = 4771 AND `type` = 2 LIMIT 1   [ RunTime:0.0001s ]
SQL: SELECT SUM(frozen_money) AS tp_sum FROM `frozen` WHERE `uid` = 4771 AND `type` = 1 LIMIT 1   [ RunTime:0.0001s ]
SQL: UPDATE `account` SET `recid`='15c73aa7ac469d' WHERE `id` = 4770 [ RunTime:0.0046s ]
SQL: SELECT * FROM `account` WHERE `sysid` = '15c73aa7ac469d' LIMIT 1   [ RunTime:0.0044s ]
SQL: SELECT SUM(frozen_money) AS tp_sum FROM `frozen` WHERE `uid` = 4770 AND `type` = 2 LIMIT 1   [ RunTime:0.0001s ]
SQL: SELECT SUM(frozen_money) AS tp_sum FROM `frozen` WHERE `uid` = 4770 AND `type` = 1 LIMIT 1   [ RunTime:0.0001s ]
SQL: UPDATE `account` SET `recid`='15be93013ec77d' WHERE `id` = 4769 [ RunTime:0.0019s ]
SQL: SELECT * FROM `account` WHERE `sysid` = '15be93013ec77d' LIMIT 1   [ RunTime:0.0044s ]
SQL: SELECT SUM(frozen_money) AS tp_sum FROM `frozen` WHERE `uid` = 4769 AND `type` = 2 LIMIT 1   [ RunTime:0.0001s ]
SQL: SELECT SUM(frozen_money) AS tp_sum FROM `frozen` WHERE `uid` = 4769 AND `type` = 1 LIMIT 1   [ RunTime:0.0001s ]
SQL: UPDATE `account` SET `recid`='15be93013ec77d' WHERE `id` = 4768 [ RunTime:0.0017s ]
SQL: SELECT * FROM `account` WHERE `sysid` = '15be93013ec77d' LIMIT 1   [ RunTime:0.0044s ]
SQL: SELECT SUM(frozen_money) AS tp_sum FROM `frozen` WHERE `uid` = 4768 AND `type` = 2 LIMIT 1   [ RunTime:0.0001s ]
SQL: SELECT SUM(frozen_money) AS tp_sum FROM `frozen` WHERE `uid` = 4768 AND `type` = 1 LIMIT 1   [ RunTime:0.0001s ]
SQL: SELECT * FROM `acc_level`  [ RunTime:0.0001s ]
INFO: [ view_parse ] --START--
INFO: [ template_filter ] --START--
INFO: Run Behavior\ContentReplaceBehavior [ RunTime:0.000103s ]
INFO: [ template_filter ] --END-- [ RunTime:0.000138s ]
NOTIC: [8] Undefined variable: type /www/web/168/Dexis/Runtime/Cache/Backet/76b3d4337e15a8dd9d9b675d9a08fae8.php 第 309 行.
NOTIC: [8] Undefined variable: page /www/web/168/Dexis/Runtime/Cache/Backet/76b3d4337e15a8dd9d9b675d9a08fae8.php 第 314 行.
NOTIC: [8] Undefined index: phone /www/web/168/Dexis/Runtime/Cache/Backet/76b3d4337e15a8dd9d9b675d9a08fae8.php 第 316 行.
NOTIC: [8] Undefined index: up_nickname /www/web/168/Dexis/Runtime/Cache/Backet/76b3d4337e15a8dd9d9b675d9a08fae8.php 第 319 行.
NOTIC: [8] Undefined index: nickname /www/web/168/Dexis/Runtime/Cache/Backet/76b3d4337e15a8dd9d9b675d9a08fae8.php 第 322 行.
NOTIC: [8] Undefined index: name /www/web/168/Dexis/Runtime/Cache/Backet/76b3d4337e15a8dd9d9b675d9a08fae8.php 第 325 行.
NOTIC: [8] Undefined index: start /www/web/168/Dexis/Runtime/Cache/Backet/76b3d4337e15a8dd9d9b675d9a08fae8.php 第 334 行.
NOTIC: [8] Undefined index: ends /www/web/168/Dexis/Runtime/Cache/Backet/76b3d4337e15a8dd9d9b675d9a08fae8.php 第 337 行.
SQL: SELECT * FROM `acc_level` WHERE `id` = 0 LIMIT 1   [ RunTime:0.0001s ]
SQL: SELECT * FROM `acc_level` WHERE `id` = 0 LIMIT 1   [ RunTime:0.0001s ]
SQL: SELECT * FROM `acc_level` WHERE `id` = 7 LIMIT 1   [ RunTime:0.0001s ]
SQL: SELECT * FROM `acc_level` WHERE `id` = 0 LIMIT 1   [ RunTime:0.0001s ]
SQL: SELECT * FROM `acc_level` WHERE `id` = 7 LIMIT 1   [ RunTime:0.0001s ]
SQL: SELECT * FROM `acc_level` WHERE `id` = 0 LIMIT 1   [ RunTime:0.0001s ]
SQL: SELECT * FROM `acc_level` WHERE `id` = null LIMIT 1   [ RunTime:0.0001s ]
SQL: SELECT * FROM `acc_level` WHERE `id` = 7 LIMIT 1   [ RunTime:0.0001s ]
SQL: SELECT * FROM `acc_level` WHERE `id` = 2 LIMIT 1   [ RunTime:0.0001s ]
SQL: SELECT * FROM `acc_level` WHERE `id` = 4 LIMIT 1   [ RunTime:0.0001s ]
SQL: SELECT * FROM `acc_level` WHERE `id` = 4 LIMIT 1   [ RunTime:0.0001s ]
SQL: SELECT * FROM `acc_level` WHERE `id` = 3 LIMIT 1   [ RunTime:0.0001s ]
SQL: SELECT * FROM `acc_level` WHERE `id` = 3 LIMIT 1   [ RunTime:0.0001s ]
SQL: SELECT * FROM `acc_level` WHERE `id` = 2 LIMIT 1   [ RunTime:0.0001s ]
SQL: SELECT * FROM `acc_level` WHERE `id` = 7 LIMIT 1   [ RunTime:0.0001s ]
SQL: SELECT * FROM `acc_level` WHERE `id` = 6 LIMIT 1   [ RunTime:0.0001s ]
SQL: SELECT * FROM `acc_level` WHERE `id` = 6 LIMIT 1   [ RunTime:0.0001s ]
SQL: SELECT * FROM `acc_level` WHERE `id` = 3 LIMIT 1   [ RunTime:0.0001s ]
SQL: SELECT * FROM `acc_level` WHERE `id` = 6 LIMIT 1   [ RunTime:0.0001s ]
SQL: SELECT * FROM `acc_level` WHERE `id` = 6 LIMIT 1   [ RunTime:0.0001s ]
INFO: Run Behavior\ParseTemplateBehavior [ RunTime:0.020275s ]
INFO: [ view_parse ] --END-- [ RunTime:0.020301s ]
INFO: [ view_filter ] --START--
INFO: Run Behavior\WriteHtmlCacheBehavior [ RunTime:0.000098s ]
INFO: [ view_filter ] --END-- [ RunTime:0.000119s ]
INFO: [ app_end ] --START--
INFO: Run Behavior\ShowPageTraceBehavior [ RunTime:0.000309s ]
INFO: [ app_end ] --END-- [ RunTime:0.000346s ]

