[ 2019-08-07T18:58:28+08:00 ] 171.216.69.154 /Backet/Users/index.html?phone=&up_nickname=&nickname=&name=%E6%B1%AA%E4%B8%96%E9%BE%99&start=&ends=
INFO: [ app_init ] --START--
INFO: Run Behavior\BuildLiteBehavior [ RunTime:0.000010s ]
INFO: [ app_init ] --END-- [ RunTime:0.000235s ]
INFO: [ app_begin ] --START--
INFO: Run Behavior\ReadHtmlCacheBehavior [ RunTime:0.000289s ]
INFO: [ app_begin ] --END-- [ RunTime:0.000325s ]
NOTIC: [8] Undefined index: lite /www/web/168/ThinkPHP/Library/Think/Db.class.php 第 37 行.
SQL: SHOW COLUMNS FROM `account` [ RunTime:0.0007s ]
SQL: SHOW COLUMNS FROM `acc_level` [ RunTime:0.0004s ]
NOTIC: [8] Undefined index: level /www/web/168/Dexis/Backet/Controller/UsersController.class.php 第 35 行.
SQL: SELECT COUNT(*) AS tp_count FROM `account` WHERE `name` LIKE '%汪世龙%' LIMIT 1   [ RunTime:0.0407s ]
SQL: SELECT * FROM `account` WHERE `name` LIKE '%汪世龙%' ORDER BY id desc LIMIT 0,10   [ RunTime:0.1264s ]
SQL: UPDATE `account` SET `recid`='15c5b9edb90ee4' WHERE `id` = 16382 [ RunTime:0.0026s ]
SQL: SELECT * FROM `account` WHERE `sysid` = '15c5b9edb90ee4' LIMIT 1   [ RunTime:0.0140s ]
SQL: SHOW COLUMNS FROM `frozen` [ RunTime:0.0005s ]
SQL: SELECT SUM(frozen_money) AS tp_sum FROM `frozen` WHERE `uid` = 16382 AND `type` = 2 LIMIT 1   [ RunTime:0.0003s ]
SQL: SELECT SUM(frozen_money) AS tp_sum FROM `frozen` WHERE `uid` = 16382 AND `type` = 1 LIMIT 1   [ RunTime:0.0001s ]
SQL: SELECT * FROM `acc_level`  [ RunTime:0.0001s ]
INFO: [ view_parse ] --START--
INFO: [ template_filter ] --START--
INFO: Run Behavior\ContentReplaceBehavior [ RunTime:0.000116s ]
INFO: [ template_filter ] --END-- [ RunTime:0.000155s ]
NOTIC: [8] Undefined variable: type /www/web/168/Dexis/Runtime/Cache/Backet/76b3d4337e15a8dd9d9b675d9a08fae8.php 第 338 行.
NOTIC: [8] Undefined variable: page /www/web/168/Dexis/Runtime/Cache/Backet/76b3d4337e15a8dd9d9b675d9a08fae8.php 第 343 行.
SQL: SELECT * FROM `acc_level` WHERE `id` = 3 LIMIT 1   [ RunTime:0.0002s ]
SQL: SELECT * FROM `acc_level` WHERE `id` = 6 LIMIT 1   [ RunTime:0.0001s ]
INFO: Run Behavior\ParseTemplateBehavior [ RunTime:0.017973s ]
INFO: [ view_parse ] --END-- [ RunTime:0.018001s ]
INFO: [ view_filter ] --START--
INFO: Run Behavior\WriteHtmlCacheBehavior [ RunTime:0.000131s ]
INFO: [ view_filter ] --END-- [ RunTime:0.000154s ]
INFO: [ app_end ] --START--
INFO: Run Behavior\ShowPageTraceBehavior [ RunTime:0.000270s ]
INFO: [ app_end ] --END-- [ RunTime:0.000300s ]

[ 2019-08-07T18:59:26+08:00 ] 171.216.69.154 /Backet/users/getList.html?id=16382
INFO: [ app_init ] --START--
INFO: Run Behavior\BuildLiteBehavior [ RunTime:0.000010s ]
INFO: [ app_init ] --END-- [ RunTime:0.000206s ]
INFO: [ app_begin ] --START--
INFO: Run Behavior\ReadHtmlCacheBehavior [ RunTime:0.000258s ]
INFO: [ app_begin ] --END-- [ RunTime:0.000291s ]
NOTIC: [8] Undefined index: lite /www/web/168/ThinkPHP/Library/Think/Db.class.php 第 37 行.
SQL: SHOW COLUMNS FROM `acc_money` [ RunTime:0.0006s ]
SQL: SHOW COLUMNS FROM `acc_nums` [ RunTime:0.0004s ]
SQL: SHOW COLUMNS FROM `account` [ RunTime:0.0005s ]
SQL: SHOW COLUMNS FROM `syspaysn` [ RunTime:0.0004s ]
SQL: SHOW COLUMNS FROM `orders` [ RunTime:0.0004s ]
SQL: SELECT COUNT(*) AS tp_count FROM `acc_money` WHERE `uid` = '16382' LIMIT 1   [ RunTime:0.0060s ]
SQL: SELECT * FROM `acc_money` WHERE `uid` = '16382' ORDER BY id desc LIMIT 0,20   [ RunTime:0.0032s ]
SQL: SELECT * FROM `orders` WHERE `sn` = '20195161817' LIMIT 1   [ RunTime:0.0072s ]
SQL: SELECT * FROM `syspaysn` WHERE `resn` = '20195161817' LIMIT 1   [ RunTime:0.0077s ]
SQL: SELECT * FROM `acc_nums` WHERE `sn` = '20195161817' LIMIT 1   [ RunTime:0.0109s ]
SQL: SELECT * FROM `account` WHERE `id` = null LIMIT 1   [ RunTime:0.0001s ]
NOTIC: [8] Undefined index: name /www/web/168/Dexis/Common/Common/local.php 第 175 行.
SQL: SHOW COLUMNS FROM `order_sr` [ RunTime:0.0005s ]
SQL: SHOW COLUMNS FROM `order_drs` [ RunTime:0.0004s ]
SQL: SELECT * FROM `order_sr` WHERE `sn` = '20195161817' LIMIT 1   [ RunTime:0.0418s ]
SQL: SELECT * FROM `orders` WHERE `sn` = '2018A5cd0571071713184' LIMIT 1   [ RunTime:0.0072s ]
SQL: SELECT * FROM `syspaysn` WHERE `resn` = '2018A5cd0571071713184' LIMIT 1   [ RunTime:0.0050s ]
SQL: SELECT * FROM `acc_nums` WHERE `sn` = '2018A5cd0571071713184' LIMIT 1   [ RunTime:0.0073s ]
SQL: SELECT * FROM `account` WHERE `id` = 16382 LIMIT 1   [ RunTime:0.0001s ]
SQL: SELECT * FROM `acc_money` WHERE `models` = 'REBACK' AND `sn` = '2018A5cd0571071713184'  [ RunTime:0.0125s ]
SQL: SELECT * FROM `account` WHERE `id` = 14558 LIMIT 1   [ RunTime:0.0001s ]
SQL: SELECT * FROM `account` WHERE `id` = 11146 LIMIT 1   [ RunTime:0.0001s ]
SQL: SELECT * FROM `account` WHERE `id` = 10751 LIMIT 1   [ RunTime:0.0001s ]
NOTIC: [8] Undefined index: level /www/web/168/Dexis/Backet/Controller/UsersController.class.php 第 199 行.
SQL: SELECT * FROM `order_sr` WHERE `sn` = '2018A5cd0571071713184' LIMIT 1   [ RunTime:0.0413s ]
SQL: SELECT * FROM `orders` WHERE `sn` = '2018A5cb0441671332092' LIMIT 1   [ RunTime:0.0072s ]
SQL: SELECT * FROM `syspaysn` WHERE `resn` = '2018A5cb0441671332092' LIMIT 1   [ RunTime:0.0049s ]
SQL: SELECT * FROM `acc_nums` WHERE `sn` = '2018A5cb0441671332092' LIMIT 1   [ RunTime:0.0070s ]
SQL: SELECT * FROM `account` WHERE `id` = 16382 LIMIT 1   [ RunTime:0.0002s ]
SQL: SELECT * FROM `acc_money` WHERE `models` = 'REBACK' AND `sn` = '2018A5cb0441671332092'  [ RunTime:0.0125s ]
SQL: SELECT * FROM `account` WHERE `id` = 14558 LIMIT 1   [ RunTime:0.0001s ]
SQL: SELECT * FROM `account` WHERE `id` = 11146 LIMIT 1   [ RunTime:0.0001s ]
SQL: SELECT * FROM `account` WHERE `id` = 11146 LIMIT 1   [ RunTime:0.0001s ]
SQL: SELECT * FROM `order_sr` WHERE `sn` = '2018A5cb0441671332092' LIMIT 1   [ RunTime:0.0413s ]
SQL: SELECT * FROM `orders` WHERE `sn` = '1553074190.263' LIMIT 1   [ RunTime:0.0072s ]
SQL: SELECT * FROM `syspaysn` WHERE `resn` = '1553074190.263' LIMIT 1   [ RunTime:0.0049s ]
SQL: SELECT * FROM `acc_nums` WHERE `sn` = '1553074190.263' LIMIT 1   [ RunTime:0.0077s ]
SQL: SELECT * FROM `account` WHERE `id` = null LIMIT 1   [ RunTime:0.0001s ]
NOTIC: [8] Undefined index: name /www/web/168/Dexis/Common/Common/local.php 第 175 行.
SQL: SELECT * FROM `order_sr` WHERE `sn` = '1553074190.263' LIMIT 1   [ RunTime:0.0413s ]
SQL: SELECT * FROM `orders` WHERE `sn` = '1553479994.8289' LIMIT 1   [ RunTime:0.0072s ]
SQL: SELECT * FROM `syspaysn` WHERE `resn` = '1553479994.8289' LIMIT 1   [ RunTime:0.0050s ]
SQL: SELECT * FROM `acc_nums` WHERE `sn` = '1553479994.8289' LIMIT 1   [ RunTime:0.0077s ]
SQL: SELECT * FROM `account` WHERE `id` = null LIMIT 1   [ RunTime:0.0001s ]
NOTIC: [8] Undefined index: name /www/web/168/Dexis/Common/Common/local.php 第 175 行.
SQL: SELECT * FROM `order_sr` WHERE `sn` = '1553479994.8289' LIMIT 1   [ RunTime:0.0413s ]
SQL: SELECT * FROM `orders` WHERE `sn` = '1554004030.0729' LIMIT 1   [ RunTime:0.0072s ]
SQL: SELECT * FROM `syspaysn` WHERE `resn` = '1554004030.0729' LIMIT 1   [ RunTime:0.0049s ]
SQL: SELECT * FROM `acc_nums` WHERE `sn` = '1554004030.0729' LIMIT 1   [ RunTime:0.0077s ]
SQL: SELECT * FROM `account` WHERE `id` = null LIMIT 1   [ RunTime:0.0001s ]
NOTIC: [8] Undefined index: name /www/web/168/Dexis/Common/Common/local.php 第 175 行.
SQL: SELECT * FROM `order_sr` WHERE `sn` = '1554004030.0729' LIMIT 1   [ RunTime:0.0413s ]
SQL: SELECT * FROM `orders` WHERE `sn` = '1554020809.4387' LIMIT 1   [ RunTime:0.0072s ]
SQL: SELECT * FROM `syspaysn` WHERE `resn` = '1554020809.4387' LIMIT 1   [ RunTime:0.0049s ]
SQL: SELECT * FROM `acc_nums` WHERE `sn` = '1554020809.4387' LIMIT 1   [ RunTime:0.0077s ]
SQL: SELECT * FROM `account` WHERE `id` = null LIMIT 1   [ RunTime:0.0001s ]
NOTIC: [8] Undefined index: name /www/web/168/Dexis/Common/Common/local.php 第 175 行.
SQL: SELECT * FROM `order_sr` WHERE `sn` = '1554020809.4387' LIMIT 1   [ RunTime:0.0413s ]
SQL: SELECT * FROM `orders` WHERE `sn` = '1554039702.4614' LIMIT 1   [ RunTime:0.0072s ]
SQL: SELECT * FROM `syspaysn` WHERE `resn` = '1554039702.4614' LIMIT 1   [ RunTime:0.0049s ]
SQL: SELECT * FROM `acc_nums` WHERE `sn` = '1554039702.4614' LIMIT 1   [ RunTime:0.0077s ]
SQL: SELECT * FROM `account` WHERE `id` = null LIMIT 1   [ RunTime:0.0001s ]
NOTIC: [8] Undefined index: name /www/web/168/Dexis/Common/Common/local.php 第 175 行.
SQL: SELECT * FROM `order_sr` WHERE `sn` = '1554039702.4614' LIMIT 1   [ RunTime:0.0415s ]
SQL: SELECT * FROM `orders` WHERE `sn` = '1554432070.3115' LIMIT 1   [ RunTime:0.0072s ]
SQL: SELECT * FROM `syspaysn` WHERE `resn` = '1554432070.3115' LIMIT 1   [ RunTime:0.0050s ]
SQL: SELECT * FROM `acc_nums` WHERE `sn` = '1554432070.3115' LIMIT 1   [ RunTime:0.0077s ]
SQL: SELECT * FROM `account` WHERE `id` = null LIMIT 1   [ RunTime:0.0001s ]
NOTIC: [8] Undefined index: name /www/web/168/Dexis/Common/Common/local.php 第 175 行.
SQL: SELECT * FROM `order_sr` WHERE `sn` = '1554432070.3115' LIMIT 1   [ RunTime:0.0412s ]
SQL: SELECT * FROM `orders` WHERE `sn` = '1554432070.3115' LIMIT 1   [ RunTime:0.0072s ]
SQL: SELECT * FROM `syspaysn` WHERE `resn` = '1554432070.3115' LIMIT 1   [ RunTime:0.0049s ]
SQL: SELECT * FROM `acc_nums` WHERE `sn` = '1554432070.3115' LIMIT 1   [ RunTime:0.0077s ]
SQL: SELECT * FROM `account` WHERE `id` = null LIMIT 1   [ RunTime:0.0001s ]
NOTIC: [8] Undefined index: name /www/web/168/Dexis/Common/Common/local.php 第 175 行.
SQL: SHOW COLUMNS FROM `money_draw` [ RunTime:0.0006s ]
SQL: SELECT * FROM `money_draw` WHERE `sn` = '1554432070.3115' LIMIT 1   [ RunTime:0.0032s ]
SQL: SELECT * FROM `order_sr` WHERE `sn` = '1554432070.3115' LIMIT 1   [ RunTime:0.0415s ]
SQL: SELECT * FROM `orders` WHERE `sn` = '215539502558704857' LIMIT 1   [ RunTime:0.0060s ]
SQL: SELECT * FROM `syspaysn` WHERE `resn` = '215539502558704857' LIMIT 1   [ RunTime:0.0041s ]
SQL: SELECT * FROM `acc_nums` WHERE `sn` = '215539502558704857' LIMIT 1   [ RunTime:0.0065s ]
SQL: SELECT * FROM `account` WHERE `id` = 17990 LIMIT 1   [ RunTime:0.0001s ]
SQL: SELECT * FROM `account` WHERE `id` = 16382 LIMIT 1   [ RunTime:0.0001s ]
SQL: SELECT * FROM `order_sr` WHERE `sn` = '215539502558704857' LIMIT 1   [ RunTime:0.0414s ]
SQL: SELECT * FROM `orders` WHERE `sn` = '1554039702.4614' LIMIT 1   [ RunTime:0.0072s ]
SQL: SELECT * FROM `syspaysn` WHERE `resn` = '1554039702.4614' LIMIT 1   [ RunTime:0.0050s ]
SQL: SELECT * FROM `acc_nums` WHERE `sn` = '1554039702.4614' LIMIT 1   [ RunTime:0.0077s ]
SQL: SELECT * FROM `account` WHERE `id` = null LIMIT 1   [ RunTime:0.0001s ]
NOTIC: [8] Undefined index: name /www/web/168/Dexis/Common/Common/local.php 第 175 行.
SQL: SELECT * FROM `money_draw` WHERE `sn` = '1554039702.4614' LIMIT 1   [ RunTime:0.0020s ]
SQL: SELECT * FROM `order_sr` WHERE `sn` = '1554039702.4614' LIMIT 1   [ RunTime:0.0413s ]
SQL: SELECT * FROM `orders` WHERE `sn` = '915540377173344735' LIMIT 1   [ RunTime:0.0060s ]
SQL: SELECT * FROM `syspaysn` WHERE `resn` = '915540377173344735' LIMIT 1   [ RunTime:0.0041s ]
SQL: SELECT * FROM `acc_nums` WHERE `sn` = '915540377173344735' LIMIT 1   [ RunTime:0.0064s ]
SQL: SELECT * FROM `account` WHERE `id` = 109311 LIMIT 1   [ RunTime:0.0002s ]
SQL: SELECT * FROM `account` WHERE `id` = 16382 LIMIT 1   [ RunTime:0.0001s ]
SQL: SELECT * FROM `order_sr` WHERE `sn` = '915540377173344735' LIMIT 1   [ RunTime:0.0414s ]
SQL: SELECT * FROM `orders` WHERE `sn` = '415538692930959651' LIMIT 1   [ RunTime:0.0060s ]
SQL: SELECT * FROM `syspaysn` WHERE `resn` = '415538692930959651' LIMIT 1   [ RunTime:0.0040s ]
SQL: SELECT * FROM `acc_nums` WHERE `sn` = '415538692930959651' LIMIT 1   [ RunTime:0.0064s ]
SQL: SELECT * FROM `account` WHERE `id` = 109135 LIMIT 1   [ RunTime:0.0001s ]
SQL: SELECT * FROM `account` WHERE `id` = 16382 LIMIT 1   [ RunTime:0.0001s ]
SQL: SELECT * FROM `order_sr` WHERE `sn` = '415538692930959651' LIMIT 1   [ RunTime:0.0415s ]
SQL: SELECT * FROM `orders` WHERE `sn` = '1554020809.4387' LIMIT 1   [ RunTime:0.0072s ]
SQL: SELECT * FROM `syspaysn` WHERE `resn` = '1554020809.4387' LIMIT 1   [ RunTime:0.0050s ]
SQL: SELECT * FROM `acc_nums` WHERE `sn` = '1554020809.4387' LIMIT 1   [ RunTime:0.0077s ]
SQL: SELECT * FROM `account` WHERE `id` = null LIMIT 1   [ RunTime:0.0001s ]
NOTIC: [8] Undefined index: name /www/web/168/Dexis/Common/Common/local.php 第 175 行.
SQL: SELECT * FROM `money_draw` WHERE `sn` = '1554020809.4387' LIMIT 1   [ RunTime:0.0019s ]
SQL: SELECT * FROM `order_sr` WHERE `sn` = '1554020809.4387' LIMIT 1   [ RunTime:0.0413s ]
SQL: SELECT * FROM `orders` WHERE `sn` = '315540205228848886' LIMIT 1   [ RunTime:0.0058s ]
SQL: SELECT * FROM `syspaysn` WHERE `resn` = '315540205228848886' LIMIT 1   [ RunTime:0.0040s ]
SQL: SELECT * FROM `acc_nums` WHERE `sn` = '315540205228848886' LIMIT 1   [ RunTime:0.0064s ]
SQL: SELECT * FROM `account` WHERE `id` = 109280 LIMIT 1   [ RunTime:0.0001s ]
SQL: SELECT * FROM `account` WHERE `id` = 16382 LIMIT 1   [ RunTime:0.0001s ]
SQL: SELECT * FROM `order_sr` WHERE `sn` = '315540205228848886' LIMIT 1   [ RunTime:0.0414s ]
SQL: SELECT * FROM `orders` WHERE `sn` = '1554004030.0729' LIMIT 1   [ RunTime:0.0072s ]
SQL: SELECT * FROM `syspaysn` WHERE `resn` = '1554004030.0729' LIMIT 1   [ RunTime:0.0049s ]
SQL: SELECT * FROM `acc_nums` WHERE `sn` = '1554004030.0729' LIMIT 1   [ RunTime:0.0076s ]
SQL: SELECT * FROM `account` WHERE `id` = null LIMIT 1   [ RunTime:0.0001s ]
NOTIC: [8] Undefined index: name /www/web/168/Dexis/Common/Common/local.php 第 175 行.
SQL: SELECT * FROM `money_draw` WHERE `sn` = '1554004030.0729' LIMIT 1   [ RunTime:0.0020s ]
SQL: SELECT * FROM `order_sr` WHERE `sn` = '1554004030.0729' LIMIT 1   [ RunTime:0.0413s ]
SQL: SELECT * FROM `orders` WHERE `sn` = '215530648993052761' LIMIT 1   [ RunTime:0.0059s ]
SQL: SELECT * FROM `syspaysn` WHERE `resn` = '215530648993052761' LIMIT 1   [ RunTime:0.0039s ]
SQL: SELECT * FROM `acc_nums` WHERE `sn` = '215530648993052761' LIMIT 1   [ RunTime:0.0064s ]
SQL: SELECT * FROM `account` WHERE `id` = 17990 LIMIT 1   [ RunTime:0.0001s ]
SQL: SELECT * FROM `account` WHERE `id` = 16382 LIMIT 1   [ RunTime:0.0001s ]
SQL: SELECT * FROM `order_sr` WHERE `sn` = '215530648993052761' LIMIT 1   [ RunTime:0.0415s ]
SQL: SELECT * FROM `orders` WHERE `sn` = '1553479994.8289' LIMIT 1   [ RunTime:0.0072s ]
SQL: SELECT * FROM `syspaysn` WHERE `resn` = '1553479994.8289' LIMIT 1   [ RunTime:0.0049s ]
SQL: SELECT * FROM `acc_nums` WHERE `sn` = '1553479994.8289' LIMIT 1   [ RunTime:0.0076s ]
SQL: SELECT * FROM `account` WHERE `id` = null LIMIT 1   [ RunTime:0.0001s ]
NOTIC: [8] Undefined index: name /www/web/168/Dexis/Common/Common/local.php 第 175 行.
SQL: SELECT * FROM `money_draw` WHERE `sn` = '1553479994.8289' LIMIT 1   [ RunTime:0.0018s ]
SQL: SELECT * FROM `order_sr` WHERE `sn` = '1553479994.8289' LIMIT 1   [ RunTime:0.0412s ]
SQL: SELECT * FROM `orders` WHERE `sn` = '815534780488599956' LIMIT 1   [ RunTime:0.0055s ]
SQL: SELECT * FROM `syspaysn` WHERE `resn` = '815534780488599956' LIMIT 1   [ RunTime:0.0037s ]
SQL: SELECT * FROM `acc_nums` WHERE `sn` = '815534780488599956' LIMIT 1   [ RunTime:0.0060s ]
SQL: SELECT * FROM `account` WHERE `id` = 108706 LIMIT 1   [ RunTime:0.0001s ]
SQL: SELECT * FROM `account` WHERE `id` = 16382 LIMIT 1   [ RunTime:0.0001s ]
SQL: SELECT * FROM `order_sr` WHERE `sn` = '815534780488599956' LIMIT 1   [ RunTime:0.0427s ]
SQL: SELECT COUNT(*) AS tp_count FROM `acc_nums` WHERE `uid` = 16382 LIMIT 1   [ RunTime:0.0034s ]
SQL: SELECT * FROM `acc_nums` WHERE `uid` = 16382 OR `aboutid` = 16382 ORDER BY id desc  [ RunTime:0.0095s ]
SQL: SELECT * FROM `account` WHERE `id` = 16382 LIMIT 1   [ RunTime:0.0001s ]
SQL: SELECT * FROM `account` WHERE `id` = 0 LIMIT 1   [ RunTime:0.0001s ]
SQL: SELECT * FROM `account` WHERE `id` = 0 LIMIT 1   [ RunTime:0.0001s ]
SQL: SELECT * FROM `account` WHERE `id` = 16382 LIMIT 1   [ RunTime:0.0001s ]
SQL: SELECT * FROM `account` WHERE `id` = 16382 LIMIT 1   [ RunTime:0.0001s ]
SQL: SELECT * FROM `account` WHERE `id` = 11146 LIMIT 1   [ RunTime:0.0001s ]
SQL: SELECT * FROM `account` WHERE `id` = 16382 LIMIT 1   [ RunTime:0.0001s ]
SQL: SELECT * FROM `account` WHERE `id` = 16382 LIMIT 1   [ RunTime:0.0001s ]
SQL: SELECT * FROM `account` WHERE `id` = 10751 LIMIT 1   [ RunTime:0.0001s ]
SQL: SELECT * FROM `account` WHERE `id` = 16382 LIMIT 1   [ RunTime:0.0001s ]
SQL: SELECT * FROM `account` WHERE `id` = 54961 LIMIT 1   [ RunTime:0.0001s ]
SQL: SELECT * FROM `account` WHERE `id` = 16382 LIMIT 1   [ RunTime:0.0001s ]
SQL: SELECT * FROM `account` WHERE `id` = 16382 LIMIT 1   [ RunTime:0.0001s ]
SQL: SELECT * FROM `account` WHERE `id` = 22121 LIMIT 1   [ RunTime:0.0001s ]
SQL: SELECT * FROM `account` WHERE `id` = 16382 LIMIT 1   [ RunTime:0.0001s ]
SQL: SELECT * FROM `account` WHERE `id` = 25850 LIMIT 1   [ RunTime:0.0001s ]
SQL: SELECT * FROM `account` WHERE `id` = 16382 LIMIT 1   [ RunTime:0.0001s ]
SQL: SELECT * FROM `account` WHERE `id` = 75837 LIMIT 1   [ RunTime:0.0001s ]
SQL: SELECT * FROM `account` WHERE `id` = 16382 LIMIT 1   [ RunTime:0.0001s ]
SQL: SELECT * FROM `account` WHERE `id` = 103664 LIMIT 1   [ RunTime:0.0001s ]
SQL: SELECT * FROM `account` WHERE `id` = 16382 LIMIT 1   [ RunTime:0.0001s ]
SQL: SELECT * FROM `account` WHERE `id` = 25850 LIMIT 1   [ RunTime:0.0001s ]
SQL: SELECT * FROM `account` WHERE `id` = 16382 LIMIT 1   [ RunTime:0.0001s ]
SQL: SELECT * FROM `account` WHERE `id` = 20428 LIMIT 1   [ RunTime:0.0001s ]
SQL: SELECT * FROM `account` WHERE `id` = 16382 LIMIT 1   [ RunTime:0.0001s ]
SQL: SELECT * FROM `account` WHERE `id` = 75837 LIMIT 1   [ RunTime:0.0001s ]
SQL: SELECT * FROM `account` WHERE `id` = 0 LIMIT 1   [ RunTime:0.0001s ]
SQL: SELECT * FROM `account` WHERE `id` = 16382 LIMIT 1   [ RunTime:0.0001s ]
SQL: SELECT * FROM `account` WHERE `id` = 10751 LIMIT 1   [ RunTime:0.0001s ]
SQL: SELECT * FROM `account` WHERE `id` = 16382 LIMIT 1   [ RunTime:0.0001s ]
SQL: SELECT * FROM `account` WHERE `id` = 10751 LIMIT 1   [ RunTime:0.0001s ]
SQL: SELECT * FROM `account` WHERE `id` = 16382 LIMIT 1   [ RunTime:0.0001s ]
SQL: SELECT SUM(nums) AS tp_sum FROM `acc_nums` WHERE `uid` = 16382 AND `type` > 20 LIMIT 1   [ RunTime:0.0045s ]
SQL: SELECT SUM(nums) AS tp_sum FROM `acc_nums` WHERE `aboutid` = 16382 AND `type` < 20 LIMIT 1   [ RunTime:0.0045s ]
SQL: SELECT * FROM `account` WHERE `id` = 16382 LIMIT 1   [ RunTime:0.0001s ]
SQL: SELECT * FROM `acc_money` WHERE `uid` = '16382' AND `models` = 'REBACK'  [ RunTime:0.0118s ]
SQL: SELECT * FROM `acc_money` WHERE `sn` = '715500464768716263' AND `models` = 'REBACK' ORDER BY money desc  [ RunTime:0.0087s ]
SQL: SELECT * FROM `acc_nums` WHERE `sn` = '715500464768716263' LIMIT 1   [ RunTime:0.0026s ]
SQL: SELECT * FROM `acc_money` WHERE `sn` = '515502951502448197' AND `models` = 'REBACK' ORDER BY money desc  [ RunTime:0.0086s ]
SQL: SELECT * FROM `acc_nums` WHERE `sn` = '515502951502448197' LIMIT 1   [ RunTime:0.0028s ]
SQL: SELECT * FROM `acc_money` WHERE `sn` = '415502976482668474' AND `models` = 'REBACK' ORDER BY money desc  [ RunTime:0.0087s ]
SQL: SELECT * FROM `acc_nums` WHERE `sn` = '415502976482668474' LIMIT 1   [ RunTime:0.0028s ]
SQL: SELECT * FROM `acc_money` WHERE `sn` = '315503068928096163' AND `models` = 'REBACK' ORDER BY money desc  [ RunTime:0.0087s ]
SQL: SELECT * FROM `acc_nums` WHERE `sn` = '315503068928096163' LIMIT 1   [ RunTime:0.0028s ]
SQL: SELECT * FROM `acc_money` WHERE `sn` = '415503903966144214' AND `models` = 'REBACK' ORDER BY money desc  [ RunTime:0.0086s ]
SQL: SELECT * FROM `acc_nums` WHERE `sn` = '415503903966144214' LIMIT 1   [ RunTime:0.0028s ]
SQL: SELECT * FROM `acc_money` WHERE `sn` = '115504716069697654' AND `models` = 'REBACK' ORDER BY money desc  [ RunTime:0.0087s ]
SQL: SELECT * FROM `acc_nums` WHERE `sn` = '115504716069697654' LIMIT 1   [ RunTime:0.0029s ]
SQL: SELECT * FROM `acc_money` WHERE `sn` = '615504766015929419' AND `models` = 'REBACK' ORDER BY money desc  [ RunTime:0.0086s ]
SQL: SELECT * FROM `acc_nums` WHERE `sn` = '615504766015929419' LIMIT 1   [ RunTime:0.0029s ]
SQL: SELECT * FROM `acc_money` WHERE `sn` = '815505710270041717' AND `models` = 'REBACK' ORDER BY money desc  [ RunTime:0.0087s ]
SQL: SELECT * FROM `acc_nums` WHERE `sn` = '815505710270041717' LIMIT 1   [ RunTime:0.0030s ]
SQL: SELECT * FROM `acc_money` WHERE `sn` = '915523000913141951' AND `models` = 'REBACK' ORDER BY money desc  [ RunTime:0.0086s ]
SQL: SELECT * FROM `acc_nums` WHERE `sn` = '915523000913141951' LIMIT 1   [ RunTime:0.0052s ]
SQL: SELECT * FROM `acc_money` WHERE `sn` = '115525705196166551' AND `models` = 'REBACK' ORDER BY money desc  [ RunTime:0.0087s ]
SQL: SELECT * FROM `acc_nums` WHERE `sn` = '115525705196166551' LIMIT 1   [ RunTime:0.0052s ]
SQL: SELECT * FROM `acc_money` WHERE `sn` = '315526556970825195' AND `models` = 'REBACK' ORDER BY money desc  [ RunTime:0.0087s ]
SQL: SELECT * FROM `acc_nums` WHERE `sn` = '315526556970825195' LIMIT 1   [ RunTime:0.0054s ]
SQL: SELECT * FROM `acc_money` WHERE `sn` = '915526372500575254' AND `models` = 'REBACK' ORDER BY money desc  [ RunTime:0.0087s ]
SQL: SELECT * FROM `acc_nums` WHERE `sn` = '915526372500575254' LIMIT 1   [ RunTime:0.0055s ]
SQL: SELECT * FROM `acc_money` WHERE `sn` = '2018A5c80331741737257' AND `models` = 'REBACK' ORDER BY money desc  [ RunTime:0.0087s ]
SQL: SELECT * FROM `acc_nums` WHERE `sn` = '2018A5c80331741737257' LIMIT 1   [ RunTime:0.0056s ]
SQL: SELECT * FROM `acc_money` WHERE `sn` = '515530648973442847' AND `models` = 'REBACK' ORDER BY money desc  [ RunTime:0.0086s ]
SQL: SELECT * FROM `acc_nums` WHERE `sn` = '515530648973442847' LIMIT 1   [ RunTime:0.0058s ]
SQL: SELECT * FROM `acc_money` WHERE `sn` = '815534780488599956' AND `models` = 'REBACK' ORDER BY money desc  [ RunTime:0.0087s ]
SQL: SELECT * FROM `acc_nums` WHERE `sn` = '815534780488599956' LIMIT 1   [ RunTime:0.0060s ]
SQL: SELECT * FROM `acc_money` WHERE `sn` = '215530648993052761' AND `models` = 'REBACK' ORDER BY money desc  [ RunTime:0.0087s ]
SQL: SELECT * FROM `acc_nums` WHERE `sn` = '215530648993052761' LIMIT 1   [ RunTime:0.0063s ]
SQL: SELECT * FROM `acc_money` WHERE `sn` = '315540205228848886' AND `models` = 'REBACK' ORDER BY money desc  [ RunTime:0.0086s ]
SQL: SELECT * FROM `acc_nums` WHERE `sn` = '315540205228848886' LIMIT 1   [ RunTime:0.0063s ]
SQL: SELECT * FROM `acc_money` WHERE `sn` = '415538692930959651' AND `models` = 'REBACK' ORDER BY money desc  [ RunTime:0.0087s ]
SQL: SELECT * FROM `acc_nums` WHERE `sn` = '415538692930959651' LIMIT 1   [ RunTime:0.0064s ]
SQL: SELECT * FROM `acc_money` WHERE `sn` = '915540377173344735' AND `models` = 'REBACK' ORDER BY money desc  [ RunTime:0.0086s ]
SQL: SELECT * FROM `acc_nums` WHERE `sn` = '915540377173344735' LIMIT 1   [ RunTime:0.0063s ]
SQL: SELECT * FROM `acc_money` WHERE `sn` = '215539502558704857' AND `models` = 'REBACK' ORDER BY money desc  [ RunTime:0.0087s ]
SQL: SELECT * FROM `acc_nums` WHERE `sn` = '215539502558704857' LIMIT 1   [ RunTime:0.0066s ]
NOTIC: [8] Undefined variable: reback_money /www/web/168/Dexis/Common/Common/local.php 第 947 行.
NOTIC: [2] array_sum() expects parameter 1 to be array, null given /www/web/168/Dexis/Common/Common/local.php 第 947 行.
SQL: SELECT * FROM `account` WHERE `id` = 16382 LIMIT 1   [ RunTime:0.0002s ]
INFO: [ view_parse ] --START--
INFO: [ template_filter ] --START--
INFO: Run Behavior\ContentReplaceBehavior [ RunTime:0.000092s ]
INFO: [ template_filter ] --END-- [ RunTime:0.000141s ]
NOTIC: [8] Undefined variable: page /www/web/168/Dexis/Runtime/Cache/Backet/7092214914a29b5a6d0aeab9d7818c9c.php 第 437 行.
NOTIC: [8] Undefined variable: select /www/web/168/Dexis/Runtime/Cache/Backet/7092214914a29b5a6d0aeab9d7818c9c.php 第 439 行.
NOTIC: [8] Undefined variable: select /www/web/168/Dexis/Runtime/Cache/Backet/7092214914a29b5a6d0aeab9d7818c9c.php 第 442 行.
NOTIC: [8] Undefined index: order_type /www/web/168/Dexis/Runtime/Cache/Backet/7092214914a29b5a6d0aeab9d7818c9c.php 第 469 行.
NOTIC: [8] Undefined index: pick_goods /www/web/168/Dexis/Runtime/Cache/Backet/7092214914a29b5a6d0aeab9d7818c9c.php 第 470 行.
NOTIC: [8] Undefined index: money_do /www/web/168/Dexis/Runtime/Cache/Backet/7092214914a29b5a6d0aeab9d7818c9c.php 第 470 行.
NOTIC: [8] Undefined index: up_user /www/web/168/Dexis/Runtime/Cache/Backet/7092214914a29b5a6d0aeab9d7818c9c.php 第 471 行.
NOTIC: [8] Undefined index: up_level /www/web/168/Dexis/Runtime/Cache/Backet/7092214914a29b5a6d0aeab9d7818c9c.php 第 472 行.
SQL: SHOW COLUMNS FROM `acc_level` [ RunTime:0.0005s ]
SQL: SELECT * FROM `acc_level` WHERE `id` = null LIMIT 1   [ RunTime:0.0001s ]
NOTIC: [8] Undefined index: change_nums /www/web/168/Dexis/Runtime/Cache/Backet/7092214914a29b5a6d0aeab9d7818c9c.php 第 474 行.
NOTIC: [8] Undefined index: after_nums /www/web/168/Dexis/Runtime/Cache/Backet/7092214914a29b5a6d0aeab9d7818c9c.php 第 475 行.
NOTIC: [8] Undefined index: reback_info /www/web/168/Dexis/Runtime/Cache/Backet/7092214914a29b5a6d0aeab9d7818c9c.php 第 477 行.
NOTIC: [8] Undefined index: pick_goods /www/web/168/Dexis/Runtime/Cache/Backet/7092214914a29b5a6d0aeab9d7818c9c.php 第 470 行.
NOTIC: [8] Undefined index: money_do /www/web/168/Dexis/Runtime/Cache/Backet/7092214914a29b5a6d0aeab9d7818c9c.php 第 470 行.
SQL: SELECT * FROM `acc_level` WHERE `id` = null LIMIT 1   [ RunTime:0.0001s ]
NOTIC: [8] Undefined index: pick_goods /www/web/168/Dexis/Runtime/Cache/Backet/7092214914a29b5a6d0aeab9d7818c9c.php 第 470 行.
NOTIC: [8] Undefined index: money_do /www/web/168/Dexis/Runtime/Cache/Backet/7092214914a29b5a6d0aeab9d7818c9c.php 第 470 行.
SQL: SELECT * FROM `acc_level` WHERE `id` = 6 LIMIT 1   [ RunTime:0.0001s ]
NOTIC: [8] Undefined index: order_type /www/web/168/Dexis/Runtime/Cache/Backet/7092214914a29b5a6d0aeab9d7818c9c.php 第 469 行.
NOTIC: [8] Undefined index: pick_goods /www/web/168/Dexis/Runtime/Cache/Backet/7092214914a29b5a6d0aeab9d7818c9c.php 第 470 行.
NOTIC: [8] Undefined index: money_do /www/web/168/Dexis/Runtime/Cache/Backet/7092214914a29b5a6d0aeab9d7818c9c.php 第 470 行.
NOTIC: [8] Undefined index: up_user /www/web/168/Dexis/Runtime/Cache/Backet/7092214914a29b5a6d0aeab9d7818c9c.php 第 471 行.
NOTIC: [8] Undefined index: up_level /www/web/168/Dexis/Runtime/Cache/Backet/7092214914a29b5a6d0aeab9d7818c9c.php 第 472 行.
SQL: SELECT * FROM `acc_level` WHERE `id` = null LIMIT 1   [ RunTime:0.0001s ]
NOTIC: [8] Undefined index: change_nums /www/web/168/Dexis/Runtime/Cache/Backet/7092214914a29b5a6d0aeab9d7818c9c.php 第 474 行.
NOTIC: [8] Undefined index: after_nums /www/web/168/Dexis/Runtime/Cache/Backet/7092214914a29b5a6d0aeab9d7818c9c.php 第 475 行.
NOTIC: [8] Undefined index: reback_info /www/web/168/Dexis/Runtime/Cache/Backet/7092214914a29b5a6d0aeab9d7818c9c.php 第 477 行.
NOTIC: [8] Undefined index: order_type /www/web/168/Dexis/Runtime/Cache/Backet/7092214914a29b5a6d0aeab9d7818c9c.php 第 469 行.
NOTIC: [8] Undefined index: pick_goods /www/web/168/Dexis/Runtime/Cache/Backet/7092214914a29b5a6d0aeab9d7818c9c.php 第 470 行.
NOTIC: [8] Undefined index: money_do /www/web/168/Dexis/Runtime/Cache/Backet/7092214914a29b5a6d0aeab9d7818c9c.php 第 470 行.
NOTIC: [8] Undefined index: up_user /www/web/168/Dexis/Runtime/Cache/Backet/7092214914a29b5a6d0aeab9d7818c9c.php 第 471 行.
NOTIC: [8] Undefined index: up_level /www/web/168/Dexis/Runtime/Cache/Backet/7092214914a29b5a6d0aeab9d7818c9c.php 第 472 行.
SQL: SELECT * FROM `acc_level` WHERE `id` = null LIMIT 1   [ RunTime:0.0001s ]
NOTIC: [8] Undefined index: change_nums /www/web/168/Dexis/Runtime/Cache/Backet/7092214914a29b5a6d0aeab9d7818c9c.php 第 474 行.
NOTIC: [8] Undefined index: after_nums /www/web/168/Dexis/Runtime/Cache/Backet/7092214914a29b5a6d0aeab9d7818c9c.php 第 475 行.
NOTIC: [8] Undefined index: reback_info /www/web/168/Dexis/Runtime/Cache/Backet/7092214914a29b5a6d0aeab9d7818c9c.php 第 477 行.
NOTIC: [8] Undefined index: order_type /www/web/168/Dexis/Runtime/Cache/Backet/7092214914a29b5a6d0aeab9d7818c9c.php 第 469 行.
NOTIC: [8] Undefined index: pick_goods /www/web/168/Dexis/Runtime/Cache/Backet/7092214914a29b5a6d0aeab9d7818c9c.php 第 470 行.
NOTIC: [8] Undefined index: money_do /www/web/168/Dexis/Runtime/Cache/Backet/7092214914a29b5a6d0aeab9d7818c9c.php 第 470 行.
NOTIC: [8] Undefined index: up_user /www/web/168/Dexis/Runtime/Cache/Backet/7092214914a29b5a6d0aeab9d7818c9c.php 第 471 行.
NOTIC: [8] Undefined index: up_level /www/web/168/Dexis/Runtime/Cache/Backet/7092214914a29b5a6d0aeab9d7818c9c.php 第 472 行.
SQL: SELECT * FROM `acc_level` WHERE `id` = null LIMIT 1   [ RunTime:0.0001s ]
NOTIC: [8] Undefined index: change_nums /www/web/168/Dexis/Runtime/Cache/Backet/7092214914a29b5a6d0aeab9d7818c9c.php 第 474 行.
NOTIC: [8] Undefined index: after_nums /www/web/168/Dexis/Runtime/Cache/Backet/7092214914a29b5a6d0aeab9d7818c9c.php 第 475 行.
NOTIC: [8] Undefined index: reback_info /www/web/168/Dexis/Runtime/Cache/Backet/7092214914a29b5a6d0aeab9d7818c9c.php 第 477 行.
NOTIC: [8] Undefined index: order_type /www/web/168/Dexis/Runtime/Cache/Backet/7092214914a29b5a6d0aeab9d7818c9c.php 第 469 行.
NOTIC: [8] Undefined index: pick_goods /www/web/168/Dexis/Runtime/Cache/Backet/7092214914a29b5a6d0aeab9d7818c9c.php 第 470 行.
NOTIC: [8] Undefined index: money_do /www/web/168/Dexis/Runtime/Cache/Backet/7092214914a29b5a6d0aeab9d7818c9c.php 第 470 行.
NOTIC: [8] Undefined index: up_user /www/web/168/Dexis/Runtime/Cache/Backet/7092214914a29b5a6d0aeab9d7818c9c.php 第 471 行.
NOTIC: [8] Undefined index: up_level /www/web/168/Dexis/Runtime/Cache/Backet/7092214914a29b5a6d0aeab9d7818c9c.php 第 472 行.
SQL: SELECT * FROM `acc_level` WHERE `id` = null LIMIT 1   [ RunTime:0.0001s ]
NOTIC: [8] Undefined index: change_nums /www/web/168/Dexis/Runtime/Cache/Backet/7092214914a29b5a6d0aeab9d7818c9c.php 第 474 行.
NOTIC: [8] Undefined index: after_nums /www/web/168/Dexis/Runtime/Cache/Backet/7092214914a29b5a6d0aeab9d7818c9c.php 第 475 行.
NOTIC: [8] Undefined index: reback_info /www/web/168/Dexis/Runtime/Cache/Backet/7092214914a29b5a6d0aeab9d7818c9c.php 第 477 行.
NOTIC: [8] Undefined index: order_type /www/web/168/Dexis/Runtime/Cache/Backet/7092214914a29b5a6d0aeab9d7818c9c.php 第 469 行.
NOTIC: [8] Undefined index: pick_goods /www/web/168/Dexis/Runtime/Cache/Backet/7092214914a29b5a6d0aeab9d7818c9c.php 第 470 行.
NOTIC: [8] Undefined index: money_do /www/web/168/Dexis/Runtime/Cache/Backet/7092214914a29b5a6d0aeab9d7818c9c.php 第 470 行.
NOTIC: [8] Undefined index: up_user /www/web/168/Dexis/Runtime/Cache/Backet/7092214914a29b5a6d0aeab9d7818c9c.php 第 471 行.
NOTIC: [8] Undefined index: up_level /www/web/168/Dexis/Runtime/Cache/Backet/7092214914a29b5a6d0aeab9d7818c9c.php 第 472 行.
SQL: SELECT * FROM `acc_level` WHERE `id` = null LIMIT 1   [ RunTime:0.0001s ]
NOTIC: [8] Undefined index: change_nums /www/web/168/Dexis/Runtime/Cache/Backet/7092214914a29b5a6d0aeab9d7818c9c.php 第 474 行.
NOTIC: [8] Undefined index: after_nums /www/web/168/Dexis/Runtime/Cache/Backet/7092214914a29b5a6d0aeab9d7818c9c.php 第 475 行.
NOTIC: [8] Undefined index: reback_info /www/web/168/Dexis/Runtime/Cache/Backet/7092214914a29b5a6d0aeab9d7818c9c.php 第 477 行.
NOTIC: [8] Undefined index: order_type /www/web/168/Dexis/Runtime/Cache/Backet/7092214914a29b5a6d0aeab9d7818c9c.php 第 469 行.
NOTIC: [8] Undefined index: pick_goods /www/web/168/Dexis/Runtime/Cache/Backet/7092214914a29b5a6d0aeab9d7818c9c.php 第 470 行.
NOTIC: [8] Undefined index: money_do /www/web/168/Dexis/Runtime/Cache/Backet/7092214914a29b5a6d0aeab9d7818c9c.php 第 470 行.
NOTIC: [8] Undefined index: up_user /www/web/168/Dexis/Runtime/Cache/Backet/7092214914a29b5a6d0aeab9d7818c9c.php 第 471 行.
NOTIC: [8] Undefined index: up_level /www/web/168/Dexis/Runtime/Cache/Backet/7092214914a29b5a6d0aeab9d7818c9c.php 第 472 行.
SQL: SELECT * FROM `acc_level` WHERE `id` = null LIMIT 1   [ RunTime:0.0001s ]
NOTIC: [8] Undefined index: change_nums /www/web/168/Dexis/Runtime/Cache/Backet/7092214914a29b5a6d0aeab9d7818c9c.php 第 474 行.
NOTIC: [8] Undefined index: after_nums /www/web/168/Dexis/Runtime/Cache/Backet/7092214914a29b5a6d0aeab9d7818c9c.php 第 475 行.
NOTIC: [8] Undefined index: reback_info /www/web/168/Dexis/Runtime/Cache/Backet/7092214914a29b5a6d0aeab9d7818c9c.php 第 477 行.
NOTIC: [8] Undefined index: order_type /www/web/168/Dexis/Runtime/Cache/Backet/7092214914a29b5a6d0aeab9d7818c9c.php 第 469 行.
NOTIC: [8] Undefined index: pick_goods /www/web/168/Dexis/Runtime/Cache/Backet/7092214914a29b5a6d0aeab9d7818c9c.php 第 470 行.
NOTIC: [8] Undefined index: up_user /www/web/168/Dexis/Runtime/Cache/Backet/7092214914a29b5a6d0aeab9d7818c9c.php 第 471 行.
NOTIC: [8] Undefined index: up_level /www/web/168/Dexis/Runtime/Cache/Backet/7092214914a29b5a6d0aeab9d7818c9c.php 第 472 行.
SQL: SELECT * FROM `acc_level` WHERE `id` = null LIMIT 1   [ RunTime:0.0001s ]
NOTIC: [8] Undefined index: change_nums /www/web/168/Dexis/Runtime/Cache/Backet/7092214914a29b5a6d0aeab9d7818c9c.php 第 474 行.
NOTIC: [8] Undefined index: after_nums /www/web/168/Dexis/Runtime/Cache/Backet/7092214914a29b5a6d0aeab9d7818c9c.php 第 475 行.
NOTIC: [8] Undefined index: reback_info /www/web/168/Dexis/Runtime/Cache/Backet/7092214914a29b5a6d0aeab9d7818c9c.php 第 477 行.
NOTIC: [8] Undefined index: order_type /www/web/168/Dexis/Runtime/Cache/Backet/7092214914a29b5a6d0aeab9d7818c9c.php 第 469 行.
NOTIC: [8] Undefined index: pick_goods /www/web/168/Dexis/Runtime/Cache/Backet/7092214914a29b5a6d0aeab9d7818c9c.php 第 470 行.
NOTIC: [8] Undefined index: money_do /www/web/168/Dexis/Runtime/Cache/Backet/7092214914a29b5a6d0aeab9d7818c9c.php 第 470 行.
SQL: SELECT * FROM `acc_level` WHERE `id` = 6 LIMIT 1   [ RunTime:0.0001s ]
NOTIC: [8] Undefined index: reback_info /www/web/168/Dexis/Runtime/Cache/Backet/7092214914a29b5a6d0aeab9d7818c9c.php 第 477 行.
NOTIC: [8] Undefined index: order_type /www/web/168/Dexis/Runtime/Cache/Backet/7092214914a29b5a6d0aeab9d7818c9c.php 第 469 行.
NOTIC: [8] Undefined index: pick_goods /www/web/168/Dexis/Runtime/Cache/Backet/7092214914a29b5a6d0aeab9d7818c9c.php 第 470 行.
NOTIC: [8] Undefined index: up_user /www/web/168/Dexis/Runtime/Cache/Backet/7092214914a29b5a6d0aeab9d7818c9c.php 第 471 行.
NOTIC: [8] Undefined index: up_level /www/web/168/Dexis/Runtime/Cache/Backet/7092214914a29b5a6d0aeab9d7818c9c.php 第 472 行.
SQL: SELECT * FROM `acc_level` WHERE `id` = null LIMIT 1   [ RunTime:0.0001s ]
NOTIC: [8] Undefined index: change_nums /www/web/168/Dexis/Runtime/Cache/Backet/7092214914a29b5a6d0aeab9d7818c9c.php 第 474 行.
NOTIC: [8] Undefined index: after_nums /www/web/168/Dexis/Runtime/Cache/Backet/7092214914a29b5a6d0aeab9d7818c9c.php 第 475 行.
NOTIC: [8] Undefined index: reback_info /www/web/168/Dexis/Runtime/Cache/Backet/7092214914a29b5a6d0aeab9d7818c9c.php 第 477 行.
NOTIC: [8] Undefined index: order_type /www/web/168/Dexis/Runtime/Cache/Backet/7092214914a29b5a6d0aeab9d7818c9c.php 第 469 行.
NOTIC: [8] Undefined index: pick_goods /www/web/168/Dexis/Runtime/Cache/Backet/7092214914a29b5a6d0aeab9d7818c9c.php 第 470 行.
NOTIC: [8] Undefined index: money_do /www/web/168/Dexis/Runtime/Cache/Backet/7092214914a29b5a6d0aeab9d7818c9c.php 第 470 行.
SQL: SELECT * FROM `acc_level` WHERE `id` = 6 LIMIT 1   [ RunTime:0.0001s ]
NOTIC: [8] Undefined index: reback_info /www/web/168/Dexis/Runtime/Cache/Backet/7092214914a29b5a6d0aeab9d7818c9c.php 第 477 行.
NOTIC: [8] Undefined index: order_type /www/web/168/Dexis/Runtime/Cache/Backet/7092214914a29b5a6d0aeab9d7818c9c.php 第 469 行.
NOTIC: [8] Undefined index: pick_goods /www/web/168/Dexis/Runtime/Cache/Backet/7092214914a29b5a6d0aeab9d7818c9c.php 第 470 行.
NOTIC: [8] Undefined index: money_do /www/web/168/Dexis/Runtime/Cache/Backet/7092214914a29b5a6d0aeab9d7818c9c.php 第 470 行.
SQL: SELECT * FROM `acc_level` WHERE `id` = 6 LIMIT 1   [ RunTime:0.0001s ]
NOTIC: [8] Undefined index: reback_info /www/web/168/Dexis/Runtime/Cache/Backet/7092214914a29b5a6d0aeab9d7818c9c.php 第 477 行.
NOTIC: [8] Undefined index: order_type /www/web/168/Dexis/Runtime/Cache/Backet/7092214914a29b5a6d0aeab9d7818c9c.php 第 469 行.
NOTIC: [8] Undefined index: pick_goods /www/web/168/Dexis/Runtime/Cache/Backet/7092214914a29b5a6d0aeab9d7818c9c.php 第 470 行.
NOTIC: [8] Undefined index: up_user /www/web/168/Dexis/Runtime/Cache/Backet/7092214914a29b5a6d0aeab9d7818c9c.php 第 471 行.
NOTIC: [8] Undefined index: up_level /www/web/168/Dexis/Runtime/Cache/Backet/7092214914a29b5a6d0aeab9d7818c9c.php 第 472 行.
SQL: SELECT * FROM `acc_level` WHERE `id` = null LIMIT 1   [ RunTime:0.0001s ]
NOTIC: [8] Undefined index: change_nums /www/web/168/Dexis/Runtime/Cache/Backet/7092214914a29b5a6d0aeab9d7818c9c.php 第 474 行.
NOTIC: [8] Undefined index: after_nums /www/web/168/Dexis/Runtime/Cache/Backet/7092214914a29b5a6d0aeab9d7818c9c.php 第 475 行.
NOTIC: [8] Undefined index: reback_info /www/web/168/Dexis/Runtime/Cache/Backet/7092214914a29b5a6d0aeab9d7818c9c.php 第 477 行.
NOTIC: [8] Undefined index: order_type /www/web/168/Dexis/Runtime/Cache/Backet/7092214914a29b5a6d0aeab9d7818c9c.php 第 469 行.
NOTIC: [8] Undefined index: pick_goods /www/web/168/Dexis/Runtime/Cache/Backet/7092214914a29b5a6d0aeab9d7818c9c.php 第 470 行.
NOTIC: [8] Undefined index: money_do /www/web/168/Dexis/Runtime/Cache/Backet/7092214914a29b5a6d0aeab9d7818c9c.php 第 470 行.
SQL: SELECT * FROM `acc_level` WHERE `id` = 6 LIMIT 1   [ RunTime:0.0001s ]
NOTIC: [8] Undefined index: reback_info /www/web/168/Dexis/Runtime/Cache/Backet/7092214914a29b5a6d0aeab9d7818c9c.php 第 477 行.
NOTIC: [8] Undefined index: order_type /www/web/168/Dexis/Runtime/Cache/Backet/7092214914a29b5a6d0aeab9d7818c9c.php 第 469 行.
NOTIC: [8] Undefined index: pick_goods /www/web/168/Dexis/Runtime/Cache/Backet/7092214914a29b5a6d0aeab9d7818c9c.php 第 470 行.
NOTIC: [8] Undefined index: up_user /www/web/168/Dexis/Runtime/Cache/Backet/7092214914a29b5a6d0aeab9d7818c9c.php 第 471 行.
NOTIC: [8] Undefined index: up_level /www/web/168/Dexis/Runtime/Cache/Backet/7092214914a29b5a6d0aeab9d7818c9c.php 第 472 行.
SQL: SELECT * FROM `acc_level` WHERE `id` = null LIMIT 1   [ RunTime:0.0001s ]
NOTIC: [8] Undefined index: change_nums /www/web/168/Dexis/Runtime/Cache/Backet/7092214914a29b5a6d0aeab9d7818c9c.php 第 474 行.
NOTIC: [8] Undefined index: after_nums /www/web/168/Dexis/Runtime/Cache/Backet/7092214914a29b5a6d0aeab9d7818c9c.php 第 475 行.
NOTIC: [8] Undefined index: reback_info /www/web/168/Dexis/Runtime/Cache/Backet/7092214914a29b5a6d0aeab9d7818c9c.php 第 477 行.
NOTIC: [8] Undefined index: order_type /www/web/168/Dexis/Runtime/Cache/Backet/7092214914a29b5a6d0aeab9d7818c9c.php 第 469 行.
NOTIC: [8] Undefined index: pick_goods /www/web/168/Dexis/Runtime/Cache/Backet/7092214914a29b5a6d0aeab9d7818c9c.php 第 470 行.
NOTIC: [8] Undefined index: money_do /www/web/168/Dexis/Runtime/Cache/Backet/7092214914a29b5a6d0aeab9d7818c9c.php 第 470 行.
SQL: SELECT * FROM `acc_level` WHERE `id` = 6 LIMIT 1   [ RunTime:0.0001s ]
NOTIC: [8] Undefined index: reback_info /www/web/168/Dexis/Runtime/Cache/Backet/7092214914a29b5a6d0aeab9d7818c9c.php 第 477 行.
NOTIC: [8] Undefined index: order_type /www/web/168/Dexis/Runtime/Cache/Backet/7092214914a29b5a6d0aeab9d7818c9c.php 第 469 行.
NOTIC: [8] Undefined index: pick_goods /www/web/168/Dexis/Runtime/Cache/Backet/7092214914a29b5a6d0aeab9d7818c9c.php 第 470 行.
NOTIC: [8] Undefined index: up_user /www/web/168/Dexis/Runtime/Cache/Backet/7092214914a29b5a6d0aeab9d7818c9c.php 第 471 行.
NOTIC: [8] Undefined index: up_level /www/web/168/Dexis/Runtime/Cache/Backet/7092214914a29b5a6d0aeab9d7818c9c.php 第 472 行.
SQL: SELECT * FROM `acc_level` WHERE `id` = null LIMIT 1   [ RunTime:0.0001s ]
NOTIC: [8] Undefined index: change_nums /www/web/168/Dexis/Runtime/Cache/Backet/7092214914a29b5a6d0aeab9d7818c9c.php 第 474 行.
NOTIC: [8] Undefined index: after_nums /www/web/168/Dexis/Runtime/Cache/Backet/7092214914a29b5a6d0aeab9d7818c9c.php 第 475 行.
NOTIC: [8] Undefined index: reback_info /www/web/168/Dexis/Runtime/Cache/Backet/7092214914a29b5a6d0aeab9d7818c9c.php 第 477 行.
NOTIC: [8] Undefined index: order_type /www/web/168/Dexis/Runtime/Cache/Backet/7092214914a29b5a6d0aeab9d7818c9c.php 第 469 行.
NOTIC: [8] Undefined index: pick_goods /www/web/168/Dexis/Runtime/Cache/Backet/7092214914a29b5a6d0aeab9d7818c9c.php 第 470 行.
NOTIC: [8] Undefined index: money_do /www/web/168/Dexis/Runtime/Cache/Backet/7092214914a29b5a6d0aeab9d7818c9c.php 第 470 行.
SQL: SELECT * FROM `acc_level` WHERE `id` = 6 LIMIT 1   [ RunTime:0.0001s ]
NOTIC: [8] Undefined index: reback_info /www/web/168/Dexis/Runtime/Cache/Backet/7092214914a29b5a6d0aeab9d7818c9c.php 第 477 行.
SQL: SELECT * FROM `acc_level` WHERE `id` = 6 LIMIT 1   [ RunTime:0.0001s ]
NOTIC: [8] Undefined index: reback_infos /www/web/168/Dexis/Runtime/Cache/Backet/7092214914a29b5a6d0aeab9d7818c9c.php 第 514 行.
NOTIC: [8] Undefined index: status /www/web/168/Dexis/Runtime/Cache/Backet/7092214914a29b5a6d0aeab9d7818c9c.php 第 519 行.
NOTIC: [8] Undefined index: id /www/web/168/Dexis/Runtime/Cache/Backet/7092214914a29b5a6d0aeab9d7818c9c.php 第 520 行.
SQL: SELECT * FROM `acc_level` WHERE `id` = null LIMIT 1   [ RunTime:0.0001s ]
NOTIC: [8] Undefined index: reback_infos /www/web/168/Dexis/Runtime/Cache/Backet/7092214914a29b5a6d0aeab9d7818c9c.php 第 514 行.
NOTIC: [8] Undefined index: status /www/web/168/Dexis/Runtime/Cache/Backet/7092214914a29b5a6d0aeab9d7818c9c.php 第 519 行.
NOTIC: [8] Undefined index: id /www/web/168/Dexis/Runtime/Cache/Backet/7092214914a29b5a6d0aeab9d7818c9c.php 第 520 行.
SQL: SELECT * FROM `acc_level` WHERE `id` = 6 LIMIT 1   [ RunTime:0.0001s ]
NOTIC: [8] Undefined index: in_name /www/web/168/Dexis/Runtime/Cache/Backet/7092214914a29b5a6d0aeab9d7818c9c.php 第 512 行.
NOTIC: [8] Undefined index: reback_infos /www/web/168/Dexis/Runtime/Cache/Backet/7092214914a29b5a6d0aeab9d7818c9c.php 第 514 行.
NOTIC: [8] Undefined index: status /www/web/168/Dexis/Runtime/Cache/Backet/7092214914a29b5a6d0aeab9d7818c9c.php 第 519 行.
NOTIC: [8] Undefined index: id /www/web/168/Dexis/Runtime/Cache/Backet/7092214914a29b5a6d0aeab9d7818c9c.php 第 520 行.
SQL: SELECT * FROM `acc_level` WHERE `id` = 6 LIMIT 1   [ RunTime:0.0001s ]
NOTIC: [8] Undefined index: reback_infos /www/web/168/Dexis/Runtime/Cache/Backet/7092214914a29b5a6d0aeab9d7818c9c.php 第 514 行.
NOTIC: [8] Undefined index: status /www/web/168/Dexis/Runtime/Cache/Backet/7092214914a29b5a6d0aeab9d7818c9c.php 第 519 行.
NOTIC: [8] Undefined index: id /www/web/168/Dexis/Runtime/Cache/Backet/7092214914a29b5a6d0aeab9d7818c9c.php 第 520 行.
SQL: SELECT * FROM `acc_level` WHERE `id` = 6 LIMIT 1   [ RunTime:0.0001s ]
NOTIC: [8] Undefined index: reback_infos /www/web/168/Dexis/Runtime/Cache/Backet/7092214914a29b5a6d0aeab9d7818c9c.php 第 514 行.
NOTIC: [8] Undefined index: status /www/web/168/Dexis/Runtime/Cache/Backet/7092214914a29b5a6d0aeab9d7818c9c.php 第 519 行.
NOTIC: [8] Undefined index: id /www/web/168/Dexis/Runtime/Cache/Backet/7092214914a29b5a6d0aeab9d7818c9c.php 第 520 行.
SQL: SELECT * FROM `acc_level` WHERE `id` = 6 LIMIT 1   [ RunTime:0.0001s ]
NOTIC: [8] Undefined index: reback_infos /www/web/168/Dexis/Runtime/Cache/Backet/7092214914a29b5a6d0aeab9d7818c9c.php 第 514 行.
NOTIC: [8] Undefined index: status /www/web/168/Dexis/Runtime/Cache/Backet/7092214914a29b5a6d0aeab9d7818c9c.php 第 519 行.
NOTIC: [8] Undefined index: id /www/web/168/Dexis/Runtime/Cache/Backet/7092214914a29b5a6d0aeab9d7818c9c.php 第 520 行.
SQL: SELECT * FROM `acc_level` WHERE `id` = 6 LIMIT 1   [ RunTime:0.0001s ]
NOTIC: [8] Undefined index: in_name /www/web/168/Dexis/Runtime/Cache/Backet/7092214914a29b5a6d0aeab9d7818c9c.php 第 512 行.
NOTIC: [8] Undefined index: reback_infos /www/web/168/Dexis/Runtime/Cache/Backet/7092214914a29b5a6d0aeab9d7818c9c.php 第 514 行.
NOTIC: [8] Undefined index: status /www/web/168/Dexis/Runtime/Cache/Backet/7092214914a29b5a6d0aeab9d7818c9c.php 第 519 行.
NOTIC: [8] Undefined index: id /www/web/168/Dexis/Runtime/Cache/Backet/7092214914a29b5a6d0aeab9d7818c9c.php 第 520 行.
SQL: SELECT * FROM `acc_level` WHERE `id` = 6 LIMIT 1   [ RunTime:0.0001s ]
NOTIC: [8] Undefined index: reback_infos /www/web/168/Dexis/Runtime/Cache/Backet/7092214914a29b5a6d0aeab9d7818c9c.php 第 514 行.
NOTIC: [8] Undefined index: status /www/web/168/Dexis/Runtime/Cache/Backet/7092214914a29b5a6d0aeab9d7818c9c.php 第 519 行.
NOTIC: [8] Undefined index: id /www/web/168/Dexis/Runtime/Cache/Backet/7092214914a29b5a6d0aeab9d7818c9c.php 第 520 行.
SQL: SELECT * FROM `acc_level` WHERE `id` = 6 LIMIT 1   [ RunTime:0.0001s ]
NOTIC: [8] Undefined index: reback_infos /www/web/168/Dexis/Runtime/Cache/Backet/7092214914a29b5a6d0aeab9d7818c9c.php 第 514 行.
NOTIC: [8] Undefined index: status /www/web/168/Dexis/Runtime/Cache/Backet/7092214914a29b5a6d0aeab9d7818c9c.php 第 519 行.
NOTIC: [8] Undefined index: id /www/web/168/Dexis/Runtime/Cache/Backet/7092214914a29b5a6d0aeab9d7818c9c.php 第 520 行.
SQL: SELECT * FROM `acc_level` WHERE `id` = 6 LIMIT 1   [ RunTime:0.0001s ]
NOTIC: [8] Undefined index: reback_infos /www/web/168/Dexis/Runtime/Cache/Backet/7092214914a29b5a6d0aeab9d7818c9c.php 第 514 行.
NOTIC: [8] Undefined index: status /www/web/168/Dexis/Runtime/Cache/Backet/7092214914a29b5a6d0aeab9d7818c9c.php 第 519 行.
NOTIC: [8] Undefined index: id /www/web/168/Dexis/Runtime/Cache/Backet/7092214914a29b5a6d0aeab9d7818c9c.php 第 520 行.
SQL: SELECT * FROM `acc_level` WHERE `id` = 6 LIMIT 1   [ RunTime:0.0001s ]
NOTIC: [8] Undefined index: reback_infos /www/web/168/Dexis/Runtime/Cache/Backet/7092214914a29b5a6d0aeab9d7818c9c.php 第 514 行.
NOTIC: [8] Undefined index: status /www/web/168/Dexis/Runtime/Cache/Backet/7092214914a29b5a6d0aeab9d7818c9c.php 第 519 行.
NOTIC: [8] Undefined index: id /www/web/168/Dexis/Runtime/Cache/Backet/7092214914a29b5a6d0aeab9d7818c9c.php 第 520 行.
SQL: SELECT * FROM `acc_level` WHERE `id` = 6 LIMIT 1   [ RunTime:0.0001s ]
NOTIC: [8] Undefined index: reback_infos /www/web/168/Dexis/Runtime/Cache/Backet/7092214914a29b5a6d0aeab9d7818c9c.php 第 514 行.
NOTIC: [8] Undefined index: status /www/web/168/Dexis/Runtime/Cache/Backet/7092214914a29b5a6d0aeab9d7818c9c.php 第 519 行.
NOTIC: [8] Undefined index: id /www/web/168/Dexis/Runtime/Cache/Backet/7092214914a29b5a6d0aeab9d7818c9c.php 第 520 行.
SQL: SELECT * FROM `acc_level` WHERE `id` = 6 LIMIT 1   [ RunTime:0.0001s ]
NOTIC: [8] Undefined index: reback_infos /www/web/168/Dexis/Runtime/Cache/Backet/7092214914a29b5a6d0aeab9d7818c9c.php 第 514 行.
NOTIC: [8] Undefined index: status /www/web/168/Dexis/Runtime/Cache/Backet/7092214914a29b5a6d0aeab9d7818c9c.php 第 519 行.
NOTIC: [8] Undefined index: id /www/web/168/Dexis/Runtime/Cache/Backet/7092214914a29b5a6d0aeab9d7818c9c.php 第 520 行.
SQL: SELECT * FROM `acc_level` WHERE `id` = 6 LIMIT 1   [ RunTime:0.0001s ]
NOTIC: [8] Undefined index: reback_infos /www/web/168/Dexis/Runtime/Cache/Backet/7092214914a29b5a6d0aeab9d7818c9c.php 第 514 行.
NOTIC: [8] Undefined index: status /www/web/168/Dexis/Runtime/Cache/Backet/7092214914a29b5a6d0aeab9d7818c9c.php 第 519 行.
NOTIC: [8] Undefined index: id /www/web/168/Dexis/Runtime/Cache/Backet/7092214914a29b5a6d0aeab9d7818c9c.php 第 520 行.
SQL: SELECT * FROM `acc_level` WHERE `id` = null LIMIT 1   [ RunTime:0.0001s ]
NOTIC: [8] Undefined index: reback_infos /www/web/168/Dexis/Runtime/Cache/Backet/7092214914a29b5a6d0aeab9d7818c9c.php 第 514 行.
NOTIC: [8] Undefined index: status /www/web/168/Dexis/Runtime/Cache/Backet/7092214914a29b5a6d0aeab9d7818c9c.php 第 519 行.
NOTIC: [8] Undefined index: id /www/web/168/Dexis/Runtime/Cache/Backet/7092214914a29b5a6d0aeab9d7818c9c.php 第 520 行.
SQL: SELECT * FROM `acc_level` WHERE `id` = 6 LIMIT 1   [ RunTime:0.0001s ]
NOTIC: [8] Undefined index: reback_infos /www/web/168/Dexis/Runtime/Cache/Backet/7092214914a29b5a6d0aeab9d7818c9c.php 第 514 行.
NOTIC: [8] Undefined index: status /www/web/168/Dexis/Runtime/Cache/Backet/7092214914a29b5a6d0aeab9d7818c9c.php 第 519 行.
NOTIC: [8] Undefined index: id /www/web/168/Dexis/Runtime/Cache/Backet/7092214914a29b5a6d0aeab9d7818c9c.php 第 520 行.
SQL: SELECT * FROM `acc_level` WHERE `id` = 6 LIMIT 1   [ RunTime:0.0001s ]
NOTIC: [8] Undefined index: reback_infos /www/web/168/Dexis/Runtime/Cache/Backet/7092214914a29b5a6d0aeab9d7818c9c.php 第 514 行.
NOTIC: [8] Undefined index: status /www/web/168/Dexis/Runtime/Cache/Backet/7092214914a29b5a6d0aeab9d7818c9c.php 第 519 行.
NOTIC: [8] Undefined index: id /www/web/168/Dexis/Runtime/Cache/Backet/7092214914a29b5a6d0aeab9d7818c9c.php 第 520 行.
INFO: Run Behavior\ParseTemplateBehavior [ RunTime:0.026165s ]
INFO: [ view_parse ] --END-- [ RunTime:0.026193s ]
INFO: [ view_filter ] --START--
INFO: Run Behavior\WriteHtmlCacheBehavior [ RunTime:0.000106s ]
INFO: [ view_filter ] --END-- [ RunTime:0.000127s ]
INFO: [ app_end ] --START--
INFO: Run Behavior\ShowPageTraceBehavior [ RunTime:0.000335s ]
INFO: [ app_end ] --END-- [ RunTime:0.000370s ]

