[ 2019-09-11T00:25:41+08:00 ] 120.216.220.222 /favicon.ico
INFO: [ app_init ] --START--
INFO: Run Behavior\BuildLiteBehavior [ RunTime:0.000011s ]
INFO: [ app_init ] --END-- [ RunTime:0.000223s ]
ERR: 无法加载模块:Favicon

[ 2019-09-11T00:26:26+08:00 ] 103.228.209.96 /Public/layer/layer.js
INFO: [ app_init ] --START--
INFO: Run Behavior\BuildLiteBehavior [ RunTime:0.000010s ]
INFO: [ app_init ] --END-- [ RunTime:0.000208s ]
ERR: 无法加载模块:Public

[ 2019-09-11T00:40:14+08:00 ] 103.228.209.96 /Public/layer/layer.js
INFO: [ app_init ] --START--
INFO: Run Behavior\BuildLiteBehavior [ RunTime:0.000011s ]
INFO: [ app_init ] --END-- [ RunTime:0.000219s ]
ERR: 无法加载模块:Public

[ 2019-09-11T01:01:46+08:00 ] 123.125.67.219 /robots.txt
INFO: [ app_init ] --START--
INFO: Run Behavior\BuildLiteBehavior [ RunTime:0.000009s ]
INFO: [ app_init ] --END-- [ RunTime:0.000207s ]
ERR: 无法加载模块:Robots

[ 2019-09-11T06:34:22+08:00 ] 66.249.66.35 /robots.txt
INFO: [ app_init ] --START--
INFO: Run Behavior\BuildLiteBehavior [ RunTime:0.000009s ]
INFO: [ app_init ] --END-- [ RunTime:0.000201s ]
ERR: 无法加载模块:Robots

[ 2019-09-11T06:39:24+08:00 ] 111.208.112.205 /favicon.ico
INFO: [ app_init ] --START--
INFO: Run Behavior\BuildLiteBehavior [ RunTime:0.000011s ]
INFO: [ app_init ] --END-- [ RunTime:0.000213s ]
ERR: 无法加载模块:Favicon

[ 2019-09-11T06:39:24+08:00 ] 111.208.112.205 /favicon.ico
INFO: [ app_init ] --START--
INFO: Run Behavior\BuildLiteBehavior [ RunTime:0.000011s ]
INFO: [ app_init ] --END-- [ RunTime:0.000210s ]
ERR: 无法加载模块:Favicon

[ 2019-09-11T06:40:25+08:00 ] 14.116.137.170 /Public/layer/layer.js
INFO: [ app_init ] --START--
INFO: Run Behavior\BuildLiteBehavior [ RunTime:0.000010s ]
INFO: [ app_init ] --END-- [ RunTime:0.000205s ]
ERR: 无法加载模块:Public

[ 2019-09-11T06:40:25+08:00 ] 14.116.137.170 /Public/layer/layer.js
INFO: [ app_init ] --START--
INFO: Run Behavior\BuildLiteBehavior [ RunTime:0.000011s ]
INFO: [ app_init ] --END-- [ RunTime:0.000212s ]
ERR: 无法加载模块:Public

[ 2019-09-11T06:41:27+08:00 ] 14.116.137.170 /Public/layer/layer.js
INFO: [ app_init ] --START--
INFO: Run Behavior\BuildLiteBehavior [ RunTime:0.000010s ]
INFO: [ app_init ] --END-- [ RunTime:0.000209s ]
ERR: 无法加载模块:Public

[ 2019-09-11T06:41:28+08:00 ] 14.116.137.170 /Public/layer/layer.js
INFO: [ app_init ] --START--
INFO: Run Behavior\BuildLiteBehavior [ RunTime:0.000011s ]
INFO: [ app_init ] --END-- [ RunTime:0.000220s ]
ERR: 无法加载模块:Public

[ 2019-09-11T06:42:03+08:00 ] 14.116.137.170 /Public/layer/layer.js
INFO: [ app_init ] --START--
INFO: Run Behavior\BuildLiteBehavior [ RunTime:0.000024s ]
INFO: [ app_init ] --END-- [ RunTime:0.000221s ]
ERR: 无法加载模块:Public

[ 2019-09-11T06:42:04+08:00 ] 14.116.137.170 /Public/layer/layer.js
INFO: [ app_init ] --START--
INFO: Run Behavior\BuildLiteBehavior [ RunTime:0.000010s ]
INFO: [ app_init ] --END-- [ RunTime:0.000221s ]
ERR: 无法加载模块:Public

[ 2019-09-11T06:44:14+08:00 ] 14.116.137.170 /Public/layer/layer.js
INFO: [ app_init ] --START--
INFO: Run Behavior\BuildLiteBehavior [ RunTime:0.000010s ]
INFO: [ app_init ] --END-- [ RunTime:0.000207s ]
ERR: 无法加载模块:Public

[ 2019-09-11T06:44:14+08:00 ] 14.116.137.170 /Public/layer/layer.js
INFO: [ app_init ] --START--
INFO: Run Behavior\BuildLiteBehavior [ RunTime:0.000010s ]
INFO: [ app_init ] --END-- [ RunTime:0.000209s ]
ERR: 无法加载模块:Public

[ 2019-09-11T06:48:32+08:00 ] 120.234.130.205 /favicon.ico
INFO: [ app_init ] --START--
INFO: Run Behavior\BuildLiteBehavior [ RunTime:0.000010s ]
INFO: [ app_init ] --END-- [ RunTime:0.000241s ]
ERR: 无法加载模块:Favicon

[ 2019-09-11T06:52:50+08:00 ] 120.234.130.205 /Public/libs/qrcode.js
INFO: [ app_init ] --START--
INFO: Run Behavior\BuildLiteBehavior [ RunTime:0.000010s ]
INFO: [ app_init ] --END-- [ RunTime:0.000209s ]
ERR: 无法加载模块:Public

[ 2019-09-11T06:52:50+08:00 ] 120.234.130.205 /Public/libs/qrcode.js
INFO: [ app_init ] --START--
INFO: Run Behavior\BuildLiteBehavior [ RunTime:0.000010s ]
INFO: [ app_init ] --END-- [ RunTime:0.000204s ]
ERR: 无法加载模块:Public

[ 2019-09-11T06:53:44+08:00 ] 14.116.137.170 /Public/layer/layer.js
INFO: [ app_init ] --START--
INFO: Run Behavior\BuildLiteBehavior [ RunTime:0.000009s ]
INFO: [ app_init ] --END-- [ RunTime:0.000235s ]
ERR: 无法加载模块:Public

[ 2019-09-11T06:53:45+08:00 ] 14.116.137.170 /Public/layer/layer.js
INFO: [ app_init ] --START--
INFO: Run Behavior\BuildLiteBehavior [ RunTime:0.000011s ]
INFO: [ app_init ] --END-- [ RunTime:0.000215s ]
ERR: 无法加载模块:Public

[ 2019-09-11T06:54:04+08:00 ] 120.234.130.205 /Public/libs/qrcode.js
INFO: [ app_init ] --START--
INFO: Run Behavior\BuildLiteBehavior [ RunTime:0.000023s ]
INFO: [ app_init ] --END-- [ RunTime:0.000224s ]
ERR: 无法加载模块:Public

[ 2019-09-11T06:54:05+08:00 ] 120.234.130.205 /Public/libs/qrcode.js
INFO: [ app_init ] --START--
INFO: Run Behavior\BuildLiteBehavior [ RunTime:0.000011s ]
INFO: [ app_init ] --END-- [ RunTime:0.000221s ]
ERR: 无法加载模块:Public

[ 2019-09-11T07:00:49+08:00 ] 111.208.112.205 /favicon.ico
INFO: [ app_init ] --START--
INFO: Run Behavior\BuildLiteBehavior [ RunTime:0.000009s ]
INFO: [ app_init ] --END-- [ RunTime:0.000210s ]
ERR: 无法加载模块:Favicon

[ 2019-09-11T07:00:55+08:00 ] 14.116.137.170 /Public/layer/layer.js
INFO: [ app_init ] --START--
INFO: Run Behavior\BuildLiteBehavior [ RunTime:0.000010s ]
INFO: [ app_init ] --END-- [ RunTime:0.000222s ]
ERR: 无法加载模块:Public

[ 2019-09-11T07:00:55+08:00 ] 14.116.137.170 /Public/layer/layer.js
INFO: [ app_init ] --START--
INFO: Run Behavior\BuildLiteBehavior [ RunTime:0.000010s ]
INFO: [ app_init ] --END-- [ RunTime:0.000203s ]
ERR: 无法加载模块:Public

[ 2019-09-11T08:37:32+08:00 ] 223.104.250.182 /favicon.ico
INFO: [ app_init ] --START--
INFO: Run Behavior\BuildLiteBehavior [ RunTime:0.000010s ]
INFO: [ app_init ] --END-- [ RunTime:0.000219s ]
ERR: 无法加载模块:Favicon

[ 2019-09-11T08:37:32+08:00 ] 223.104.250.182 /favicon.ico
INFO: [ app_init ] --START--
INFO: Run Behavior\BuildLiteBehavior [ RunTime:0.000012s ]
INFO: [ app_init ] --END-- [ RunTime:0.000214s ]
ERR: 无法加载模块:Favicon

[ 2019-09-11T08:37:43+08:00 ] 119.84.153.253 /Public/libs/qrcode.js
INFO: [ app_init ] --START--
INFO: Run Behavior\BuildLiteBehavior [ RunTime:0.000011s ]
INFO: [ app_init ] --END-- [ RunTime:0.000205s ]
ERR: 无法加载模块:Public

[ 2019-09-11T08:37:43+08:00 ] 119.84.153.253 /Public/libs/qrcode.js
INFO: [ app_init ] --START--
INFO: Run Behavior\BuildLiteBehavior [ RunTime:0.000011s ]
INFO: [ app_init ] --END-- [ RunTime:0.000210s ]
ERR: 无法加载模块:Public

[ 2019-09-11T08:40:00+08:00 ] 120.227.160.196 /favicon.ico
INFO: [ app_init ] --START--
INFO: Run Behavior\BuildLiteBehavior [ RunTime:0.000022s ]
INFO: [ app_init ] --END-- [ RunTime:0.000219s ]
ERR: 无法加载模块:Favicon

[ 2019-09-11T09:00:55+08:00 ] 61.243.47.73 /favicon.ico
INFO: [ app_init ] --START--
INFO: Run Behavior\BuildLiteBehavior [ RunTime:0.000010s ]
INFO: [ app_init ] --END-- [ RunTime:0.000218s ]
ERR: 无法加载模块:Favicon

[ 2019-09-11T09:01:28+08:00 ] 157.255.172.16 /Public/layer/layer.js
INFO: [ app_init ] --START--
INFO: Run Behavior\BuildLiteBehavior [ RunTime:0.000010s ]
INFO: [ app_init ] --END-- [ RunTime:0.000206s ]
ERR: 无法加载模块:Public

[ 2019-09-11T09:01:29+08:00 ] 157.255.172.16 /Public/layer/layer.js
INFO: [ app_init ] --START--
INFO: Run Behavior\BuildLiteBehavior [ RunTime:0.000012s ]
INFO: [ app_init ] --END-- [ RunTime:0.000222s ]
ERR: 无法加载模块:Public

[ 2019-09-11T09:02:36+08:00 ] 61.243.47.73 /favicon.ico
INFO: [ app_init ] --START--
INFO: Run Behavior\BuildLiteBehavior [ RunTime:0.000009s ]
INFO: [ app_init ] --END-- [ RunTime:0.000201s ]
ERR: 无法加载模块:Favicon

[ 2019-09-11T09:07:16+08:00 ] 175.167.154.207 /favicon.ico
INFO: [ app_init ] --START--
INFO: Run Behavior\BuildLiteBehavior [ RunTime:0.000011s ]
INFO: [ app_init ] --END-- [ RunTime:0.000220s ]
ERR: 无法加载模块:Favicon

[ 2019-09-11T09:07:16+08:00 ] 175.167.154.207 /favicon.ico
INFO: [ app_init ] --START--
INFO: Run Behavior\BuildLiteBehavior [ RunTime:0.000009s ]
INFO: [ app_init ] --END-- [ RunTime:0.000202s ]
ERR: 无法加载模块:Favicon

[ 2019-09-11T09:07:28+08:00 ] 175.167.154.207 /favicon.ico
INFO: [ app_init ] --START--
INFO: Run Behavior\BuildLiteBehavior [ RunTime:0.000010s ]
INFO: [ app_init ] --END-- [ RunTime:0.000202s ]
ERR: 无法加载模块:Favicon

[ 2019-09-11T09:07:29+08:00 ] 175.167.154.207 /favicon.ico
INFO: [ app_init ] --START--
INFO: Run Behavior\BuildLiteBehavior [ RunTime:0.000011s ]
INFO: [ app_init ] --END-- [ RunTime:0.000209s ]
ERR: 无法加载模块:Favicon

[ 2019-09-11T10:08:09+08:00 ] 106.91.186.98 /Public/layer/layer.js
INFO: [ app_init ] --START--
INFO: Run Behavior\BuildLiteBehavior [ RunTime:0.000011s ]
INFO: [ app_init ] --END-- [ RunTime:0.000210s ]
ERR: 无法加载模块:Public

[ 2019-09-11T10:11:31+08:00 ] 123.147.246.170 /favicon.ico
INFO: [ app_init ] --START--
INFO: Run Behavior\BuildLiteBehavior [ RunTime:0.000010s ]
INFO: [ app_init ] --END-- [ RunTime:0.000218s ]
ERR: 无法加载模块:Favicon

[ 2019-09-11T10:11:32+08:00 ] 123.147.246.170 /favicon.ico
INFO: [ app_init ] --START--
INFO: Run Behavior\BuildLiteBehavior [ RunTime:0.000011s ]
INFO: [ app_init ] --END-- [ RunTime:0.000221s ]
ERR: 无法加载模块:Favicon

[ 2019-09-11T10:16:40+08:00 ] 222.211.206.88 /Public/libs/dialog.js
INFO: [ app_init ] --START--
INFO: Run Behavior\BuildLiteBehavior [ RunTime:0.000011s ]
INFO: [ app_init ] --END-- [ RunTime:0.000203s ]
ERR: 无法加载模块:Public

[ 2019-09-11T10:16:40+08:00 ] 222.211.206.88 /Public/layer/layer.js
INFO: [ app_init ] --START--
INFO: Run Behavior\BuildLiteBehavior [ RunTime:0.000009s ]
INFO: [ app_init ] --END-- [ RunTime:0.000204s ]
ERR: 无法加载模块:Public

[ 2019-09-11T10:16:40+08:00 ] 222.211.206.88 /Public/libs/dialog.js
INFO: [ app_init ] --START--
INFO: Run Behavior\BuildLiteBehavior [ RunTime:0.000010s ]
INFO: [ app_init ] --END-- [ RunTime:0.000225s ]
ERR: 无法加载模块:Public

[ 2019-09-11T10:16:41+08:00 ] 222.211.206.88 /Public/layer/layer.js
INFO: [ app_init ] --START--
INFO: Run Behavior\BuildLiteBehavior [ RunTime:0.000011s ]
INFO: [ app_init ] --END-- [ RunTime:0.000217s ]
ERR: 无法加载模块:Public

[ 2019-09-11T10:16:41+08:00 ] 222.211.206.88 /Public/backet//Public/backet/images/favicon.png
INFO: [ app_init ] --START--
INFO: Run Behavior\BuildLiteBehavior [ RunTime:0.000010s ]
INFO: [ app_init ] --END-- [ RunTime:0.000209s ]
ERR: 无法加载模块:Public

[ 2019-09-11T10:16:52+08:00 ] 222.211.206.88 /Public/libs/dialog.js
INFO: [ app_init ] --START--
INFO: Run Behavior\BuildLiteBehavior [ RunTime:0.000010s ]
INFO: [ app_init ] --END-- [ RunTime:0.000211s ]
ERR: 无法加载模块:Public

[ 2019-09-11T10:16:57+08:00 ] 222.211.206.88 /Public/libs/dialog.js
INFO: [ app_init ] --START--
INFO: Run Behavior\BuildLiteBehavior [ RunTime:0.000012s ]
INFO: [ app_init ] --END-- [ RunTime:0.000229s ]
ERR: 无法加载模块:Public

[ 2019-09-11T10:17:02+08:00 ] 222.211.206.88 /Public/libs/dialog.js
INFO: [ app_init ] --START--
INFO: Run Behavior\BuildLiteBehavior [ RunTime:0.000013s ]
INFO: [ app_init ] --END-- [ RunTime:0.000233s ]
ERR: 无法加载模块:Public

[ 2019-09-11T10:17:09+08:00 ] 222.211.206.88 /Public/libs/dialog.js
INFO: [ app_init ] --START--
INFO: Run Behavior\BuildLiteBehavior [ RunTime:0.000011s ]
INFO: [ app_init ] --END-- [ RunTime:0.000221s ]
ERR: 无法加载模块:Public

[ 2019-09-11T10:17:12+08:00 ] 222.211.206.88 /Public/libs/dialog.js
INFO: [ app_init ] --START--
INFO: Run Behavior\BuildLiteBehavior [ RunTime:0.000014s ]
INFO: [ app_init ] --END-- [ RunTime:0.000204s ]
ERR: 无法加载模块:Public

[ 2019-09-11T10:17:17+08:00 ] 222.211.206.88 /Public/libs/dialog.js
INFO: [ app_init ] --START--
INFO: Run Behavior\BuildLiteBehavior [ RunTime:0.000011s ]
INFO: [ app_init ] --END-- [ RunTime:0.000221s ]
ERR: 无法加载模块:Public

[ 2019-09-11T10:17:17+08:00 ] 222.211.206.88 /Public/layer/layer.js
INFO: [ app_init ] --START--
INFO: Run Behavior\BuildLiteBehavior [ RunTime:0.000012s ]
INFO: [ app_init ] --END-- [ RunTime:0.000205s ]
ERR: 无法加载模块:Public

[ 2019-09-11T10:35:00+08:00 ] 223.104.56.146 /Public/layer/layer.js
INFO: [ app_init ] --START--
INFO: Run Behavior\BuildLiteBehavior [ RunTime:0.000010s ]
INFO: [ app_init ] --END-- [ RunTime:0.000206s ]
ERR: 无法加载模块:Public

[ 2019-09-11T10:35:01+08:00 ] 223.104.56.146 /Public/layer/layer.js
INFO: [ app_init ] --START--
INFO: Run Behavior\BuildLiteBehavior [ RunTime:0.000012s ]
INFO: [ app_init ] --END-- [ RunTime:0.000212s ]
ERR: 无法加载模块:Public

[ 2019-09-11T10:36:03+08:00 ] 222.211.204.145 /Public/libs/dialog.js
INFO: [ app_init ] --START--
INFO: Run Behavior\BuildLiteBehavior [ RunTime:0.000010s ]
INFO: [ app_init ] --END-- [ RunTime:0.000214s ]
ERR: 无法加载模块:Public

[ 2019-09-11T10:36:04+08:00 ] 222.211.204.145 /Public/backet//Public/backet/images/favicon.png
INFO: [ app_init ] --START--
INFO: Run Behavior\BuildLiteBehavior [ RunTime:0.000010s ]
INFO: [ app_init ] --END-- [ RunTime:0.000205s ]
ERR: 无法加载模块:Public

[ 2019-09-11T10:36:08+08:00 ] 222.211.204.145 /Public/libs/dialog.js
INFO: [ app_init ] --START--
INFO: Run Behavior\BuildLiteBehavior [ RunTime:0.000010s ]
INFO: [ app_init ] --END-- [ RunTime:0.000208s ]
ERR: 无法加载模块:Public

[ 2019-09-11T10:37:48+08:00 ] 112.43.211.10 /favicon.ico
INFO: [ app_init ] --START--
INFO: Run Behavior\BuildLiteBehavior [ RunTime:0.000010s ]
INFO: [ app_init ] --END-- [ RunTime:0.000204s ]
ERR: 无法加载模块:Favicon

[ 2019-09-11T10:37:48+08:00 ] 112.43.211.10 /favicon.ico
INFO: [ app_init ] --START--
INFO: Run Behavior\BuildLiteBehavior [ RunTime:0.000011s ]
INFO: [ app_init ] --END-- [ RunTime:0.000210s ]
ERR: 无法加载模块:Favicon

[ 2019-09-11T10:39:00+08:00 ] 222.211.204.145 /Public/libs/dialog.js
INFO: [ app_init ] --START--
INFO: Run Behavior\BuildLiteBehavior [ RunTime:0.000010s ]
INFO: [ app_init ] --END-- [ RunTime:0.000221s ]
ERR: 无法加载模块:Public

[ 2019-09-11T10:39:02+08:00 ] 222.211.204.145 /Public/libs/dialog.js
INFO: [ app_init ] --START--
INFO: Run Behavior\BuildLiteBehavior [ RunTime:0.000011s ]
INFO: [ app_init ] --END-- [ RunTime:0.000286s ]
ERR: 无法加载模块:Public

[ 2019-09-11T10:39:03+08:00 ] 222.211.204.145 /Public/libs/dialog.js
INFO: [ app_init ] --START--
INFO: Run Behavior\BuildLiteBehavior [ RunTime:0.000010s ]
INFO: [ app_init ] --END-- [ RunTime:0.000204s ]
ERR: 无法加载模块:Public

[ 2019-09-11T10:39:07+08:00 ] 222.211.204.145 /Public/libs/dialog.js
INFO: [ app_init ] --START--
INFO: Run Behavior\BuildLiteBehavior [ RunTime:0.000010s ]
INFO: [ app_init ] --END-- [ RunTime:0.000204s ]
ERR: 无法加载模块:Public

[ 2019-09-11T10:39:12+08:00 ] 222.211.204.145 /Public/libs/dialog.js
INFO: [ app_init ] --START--
INFO: Run Behavior\BuildLiteBehavior [ RunTime:0.000010s ]
INFO: [ app_init ] --END-- [ RunTime:0.000206s ]
ERR: 无法加载模块:Public

[ 2019-09-11T10:39:23+08:00 ] 222.211.204.145 /Public/libs/dialog.js
INFO: [ app_init ] --START--
INFO: Run Behavior\BuildLiteBehavior [ RunTime:0.000010s ]
INFO: [ app_init ] --END-- [ RunTime:0.000200s ]
ERR: 无法加载模块:Public

[ 2019-09-11T10:39:25+08:00 ] 222.211.204.145 /Public/libs/dialog.js
INFO: [ app_init ] --START--
INFO: Run Behavior\BuildLiteBehavior [ RunTime:0.000010s ]
INFO: [ app_init ] --END-- [ RunTime:0.000211s ]
ERR: 无法加载模块:Public

[ 2019-09-11T10:41:16+08:00 ] 223.104.216.160 /favicon.ico
INFO: [ app_init ] --START--
INFO: Run Behavior\BuildLiteBehavior [ RunTime:0.000010s ]
INFO: [ app_init ] --END-- [ RunTime:0.000203s ]
ERR: 无法加载模块:Favicon

[ 2019-09-11T10:41:16+08:00 ] 223.104.216.160 /favicon.ico
INFO: [ app_init ] --START--
INFO: Run Behavior\BuildLiteBehavior [ RunTime:0.000010s ]
INFO: [ app_init ] --END-- [ RunTime:0.000212s ]
ERR: 无法加载模块:Favicon

[ 2019-09-11T10:41:52+08:00 ] 14.116.133.171 /Public/libs/qrcode.js
INFO: [ app_init ] --START--
INFO: Run Behavior\BuildLiteBehavior [ RunTime:0.000010s ]
INFO: [ app_init ] --END-- [ RunTime:0.000227s ]
ERR: 无法加载模块:Public

[ 2019-09-11T10:41:52+08:00 ] 14.116.133.171 /Public/libs/qrcode.js
INFO: [ app_init ] --START--
INFO: Run Behavior\BuildLiteBehavior [ RunTime:0.000010s ]
INFO: [ app_init ] --END-- [ RunTime:0.000205s ]
ERR: 无法加载模块:Public

[ 2019-09-11T10:45:36+08:00 ] 223.104.216.160 /favicon.ico
INFO: [ app_init ] --START--
INFO: Run Behavior\BuildLiteBehavior [ RunTime:0.000023s ]
INFO: [ app_init ] --END-- [ RunTime:0.000220s ]
ERR: 无法加载模块:Favicon

[ 2019-09-11T10:53:25+08:00 ] 223.104.216.160 /favicon.ico
INFO: [ app_init ] --START--
INFO: Run Behavior\BuildLiteBehavior [ RunTime:0.000010s ]
INFO: [ app_init ] --END-- [ RunTime:0.000216s ]
ERR: 无法加载模块:Favicon

[ 2019-09-11T10:54:22+08:00 ] 14.116.133.171 /Public/libs/qrcode.js
INFO: [ app_init ] --START--
INFO: Run Behavior\BuildLiteBehavior [ RunTime:0.000011s ]
INFO: [ app_init ] --END-- [ RunTime:0.000218s ]
ERR: 无法加载模块:Public

[ 2019-09-11T10:54:23+08:00 ] 14.116.133.171 /Public/libs/qrcode.js
INFO: [ app_init ] --START--
INFO: Run Behavior\BuildLiteBehavior [ RunTime:0.000009s ]
INFO: [ app_init ] --END-- [ RunTime:0.000221s ]
ERR: 无法加载模块:Public

[ 2019-09-11T10:55:18+08:00 ] 14.116.133.171 /Public/libs/qrcode.js
INFO: [ app_init ] --START--
INFO: Run Behavior\BuildLiteBehavior [ RunTime:0.000011s ]
INFO: [ app_init ] --END-- [ RunTime:0.000210s ]
ERR: 无法加载模块:Public

[ 2019-09-11T10:55:19+08:00 ] 14.116.133.171 /Public/libs/qrcode.js
INFO: [ app_init ] --START--
INFO: Run Behavior\BuildLiteBehavior [ RunTime:0.000011s ]
INFO: [ app_init ] --END-- [ RunTime:0.000219s ]
ERR: 无法加载模块:Public

[ 2019-09-11T12:24:17+08:00 ] 222.163.151.205 /favicon.ico
INFO: [ app_init ] --START--
INFO: Run Behavior\BuildLiteBehavior [ RunTime:0.000011s ]
INFO: [ app_init ] --END-- [ RunTime:0.000213s ]
ERR: 无法加载模块:Favicon

[ 2019-09-11T12:24:19+08:00 ] 222.163.151.205 /favicon.ico
INFO: [ app_init ] --START--
INFO: Run Behavior\BuildLiteBehavior [ RunTime:0.000010s ]
INFO: [ app_init ] --END-- [ RunTime:0.000219s ]
ERR: 无法加载模块:Favicon

[ 2019-09-11T12:56:13+08:00 ] 112.83.24.199 /favicon.ico
INFO: [ app_init ] --START--
INFO: Run Behavior\BuildLiteBehavior [ RunTime:0.000010s ]
INFO: [ app_init ] --END-- [ RunTime:0.000211s ]
ERR: 无法加载模块:Favicon

[ 2019-09-11T12:56:21+08:00 ] 61.151.178.172 /Public/layer/layer.js
INFO: [ app_init ] --START--
INFO: Run Behavior\BuildLiteBehavior [ RunTime:0.000011s ]
INFO: [ app_init ] --END-- [ RunTime:0.000204s ]
ERR: 无法加载模块:Public

[ 2019-09-11T12:56:21+08:00 ] 61.151.178.172 /Public/layer/layer.js
INFO: [ app_init ] --START--
INFO: Run Behavior\BuildLiteBehavior [ RunTime:0.000010s ]
INFO: [ app_init ] --END-- [ RunTime:0.000209s ]
ERR: 无法加载模块:Public

[ 2019-09-11T12:59:18+08:00 ] 117.136.79.249 /favicon.ico
INFO: [ app_init ] --START--
INFO: Run Behavior\BuildLiteBehavior [ RunTime:0.000011s ]
INFO: [ app_init ] --END-- [ RunTime:0.000223s ]
ERR: 无法加载模块:Favicon

[ 2019-09-11T13:06:55+08:00 ] 171.215.38.99 /favicon.ico
INFO: [ app_init ] --START--
INFO: Run Behavior\BuildLiteBehavior [ RunTime:0.000010s ]
INFO: [ app_init ] --END-- [ RunTime:0.000230s ]
ERR: 无法加载模块:Favicon

[ 2019-09-11T13:13:00+08:00 ] 175.5.122.153 /favicon.ico
INFO: [ app_init ] --START--
INFO: Run Behavior\BuildLiteBehavior [ RunTime:0.000011s ]
INFO: [ app_init ] --END-- [ RunTime:0.000234s ]
ERR: 无法加载模块:Favicon

[ 2019-09-11T13:28:02+08:00 ] 171.215.38.99 /favicon.ico
INFO: [ app_init ] --START--
INFO: Run Behavior\BuildLiteBehavior [ RunTime:0.000011s ]
INFO: [ app_init ] --END-- [ RunTime:0.000229s ]
ERR: 无法加载模块:Favicon

[ 2019-09-11T13:33:45+08:00 ] 223.104.216.160 /favicon.ico
INFO: [ app_init ] --START--
INFO: Run Behavior\BuildLiteBehavior [ RunTime:0.000010s ]
INFO: [ app_init ] --END-- [ RunTime:0.000218s ]
ERR: 无法加载模块:Favicon

[ 2019-09-11T13:33:45+08:00 ] 223.104.216.160 /favicon.ico
INFO: [ app_init ] --START--
INFO: Run Behavior\BuildLiteBehavior [ RunTime:0.000011s ]
INFO: [ app_init ] --END-- [ RunTime:0.000216s ]
ERR: 无法加载模块:Favicon

[ 2019-09-11T13:35:06+08:00 ] 14.116.133.171 /Public/libs/qrcode.js
INFO: [ app_init ] --START--
INFO: Run Behavior\BuildLiteBehavior [ RunTime:0.000011s ]
INFO: [ app_init ] --END-- [ RunTime:0.000226s ]
ERR: 无法加载模块:Public

[ 2019-09-11T13:35:06+08:00 ] 14.116.133.171 /Public/libs/qrcode.js
INFO: [ app_init ] --START--
INFO: Run Behavior\BuildLiteBehavior [ RunTime:0.000011s ]
INFO: [ app_init ] --END-- [ RunTime:0.000228s ]
ERR: 无法加载模块:Public

[ 2019-09-11T13:35:18+08:00 ] 171.215.38.99 /favicon.ico
INFO: [ app_init ] --START--
INFO: Run Behavior\BuildLiteBehavior [ RunTime:0.000011s ]
INFO: [ app_init ] --END-- [ RunTime:0.000218s ]
ERR: 无法加载模块:Favicon

[ 2019-09-11T13:35:42+08:00 ] 157.255.193.24 /Public/layer/layer.js
INFO: [ app_init ] --START--
INFO: Run Behavior\BuildLiteBehavior [ RunTime:0.000010s ]
INFO: [ app_init ] --END-- [ RunTime:0.000206s ]
ERR: 无法加载模块:Public

[ 2019-09-11T13:35:45+08:00 ] 183.3.255.35 /Public/layer/layer.js
INFO: [ app_init ] --START--
INFO: Run Behavior\BuildLiteBehavior [ RunTime:0.000009s ]
INFO: [ app_init ] --END-- [ RunTime:0.000207s ]
ERR: 无法加载模块:Public

[ 2019-09-11T13:35:47+08:00 ] 183.3.255.35 /Public/layer/layer.js
INFO: [ app_init ] --START--
INFO: Run Behavior\BuildLiteBehavior [ RunTime:0.000016s ]
INFO: [ app_init ] --END-- [ RunTime:0.000324s ]
ERR: 无法加载模块:Public

[ 2019-09-11T14:30:32+08:00 ] 223.104.216.160 /favicon.ico
INFO: [ app_init ] --START--
INFO: Run Behavior\BuildLiteBehavior [ RunTime:0.000010s ]
INFO: [ app_init ] --END-- [ RunTime:0.000209s ]
ERR: 无法加载模块:Favicon

[ 2019-09-11T14:30:45+08:00 ] 14.116.133.171 /Public/libs/qrcode.js
INFO: [ app_init ] --START--
INFO: Run Behavior\BuildLiteBehavior [ RunTime:0.000010s ]
INFO: [ app_init ] --END-- [ RunTime:0.000210s ]
ERR: 无法加载模块:Public

[ 2019-09-11T14:30:45+08:00 ] 14.116.133.171 /Public/libs/qrcode.js
INFO: [ app_init ] --START--
INFO: Run Behavior\BuildLiteBehavior [ RunTime:0.000012s ]
INFO: [ app_init ] --END-- [ RunTime:0.000215s ]
ERR: 无法加载模块:Public

[ 2019-09-11T15:01:56+08:00 ] 222.211.204.145 /Public/libs/dialog.js
INFO: [ app_init ] --START--
INFO: Run Behavior\BuildLiteBehavior [ RunTime:0.000011s ]
INFO: [ app_init ] --END-- [ RunTime:0.000205s ]
ERR: 无法加载模块:Public

[ 2019-09-11T15:01:56+08:00 ] 222.211.204.145 /Public/layer/layer.js
INFO: [ app_init ] --START--
INFO: Run Behavior\BuildLiteBehavior [ RunTime:0.000009s ]
INFO: [ app_init ] --END-- [ RunTime:0.000196s ]
ERR: 无法加载模块:Public

[ 2019-09-11T15:01:57+08:00 ] 222.211.204.145 /Public/layer/layer.js
INFO: [ app_init ] --START--
INFO: Run Behavior\BuildLiteBehavior [ RunTime:0.000014s ]
INFO: [ app_init ] --END-- [ RunTime:0.000217s ]
ERR: 无法加载模块:Public

[ 2019-09-11T15:01:57+08:00 ] 222.211.204.145 /Public/backet//Public/backet/images/favicon.png
INFO: [ app_init ] --START--
INFO: Run Behavior\BuildLiteBehavior [ RunTime:0.000009s ]
INFO: [ app_init ] --END-- [ RunTime:0.000211s ]
ERR: 无法加载模块:Public

[ 2019-09-11T15:02:56+08:00 ] 222.211.204.145 /Public/libs/dialog.js
INFO: [ app_init ] --START--
INFO: Run Behavior\BuildLiteBehavior [ RunTime:0.000010s ]
INFO: [ app_init ] --END-- [ RunTime:0.000202s ]
ERR: 无法加载模块:Public

[ 2019-09-11T15:02:56+08:00 ] 222.211.204.145 /Public/layer/layer.js
INFO: [ app_init ] --START--
INFO: Run Behavior\BuildLiteBehavior [ RunTime:0.000010s ]
INFO: [ app_init ] --END-- [ RunTime:0.000219s ]
ERR: 无法加载模块:Public

[ 2019-09-11T15:05:51+08:00 ] 222.211.204.145 /Public/libs/dialog.js
INFO: [ app_init ] --START--
INFO: Run Behavior\BuildLiteBehavior [ RunTime:0.000029s ]
INFO: [ app_init ] --END-- [ RunTime:0.000221s ]
ERR: 无法加载模块:Public

[ 2019-09-11T15:05:55+08:00 ] 222.211.204.145 /Public/libs/dialog.js
INFO: [ app_init ] --START--
INFO: Run Behavior\BuildLiteBehavior [ RunTime:0.000009s ]
INFO: [ app_init ] --END-- [ RunTime:0.000204s ]
ERR: 无法加载模块:Public

[ 2019-09-11T15:05:55+08:00 ] 222.211.204.145 /Public/layer/layer.js
INFO: [ app_init ] --START--
INFO: Run Behavior\BuildLiteBehavior [ RunTime:0.000009s ]
INFO: [ app_init ] --END-- [ RunTime:0.000204s ]
ERR: 无法加载模块:Public

[ 2019-09-11T15:05:58+08:00 ] 222.211.204.145 /Public/libs/dialog.js
INFO: [ app_init ] --START--
INFO: Run Behavior\BuildLiteBehavior [ RunTime:0.000010s ]
INFO: [ app_init ] --END-- [ RunTime:0.000209s ]
ERR: 无法加载模块:Public

[ 2019-09-11T15:05:59+08:00 ] 222.211.204.145 /Public/layer/layer.js
INFO: [ app_init ] --START--
INFO: Run Behavior\BuildLiteBehavior [ RunTime:0.000009s ]
INFO: [ app_init ] --END-- [ RunTime:0.000221s ]
ERR: 无法加载模块:Public

[ 2019-09-11T15:06:08+08:00 ] 222.211.204.145 /Public/libs/dialog.js
INFO: [ app_init ] --START--
INFO: Run Behavior\BuildLiteBehavior [ RunTime:0.000010s ]
INFO: [ app_init ] --END-- [ RunTime:0.000205s ]
ERR: 无法加载模块:Public

[ 2019-09-11T15:06:11+08:00 ] 222.211.204.145 /Public/libs/dialog.js
INFO: [ app_init ] --START--
INFO: Run Behavior\BuildLiteBehavior [ RunTime:0.000011s ]
INFO: [ app_init ] --END-- [ RunTime:0.000230s ]
ERR: 无法加载模块:Public

[ 2019-09-11T15:07:13+08:00 ] 222.211.204.145 /Public/libs/dialog.js
INFO: [ app_init ] --START--
INFO: Run Behavior\BuildLiteBehavior [ RunTime:0.000010s ]
INFO: [ app_init ] --END-- [ RunTime:0.000221s ]
ERR: 无法加载模块:Public

[ 2019-09-11T15:09:10+08:00 ] 222.211.204.145 /Public/libs/dialog.js
INFO: [ app_init ] --START--
INFO: Run Behavior\BuildLiteBehavior [ RunTime:0.000010s ]
INFO: [ app_init ] --END-- [ RunTime:0.000203s ]
ERR: 无法加载模块:Public

[ 2019-09-11T15:09:10+08:00 ] 222.211.204.145 /Public/layer/layer.js
INFO: [ app_init ] --START--
INFO: Run Behavior\BuildLiteBehavior [ RunTime:0.000010s ]
INFO: [ app_init ] --END-- [ RunTime:0.000200s ]
ERR: 无法加载模块:Public

[ 2019-09-11T15:09:25+08:00 ] 222.211.204.145 /Public/libs/dialog.js
INFO: [ app_init ] --START--
INFO: Run Behavior\BuildLiteBehavior [ RunTime:0.000009s ]
INFO: [ app_init ] --END-- [ RunTime:0.000198s ]
ERR: 无法加载模块:Public

[ 2019-09-11T15:09:37+08:00 ] 222.211.204.145 /Public/libs/dialog.js
INFO: [ app_init ] --START--
INFO: Run Behavior\BuildLiteBehavior [ RunTime:0.000011s ]
INFO: [ app_init ] --END-- [ RunTime:0.000208s ]
ERR: 无法加载模块:Public

[ 2019-09-11T15:13:04+08:00 ] 222.211.204.145 /Public/libs/dialog.js
INFO: [ app_init ] --START--
INFO: Run Behavior\BuildLiteBehavior [ RunTime:0.000011s ]
INFO: [ app_init ] --END-- [ RunTime:0.000227s ]
ERR: 无法加载模块:Public

[ 2019-09-11T15:13:04+08:00 ] 222.211.204.145 /Public/layer/layer.js
INFO: [ app_init ] --START--
INFO: Run Behavior\BuildLiteBehavior [ RunTime:0.000011s ]
INFO: [ app_init ] --END-- [ RunTime:0.000230s ]
ERR: 无法加载模块:Public

[ 2019-09-11T15:13:27+08:00 ] 222.211.204.145 /Public/libs/dialog.js
INFO: [ app_init ] --START--
INFO: Run Behavior\BuildLiteBehavior [ RunTime:0.000011s ]
INFO: [ app_init ] --END-- [ RunTime:0.000213s ]
ERR: 无法加载模块:Public

[ 2019-09-11T15:13:32+08:00 ] 222.211.204.145 /Public/libs/dialog.js
INFO: [ app_init ] --START--
INFO: Run Behavior\BuildLiteBehavior [ RunTime:0.000009s ]
INFO: [ app_init ] --END-- [ RunTime:0.000197s ]
ERR: 无法加载模块:Public

[ 2019-09-11T15:15:02+08:00 ] 117.136.15.201 /favicon.ico
INFO: [ app_init ] --START--
INFO: Run Behavior\BuildLiteBehavior [ RunTime:0.000011s ]
INFO: [ app_init ] --END-- [ RunTime:0.000219s ]
ERR: 无法加载模块:Favicon

[ 2019-09-11T15:15:31+08:00 ] 183.3.255.35 /Public/layer/layer.js
INFO: [ app_init ] --START--
INFO: Run Behavior\BuildLiteBehavior [ RunTime:0.000011s ]
INFO: [ app_init ] --END-- [ RunTime:0.000225s ]
ERR: 无法加载模块:Public

[ 2019-09-11T15:15:32+08:00 ] 183.3.255.35 /Public/layer/layer.js
INFO: [ app_init ] --START--
INFO: Run Behavior\BuildLiteBehavior [ RunTime:0.000011s ]
INFO: [ app_init ] --END-- [ RunTime:0.000237s ]
ERR: 无法加载模块:Public

[ 2019-09-11T15:15:41+08:00 ] 117.136.15.201 /favicon.ico
INFO: [ app_init ] --START--
INFO: Run Behavior\BuildLiteBehavior [ RunTime:0.000010s ]
INFO: [ app_init ] --END-- [ RunTime:0.000215s ]
ERR: 无法加载模块:Favicon

[ 2019-09-11T15:16:14+08:00 ] 183.3.255.35 /Public/layer/layer.js
INFO: [ app_init ] --START--
INFO: Run Behavior\BuildLiteBehavior [ RunTime:0.000012s ]
INFO: [ app_init ] --END-- [ RunTime:0.000229s ]
ERR: 无法加载模块:Public

[ 2019-09-11T15:16:16+08:00 ] 183.3.255.35 /Public/layer/layer.js
INFO: [ app_init ] --START--
INFO: Run Behavior\BuildLiteBehavior [ RunTime:0.000010s ]
INFO: [ app_init ] --END-- [ RunTime:0.000221s ]
ERR: 无法加载模块:Public

[ 2019-09-11T15:17:06+08:00 ] 112.193.145.28 /Public/libs/qrcode.js
INFO: [ app_init ] --START--
INFO: Run Behavior\BuildLiteBehavior [ RunTime:0.000011s ]
INFO: [ app_init ] --END-- [ RunTime:0.000227s ]
ERR: 无法加载模块:Public

[ 2019-09-11T15:17:07+08:00 ] 112.193.145.28 /Public/libs/qrcode.js
INFO: [ app_init ] --START--
INFO: Run Behavior\BuildLiteBehavior [ RunTime:0.000011s ]
INFO: [ app_init ] --END-- [ RunTime:0.000213s ]
ERR: 无法加载模块:Public

[ 2019-09-11T15:17:29+08:00 ] 112.193.145.28 /Public/libs/qrcode.js
INFO: [ app_init ] --START--
INFO: Run Behavior\BuildLiteBehavior [ RunTime:0.000014s ]
INFO: [ app_init ] --END-- [ RunTime:0.000300s ]
ERR: 无法加载模块:Public

[ 2019-09-11T15:17:30+08:00 ] 112.193.145.28 /Public/libs/qrcode.js
INFO: [ app_init ] --START--
INFO: Run Behavior\BuildLiteBehavior [ RunTime:0.000012s ]
INFO: [ app_init ] --END-- [ RunTime:0.000220s ]
ERR: 无法加载模块:Public

[ 2019-09-11T15:17:39+08:00 ] 124.64.16.206 /Public/libs/dialog.js
INFO: [ app_init ] --START--
INFO: Run Behavior\BuildLiteBehavior [ RunTime:0.000010s ]
INFO: [ app_init ] --END-- [ RunTime:0.000211s ]
ERR: 无法加载模块:Public

[ 2019-09-11T15:17:44+08:00 ] 124.64.16.206 /Public/backet/images/photos/loggeduser@2x.png
INFO: [ app_init ] --START--
INFO: Run Behavior\BuildLiteBehavior [ RunTime:0.000012s ]
INFO: [ app_init ] --END-- [ RunTime:0.000224s ]
ERR: 无法加载模块:Public

[ 2019-09-11T15:17:44+08:00 ] 124.64.16.206 /Public/backet/images/is-money@2x.png
INFO: [ app_init ] --START--
INFO: Run Behavior\BuildLiteBehavior [ RunTime:0.000013s ]
INFO: [ app_init ] --END-- [ RunTime:0.000270s ]
ERR: 无法加载模块:Public

[ 2019-09-11T15:17:44+08:00 ] 124.64.16.206 /Public/backet/images/is-document@2x.png
INFO: [ app_init ] --START--
INFO: Run Behavior\BuildLiteBehavior [ RunTime:0.000032s ]
INFO: [ app_init ] --END-- [ RunTime:0.000299s ]
ERR: 无法加载模块:Public

[ 2019-09-11T15:17:44+08:00 ] 124.64.16.206 /Public/backet/images/is-user@2x.png
INFO: [ app_init ] --START--
INFO: Run Behavior\BuildLiteBehavior [ RunTime:0.000008s ]
INFO: [ app_init ] --END-- [ RunTime:0.000184s ]
ERR: 无法加载模块:Public

[ 2019-09-11T15:18:01+08:00 ] 112.193.145.28 /Public/libs/qrcode.js
INFO: [ app_init ] --START--
INFO: Run Behavior\BuildLiteBehavior [ RunTime:0.000011s ]
INFO: [ app_init ] --END-- [ RunTime:0.000213s ]
ERR: 无法加载模块:Public

[ 2019-09-11T15:18:02+08:00 ] 112.193.145.28 /Public/libs/qrcode.js
INFO: [ app_init ] --START--
INFO: Run Behavior\BuildLiteBehavior [ RunTime:0.000010s ]
INFO: [ app_init ] --END-- [ RunTime:0.000208s ]
ERR: 无法加载模块:Public

[ 2019-09-11T15:19:26+08:00 ] 112.193.145.28 /Public/layer/layer.js
INFO: [ app_init ] --START--
INFO: Run Behavior\BuildLiteBehavior [ RunTime:0.000010s ]
INFO: [ app_init ] --END-- [ RunTime:0.000201s ]
ERR: 无法加载模块:Public

[ 2019-09-11T15:20:57+08:00 ] 112.193.145.28 /Public/libs/qrcode.js
INFO: [ app_init ] --START--
INFO: Run Behavior\BuildLiteBehavior [ RunTime:0.000010s ]
INFO: [ app_init ] --END-- [ RunTime:0.000225s ]
ERR: 无法加载模块:Public

[ 2019-09-11T15:20:57+08:00 ] 112.193.145.28 /Public/libs/qrcode.js
INFO: [ app_init ] --START--
INFO: Run Behavior\BuildLiteBehavior [ RunTime:0.000011s ]
INFO: [ app_init ] --END-- [ RunTime:0.000230s ]
ERR: 无法加载模块:Public

[ 2019-09-11T16:38:01+08:00 ] 125.69.127.76 /favicon.ico
INFO: [ app_init ] --START--
INFO: Run Behavior\BuildLiteBehavior [ RunTime:0.000011s ]
INFO: [ app_init ] --END-- [ RunTime:0.000217s ]
ERR: 无法加载模块:Favicon

[ 2019-09-11T16:38:02+08:00 ] 125.69.127.76 /favicon.ico
INFO: [ app_init ] --START--
INFO: Run Behavior\BuildLiteBehavior [ RunTime:0.000010s ]
INFO: [ app_init ] --END-- [ RunTime:0.000231s ]
ERR: 无法加载模块:Favicon

[ 2019-09-11T16:41:36+08:00 ] 113.96.219.248 /Public/home/js/html2canvas.min.js
INFO: [ app_init ] --START--
INFO: Run Behavior\BuildLiteBehavior [ RunTime:0.000010s ]
INFO: [ app_init ] --END-- [ RunTime:0.000225s ]
ERR: 无法加载模块:Public

[ 2019-09-11T16:41:37+08:00 ] 113.96.219.248 /Public/home/js/html2canvas.min.js
INFO: [ app_init ] --START--
INFO: Run Behavior\BuildLiteBehavior [ RunTime:0.000010s ]
INFO: [ app_init ] --END-- [ RunTime:0.000222s ]
ERR: 无法加载模块:Public

[ 2019-09-11T16:41:38+08:00 ] 125.69.127.76 /favicon.ico
INFO: [ app_init ] --START--
INFO: Run Behavior\BuildLiteBehavior [ RunTime:0.000010s ]
INFO: [ app_init ] --END-- [ RunTime:0.000208s ]
ERR: 无法加载模块:Favicon

[ 2019-09-11T16:43:54+08:00 ] 113.96.219.248 /Public/home/js/html2canvas.min.js
INFO: [ app_init ] --START--
INFO: Run Behavior\BuildLiteBehavior [ RunTime:0.000029s ]
INFO: [ app_init ] --END-- [ RunTime:0.000219s ]
ERR: 无法加载模块:Public

[ 2019-09-11T16:45:58+08:00 ] 61.129.6.251 /Public/home/js/html2canvas.min.js
INFO: [ app_init ] --START--
INFO: Run Behavior\BuildLiteBehavior [ RunTime:0.000010s ]
INFO: [ app_init ] --END-- [ RunTime:0.000208s ]
ERR: 无法加载模块:Public

[ 2019-09-11T17:03:07+08:00 ] 222.211.204.145 /Public/libs/dialog.js
INFO: [ app_init ] --START--
INFO: Run Behavior\BuildLiteBehavior [ RunTime:0.000011s ]
INFO: [ app_init ] --END-- [ RunTime:0.000209s ]
ERR: 无法加载模块:Public

[ 2019-09-11T17:03:15+08:00 ] 222.211.204.145 /Public/libs/dialog.js
INFO: [ app_init ] --START--
INFO: Run Behavior\BuildLiteBehavior [ RunTime:0.000010s ]
INFO: [ app_init ] --END-- [ RunTime:0.000204s ]
ERR: 无法加载模块:Public

[ 2019-09-11T17:03:21+08:00 ] 222.211.204.145 /Public/libs/dialog.js
INFO: [ app_init ] --START--
INFO: Run Behavior\BuildLiteBehavior [ RunTime:0.000011s ]
INFO: [ app_init ] --END-- [ RunTime:0.000234s ]
ERR: 无法加载模块:Public

[ 2019-09-11T17:04:48+08:00 ] 222.211.204.145 /Public/libs/dialog.js
INFO: [ app_init ] --START--
INFO: Run Behavior\BuildLiteBehavior [ RunTime:0.000010s ]
INFO: [ app_init ] --END-- [ RunTime:0.000230s ]
ERR: 无法加载模块:Public

[ 2019-09-11T17:09:14+08:00 ] 112.44.16.105 /favicon.ico
INFO: [ app_init ] --START--
INFO: Run Behavior\BuildLiteBehavior [ RunTime:0.000011s ]
INFO: [ app_init ] --END-- [ RunTime:0.000216s ]
ERR: 无法加载模块:Favicon

[ 2019-09-11T17:09:14+08:00 ] 112.44.16.105 /favicon.ico
INFO: [ app_init ] --START--
INFO: Run Behavior\BuildLiteBehavior [ RunTime:0.000012s ]
INFO: [ app_init ] --END-- [ RunTime:0.000242s ]
ERR: 无法加载模块:Favicon

[ 2019-09-11T17:17:47+08:00 ] 183.192.103.206 /favicon.ico
INFO: [ app_init ] --START--
INFO: Run Behavior\BuildLiteBehavior [ RunTime:0.000015s ]
INFO: [ app_init ] --END-- [ RunTime:0.000322s ]
ERR: 无法加载模块:Favicon

[ 2019-09-11T17:17:48+08:00 ] 183.192.103.206 /favicon.ico
INFO: [ app_init ] --START--
INFO: Run Behavior\BuildLiteBehavior [ RunTime:0.000010s ]
INFO: [ app_init ] --END-- [ RunTime:0.000200s ]
ERR: 无法加载模块:Favicon

[ 2019-09-11T17:21:45+08:00 ] 183.192.103.206 /favicon.ico
INFO: [ app_init ] --START--
INFO: Run Behavior\BuildLiteBehavior [ RunTime:0.000011s ]
INFO: [ app_init ] --END-- [ RunTime:0.000215s ]
ERR: 无法加载模块:Favicon

[ 2019-09-11T17:21:50+08:00 ] 183.192.103.206 /favicon.ico
INFO: [ app_init ] --START--
INFO: Run Behavior\BuildLiteBehavior [ RunTime:0.000011s ]
INFO: [ app_init ] --END-- [ RunTime:0.000212s ]
ERR: 无法加载模块:Favicon

[ 2019-09-11T17:23:22+08:00 ] 117.175.169.214 /favicon.ico
INFO: [ app_init ] --START--
INFO: Run Behavior\BuildLiteBehavior [ RunTime:0.000011s ]
INFO: [ app_init ] --END-- [ RunTime:0.000210s ]
ERR: 无法加载模块:Favicon

[ 2019-09-11T17:23:23+08:00 ] 117.175.169.214 /favicon.ico
INFO: [ app_init ] --START--
INFO: Run Behavior\BuildLiteBehavior [ RunTime:0.000009s ]
INFO: [ app_init ] --END-- [ RunTime:0.000205s ]
ERR: 无法加载模块:Favicon

[ 2019-09-11T17:26:49+08:00 ] 117.175.169.214 /favicon.ico
INFO: [ app_init ] --START--
INFO: Run Behavior\BuildLiteBehavior [ RunTime:0.000010s ]
INFO: [ app_init ] --END-- [ RunTime:0.000208s ]
ERR: 无法加载模块:Favicon

[ 2019-09-11T17:44:33+08:00 ] 222.211.204.145 /Public/libs/dialog.js
INFO: [ app_init ] --START--
INFO: Run Behavior\BuildLiteBehavior [ RunTime:0.000010s ]
INFO: [ app_init ] --END-- [ RunTime:0.000213s ]
ERR: 无法加载模块:Public

[ 2019-09-11T17:44:33+08:00 ] 222.211.204.145 /Public/layer/layer.js
INFO: [ app_init ] --START--
INFO: Run Behavior\BuildLiteBehavior [ RunTime:0.000010s ]
INFO: [ app_init ] --END-- [ RunTime:0.000225s ]
ERR: 无法加载模块:Public

[ 2019-09-11T17:44:45+08:00 ] 222.211.204.145 /Public/libs/dialog.js
INFO: [ app_init ] --START--
INFO: Run Behavior\BuildLiteBehavior [ RunTime:0.000010s ]
INFO: [ app_init ] --END-- [ RunTime:0.000210s ]
ERR: 无法加载模块:Public

[ 2019-09-11T17:44:46+08:00 ] 222.211.204.145 /Public/layer/layer.js
INFO: [ app_init ] --START--
INFO: Run Behavior\BuildLiteBehavior [ RunTime:0.000010s ]
INFO: [ app_init ] --END-- [ RunTime:0.000205s ]
ERR: 无法加载模块:Public

[ 2019-09-11T17:44:57+08:00 ] 222.211.204.145 /Public/libs/dialog.js
INFO: [ app_init ] --START--
INFO: Run Behavior\BuildLiteBehavior [ RunTime:0.000010s ]
INFO: [ app_init ] --END-- [ RunTime:0.000200s ]
ERR: 无法加载模块:Public

[ 2019-09-11T17:44:57+08:00 ] 222.211.204.145 /Public/layer/layer.js
INFO: [ app_init ] --START--
INFO: Run Behavior\BuildLiteBehavior [ RunTime:0.000011s ]
INFO: [ app_init ] --END-- [ RunTime:0.000235s ]
ERR: 无法加载模块:Public

[ 2019-09-11T17:45:07+08:00 ] 222.211.204.145 /Public/libs/dialog.js
INFO: [ app_init ] --START--
INFO: Run Behavior\BuildLiteBehavior [ RunTime:0.000011s ]
INFO: [ app_init ] --END-- [ RunTime:0.000230s ]
ERR: 无法加载模块:Public

[ 2019-09-11T17:45:07+08:00 ] 222.211.204.145 /Public/layer/layer.js
INFO: [ app_init ] --START--
INFO: Run Behavior\BuildLiteBehavior [ RunTime:0.000009s ]
INFO: [ app_init ] --END-- [ RunTime:0.000208s ]
ERR: 无法加载模块:Public

[ 2019-09-11T17:59:48+08:00 ] 117.175.169.214 /favicon.ico
INFO: [ app_init ] --START--
INFO: Run Behavior\BuildLiteBehavior [ RunTime:0.000011s ]
INFO: [ app_init ] --END-- [ RunTime:0.000215s ]
ERR: 无法加载模块:Favicon

[ 2019-09-11T18:24:35+08:00 ] 27.218.208.41 /favicon.ico
INFO: [ app_init ] --START--
INFO: Run Behavior\BuildLiteBehavior [ RunTime:0.000011s ]
INFO: [ app_init ] --END-- [ RunTime:0.000238s ]
ERR: 无法加载模块:Favicon

[ 2019-09-11T18:24:36+08:00 ] 27.218.208.41 /favicon.ico
INFO: [ app_init ] --START--
INFO: Run Behavior\BuildLiteBehavior [ RunTime:0.000010s ]
INFO: [ app_init ] --END-- [ RunTime:0.000227s ]
ERR: 无法加载模块:Favicon

[ 2019-09-11T19:24:13+08:00 ] 183.48.136.41 /favicon.ico
INFO: [ app_init ] --START--
INFO: Run Behavior\BuildLiteBehavior [ RunTime:0.000010s ]
INFO: [ app_init ] --END-- [ RunTime:0.000223s ]
ERR: 无法加载模块:Favicon

[ 2019-09-11T19:49:36+08:00 ] 183.192.103.206 /favicon.ico
INFO: [ app_init ] --START--
INFO: Run Behavior\BuildLiteBehavior [ RunTime:0.000011s ]
INFO: [ app_init ] --END-- [ RunTime:0.000235s ]
ERR: 无法加载模块:Favicon

[ 2019-09-11T19:50:28+08:00 ] 117.136.69.2 /favicon.ico
INFO: [ app_init ] --START--
INFO: Run Behavior\BuildLiteBehavior [ RunTime:0.000010s ]
INFO: [ app_init ] --END-- [ RunTime:0.000212s ]
ERR: 无法加载模块:Favicon

[ 2019-09-11T19:50:29+08:00 ] 117.136.69.2 /favicon.ico
INFO: [ app_init ] --START--
INFO: Run Behavior\BuildLiteBehavior [ RunTime:0.000014s ]
INFO: [ app_init ] --END-- [ RunTime:0.000233s ]
ERR: 无法加载模块:Favicon

[ 2019-09-11T19:50:39+08:00 ] 183.192.103.206 /favicon.ico
INFO: [ app_init ] --START--
INFO: Run Behavior\BuildLiteBehavior [ RunTime:0.000011s ]
INFO: [ app_init ] --END-- [ RunTime:0.000208s ]
ERR: 无法加载模块:Favicon

[ 2019-09-11T19:50:59+08:00 ] 183.192.103.206 /favicon.ico
INFO: [ app_init ] --START--
INFO: Run Behavior\BuildLiteBehavior [ RunTime:0.000010s ]
INFO: [ app_init ] --END-- [ RunTime:0.000234s ]
ERR: 无法加载模块:Favicon

[ 2019-09-11T19:51:05+08:00 ] 101.226.225.85 /Public/libs/qrcode.js
INFO: [ app_init ] --START--
INFO: Run Behavior\BuildLiteBehavior [ RunTime:0.000011s ]
INFO: [ app_init ] --END-- [ RunTime:0.000220s ]
ERR: 无法加载模块:Public

[ 2019-09-11T19:51:06+08:00 ] 101.226.225.85 /Public/libs/qrcode.js
INFO: [ app_init ] --START--
INFO: Run Behavior\BuildLiteBehavior [ RunTime:0.000011s ]
INFO: [ app_init ] --END-- [ RunTime:0.000248s ]
ERR: 无法加载模块:Public

[ 2019-09-11T19:51:15+08:00 ] 183.192.103.206 /favicon.ico
INFO: [ app_init ] --START--
INFO: Run Behavior\BuildLiteBehavior [ RunTime:0.000009s ]
INFO: [ app_init ] --END-- [ RunTime:0.000230s ]
ERR: 无法加载模块:Favicon

[ 2019-09-11T19:51:29+08:00 ] 183.192.103.206 /favicon.ico
INFO: [ app_init ] --START--
INFO: Run Behavior\BuildLiteBehavior [ RunTime:0.000010s ]
INFO: [ app_init ] --END-- [ RunTime:0.000210s ]
ERR: 无法加载模块:Favicon

[ 2019-09-11T19:52:05+08:00 ] 183.192.103.206 /favicon.ico
INFO: [ app_init ] --START--
INFO: Run Behavior\BuildLiteBehavior [ RunTime:0.000011s ]
INFO: [ app_init ] --END-- [ RunTime:0.000219s ]
ERR: 无法加载模块:Favicon

[ 2019-09-11T19:53:07+08:00 ] 183.192.103.206 /favicon.ico
INFO: [ app_init ] --START--
INFO: Run Behavior\BuildLiteBehavior [ RunTime:0.000010s ]
INFO: [ app_init ] --END-- [ RunTime:0.000205s ]
ERR: 无法加载模块:Favicon

[ 2019-09-11T21:11:50+08:00 ] 49.7.4.67 /favicon.ico
INFO: [ app_init ] --START--
INFO: Run Behavior\BuildLiteBehavior [ RunTime:0.000012s ]
INFO: [ app_init ] --END-- [ RunTime:0.000272s ]
ERR: 无法加载模块:Favicon

[ 2019-09-11T21:11:51+08:00 ] 110.184.205.167 /favicon.ico
INFO: [ app_init ] --START--
INFO: Run Behavior\BuildLiteBehavior [ RunTime:0.000012s ]
INFO: [ app_init ] --END-- [ RunTime:0.000282s ]
ERR: 无法加载模块:Favicon

[ 2019-09-11T21:11:52+08:00 ] 110.185.16.200 /favicon.ico
INFO: [ app_init ] --START--
INFO: Run Behavior\BuildLiteBehavior [ RunTime:0.000012s ]
INFO: [ app_init ] --END-- [ RunTime:0.000280s ]
ERR: 无法加载模块:Favicon

[ 2019-09-11T21:13:21+08:00 ] 110.185.16.200 /favicon.ico
INFO: [ app_init ] --START--
INFO: Run Behavior\BuildLiteBehavior [ RunTime:0.000033s ]
INFO: [ app_init ] --END-- [ RunTime:0.000313s ]
ERR: 无法加载模块:Favicon

[ 2019-09-11T21:13:21+08:00 ] 110.185.16.200 /favicon.ico
INFO: [ app_init ] --START--
INFO: Run Behavior\BuildLiteBehavior [ RunTime:0.000013s ]
INFO: [ app_init ] --END-- [ RunTime:0.000297s ]
ERR: 无法加载模块:Favicon

[ 2019-09-11T21:16:47+08:00 ] 110.185.16.200 /favicon.ico
INFO: [ app_init ] --START--
INFO: Run Behavior\BuildLiteBehavior [ RunTime:0.000009s ]
INFO: [ app_init ] --END-- [ RunTime:0.000204s ]
ERR: 无法加载模块:Favicon

[ 2019-09-11T21:17:22+08:00 ] 110.184.205.167 /Public/libs/dialog.js
INFO: [ app_init ] --START--
INFO: Run Behavior\BuildLiteBehavior [ RunTime:0.000010s ]
INFO: [ app_init ] --END-- [ RunTime:0.000208s ]
ERR: 无法加载模块:Public

[ 2019-09-11T21:17:22+08:00 ] 110.184.205.167 /Public/libs/dialog.js
INFO: [ app_init ] --START--
INFO: Run Behavior\BuildLiteBehavior [ RunTime:0.000011s ]
INFO: [ app_init ] --END-- [ RunTime:0.000230s ]
ERR: 无法加载模块:Public

[ 2019-09-11T21:17:22+08:00 ] 110.184.205.167 /Public/backet/images/photos/loggeduser@2x.png
INFO: [ app_init ] --START--
INFO: Run Behavior\BuildLiteBehavior [ RunTime:0.000016s ]
INFO: [ app_init ] --END-- [ RunTime:0.000292s ]
ERR: 无法加载模块:Public

[ 2019-09-11T21:17:22+08:00 ] 110.184.205.167 /Public/backet/images/is-money@2x.png
INFO: [ app_init ] --START--
INFO: Run Behavior\BuildLiteBehavior [ RunTime:0.000014s ]
INFO: [ app_init ] --END-- [ RunTime:0.000280s ]
ERR: 无法加载模块:Public

[ 2019-09-11T21:17:22+08:00 ] 110.184.205.167 /Public/backet/images/is-user@2x.png
INFO: [ app_init ] --START--
INFO: Run Behavior\BuildLiteBehavior [ RunTime:0.000012s ]
INFO: [ app_init ] --END-- [ RunTime:0.000257s ]
ERR: 无法加载模块:Public

[ 2019-09-11T21:17:22+08:00 ] 110.184.205.167 /Public/backet/images/is-money@2x.png
INFO: [ app_init ] --START--
INFO: Run Behavior\BuildLiteBehavior [ RunTime:0.000014s ]
INFO: [ app_init ] --END-- [ RunTime:0.000308s ]
ERR: 无法加载模块:Public

[ 2019-09-11T21:17:22+08:00 ] 110.184.205.167 /Public/backet/images/is-document@2x.png
INFO: [ app_init ] --START--
INFO: Run Behavior\BuildLiteBehavior [ RunTime:0.000011s ]
INFO: [ app_init ] --END-- [ RunTime:0.000266s ]
ERR: 无法加载模块:Public

[ 2019-09-11T21:17:22+08:00 ] 110.184.205.167 /Public/backet/images/is-money@2x.png
INFO: [ app_init ] --START--
INFO: Run Behavior\BuildLiteBehavior [ RunTime:0.000008s ]
INFO: [ app_init ] --END-- [ RunTime:0.000183s ]
ERR: 无法加载模块:Public

[ 2019-09-11T21:17:22+08:00 ] 110.184.205.167 /Public/backet/images/is-money@2x.png
INFO: [ app_init ] --START--
INFO: Run Behavior\BuildLiteBehavior [ RunTime:0.000013s ]
INFO: [ app_init ] --END-- [ RunTime:0.000286s ]
ERR: 无法加载模块:Public

[ 2019-09-11T21:17:22+08:00 ] 110.184.205.167 /Public/backet/images/is-money@2x.png
INFO: [ app_init ] --START--
INFO: Run Behavior\BuildLiteBehavior [ RunTime:0.000008s ]
INFO: [ app_init ] --END-- [ RunTime:0.000185s ]
ERR: 无法加载模块:Public

[ 2019-09-11T21:17:30+08:00 ] 110.184.205.167 /Public/libs/dialog.js
INFO: [ app_init ] --START--
INFO: Run Behavior\BuildLiteBehavior [ RunTime:0.000009s ]
INFO: [ app_init ] --END-- [ RunTime:0.000217s ]
ERR: 无法加载模块:Public

[ 2019-09-11T21:17:30+08:00 ] 110.184.205.167 /Public/backet/images/is-money@2x.png
INFO: [ app_init ] --START--
INFO: Run Behavior\BuildLiteBehavior [ RunTime:0.000015s ]
INFO: [ app_init ] --END-- [ RunTime:0.000294s ]
ERR: 无法加载模块:Public

[ 2019-09-11T21:17:30+08:00 ] 110.184.205.167 /Public/backet/images/photos/loggeduser@2x.png
INFO: [ app_init ] --START--
INFO: Run Behavior\BuildLiteBehavior [ RunTime:0.000013s ]
INFO: [ app_init ] --END-- [ RunTime:0.000304s ]
ERR: 无法加载模块:Public

[ 2019-09-11T21:17:30+08:00 ] 110.184.205.167 /Public/backet/images/is-document@2x.png
INFO: [ app_init ] --START--
INFO: Run Behavior\BuildLiteBehavior [ RunTime:0.000011s ]
INFO: [ app_init ] --END-- [ RunTime:0.000251s ]
ERR: 无法加载模块:Public

[ 2019-09-11T21:17:30+08:00 ] 110.184.205.167 /Public/backet/images/is-user@2x.png
INFO: [ app_init ] --START--
INFO: Run Behavior\BuildLiteBehavior [ RunTime:0.000014s ]
INFO: [ app_init ] --END-- [ RunTime:0.000308s ]
ERR: 无法加载模块:Public

[ 2019-09-11T21:17:30+08:00 ] 110.184.205.167 /Public/backet/images/is-money@2x.png
INFO: [ app_init ] --START--
INFO: Run Behavior\BuildLiteBehavior [ RunTime:0.000008s ]
INFO: [ app_init ] --END-- [ RunTime:0.000186s ]
ERR: 无法加载模块:Public

[ 2019-09-11T21:17:31+08:00 ] 110.184.205.167 /Public/backet/images/is-money@2x.png
INFO: [ app_init ] --START--
INFO: Run Behavior\BuildLiteBehavior [ RunTime:0.000009s ]
INFO: [ app_init ] --END-- [ RunTime:0.000196s ]
ERR: 无法加载模块:Public

[ 2019-09-11T21:17:31+08:00 ] 110.184.205.167 /Public/backet/images/is-money@2x.png
INFO: [ app_init ] --START--
INFO: Run Behavior\BuildLiteBehavior [ RunTime:0.000009s ]
INFO: [ app_init ] --END-- [ RunTime:0.000222s ]
ERR: 无法加载模块:Public

[ 2019-09-11T21:17:31+08:00 ] 110.184.205.167 /Public/backet/images/is-money@2x.png
INFO: [ app_init ] --START--
INFO: Run Behavior\BuildLiteBehavior [ RunTime:0.000011s ]
INFO: [ app_init ] --END-- [ RunTime:0.000240s ]
ERR: 无法加载模块:Public

[ 2019-09-11T21:17:34+08:00 ] 110.184.205.167 /Public/libs/dialog.js
INFO: [ app_init ] --START--
INFO: Run Behavior\BuildLiteBehavior [ RunTime:0.000013s ]
INFO: [ app_init ] --END-- [ RunTime:0.000253s ]
ERR: 无法加载模块:Public

[ 2019-09-11T21:17:34+08:00 ] 110.184.205.167 /Public/backet/images/photos/loggeduser@2x.png
INFO: [ app_init ] --START--
INFO: Run Behavior\BuildLiteBehavior [ RunTime:0.000013s ]
INFO: [ app_init ] --END-- [ RunTime:0.000216s ]
ERR: 无法加载模块:Public

[ 2019-09-11T21:17:37+08:00 ] 110.184.205.167 /Public/libs/dialog.js
INFO: [ app_init ] --START--
INFO: Run Behavior\BuildLiteBehavior [ RunTime:0.000011s ]
INFO: [ app_init ] --END-- [ RunTime:0.000224s ]
ERR: 无法加载模块:Public

[ 2019-09-11T21:17:37+08:00 ] 110.184.205.167 /Public/backet/images/is-money@2x.png
INFO: [ app_init ] --START--
INFO: Run Behavior\BuildLiteBehavior [ RunTime:0.000015s ]
INFO: [ app_init ] --END-- [ RunTime:0.000353s ]
ERR: 无法加载模块:Public

[ 2019-09-11T21:17:37+08:00 ] 110.184.205.167 /Public/backet/images/photos/loggeduser@2x.png
INFO: [ app_init ] --START--
INFO: Run Behavior\BuildLiteBehavior [ RunTime:0.000014s ]
INFO: [ app_init ] --END-- [ RunTime:0.000290s ]
ERR: 无法加载模块:Public

[ 2019-09-11T21:17:37+08:00 ] 110.184.205.167 /Public/backet/images/is-document@2x.png
INFO: [ app_init ] --START--
INFO: Run Behavior\BuildLiteBehavior [ RunTime:0.000012s ]
INFO: [ app_init ] --END-- [ RunTime:0.000259s ]
ERR: 无法加载模块:Public

[ 2019-09-11T21:17:37+08:00 ] 110.184.205.167 /Public/backet/images/is-user@2x.png
INFO: [ app_init ] --START--
INFO: Run Behavior\BuildLiteBehavior [ RunTime:0.000014s ]
INFO: [ app_init ] --END-- [ RunTime:0.000310s ]
ERR: 无法加载模块:Public

[ 2019-09-11T21:17:37+08:00 ] 110.184.205.167 /Public/backet/images/is-money@2x.png
INFO: [ app_init ] --START--
INFO: Run Behavior\BuildLiteBehavior [ RunTime:0.000012s ]
INFO: [ app_init ] --END-- [ RunTime:0.000282s ]
ERR: 无法加载模块:Public

[ 2019-09-11T21:17:37+08:00 ] 110.184.205.167 /Public/backet/images/is-money@2x.png
INFO: [ app_init ] --START--
INFO: Run Behavior\BuildLiteBehavior [ RunTime:0.000008s ]
INFO: [ app_init ] --END-- [ RunTime:0.000193s ]
ERR: 无法加载模块:Public

[ 2019-09-11T21:17:37+08:00 ] 110.184.205.167 /Public/backet/images/is-money@2x.png
INFO: [ app_init ] --START--
INFO: Run Behavior\BuildLiteBehavior [ RunTime:0.000012s ]
INFO: [ app_init ] --END-- [ RunTime:0.000268s ]
ERR: 无法加载模块:Public

[ 2019-09-11T21:17:37+08:00 ] 110.184.205.167 /Public/backet/images/is-money@2x.png
INFO: [ app_init ] --START--
INFO: Run Behavior\BuildLiteBehavior [ RunTime:0.000024s ]
INFO: [ app_init ] --END-- [ RunTime:0.000302s ]
ERR: 无法加载模块:Public

[ 2019-09-11T21:17:52+08:00 ] 110.185.16.200 /favicon.ico
INFO: [ app_init ] --START--
INFO: Run Behavior\BuildLiteBehavior [ RunTime:0.000010s ]
INFO: [ app_init ] --END-- [ RunTime:0.000212s ]
ERR: 无法加载模块:Favicon

[ 2019-09-11T21:19:22+08:00 ] 110.184.205.167 /Public/layer/layer.js
INFO: [ app_init ] --START--
INFO: Run Behavior\BuildLiteBehavior [ RunTime:0.000011s ]
INFO: [ app_init ] --END-- [ RunTime:0.000219s ]
ERR: 无法加载模块:Public

[ 2019-09-11T21:19:40+08:00 ] 110.185.16.200 /favicon.ico
INFO: [ app_init ] --START--
INFO: Run Behavior\BuildLiteBehavior [ RunTime:0.000010s ]
INFO: [ app_init ] --END-- [ RunTime:0.000207s ]
ERR: 无法加载模块:Favicon

[ 2019-09-11T21:20:20+08:00 ] 110.185.16.200 /favicon.ico
INFO: [ app_init ] --START--
INFO: Run Behavior\BuildLiteBehavior [ RunTime:0.000009s ]
INFO: [ app_init ] --END-- [ RunTime:0.000233s ]
ERR: 无法加载模块:Favicon

[ 2019-09-11T21:36:13+08:00 ] 110.185.16.200 /favicon.ico
INFO: [ app_init ] --START--
INFO: Run Behavior\BuildLiteBehavior [ RunTime:0.000011s ]
INFO: [ app_init ] --END-- [ RunTime:0.000249s ]
ERR: 无法加载模块:Favicon

[ 2019-09-11T22:10:01+08:00 ] 223.85.62.55 /favicon.ico
INFO: [ app_init ] --START--
INFO: Run Behavior\BuildLiteBehavior [ RunTime:0.000010s ]
INFO: [ app_init ] --END-- [ RunTime:0.000216s ]
ERR: 无法加载模块:Favicon

[ 2019-09-11T22:10:39+08:00 ] 175.44.80.169 /favicon.ico
INFO: [ app_init ] --START--
INFO: Run Behavior\BuildLiteBehavior [ RunTime:0.000010s ]
INFO: [ app_init ] --END-- [ RunTime:0.000212s ]
ERR: 无法加载模块:Favicon

[ 2019-09-11T22:10:58+08:00 ] 183.3.255.35 /Public/home/js/html2canvas.min.js
INFO: [ app_init ] --START--
INFO: Run Behavior\BuildLiteBehavior [ RunTime:0.000008s ]
INFO: [ app_init ] --END-- [ RunTime:0.000203s ]
ERR: 无法加载模块:Public

[ 2019-09-11T22:10:59+08:00 ] 183.3.255.35 /Public/home/js/html2canvas.min.js
INFO: [ app_init ] --START--
INFO: Run Behavior\BuildLiteBehavior [ RunTime:0.000010s ]
INFO: [ app_init ] --END-- [ RunTime:0.000216s ]
ERR: 无法加载模块:Public

[ 2019-09-11T22:10:59+08:00 ] 223.85.62.55 /favicon.ico
INFO: [ app_init ] --START--
INFO: Run Behavior\BuildLiteBehavior [ RunTime:0.000009s ]
INFO: [ app_init ] --END-- [ RunTime:0.000200s ]
ERR: 无法加载模块:Favicon

[ 2019-09-11T22:15:10+08:00 ] 223.85.62.55 /favicon.ico
INFO: [ app_init ] --START--
INFO: Run Behavior\BuildLiteBehavior [ RunTime:0.000011s ]
INFO: [ app_init ] --END-- [ RunTime:0.000208s ]
ERR: 无法加载模块:Favicon

[ 2019-09-11T22:15:28+08:00 ] 223.85.62.55 /favicon.ico
INFO: [ app_init ] --START--
INFO: Run Behavior\BuildLiteBehavior [ RunTime:0.000011s ]
INFO: [ app_init ] --END-- [ RunTime:0.000207s ]
ERR: 无法加载模块:Favicon

[ 2019-09-11T22:18:45+08:00 ] 223.85.62.55 /favicon.ico
INFO: [ app_init ] --START--
INFO: Run Behavior\BuildLiteBehavior [ RunTime:0.000011s ]
INFO: [ app_init ] --END-- [ RunTime:0.000213s ]
ERR: 无法加载模块:Favicon

[ 2019-09-11T22:19:00+08:00 ] 223.85.62.55 /favicon.ico
INFO: [ app_init ] --START--
INFO: Run Behavior\BuildLiteBehavior [ RunTime:0.000011s ]
INFO: [ app_init ] --END-- [ RunTime:0.000217s ]
ERR: 无法加载模块:Favicon

[ 2019-09-11T22:49:21+08:00 ] 39.154.228.71 /favicon.ico
INFO: [ app_init ] --START--
INFO: Run Behavior\BuildLiteBehavior [ RunTime:0.000011s ]
INFO: [ app_init ] --END-- [ RunTime:0.000224s ]
ERR: 无法加载模块:Favicon

[ 2019-09-11T23:07:26+08:00 ] 110.184.205.167 /Public/libs/dialog.js
INFO: [ app_init ] --START--
INFO: Run Behavior\BuildLiteBehavior [ RunTime:0.000011s ]
INFO: [ app_init ] --END-- [ RunTime:0.000206s ]
ERR: 无法加载模块:Public

[ 2019-09-11T23:07:26+08:00 ] 110.184.205.167 /Public/backet/images/photos/loggeduser@2x.png
INFO: [ app_init ] --START--
INFO: Run Behavior\BuildLiteBehavior [ RunTime:0.000015s ]
INFO: [ app_init ] --END-- [ RunTime:0.000304s ]
ERR: 无法加载模块:Public

[ 2019-09-11T23:07:26+08:00 ] 110.184.205.167 /Public/backet/images/is-money@2x.png
INFO: [ app_init ] --START--
INFO: Run Behavior\BuildLiteBehavior [ RunTime:0.000033s ]
INFO: [ app_init ] --END-- [ RunTime:0.000327s ]
ERR: 无法加载模块:Public

[ 2019-09-11T23:07:26+08:00 ] 110.184.205.167 /Public/backet/images/is-user@2x.png
INFO: [ app_init ] --START--
INFO: Run Behavior\BuildLiteBehavior [ RunTime:0.000012s ]
INFO: [ app_init ] --END-- [ RunTime:0.000261s ]
ERR: 无法加载模块:Public

[ 2019-09-11T23:07:26+08:00 ] 110.184.205.167 /Public/backet/images/is-money@2x.png
INFO: [ app_init ] --START--
INFO: Run Behavior\BuildLiteBehavior [ RunTime:0.000012s ]
INFO: [ app_init ] --END-- [ RunTime:0.000277s ]
ERR: 无法加载模块:Public

[ 2019-09-11T23:07:26+08:00 ] 110.184.205.167 /Public/backet/images/is-document@2x.png
INFO: [ app_init ] --START--
INFO: Run Behavior\BuildLiteBehavior [ RunTime:0.000013s ]
INFO: [ app_init ] --END-- [ RunTime:0.000266s ]
ERR: 无法加载模块:Public

[ 2019-09-11T23:07:26+08:00 ] 110.184.205.167 /Public/backet/images/is-money@2x.png
INFO: [ app_init ] --START--
INFO: Run Behavior\BuildLiteBehavior [ RunTime:0.000012s ]
INFO: [ app_init ] --END-- [ RunTime:0.000300s ]
ERR: 无法加载模块:Public

[ 2019-09-11T23:07:26+08:00 ] 110.184.205.167 /Public/backet/images/is-money@2x.png
INFO: [ app_init ] --START--
INFO: Run Behavior\BuildLiteBehavior [ RunTime:0.000008s ]
INFO: [ app_init ] --END-- [ RunTime:0.000185s ]
ERR: 无法加载模块:Public

[ 2019-09-11T23:07:26+08:00 ] 110.184.205.167 /Public/backet/images/is-money@2x.png
INFO: [ app_init ] --START--
INFO: Run Behavior\BuildLiteBehavior [ RunTime:0.000008s ]
INFO: [ app_init ] --END-- [ RunTime:0.000197s ]
ERR: 无法加载模块:Public

[ 2019-09-11T23:07:32+08:00 ] 110.184.205.167 /Public/libs/dialog.js
INFO: [ app_init ] --START--
INFO: Run Behavior\BuildLiteBehavior [ RunTime:0.000009s ]
INFO: [ app_init ] --END-- [ RunTime:0.000201s ]
ERR: 无法加载模块:Public

[ 2019-09-11T23:07:32+08:00 ] 110.184.205.167 /Public/backet/images/photos/loggeduser@2x.png
INFO: [ app_init ] --START--
INFO: Run Behavior\BuildLiteBehavior [ RunTime:0.000010s ]
INFO: [ app_init ] --END-- [ RunTime:0.000203s ]
ERR: 无法加载模块:Public

[ 2019-09-11T23:07:59+08:00 ] 110.184.205.167 /Public/libs/dialog.js
INFO: [ app_init ] --START--
INFO: Run Behavior\BuildLiteBehavior [ RunTime:0.000009s ]
INFO: [ app_init ] --END-- [ RunTime:0.000201s ]
ERR: 无法加载模块:Public

[ 2019-09-11T23:08:00+08:00 ] 110.184.205.167 /Public/backet/images/photos/loggeduser@2x.png
INFO: [ app_init ] --START--
INFO: Run Behavior\BuildLiteBehavior [ RunTime:0.000013s ]
INFO: [ app_init ] --END-- [ RunTime:0.000293s ]
ERR: 无法加载模块:Public

[ 2019-09-11T23:08:00+08:00 ] 110.184.205.167 /Public/uploads/goods/5cc04000002b3@2x.jpg
INFO: [ app_init ] --START--
INFO: Run Behavior\BuildLiteBehavior [ RunTime:0.000010s ]
INFO: [ app_init ] --END-- [ RunTime:0.000222s ]
ERR: 无法加载模块:Public

[ 2019-09-11T23:44:46+08:00 ] 1.82.192.211 /favicon.ico
INFO: [ app_init ] --START--
INFO: Run Behavior\BuildLiteBehavior [ RunTime:0.000023s ]
INFO: [ app_init ] --END-- [ RunTime:0.000244s ]
ERR: 无法加载模块:Favicon

[ 2019-09-11T23:44:46+08:00 ] 1.82.192.211 /favicon.ico
INFO: [ app_init ] --START--
INFO: Run Behavior\BuildLiteBehavior [ RunTime:0.000010s ]
INFO: [ app_init ] --END-- [ RunTime:0.000209s ]
ERR: 无法加载模块:Favicon

