[ 2019-10-08T09:34:14+08:00 ] 127.0.0.1 /Public/uploads/ads/5d1f1e2a0799e.jpg
INFO: [ app_init ] --START--
INFO: Run Behavior\BuildLiteBehavior [ RunTime:0.000012s ]
INFO: [ app_init ] --END-- [ RunTime:0.000351s ]
ERR: 无法加载模块:Public

[ 2019-10-08T09:34:14+08:00 ] 127.0.0.1 /Public/uploads/goods/5d3eb8ac10fa6.jpg
INFO: [ app_init ] --START--
INFO: Run Behavior\BuildLiteBehavior [ RunTime:0.000008s ]
INFO: [ app_init ] --END-- [ RunTime:0.000331s ]
ERR: 无法加载模块:Public

[ 2019-10-08T09:34:15+08:00 ] 127.0.0.1 /Public/uploads/ads/5d1f1e2a0799e.jpg
INFO: [ app_init ] --START--
INFO: Run Behavior\BuildLiteBehavior [ RunTime:0.000012s ]
INFO: [ app_init ] --END-- [ RunTime:0.000359s ]
ERR: 无法加载模块:Public

[ 2019-10-08T09:38:36+08:00 ] 127.0.0.1 /Public/uploads/goods/5d3eb8ac10fa6.jpg
INFO: [ app_init ] --START--
INFO: Run Behavior\BuildLiteBehavior [ RunTime:0.000008s ]
INFO: [ app_init ] --END-- [ RunTime:0.000264s ]
ERR: 无法加载模块:Public

[ 2019-10-08T09:38:38+08:00 ] 127.0.0.1 /Public/uploads/ads/5d1f1e2a0799e.jpg
INFO: [ app_init ] --START--
INFO: Run Behavior\BuildLiteBehavior [ RunTime:0.000012s ]
INFO: [ app_init ] --END-- [ RunTime:0.002278s ]
ERR: 无法加载模块:Public

[ 2019-10-08T09:38:38+08:00 ] 127.0.0.1 /Public/uploads/goods/5d3eb8ac10fa6.jpg
INFO: [ app_init ] --START--
INFO: Run Behavior\BuildLiteBehavior [ RunTime:0.000007s ]
INFO: [ app_init ] --END-- [ RunTime:0.000272s ]
ERR: 无法加载模块:Public

[ 2019-10-08T09:38:38+08:00 ] 127.0.0.1 /Public/uploads/ads/5d1f1e2a0799e.jpg
INFO: [ app_init ] --START--
INFO: Run Behavior\BuildLiteBehavior [ RunTime:0.000008s ]
INFO: [ app_init ] --END-- [ RunTime:0.000291s ]
ERR: 无法加载模块:Public

[ 2019-10-08T09:41:53+08:00 ] 127.0.0.1 /Public/uploads/ads/5d1f1e2a0799e.jpg
INFO: [ app_init ] --START--
INFO: Run Behavior\BuildLiteBehavior [ RunTime:0.000008s ]
INFO: [ app_init ] --END-- [ RunTime:0.000328s ]
ERR: 无法加载模块:Public

[ 2019-10-08T09:41:53+08:00 ] 127.0.0.1 /Public/uploads/goods/5d3eb8ac10fa6.jpg
INFO: [ app_init ] --START--
INFO: Run Behavior\BuildLiteBehavior [ RunTime:0.000009s ]
INFO: [ app_init ] --END-- [ RunTime:0.000315s ]
ERR: 无法加载模块:Public

[ 2019-10-08T09:41:53+08:00 ] 127.0.0.1 /Public/uploads/ads/5d1f1e2a0799e.jpg
INFO: [ app_init ] --START--
INFO: Run Behavior\BuildLiteBehavior [ RunTime:0.000008s ]
INFO: [ app_init ] --END-- [ RunTime:0.000282s ]
ERR: 无法加载模块:Public

